2023-09-02 02:10:25,603 - root - INFO - --------------------- Iniciando Novo Treinamento 21 ---------------------
2023-09-02 02:10:25,603 - root - INFO - Parametros
2023-09-02 02:10:25,603 - root - INFO - {'batch_size': 8,
 'dataset': 'CIFAR10',
 'epochs': 10,
 'learning_rate': 0.001,
 'network': 'ALEXNET',
 'num_workers': 1}
2023-09-02 02:10:25,603 - root - INFO - Construindo dataset para a rede ALEXNET
2023-09-02 02:11:20,440 - root - INFO - Construindo modelo para a rede ALEXNET
2023-09-02 02:11:22,726 - root - INFO - AlexNet(
  (layer1): Sequential(
    (0): Conv2d(3, 288, kernel_size=(11, 11), stride=(4, 4))
    (1): BatchNorm2d(288, eps=1e-05, momentum=0.1, affine=True, track_running_stats=True)
    (2): ReLU()
    (3): MaxPool2d(kernel_size=3, stride=2, padding=0, dilation=1, ceil_mode=False)
  )
  (layer2): Sequential(
    (0): Conv2d(288, 768, kernel_size=(5, 5), stride=(1, 1), padding=(2, 2))
    (1): BatchNorm2d(768, eps=1e-05, momentum=0.1, affine=True, track_running_stats=True)
    (2): ReLU()
    (3): MaxPool2d(kernel_size=3, stride=2, padding=0, dilation=1, ceil_mode=False)
  )
  (layer3): Sequential(
    (0): Conv2d(768, 1152, kernel_size=(3, 3), stride=(1, 1), padding=(1, 1))
    (1): BatchNorm2d(1152, eps=1e-05, momentum=0.1, affine=True, track_running_stats=True)
    (2): ReLU()
  )
  (layer4): Sequential(
    (0): Conv2d(1152, 1152, kernel_size=(3, 3), stride=(1, 1), padding=(1, 1))
    (1): BatchNorm2d(1152, eps=1e-05, momentum=0.1, affine=True, track_running_stats=True)
    (2): ReLU()
  )
  (layer5): Sequential(
    (0): Conv2d(1152, 768, kernel_size=(3, 3), stride=(1, 1), padding=(1, 1))
    (1): BatchNorm2d(768, eps=1e-05, momentum=0.1, affine=True, track_running_stats=True)
    (2): ReLU()
    (3): MaxPool2d(kernel_size=3, stride=2, padding=0, dilation=1, ceil_mode=False)
  )
  (fc): Sequential(
    (0): Dropout(p=0.5, inplace=False)
    (1): Linear(in_features=27648, out_features=12288, bias=True)
    (2): ReLU()
  )
  (fc1): Sequential(
    (0): Dropout(p=0.5, inplace=False)
    (1): Linear(in_features=12288, out_features=12288, bias=True)
    (2): ReLU()
  )
  (fc2): Sequential(
    (0): Linear(in_features=12288, out_features=10, bias=True)
  )
)
2023-09-02 02:11:22,727 - root - INFO - Iniciando treinamento
2023-09-02 02:11:22,727 - root - INFO - Epoch 1
-------------------------------
2023-09-02 02:27:54,512 - root - INFO - Validation loss decreased from : inf ----> 2.3032763916015626 ----> Saving Model.......
2023-09-02 02:27:56,819 - root - INFO - Época: 1 - Test Acc: 10.040000000000001 - Val Acc: 9.86
2023-09-02 02:27:56,820 - root - INFO - Epoch 2
-------------------------------
2023-09-02 02:44:27,816 - root - INFO - Validation loss decreased from : 2.3032763916015626 ----> 2.3027478466033937 ----> Saving Model.......
2023-09-02 02:44:31,410 - root - INFO - Época: 2 - Test Acc: 10.0 - Val Acc: 9.950000000000001
2023-09-02 02:44:31,412 - root - INFO - Epoch 3
-------------------------------
2023-09-02 03:01:03,695 - root - INFO - Época: 3 - Test Acc: 10.0 - Val Acc: 9.75
2023-09-02 03:01:03,695 - root - INFO - Epoch 4
-------------------------------
2023-09-02 03:17:34,215 - root - INFO - Época: 4 - Test Acc: 10.0 - Val Acc: 9.950000000000001
2023-09-02 03:17:34,215 - root - INFO - Epoch 5
-------------------------------
2023-09-02 03:34:05,156 - root - INFO - Época: 5 - Test Acc: 10.0 - Val Acc: 9.83
2023-09-02 03:34:05,156 - root - INFO - Epoch 6
-------------------------------
2023-09-02 03:50:35,858 - root - INFO - Época: 6 - Test Acc: 10.0 - Val Acc: 9.64
2023-09-02 03:50:35,858 - root - INFO - Epoch 7
-------------------------------
2023-09-02 04:07:05,986 - root - INFO - Época: 7 - Test Acc: 10.0 - Val Acc: 9.91
2023-09-02 04:07:05,986 - root - INFO - Epoch 8
-------------------------------
2023-09-02 04:23:36,980 - root - INFO - Época: 8 - Test Acc: 10.0 - Val Acc: 9.91
2023-09-02 04:23:36,980 - root - INFO - Epoch 9
-------------------------------
2023-09-02 04:40:07,590 - root - INFO - Época: 9 - Test Acc: 10.0 - Val Acc: 9.64
2023-09-02 04:40:07,591 - root - INFO - Epoch 10
-------------------------------
2023-09-02 04:56:37,864 - root - INFO - Época: 10 - Test Acc: 10.0 - Val Acc: 10.09
2023-09-02 04:56:37,865 - root - INFO - Tempo treinamento:  9915.14 seconds
2023-09-02 04:56:37,865 - root - INFO - Métricas
2023-09-02 04:56:37,865 - root - INFO - ACC
2023-09-02 04:56:37,865 - root - INFO - {'epoch': [1, 2, 3, 4, 5, 6, 7, 8, 9, 10],
 'test_acc': [10.040000000000001,
              10.0,
              10.0,
              10.0,
              10.0,
              10.0,
              10.0,
              10.0,
              10.0,
              10.0],
 'train_acc': [10.0025,
               10.0575,
               9.6925,
               9.89,
               9.9375,
               9.8025,
               9.8225,
               9.9975,
               9.895,
               9.9725],
 'val_acc': [9.86,
             9.950000000000001,
             9.75,
             9.950000000000001,
             9.83,
             9.64,
             9.91,
             9.91,
             9.64,
             10.09]}
2023-09-02 04:56:37,865 - root - INFO - LOSS
2023-09-02 04:56:37,865 - root - INFO - {'epoch': [1, 2, 3, 4, 5, 6, 7, 8, 9, 10],
 'test_loss': [2.3033502389907836,
               2.3027509689331054,
               2.30268989238739,
               2.3027881797790526,
               2.3028324979782107,
               2.3027257371902468,
               2.302797102355957,
               2.302687798881531,
               2.3027318576812745,
               2.30269993724823],
 'train_loss': [2.679111431336403,
                2.3044153896808623,
                2.3029776464939116,
                2.302910640954971,
                2.3028765805244444,
                2.3029631407260895,
                2.3029082553863525,
                2.3029600033283235,
                2.302919259119034,
                2.3029215054035186],
 'val_loss': [2.3032763916015626,
              2.3027478466033937,
              2.3028891290664673,
              2.3029858184814453,
              2.3031194843292235,
              2.3030307319641112,
              2.30301709022522,
              2.302893987083435,
              2.3028216249465943,
              2.302772922706604]}
2023-09-02 04:56:53,259 - root - INFO - Rodando evaluation
2023-09-02 04:56:53,260 - root - INFO - Construindo dataset para a rede ALEXNET
