2023-09-03 21:30:12,388 - root - INFO - --------------------- Iniciando Novo Treinamento 76 ---------------------
2023-09-03 21:30:12,388 - root - INFO - Parametros
2023-09-03 21:30:12,388 - root - INFO - {'batch_size': 32,
 'dataset': 'CIFAR10',
 'epochs': 20,
 'learning_rate': 0.001,
 'network': 'VGG11',
 'num_workers': 1}
2023-09-03 21:30:12,388 - root - INFO - Construindo dataset para a rede VGG11
2023-09-03 21:30:14,268 - root - INFO - VGG11(
  (layer1): Sequential(
    (0): Conv2d(1, 64, kernel_size=(3, 3), stride=(1, 1), padding=(1, 1))
    (1): ReLU()
    (2): MaxPool2d(kernel_size=2, stride=2, padding=0, dilation=1, ceil_mode=False)
  )
  (layer2): Sequential(
    (0): Conv2d(64, 128, kernel_size=(3, 3), stride=(1, 1), padding=(1, 1))
    (1): ReLU()
    (2): MaxPool2d(kernel_size=2, stride=2, padding=0, dilation=1, ceil_mode=False)
  )
  (layer3): Sequential(
    (0): Conv2d(128, 256, kernel_size=(3, 3), stride=(1, 1), padding=(1, 1))
    (1): ReLU()
  )
  (layer4): Sequential(
    (0): Conv2d(256, 256, kernel_size=(3, 3), stride=(1, 1), padding=(1, 1))
    (1): ReLU()
    (2): MaxPool2d(kernel_size=2, stride=2, padding=0, dilation=1, ceil_mode=False)
  )
  (layer5): Sequential(
    (0): Conv2d(256, 512, kernel_size=(3, 3), stride=(1, 1), padding=(1, 1))
    (1): ReLU()
  )
  (layer6): Sequential(
    (0): Conv2d(512, 512, kernel_size=(3, 3), stride=(1, 1), padding=(1, 1))
    (1): ReLU()
    (2): MaxPool2d(kernel_size=2, stride=2, padding=0, dilation=1, ceil_mode=False)
  )
  (layer7): Sequential(
    (0): Conv2d(512, 512, kernel_size=(3, 3), stride=(1, 1), padding=(1, 1))
    (1): ReLU()
  )
  (layer8): Sequential(
    (0): Conv2d(512, 512, kernel_size=(3, 3), stride=(1, 1), padding=(1, 1))
    (1): ReLU()
    (2): MaxPool2d(kernel_size=2, stride=2, padding=0, dilation=1, ceil_mode=False)
  )
  (fc): Sequential(
    (0): Linear(in_features=25088, out_features=4096, bias=True)
    (1): ReLU()
    (2): Dropout(p=0.5, inplace=False)
  )
  (fc1): Sequential(
    (0): Linear(in_features=4096, out_features=4096, bias=True)
    (1): ReLU()
    (2): Dropout(p=0.5, inplace=False)
  )
  (fc2): Sequential(
    (0): Linear(in_features=4096, out_features=10, bias=True)
  )
)
2023-09-03 21:30:14,268 - root - INFO - Iniciando treinamento
2023-09-03 21:30:14,268 - root - INFO - Epoch 1
-------------------------------
2023-09-03 21:33:51,035 - root - INFO - Validation loss decreased from : inf ----> 2.3026444679260254 ----> Saving Model.......
2023-09-03 21:33:51,035 - root - INFO - Validation acc:  10.47
2023-09-03 21:33:51,035 - root - INFO - Best Test acc from 0 ----> 10.0
2023-09-03 21:33:51,036 - root - INFO - Época 1/20
2023-09-03 21:33:51,036 - root - INFO - loss: 2.3093157424926756 - accuracy: 9.7525 - val_loss: 2.3026444679260254 - val_accuracy: 10.47
2023-09-03 21:33:51,036 - root - INFO - [Test] ---> accuracy: 10.0 - loss: 2.3028629795074465
2023-09-03 21:33:51,036 - root - INFO - test acc from best model : 10.0
2023-09-03 21:33:51,036 - root - INFO - Epoch 2
-------------------------------
2023-09-03 21:37:29,000 - root - INFO - Época 2/20
2023-09-03 21:37:29,000 - root - INFO - loss: 2.30297802734375 - accuracy: 9.805 - val_loss: 2.302688109588623 - val_accuracy: 10.09
2023-09-03 21:37:29,000 - root - INFO - [Test] ---> accuracy: 10.0 - loss: 2.3026364406585693
2023-09-03 21:37:29,000 - root - INFO - test acc from best model : 10.0
2023-09-03 21:37:29,000 - root - INFO - Epoch 3
-------------------------------
2023-09-03 21:41:06,900 - root - INFO - Época 3/20
2023-09-03 21:41:06,900 - root - INFO - loss: 2.302813818359375 - accuracy: 9.84 - val_loss: 2.30287631149292 - val_accuracy: 9.75
2023-09-03 21:41:06,900 - root - INFO - [Test] ---> accuracy: 10.0 - loss: 2.3026703258514405
2023-09-03 21:41:06,901 - root - INFO - test acc from best model : 10.0
2023-09-03 21:41:06,901 - root - INFO - Epoch 4
-------------------------------
2023-09-03 21:44:45,327 - root - INFO - Época 4/20
2023-09-03 21:44:45,327 - root - INFO - loss: 2.302813427734375 - accuracy: 9.7425 - val_loss: 2.3026790016174314 - val_accuracy: 9.75
2023-09-03 21:44:45,327 - root - INFO - [Test] ---> accuracy: 10.0 - loss: 2.3026097557067873
2023-09-03 21:44:45,327 - root - INFO - test acc from best model : 10.0
2023-09-03 21:44:45,327 - root - INFO - Epoch 5
-------------------------------
2023-09-03 21:48:23,228 - root - INFO - Época 5/20
2023-09-03 21:48:23,228 - root - INFO - loss: 2.30277626953125 - accuracy: 9.76 - val_loss: 2.302802946090698 - val_accuracy: 9.64
2023-09-03 21:48:23,228 - root - INFO - [Test] ---> accuracy: 10.0 - loss: 2.3026343521118164
2023-09-03 21:48:23,228 - root - INFO - test acc from best model : 10.0
2023-09-03 21:48:23,228 - root - INFO - Epoch 6
-------------------------------
2023-09-03 21:52:01,583 - root - INFO - Época 6/20
2023-09-03 21:52:01,583 - root - INFO - loss: 2.302738134765625 - accuracy: 9.7625 - val_loss: 2.302726319885254 - val_accuracy: 9.83
2023-09-03 21:52:01,583 - root - INFO - [Test] ---> accuracy: 10.0 - loss: 2.302636517715454
2023-09-03 21:52:01,583 - root - INFO - test acc from best model : 10.0
2023-09-03 21:52:01,583 - root - INFO - Epoch 7
-------------------------------
2023-09-03 21:55:39,450 - root - INFO - Validation loss decreased from : 2.3026444679260254 ----> 2.302613919830322 ----> Saving Model.......
2023-09-03 21:55:39,450 - root - INFO - Validation acc:  9.950000000000001
2023-09-03 21:55:39,450 - root - INFO - Best Test acc from 10.0 ----> 10.0
2023-09-03 21:55:39,450 - root - INFO - Época 7/20
2023-09-03 21:55:39,450 - root - INFO - loss: 2.30274541015625 - accuracy: 10.0125 - val_loss: 2.302613919830322 - val_accuracy: 9.950000000000001
2023-09-03 21:55:39,450 - root - INFO - [Test] ---> accuracy: 10.0 - loss: 2.3026099323272704
2023-09-03 21:55:39,450 - root - INFO - test acc from best model : 10.0
2023-09-03 21:55:39,450 - root - INFO - Epoch 8
-------------------------------
2023-09-03 21:59:17,378 - root - INFO - Época 8/20
2023-09-03 21:59:17,378 - root - INFO - loss: 2.302732958984375 - accuracy: 9.77 - val_loss: 2.302930744934082 - val_accuracy: 9.75
2023-09-03 21:59:17,378 - root - INFO - [Test] ---> accuracy: 10.0 - loss: 2.302664881896973
2023-09-03 21:59:17,378 - root - INFO - test acc from best model : 10.0
2023-09-03 21:59:17,378 - root - INFO - Epoch 9
-------------------------------
2023-09-03 22:02:55,358 - root - INFO - Época 9/20
2023-09-03 22:02:55,359 - root - INFO - loss: 2.3027927734375 - accuracy: 9.815 - val_loss: 2.3028834106445313 - val_accuracy: 9.64
2023-09-03 22:02:55,359 - root - INFO - [Test] ---> accuracy: 10.0 - loss: 2.302658038711548
2023-09-03 22:02:55,359 - root - INFO - test acc from best model : 10.0
2023-09-03 22:02:55,359 - root - INFO - Epoch 10
-------------------------------
2023-09-03 22:06:33,218 - root - INFO - Época 10/20
2023-09-03 22:06:33,218 - root - INFO - loss: 2.30279345703125 - accuracy: 9.83 - val_loss: 2.302749006652832 - val_accuracy: 9.64
2023-09-03 22:06:33,218 - root - INFO - [Test] ---> accuracy: 10.0 - loss: 2.302616502380371
2023-09-03 22:06:33,218 - root - INFO - test acc from best model : 10.0
2023-09-03 22:06:33,218 - root - INFO - Epoch 11
-------------------------------
2023-09-03 22:10:11,051 - root - INFO - Época 11/20
2023-09-03 22:10:11,051 - root - INFO - loss: 2.30278369140625 - accuracy: 9.9325 - val_loss: 2.302703465270996 - val_accuracy: 9.64
2023-09-03 22:10:11,051 - root - INFO - [Test] ---> accuracy: 10.0 - loss: 2.302633459472656
2023-09-03 22:10:11,051 - root - INFO - test acc from best model : 10.0
2023-09-03 22:10:11,052 - root - INFO - Epoch 12
-------------------------------
2023-09-03 22:13:48,796 - root - INFO - Época 12/20
2023-09-03 22:13:48,796 - root - INFO - loss: 2.302705029296875 - accuracy: 9.875 - val_loss: 2.302734051132202 - val_accuracy: 9.75
2023-09-03 22:13:48,796 - root - INFO - [Test] ---> accuracy: 10.0 - loss: 2.3026612327575684
2023-09-03 22:13:48,796 - root - INFO - test acc from best model : 10.0
2023-09-03 22:13:48,796 - root - INFO - Epoch 13
-------------------------------
2023-09-03 22:17:26,437 - root - INFO - Época 13/20
2023-09-03 22:17:26,438 - root - INFO - loss: 2.30276435546875 - accuracy: 9.8925 - val_loss: 2.3028186420440675 - val_accuracy: 9.91
2023-09-03 22:17:26,438 - root - INFO - [Test] ---> accuracy: 10.0 - loss: 2.3026734577178956
2023-09-03 22:17:26,438 - root - INFO - test acc from best model : 10.0
2023-09-03 22:17:26,438 - root - INFO - Epoch 14
-------------------------------
2023-09-03 22:21:04,254 - root - INFO - Época 14/20
2023-09-03 22:21:04,255 - root - INFO - loss: 2.302783203125 - accuracy: 9.86 - val_loss: 2.3027358993530274 - val_accuracy: 9.83
2023-09-03 22:21:04,255 - root - INFO - [Test] ---> accuracy: 10.0 - loss: 2.302620520019531
2023-09-03 22:21:04,255 - root - INFO - test acc from best model : 10.0
2023-09-03 22:21:04,255 - root - INFO - Epoch 15
-------------------------------
2023-09-03 22:24:42,042 - root - INFO - Época 15/20
2023-09-03 22:24:42,043 - root - INFO - loss: 2.302785009765625 - accuracy: 9.825 - val_loss: 2.3027428951263427 - val_accuracy: 10.09
2023-09-03 22:24:42,043 - root - INFO - [Test] ---> accuracy: 10.0 - loss: 2.3026271995544434
2023-09-03 22:24:42,043 - root - INFO - test acc from best model : 10.0
2023-09-03 22:24:42,043 - root - INFO - Epoch 16
-------------------------------
2023-09-03 22:28:19,700 - root - INFO - Época 16/20
2023-09-03 22:28:19,700 - root - INFO - loss: 2.302770849609375 - accuracy: 9.9625 - val_loss: 2.302775213623047 - val_accuracy: 9.64
2023-09-03 22:28:19,700 - root - INFO - [Test] ---> accuracy: 10.0 - loss: 2.302649391555786
2023-09-03 22:28:19,700 - root - INFO - test acc from best model : 10.0
2023-09-03 22:28:19,701 - root - INFO - Epoch 17
-------------------------------
2023-09-03 22:31:57,225 - root - INFO - Época 17/20
2023-09-03 22:31:57,225 - root - INFO - loss: 2.3027935546875 - accuracy: 9.9875 - val_loss: 2.302716493225098 - val_accuracy: 9.64
2023-09-03 22:31:57,225 - root - INFO - [Test] ---> accuracy: 10.0 - loss: 2.30261296043396
2023-09-03 22:31:57,225 - root - INFO - test acc from best model : 10.0
2023-09-03 22:31:57,225 - root - INFO - Epoch 18
-------------------------------
2023-09-03 22:35:35,075 - root - INFO - Época 18/20
2023-09-03 22:35:35,075 - root - INFO - loss: 2.302751171875 - accuracy: 9.9675 - val_loss: 2.302790467834473 - val_accuracy: 9.75
2023-09-03 22:35:35,075 - root - INFO - [Test] ---> accuracy: 10.0 - loss: 2.3026479595184326
2023-09-03 22:35:35,075 - root - INFO - test acc from best model : 10.0
2023-09-03 22:35:35,075 - root - INFO - Epoch 19
-------------------------------
2023-09-03 22:39:12,760 - root - INFO - Época 19/20
2023-09-03 22:39:12,760 - root - INFO - loss: 2.302729638671875 - accuracy: 10.015 - val_loss: 2.3028482528686522 - val_accuracy: 9.64
2023-09-03 22:39:12,760 - root - INFO - [Test] ---> accuracy: 10.0 - loss: 2.3026516525268557
2023-09-03 22:39:12,760 - root - INFO - test acc from best model : 10.0
2023-09-03 22:39:12,760 - root - INFO - Epoch 20
-------------------------------
2023-09-03 22:42:50,213 - root - INFO - Época 20/20
2023-09-03 22:42:50,213 - root - INFO - loss: 2.30274638671875 - accuracy: 9.9575 - val_loss: 2.3027943157196047 - val_accuracy: 9.64
2023-09-03 22:42:50,213 - root - INFO - [Test] ---> accuracy: 10.0 - loss: 2.302672220993042
2023-09-03 22:42:50,213 - root - INFO - test acc from best model : 10.0
2023-09-03 22:42:50,213 - root - INFO - Tempo treinamento:  4355.94 seconds
2023-09-03 22:42:50,213 - root - INFO - Menor loss: 2.302613919830322
2023-09-03 22:42:50,213 - root - INFO - Acurácia de teste do melhor modelo: 10.0
2023-09-03 22:42:50,213 - root - INFO - Métricas
2023-09-03 22:42:50,213 - root - INFO - ACC
2023-09-03 22:42:50,213 - root - INFO - {'epoch': [1,
           2,
           3,
           4,
           5,
           6,
           7,
           8,
           9,
           10,
           11,
           12,
           13,
           14,
           15,
           16,
           17,
           18,
           19,
           20],
 'test_acc': [10.0,
              10.0,
              10.0,
              10.0,
              10.0,
              10.0,
              10.0,
              10.0,
              10.0,
              10.0,
              10.0,
              10.0,
              10.0,
              10.0,
              10.0,
              10.0,
              10.0,
              10.0,
              10.0,
              10.0],
 'train_acc': [9.7525,
               9.805,
               9.84,
               9.7425,
               9.76,
               9.7625,
               10.0125,
               9.77,
               9.815,
               9.83,
               9.9325,
               9.875,
               9.8925,
               9.86,
               9.825,
               9.9625,
               9.9875,
               9.9675,
               10.015,
               9.9575],
 'val_acc': [10.47,
             10.09,
             9.75,
             9.75,
             9.64,
             9.83,
             9.950000000000001,
             9.75,
             9.64,
             9.64,
             9.64,
             9.75,
             9.91,
             9.83,
             10.09,
             9.64,
             9.64,
             9.75,
             9.64,
             9.64]}
2023-09-03 22:42:50,213 - root - INFO - LOSS
2023-09-03 22:42:50,213 - root - INFO - {'epoch': [1,
           2,
           3,
           4,
           5,
           6,
           7,
           8,
           9,
           10,
           11,
           12,
           13,
           14,
           15,
           16,
           17,
           18,
           19,
           20],
 'test_loss': [2.3028629795074465,
               2.3026364406585693,
               2.3026703258514405,
               2.3026097557067873,
               2.3026343521118164,
               2.302636517715454,
               2.3026099323272704,
               2.302664881896973,
               2.302658038711548,
               2.302616502380371,
               2.302633459472656,
               2.3026612327575684,
               2.3026734577178956,
               2.302620520019531,
               2.3026271995544434,
               2.302649391555786,
               2.30261296043396,
               2.3026479595184326,
               2.3026516525268557,
               2.302672220993042],
 'train_loss': [2.3093157424926756,
                2.30297802734375,
                2.302813818359375,
                2.302813427734375,
                2.30277626953125,
                2.302738134765625,
                2.30274541015625,
                2.302732958984375,
                2.3027927734375,
                2.30279345703125,
                2.30278369140625,
                2.302705029296875,
                2.30276435546875,
                2.302783203125,
                2.302785009765625,
                2.302770849609375,
                2.3027935546875,
                2.302751171875,
                2.302729638671875,
                2.30274638671875],
 'val_loss': [2.3026444679260254,
              2.302688109588623,
              2.30287631149292,
              2.3026790016174314,
              2.302802946090698,
              2.302726319885254,
              2.302613919830322,
              2.302930744934082,
              2.3028834106445313,
              2.302749006652832,
              2.302703465270996,
              2.302734051132202,
              2.3028186420440675,
              2.3027358993530274,
              2.3027428951263427,
              2.302775213623047,
              2.302716493225098,
              2.302790467834473,
              2.3028482528686522,
              2.3027943157196047]}
2023-09-04 03:17:25,805 - root - INFO - --------------------- Iniciando Novo Treinamento 76 ---------------------
2023-09-04 03:17:25,805 - root - INFO - Parametros
2023-09-04 03:17:25,805 - root - INFO - {'batch_size': 32,
 'dataset': 'CIFAR10',
 'epochs': 20,
 'learning_rate': 0.0001,
 'network': 'VGG11',
 'num_workers': 1}
2023-09-04 03:17:25,805 - root - INFO - Construindo dataset para a rede VGG11
2023-09-04 03:17:27,688 - root - INFO - VGG11(
  (layer1): Sequential(
    (0): Conv2d(1, 64, kernel_size=(3, 3), stride=(1, 1), padding=(1, 1))
    (1): ReLU()
    (2): MaxPool2d(kernel_size=2, stride=2, padding=0, dilation=1, ceil_mode=False)
  )
  (layer2): Sequential(
    (0): Conv2d(64, 128, kernel_size=(3, 3), stride=(1, 1), padding=(1, 1))
    (1): ReLU()
    (2): MaxPool2d(kernel_size=2, stride=2, padding=0, dilation=1, ceil_mode=False)
  )
  (layer3): Sequential(
    (0): Conv2d(128, 256, kernel_size=(3, 3), stride=(1, 1), padding=(1, 1))
    (1): ReLU()
  )
  (layer4): Sequential(
    (0): Conv2d(256, 256, kernel_size=(3, 3), stride=(1, 1), padding=(1, 1))
    (1): ReLU()
    (2): MaxPool2d(kernel_size=2, stride=2, padding=0, dilation=1, ceil_mode=False)
  )
  (layer5): Sequential(
    (0): Conv2d(256, 512, kernel_size=(3, 3), stride=(1, 1), padding=(1, 1))
    (1): ReLU()
  )
  (layer6): Sequential(
    (0): Conv2d(512, 512, kernel_size=(3, 3), stride=(1, 1), padding=(1, 1))
    (1): ReLU()
    (2): MaxPool2d(kernel_size=2, stride=2, padding=0, dilation=1, ceil_mode=False)
  )
  (layer7): Sequential(
    (0): Conv2d(512, 512, kernel_size=(3, 3), stride=(1, 1), padding=(1, 1))
    (1): ReLU()
  )
  (layer8): Sequential(
    (0): Conv2d(512, 512, kernel_size=(3, 3), stride=(1, 1), padding=(1, 1))
    (1): ReLU()
    (2): MaxPool2d(kernel_size=2, stride=2, padding=0, dilation=1, ceil_mode=False)
  )
  (fc): Sequential(
    (0): Linear(in_features=25088, out_features=4096, bias=True)
    (1): ReLU()
    (2): Dropout(p=0.5, inplace=False)
  )
  (fc1): Sequential(
    (0): Linear(in_features=4096, out_features=4096, bias=True)
    (1): ReLU()
    (2): Dropout(p=0.5, inplace=False)
  )
  (fc2): Sequential(
    (0): Linear(in_features=4096, out_features=10, bias=True)
  )
)
2023-09-04 03:17:27,689 - root - INFO - Iniciando treinamento
2023-09-04 03:17:27,689 - root - INFO - Epoch 1
-------------------------------
2023-09-04 03:21:05,534 - root - INFO - Validation loss decreased from : inf ----> 1.3443198501586915 ----> Saving Model.......
2023-09-04 03:21:05,534 - root - INFO - Validation acc:  52.87
2023-09-04 03:21:05,534 - root - INFO - Best Test acc from 0 ----> 53.269999999999996
2023-09-04 03:21:05,534 - root - INFO - Época 1/20
2023-09-04 03:21:05,534 - root - INFO - loss: 1.810281413078308 - accuracy: 33.23 - val_loss: 1.3443198501586915 - val_accuracy: 52.87
2023-09-04 03:21:05,534 - root - INFO - [Test] ---> accuracy: 53.269999999999996 - loss: 1.3456522954940795
2023-09-04 03:21:05,534 - root - INFO - test acc from best model : 53.269999999999996
2023-09-04 03:21:05,534 - root - INFO - Epoch 2
-------------------------------
2023-09-04 03:24:44,895 - root - INFO - Validation loss decreased from : 1.3443198501586915 ----> 0.9952601190567016 ----> Saving Model.......
2023-09-04 03:24:44,895 - root - INFO - Validation acc:  65.08
2023-09-04 03:24:44,895 - root - INFO - Best Test acc from 53.269999999999996 ----> 65.96
2023-09-04 03:24:44,895 - root - INFO - Época 2/20
2023-09-04 03:24:44,895 - root - INFO - loss: 1.1795919346809387 - accuracy: 58.3675 - val_loss: 0.9952601190567016 - val_accuracy: 65.08
2023-09-04 03:24:44,895 - root - INFO - [Test] ---> accuracy: 65.96 - loss: 0.9986505857467651
2023-09-04 03:24:44,895 - root - INFO - test acc from best model : 65.96
2023-09-04 03:24:44,895 - root - INFO - Epoch 3
-------------------------------
2023-09-04 03:28:24,301 - root - INFO - Validation loss decreased from : 0.9952601190567016 ----> 0.8585382937431335 ----> Saving Model.......
2023-09-04 03:28:24,301 - root - INFO - Validation acc:  70.78
2023-09-04 03:28:24,301 - root - INFO - Best Test acc from 65.96 ----> 70.04
2023-09-04 03:28:24,301 - root - INFO - Época 3/20
2023-09-04 03:28:24,301 - root - INFO - loss: 0.8430515431642532 - accuracy: 71.0325 - val_loss: 0.8585382937431335 - val_accuracy: 70.78
2023-09-04 03:28:24,301 - root - INFO - [Test] ---> accuracy: 70.04 - loss: 0.8736262948036194
2023-09-04 03:28:24,301 - root - INFO - test acc from best model : 70.04
2023-09-04 03:28:24,301 - root - INFO - Epoch 4
-------------------------------
2023-09-04 03:32:03,815 - root - INFO - Validation loss decreased from : 0.8585382937431335 ----> 0.8027504696846008 ----> Saving Model.......
2023-09-04 03:32:03,815 - root - INFO - Validation acc:  73.46000000000001
2023-09-04 03:32:03,815 - root - INFO - Best Test acc from 70.04 ----> 73.08
2023-09-04 03:32:03,815 - root - INFO - Época 4/20
2023-09-04 03:32:03,815 - root - INFO - loss: 0.5962290066957474 - accuracy: 79.3825 - val_loss: 0.8027504696846008 - val_accuracy: 73.46000000000001
2023-09-04 03:32:03,815 - root - INFO - [Test] ---> accuracy: 73.08 - loss: 0.8183080505371094
2023-09-04 03:32:03,815 - root - INFO - test acc from best model : 73.08
2023-09-04 03:32:03,815 - root - INFO - Epoch 5
-------------------------------
2023-09-04 03:35:43,313 - root - INFO - Época 5/20
2023-09-04 03:35:43,313 - root - INFO - loss: 0.3589143226593733 - accuracy: 87.69 - val_loss: 0.8078969767570495 - val_accuracy: 74.91
2023-09-04 03:35:43,313 - root - INFO - [Test] ---> accuracy: 73.98 - loss: 0.8312844655036926
2023-09-04 03:35:43,313 - root - INFO - test acc from best model : 73.08
2023-09-04 03:35:43,313 - root - INFO - Epoch 6
-------------------------------
2023-09-04 03:39:22,588 - root - INFO - Época 6/20
2023-09-04 03:39:22,588 - root - INFO - loss: 0.18867726397812368 - accuracy: 93.595 - val_loss: 1.0081819412231445 - val_accuracy: 73.92
2023-09-04 03:39:22,588 - root - INFO - [Test] ---> accuracy: 74.11999999999999 - loss: 1.0231133766174316
2023-09-04 03:39:22,588 - root - INFO - test acc from best model : 73.08
2023-09-04 03:39:22,588 - root - INFO - Epoch 7
-------------------------------
2023-09-04 03:43:02,253 - root - INFO - Época 7/20
2023-09-04 03:43:02,253 - root - INFO - loss: 0.11601978771686554 - accuracy: 96.1825 - val_loss: 1.0601330603122712 - val_accuracy: 73.5
2023-09-04 03:43:02,253 - root - INFO - [Test] ---> accuracy: 73.04 - loss: 1.0935970323562623
2023-09-04 03:43:02,253 - root - INFO - test acc from best model : 73.08
2023-09-04 03:43:02,253 - root - INFO - Epoch 8
-------------------------------
2023-09-04 03:46:41,775 - root - INFO - Época 8/20
2023-09-04 03:46:41,775 - root - INFO - loss: 0.09294995424449444 - accuracy: 96.96 - val_loss: 1.17068807554245 - val_accuracy: 74.33
2023-09-04 03:46:41,775 - root - INFO - [Test] ---> accuracy: 73.85000000000001 - loss: 1.1955453343868256
2023-09-04 03:46:41,775 - root - INFO - test acc from best model : 73.08
2023-09-04 03:46:41,775 - root - INFO - Epoch 9
-------------------------------
2023-09-04 03:50:21,825 - root - INFO - Época 9/20
2023-09-04 03:50:21,825 - root - INFO - loss: 0.0758436085999012 - accuracy: 97.5675 - val_loss: 1.209551497745514 - val_accuracy: 74.49
2023-09-04 03:50:21,825 - root - INFO - [Test] ---> accuracy: 73.85000000000001 - loss: 1.242265368461609
2023-09-04 03:50:21,825 - root - INFO - test acc from best model : 73.08
2023-09-04 03:50:21,825 - root - INFO - Epoch 10
-------------------------------
2023-09-04 03:54:01,536 - root - INFO - Época 10/20
2023-09-04 03:54:01,536 - root - INFO - loss: 0.06069359790980816 - accuracy: 98.0625 - val_loss: 1.2849484449863433 - val_accuracy: 74.83
2023-09-04 03:54:01,536 - root - INFO - [Test] ---> accuracy: 74.35000000000001 - loss: 1.3118879122257232
2023-09-04 03:54:01,536 - root - INFO - test acc from best model : 73.08
2023-09-04 03:54:01,536 - root - INFO - Epoch 11
-------------------------------
2023-09-04 03:57:40,942 - root - INFO - Época 11/20
2023-09-04 03:57:40,942 - root - INFO - loss: 0.05860068426728249 - accuracy: 98.085 - val_loss: 1.2624981471061707 - val_accuracy: 73.45
2023-09-04 03:57:40,942 - root - INFO - [Test] ---> accuracy: 73.92999999999999 - loss: 1.2825474133968353
2023-09-04 03:57:40,942 - root - INFO - test acc from best model : 73.08
2023-09-04 03:57:40,942 - root - INFO - Epoch 12
-------------------------------
2023-09-04 04:01:20,235 - root - INFO - Época 12/20
2023-09-04 04:01:20,235 - root - INFO - loss: 0.0520585989356041 - accuracy: 98.34 - val_loss: 1.4298467157363892 - val_accuracy: 74.63
2023-09-04 04:01:20,235 - root - INFO - [Test] ---> accuracy: 73.97 - loss: 1.4775114540576935
2023-09-04 04:01:20,235 - root - INFO - test acc from best model : 73.08
2023-09-04 04:01:20,235 - root - INFO - Epoch 13
-------------------------------
2023-09-04 04:04:59,983 - root - INFO - Época 13/20
2023-09-04 04:04:59,984 - root - INFO - loss: 0.04971355749964714 - accuracy: 98.39 - val_loss: 1.4023285331249238 - val_accuracy: 74.67
2023-09-04 04:04:59,984 - root - INFO - [Test] ---> accuracy: 74.62 - loss: 1.4077505491256714
2023-09-04 04:04:59,984 - root - INFO - test acc from best model : 73.08
2023-09-04 04:04:59,984 - root - INFO - Epoch 14
-------------------------------
2023-09-04 04:08:39,723 - root - INFO - Época 14/20
2023-09-04 04:08:39,723 - root - INFO - loss: 0.041997481283545496 - accuracy: 98.69 - val_loss: 1.37358073925972 - val_accuracy: 74.15
2023-09-04 04:08:39,723 - root - INFO - [Test] ---> accuracy: 73.63 - loss: 1.4167679096221923
2023-09-04 04:08:39,723 - root - INFO - test acc from best model : 73.08
2023-09-04 04:08:39,723 - root - INFO - Epoch 15
-------------------------------
2023-09-04 04:12:19,528 - root - INFO - Época 15/20
2023-09-04 04:12:19,528 - root - INFO - loss: 0.04306897040009498 - accuracy: 98.55 - val_loss: 1.2803501502513885 - val_accuracy: 74.92999999999999
2023-09-04 04:12:19,528 - root - INFO - [Test] ---> accuracy: 74.4 - loss: 1.3262833790779114
2023-09-04 04:12:19,528 - root - INFO - test acc from best model : 73.08
2023-09-04 04:12:19,528 - root - INFO - Epoch 16
-------------------------------
2023-09-04 04:15:59,237 - root - INFO - Época 16/20
2023-09-04 04:15:59,237 - root - INFO - loss: 0.04119207317531109 - accuracy: 98.76 - val_loss: 1.2748819034576415 - val_accuracy: 74.89
2023-09-04 04:15:59,237 - root - INFO - [Test] ---> accuracy: 74.25 - loss: 1.3012363557815552
2023-09-04 04:15:59,237 - root - INFO - test acc from best model : 73.08
2023-09-04 04:15:59,237 - root - INFO - Epoch 17
-------------------------------
2023-09-04 04:19:39,002 - root - INFO - Época 17/20
2023-09-04 04:19:39,002 - root - INFO - loss: 0.03368082382380962 - accuracy: 98.955 - val_loss: 1.4303215028762817 - val_accuracy: 74.97
2023-09-04 04:19:39,002 - root - INFO - [Test] ---> accuracy: 74.35000000000001 - loss: 1.4865299225330353
2023-09-04 04:19:39,002 - root - INFO - test acc from best model : 73.08
2023-09-04 04:19:39,002 - root - INFO - Epoch 18
-------------------------------
2023-09-04 04:23:18,420 - root - INFO - Época 18/20
2023-09-04 04:23:18,420 - root - INFO - loss: 0.035740999555587766 - accuracy: 98.7825 - val_loss: 1.2444719638347626 - val_accuracy: 75.5
2023-09-04 04:23:18,420 - root - INFO - [Test] ---> accuracy: 75.14999999999999 - loss: 1.2668718446731568
2023-09-04 04:23:18,420 - root - INFO - test acc from best model : 73.08
2023-09-04 04:23:18,420 - root - INFO - Epoch 19
-------------------------------
2023-09-04 04:26:57,582 - root - INFO - Época 19/20
2023-09-04 04:26:57,582 - root - INFO - loss: 0.032054449352622034 - accuracy: 98.95 - val_loss: 1.427960056591034 - val_accuracy: 74.55000000000001
2023-09-04 04:26:57,582 - root - INFO - [Test] ---> accuracy: 74.72 - loss: 1.4652208700180054
2023-09-04 04:26:57,582 - root - INFO - test acc from best model : 73.08
2023-09-04 04:26:57,582 - root - INFO - Epoch 20
-------------------------------
2023-09-04 04:30:36,715 - root - INFO - Época 20/20
2023-09-04 04:30:36,715 - root - INFO - loss: 0.03131115039885044 - accuracy: 98.96 - val_loss: 1.2417808206796646 - val_accuracy: 74.92
2023-09-04 04:30:36,715 - root - INFO - [Test] ---> accuracy: 74.44 - loss: 1.293877610874176
2023-09-04 04:30:36,715 - root - INFO - test acc from best model : 73.08
2023-09-04 04:30:36,715 - root - INFO - Tempo treinamento:  4389.03 seconds
2023-09-04 04:30:36,715 - root - INFO - Menor loss: 0.8027504696846008
2023-09-04 04:30:36,715 - root - INFO - Acurácia de teste do melhor modelo: 73.08
2023-09-04 04:30:36,715 - root - INFO - Métricas
2023-09-04 04:30:36,715 - root - INFO - ACC
2023-09-04 04:30:36,715 - root - INFO - {'epoch': [1,
           2,
           3,
           4,
           5,
           6,
           7,
           8,
           9,
           10,
           11,
           12,
           13,
           14,
           15,
           16,
           17,
           18,
           19,
           20],
 'test_acc': [53.269999999999996,
              65.96,
              70.04,
              73.08,
              73.98,
              74.11999999999999,
              73.04,
              73.85000000000001,
              73.85000000000001,
              74.35000000000001,
              73.92999999999999,
              73.97,
              74.62,
              73.63,
              74.4,
              74.25,
              74.35000000000001,
              75.14999999999999,
              74.72,
              74.44],
 'train_acc': [33.23,
               58.3675,
               71.0325,
               79.3825,
               87.69,
               93.595,
               96.1825,
               96.96,
               97.5675,
               98.0625,
               98.085,
               98.34,
               98.39,
               98.69,
               98.55,
               98.76,
               98.955,
               98.7825,
               98.95,
               98.96],
 'val_acc': [52.87,
             65.08,
             70.78,
             73.46000000000001,
             74.91,
             73.92,
             73.5,
             74.33,
             74.49,
             74.83,
             73.45,
             74.63,
             74.67,
             74.15,
             74.92999999999999,
             74.89,
             74.97,
             75.5,
             74.55000000000001,
             74.92]}
2023-09-04 04:30:36,715 - root - INFO - LOSS
2023-09-04 04:30:36,716 - root - INFO - {'epoch': [1,
           2,
           3,
           4,
           5,
           6,
           7,
           8,
           9,
           10,
           11,
           12,
           13,
           14,
           15,
           16,
           17,
           18,
           19,
           20],
 'test_loss': [1.3456522954940795,
               0.9986505857467651,
               0.8736262948036194,
               0.8183080505371094,
               0.8312844655036926,
               1.0231133766174316,
               1.0935970323562623,
               1.1955453343868256,
               1.242265368461609,
               1.3118879122257232,
               1.2825474133968353,
               1.4775114540576935,
               1.4077505491256714,
               1.4167679096221923,
               1.3262833790779114,
               1.3012363557815552,
               1.4865299225330353,
               1.2668718446731568,
               1.4652208700180054,
               1.293877610874176],
 'train_loss': [1.810281413078308,
                1.1795919346809387,
                0.8430515431642532,
                0.5962290066957474,
                0.3589143226593733,
                0.18867726397812368,
                0.11601978771686554,
                0.09294995424449444,
                0.0758436085999012,
                0.06069359790980816,
                0.05860068426728249,
                0.0520585989356041,
                0.04971355749964714,
                0.041997481283545496,
                0.04306897040009498,
                0.04119207317531109,
                0.03368082382380962,
                0.035740999555587766,
                0.032054449352622034,
                0.03131115039885044],
 'val_loss': [1.3443198501586915,
              0.9952601190567016,
              0.8585382937431335,
              0.8027504696846008,
              0.8078969767570495,
              1.0081819412231445,
              1.0601330603122712,
              1.17068807554245,
              1.209551497745514,
              1.2849484449863433,
              1.2624981471061707,
              1.4298467157363892,
              1.4023285331249238,
              1.37358073925972,
              1.2803501502513885,
              1.2748819034576415,
              1.4303215028762817,
              1.2444719638347626,
              1.427960056591034,
              1.2417808206796646]}
