2023-09-03 12:20:55,643 - root - INFO - --------------------- Iniciando Novo Treinamento 10 ---------------------
2023-09-03 12:20:55,644 - root - INFO - Parametros
2023-09-03 12:20:55,644 - root - INFO - {'batch_size': 32,
 'dataset': 'CIFAR10',
 'epochs': 10,
 'learning_rate': 0.01,
 'network': 'LENET5',
 'num_workers': 1}
2023-09-03 12:20:55,644 - root - INFO - Construindo dataset para a rede LENET5
2023-09-03 12:20:56,944 - root - INFO - LeNet5(
  (layer1): Sequential(
    (0): Conv2d(3, 18, kernel_size=(5, 5), stride=(1, 1))
    (1): BatchNorm2d(18, eps=1e-05, momentum=0.1, affine=True, track_running_stats=True)
    (2): ReLU()
    (3): MaxPool2d(kernel_size=2, stride=2, padding=0, dilation=1, ceil_mode=False)
  )
  (layer2): Sequential(
    (0): Conv2d(18, 48, kernel_size=(5, 5), stride=(1, 1))
    (1): BatchNorm2d(48, eps=1e-05, momentum=0.1, affine=True, track_running_stats=True)
    (2): ReLU()
    (3): MaxPool2d(kernel_size=2, stride=2, padding=0, dilation=1, ceil_mode=False)
  )
  (fc): Linear(in_features=1200, out_features=360, bias=True)
  (relu): ReLU()
  (fc1): Linear(in_features=360, out_features=252, bias=True)
  (relu1): ReLU()
  (fc2): Linear(in_features=252, out_features=10, bias=True)
)
2023-09-03 12:20:56,945 - root - INFO - Iniciando treinamento
2023-09-03 12:20:56,945 - root - INFO - Epoch 1
-------------------------------
2023-09-03 12:22:14,085 - root - INFO - Validation loss decreased from : inf ----> 0.05684867080450058 ----> Saving Model.......
2023-09-03 12:22:14,085 - root - INFO - Validation acc:  40.78
2023-09-03 12:22:14,085 - root - INFO - Best Test acc from 0 ----> 41.410000000000004
2023-09-03 12:22:14,085 - root - INFO - Época 1/10
2023-09-03 12:22:14,085 - root - INFO - loss: 0.05324591659605503 - accuracy: 40.31 - val_loss: 0.05684867080450058 - val_accuracy: 40.78
2023-09-03 12:22:14,085 - root - INFO - [Test] ---> accuracy: 41.410000000000004 - loss: 0.05651917667388916
2023-09-03 12:22:14,085 - root - INFO - test acc from best model : 41.410000000000004
2023-09-03 12:22:14,085 - root - INFO - Epoch 2
-------------------------------
2023-09-03 12:23:31,459 - root - INFO - Validation loss decreased from : 0.05684867080450058 ----> 0.04240475531220436 ----> Saving Model.......
2023-09-03 12:23:31,460 - root - INFO - Validation acc:  52.910000000000004
2023-09-03 12:23:31,460 - root - INFO - Best Test acc from 41.410000000000004 ----> 52.49
2023-09-03 12:23:31,460 - root - INFO - Época 2/10
2023-09-03 12:23:31,460 - root - INFO - loss: 0.04117956548333168 - accuracy: 53.225 - val_loss: 0.04240475531220436 - val_accuracy: 52.910000000000004
2023-09-03 12:23:31,460 - root - INFO - [Test] ---> accuracy: 52.49 - loss: 0.04228671100735664
2023-09-03 12:23:31,460 - root - INFO - test acc from best model : 52.49
2023-09-03 12:23:31,460 - root - INFO - Epoch 3
-------------------------------
2023-09-03 12:24:48,890 - root - INFO - Validation loss decreased from : 0.04240475531220436 ----> 0.0366871919631958 ----> Saving Model.......
2023-09-03 12:24:48,890 - root - INFO - Validation acc:  59.69
2023-09-03 12:24:48,890 - root - INFO - Best Test acc from 52.49 ----> 59.58
2023-09-03 12:24:48,890 - root - INFO - Época 3/10
2023-09-03 12:24:48,890 - root - INFO - loss: 0.03737642494738102 - accuracy: 58.31 - val_loss: 0.0366871919631958 - val_accuracy: 59.69
2023-09-03 12:24:48,890 - root - INFO - [Test] ---> accuracy: 59.58 - loss: 0.03667725458741188
2023-09-03 12:24:48,890 - root - INFO - test acc from best model : 59.58
2023-09-03 12:24:48,890 - root - INFO - Epoch 4
-------------------------------
2023-09-03 12:26:06,399 - root - INFO - Época 4/10
2023-09-03 12:26:06,399 - root - INFO - loss: 0.0341830491527915 - accuracy: 62.17 - val_loss: 0.038618442523479464 - val_accuracy: 56.8
2023-09-03 12:26:06,399 - root - INFO - [Test] ---> accuracy: 56.67 - loss: 0.03835144875049591
2023-09-03 12:26:06,399 - root - INFO - test acc from best model : 59.58
2023-09-03 12:26:06,399 - root - INFO - Epoch 5
-------------------------------
2023-09-03 12:27:24,281 - root - INFO - Validation loss decreased from : 0.0366871919631958 ----> 0.03416465437412262 ----> Saving Model.......
2023-09-03 12:27:24,281 - root - INFO - Validation acc:  62.07
2023-09-03 12:27:24,281 - root - INFO - Best Test acc from 59.58 ----> 63.28
2023-09-03 12:27:24,281 - root - INFO - Época 5/10
2023-09-03 12:27:24,281 - root - INFO - loss: 0.032208361834287644 - accuracy: 64.4025 - val_loss: 0.03416465437412262 - val_accuracy: 62.07
2023-09-03 12:27:24,281 - root - INFO - [Test] ---> accuracy: 63.28 - loss: 0.033666374349594116
2023-09-03 12:27:24,281 - root - INFO - test acc from best model : 63.28
2023-09-03 12:27:24,281 - root - INFO - Epoch 6
-------------------------------
2023-09-03 12:28:41,711 - root - INFO - Época 6/10
2023-09-03 12:28:41,711 - root - INFO - loss: 0.030683843225240707 - accuracy: 66.2825 - val_loss: 0.03616819847226143 - val_accuracy: 60.61
2023-09-03 12:28:41,711 - root - INFO - [Test] ---> accuracy: 60.589999999999996 - loss: 0.036107676577568054
2023-09-03 12:28:41,711 - root - INFO - test acc from best model : 63.28
2023-09-03 12:28:41,711 - root - INFO - Epoch 7
-------------------------------
2023-09-03 12:29:59,332 - root - INFO - Validation loss decreased from : 0.03416465437412262 ----> 0.03402969914078712 ----> Saving Model.......
2023-09-03 12:29:59,332 - root - INFO - Validation acc:  63.01
2023-09-03 12:29:59,332 - root - INFO - Best Test acc from 63.28 ----> 62.35000000000001
2023-09-03 12:29:59,332 - root - INFO - Época 7/10
2023-09-03 12:29:59,332 - root - INFO - loss: 0.029324749137461185 - accuracy: 67.805 - val_loss: 0.03402969914078712 - val_accuracy: 63.01
2023-09-03 12:29:59,332 - root - INFO - [Test] ---> accuracy: 62.35000000000001 - loss: 0.034247833663225175
2023-09-03 12:29:59,332 - root - INFO - test acc from best model : 62.35000000000001
2023-09-03 12:29:59,333 - root - INFO - Epoch 8
-------------------------------
2023-09-03 12:31:16,684 - root - INFO - Época 8/10
2023-09-03 12:31:16,684 - root - INFO - loss: 0.0283445148922503 - accuracy: 68.9375 - val_loss: 0.037755608117580414 - val_accuracy: 61.86000000000001
2023-09-03 12:31:16,684 - root - INFO - [Test] ---> accuracy: 61.99 - loss: 0.03822944484949112
2023-09-03 12:31:16,684 - root - INFO - test acc from best model : 62.35000000000001
2023-09-03 12:31:16,684 - root - INFO - Epoch 9
-------------------------------
2023-09-03 12:32:34,496 - root - INFO - Época 9/10
2023-09-03 12:32:34,496 - root - INFO - loss: 0.027645072811096908 - accuracy: 69.7775 - val_loss: 0.0342389195472002 - val_accuracy: 63.61
2023-09-03 12:32:34,496 - root - INFO - [Test] ---> accuracy: 63.800000000000004 - loss: 0.034196268767118454
2023-09-03 12:32:34,496 - root - INFO - test acc from best model : 62.35000000000001
2023-09-03 12:32:34,496 - root - INFO - Epoch 10
-------------------------------
2023-09-03 12:33:52,442 - root - INFO - Época 10/10
2023-09-03 12:33:52,443 - root - INFO - loss: 0.02678640619665384 - accuracy: 70.705 - val_loss: 0.03760965538620949 - val_accuracy: 60.85
2023-09-03 12:33:52,443 - root - INFO - [Test] ---> accuracy: 60.34 - loss: 0.038028369164466856
2023-09-03 12:33:52,443 - root - INFO - test acc from best model : 62.35000000000001
2023-09-03 12:33:52,443 - root - INFO - Tempo treinamento:  775.50 seconds
2023-09-03 12:33:52,443 - root - INFO - Menor loss: 0.03402969914078712
2023-09-03 12:33:52,443 - root - INFO - Acurácia de teste do melhor modelo: 62.35000000000001
2023-09-03 12:33:52,443 - root - INFO - Métricas
2023-09-03 12:33:52,443 - root - INFO - ACC
2023-09-03 12:33:52,443 - root - INFO - {'epoch': [1, 2, 3, 4, 5, 6, 7, 8, 9, 10],
 'test_acc': [41.410000000000004,
              52.49,
              59.58,
              56.67,
              63.28,
              60.589999999999996,
              62.35000000000001,
              61.99,
              63.800000000000004,
              60.34],
 'train_acc': [40.31,
               53.225,
               58.31,
               62.17,
               64.4025,
               66.2825,
               67.805,
               68.9375,
               69.7775,
               70.705],
 'val_acc': [40.78,
             52.910000000000004,
             59.69,
             56.8,
             62.07,
             60.61,
             63.01,
             61.86000000000001,
             63.61,
             60.85]}
2023-09-03 12:33:52,443 - root - INFO - LOSS
2023-09-03 12:33:52,443 - root - INFO - {'epoch': [1, 2, 3, 4, 5, 6, 7, 8, 9, 10],
 'test_loss': [0.05651917667388916,
               0.04228671100735664,
               0.03667725458741188,
               0.03835144875049591,
               0.033666374349594116,
               0.036107676577568054,
               0.034247833663225175,
               0.03822944484949112,
               0.034196268767118454,
               0.038028369164466856],
 'train_loss': [0.05324591659605503,
                0.04117956548333168,
                0.03737642494738102,
                0.0341830491527915,
                0.032208361834287644,
                0.030683843225240707,
                0.029324749137461185,
                0.0283445148922503,
                0.027645072811096908,
                0.02678640619665384],
 'val_loss': [0.05684867080450058,
              0.04240475531220436,
              0.0366871919631958,
              0.038618442523479464,
              0.03416465437412262,
              0.03616819847226143,
              0.03402969914078712,
              0.037755608117580414,
              0.0342389195472002,
              0.03760965538620949]}
