2023-09-02 16:02:52,677 - root - INFO - --------------------- Iniciando Novo Treinamento 39 ---------------------
2023-09-02 16:02:52,677 - root - INFO - Parametros
2023-09-02 16:02:52,677 - root - INFO - {'batch_size': 64,
 'dataset': 'FASHIONMNIST',
 'epochs': 20,
 'learning_rate': 0.001,
 'network': 'ALEXNET',
 'num_workers': 1}
2023-09-02 16:02:52,677 - root - INFO - Construindo dataset para a rede ALEXNET
2023-09-02 16:02:57,109 - root - INFO - Construindo modelo para a rede ALEXNET
2023-09-02 16:02:57,719 - root - INFO - AlexNet(
  (layer1): Sequential(
    (0): Conv2d(1, 96, kernel_size=(11, 11), stride=(4, 4))
    (1): BatchNorm2d(96, eps=1e-05, momentum=0.1, affine=True, track_running_stats=True)
    (2): ReLU()
    (3): MaxPool2d(kernel_size=3, stride=2, padding=0, dilation=1, ceil_mode=False)
  )
  (layer2): Sequential(
    (0): Conv2d(96, 256, kernel_size=(5, 5), stride=(1, 1), padding=(2, 2))
    (1): BatchNorm2d(256, eps=1e-05, momentum=0.1, affine=True, track_running_stats=True)
    (2): ReLU()
    (3): MaxPool2d(kernel_size=3, stride=2, padding=0, dilation=1, ceil_mode=False)
  )
  (layer3): Sequential(
    (0): Conv2d(256, 384, kernel_size=(3, 3), stride=(1, 1), padding=(1, 1))
    (1): BatchNorm2d(384, eps=1e-05, momentum=0.1, affine=True, track_running_stats=True)
    (2): ReLU()
  )
  (layer4): Sequential(
    (0): Conv2d(384, 384, kernel_size=(3, 3), stride=(1, 1), padding=(1, 1))
    (1): BatchNorm2d(384, eps=1e-05, momentum=0.1, affine=True, track_running_stats=True)
    (2): ReLU()
  )
  (layer5): Sequential(
    (0): Conv2d(384, 256, kernel_size=(3, 3), stride=(1, 1), padding=(1, 1))
    (1): BatchNorm2d(256, eps=1e-05, momentum=0.1, affine=True, track_running_stats=True)
    (2): ReLU()
    (3): MaxPool2d(kernel_size=3, stride=2, padding=0, dilation=1, ceil_mode=False)
  )
  (fc): Sequential(
    (0): Dropout(p=0.5, inplace=False)
    (1): Linear(in_features=9216, out_features=4096, bias=True)
    (2): ReLU()
  )
  (fc1): Sequential(
    (0): Dropout(p=0.5, inplace=False)
    (1): Linear(in_features=4096, out_features=4096, bias=True)
    (2): ReLU()
  )
  (fc2): Sequential(
    (0): Linear(in_features=4096, out_features=10, bias=True)
  )
)
2023-09-02 16:02:57,720 - root - INFO - Iniciando treinamento
2023-09-02 16:02:57,720 - root - INFO - Epoch 1
-------------------------------
2023-09-02 16:05:01,208 - root - INFO - Validation loss decreased from : inf ----> 0.5697208592232238 ----> Saving Model.......
2023-09-02 16:05:01,208 - root - INFO - Validation acc:  80.76666666666667
2023-09-02 16:05:01,208 - root - INFO - Época: 1 - Test Acc: 79.81 - Val Acc: 80.76666666666667
2023-09-02 16:05:01,208 - root - INFO - Epoch 2
-------------------------------
2023-09-02 16:07:02,516 - root - INFO - Época: 2 - Test Acc: 82.41000000000001 - Val Acc: 83.42500000000001
2023-09-02 16:07:02,516 - root - INFO - Epoch 3
-------------------------------
2023-09-02 16:09:02,648 - root - INFO - Validation loss decreased from : 0.5697208592232238 ----> 0.4888319457147984 ----> Saving Model.......
2023-09-02 16:09:02,648 - root - INFO - Validation acc:  83.92500000000001
2023-09-02 16:09:02,648 - root - INFO - Época: 3 - Test Acc: 83.37 - Val Acc: 83.92500000000001
2023-09-02 16:09:02,648 - root - INFO - Epoch 4
-------------------------------
2023-09-02 16:11:04,524 - root - INFO - Validation loss decreased from : 0.4888319457147984 ----> 0.44285738880329945 ----> Saving Model.......
2023-09-02 16:11:04,524 - root - INFO - Validation acc:  86.675
2023-09-02 16:11:04,524 - root - INFO - Época: 4 - Test Acc: 85.71 - Val Acc: 86.675
2023-09-02 16:11:04,524 - root - INFO - Epoch 5
-------------------------------
2023-09-02 16:13:06,115 - root - INFO - Validation loss decreased from : 0.44285738880329945 ----> 0.43597438075441 ----> Saving Model.......
2023-09-02 16:13:06,115 - root - INFO - Validation acc:  86.40833333333333
2023-09-02 16:13:06,115 - root - INFO - Época: 5 - Test Acc: 86.18 - Val Acc: 86.40833333333333
2023-09-02 16:13:06,115 - root - INFO - Epoch 6
-------------------------------
2023-09-02 16:15:08,138 - root - INFO - Época: 6 - Test Acc: 78.14999999999999 - Val Acc: 78.85
2023-09-02 16:15:08,138 - root - INFO - Epoch 7
-------------------------------
2023-09-02 16:17:08,423 - root - INFO - Validation loss decreased from : 0.43597438075441 ----> 0.4027797441850317 ----> Saving Model.......
2023-09-02 16:17:08,423 - root - INFO - Validation acc:  86.94166666666666
2023-09-02 16:17:08,423 - root - INFO - Época: 7 - Test Acc: 86.68 - Val Acc: 86.94166666666666
2023-09-02 16:17:08,423 - root - INFO - Epoch 8
-------------------------------
2023-09-02 16:19:10,294 - root - INFO - Época: 8 - Test Acc: 86.74 - Val Acc: 87.05833333333334
2023-09-02 16:19:10,294 - root - INFO - Epoch 9
-------------------------------
2023-09-02 16:21:10,544 - root - INFO - Validation loss decreased from : 0.4027797441850317 ----> 0.328594556989822 ----> Saving Model.......
2023-09-02 16:21:10,544 - root - INFO - Validation acc:  90.28333333333333
2023-09-02 16:21:10,544 - root - INFO - Época: 9 - Test Acc: 89.98 - Val Acc: 90.28333333333333
2023-09-02 16:21:10,544 - root - INFO - Epoch 10
-------------------------------
2023-09-02 16:23:12,502 - root - INFO - Época: 10 - Test Acc: 88.77000000000001 - Val Acc: 89.225
2023-09-02 16:23:12,502 - root - INFO - Epoch 11
-------------------------------
2023-09-02 16:25:12,300 - root - INFO - Época: 11 - Test Acc: 89.64 - Val Acc: 90.10833333333333
2023-09-02 16:25:12,300 - root - INFO - Epoch 12
-------------------------------
2023-09-02 16:27:12,702 - root - INFO - Validation loss decreased from : 0.328594556989822 ----> 0.314957146394126 ----> Saving Model.......
2023-09-02 16:27:12,702 - root - INFO - Validation acc:  89.3
2023-09-02 16:27:12,702 - root - INFO - Época: 12 - Test Acc: 88.88000000000001 - Val Acc: 89.3
2023-09-02 16:27:12,702 - root - INFO - Epoch 13
-------------------------------
2023-09-02 16:29:15,253 - root - INFO - Validation loss decreased from : 0.314957146394126 ----> 0.2799762949506019 ----> Saving Model.......
2023-09-02 16:29:15,253 - root - INFO - Validation acc:  91.54166666666667
2023-09-02 16:29:15,253 - root - INFO - Época: 13 - Test Acc: 91.4 - Val Acc: 91.54166666666667
2023-09-02 16:29:15,253 - root - INFO - Epoch 14
-------------------------------
2023-09-02 16:31:15,688 - root - INFO - Validation loss decreased from : 0.2799762949506019 ----> 0.27730293025044683 ----> Saving Model.......
2023-09-02 16:31:15,688 - root - INFO - Validation acc:  91.77499999999999
2023-09-02 16:31:15,688 - root - INFO - Época: 14 - Test Acc: 91.4 - Val Acc: 91.77499999999999
2023-09-02 16:31:15,688 - root - INFO - Epoch 15
-------------------------------
2023-09-02 16:33:16,781 - root - INFO - Validation loss decreased from : 0.27730293025044683 ----> 0.2580101410759256 ----> Saving Model.......
2023-09-02 16:33:16,781 - root - INFO - Validation acc:  92.0
2023-09-02 16:33:16,781 - root - INFO - Época: 15 - Test Acc: 91.47 - Val Acc: 92.0
2023-09-02 16:33:16,781 - root - INFO - Epoch 16
-------------------------------
2023-09-02 16:35:17,977 - root - INFO - Época: 16 - Test Acc: 90.25999999999999 - Val Acc: 90.44166666666666
2023-09-02 16:35:17,977 - root - INFO - Epoch 17
-------------------------------
2023-09-02 16:37:18,707 - root - INFO - Validation loss decreased from : 0.2580101410759256 ----> 0.237139220844875 ----> Saving Model.......
2023-09-02 16:37:18,707 - root - INFO - Validation acc:  91.99166666666667
2023-09-02 16:37:18,707 - root - INFO - Época: 17 - Test Acc: 91.58 - Val Acc: 91.99166666666667
2023-09-02 16:37:18,707 - root - INFO - Epoch 18
-------------------------------
2023-09-02 16:39:21,935 - root - INFO - Época: 18 - Test Acc: 88.57000000000001 - Val Acc: 88.84166666666667
2023-09-02 16:39:21,935 - root - INFO - Epoch 19
-------------------------------
2023-09-02 16:41:22,517 - root - INFO - Validation loss decreased from : 0.237139220844875 ----> 0.22999907835842448 ----> Saving Model.......
2023-09-02 16:41:22,517 - root - INFO - Validation acc:  92.61666666666667
2023-09-02 16:41:22,517 - root - INFO - Época: 19 - Test Acc: 92.09 - Val Acc: 92.61666666666667
2023-09-02 16:41:22,517 - root - INFO - Epoch 20
-------------------------------
2023-09-02 16:43:22,239 - root - INFO - Época: 20 - Test Acc: 90.69 - Val Acc: 91.11666666666667
2023-09-02 16:43:22,239 - root - INFO - Tempo treinamento:  2424.52 seconds
2023-09-02 16:43:22,239 - root - INFO - Métricas
2023-09-02 16:43:22,239 - root - INFO - ACC
2023-09-02 16:43:22,239 - root - INFO - {'epoch': [1,
           2,
           3,
           4,
           5,
           6,
           7,
           8,
           9,
           10,
           11,
           12,
           13,
           14,
           15,
           16,
           17,
           18,
           19,
           20],
 'test_acc': [79.81,
              82.41000000000001,
              83.37,
              85.71,
              86.18,
              78.14999999999999,
              86.68,
              86.74,
              89.98,
              88.77000000000001,
              89.64,
              88.88000000000001,
              91.4,
              91.4,
              91.47,
              90.25999999999999,
              91.58,
              88.57000000000001,
              92.09,
              90.69],
 'train_acc': [65.68541666666667,
               76.4625,
               80.30208333333333,
               82.8875,
               84.74375,
               86.16666666666667,
               87.375,
               88.42916666666666,
               88.92291666666667,
               89.9,
               90.40208333333334,
               90.81875,
               91.72708333333334,
               91.99583333333334,
               92.43125,
               92.7375,
               93.2625,
               93.52291666666666,
               93.53333333333333,
               94.1375],
 'val_acc': [80.76666666666667,
             83.42500000000001,
             83.92500000000001,
             86.675,
             86.40833333333333,
             78.85,
             86.94166666666666,
             87.05833333333334,
             90.28333333333333,
             89.225,
             90.10833333333333,
             89.3,
             91.54166666666667,
             91.77499999999999,
             92.0,
             90.44166666666666,
             91.99166666666667,
             88.84166666666667,
             92.61666666666667,
             91.11666666666667]}
2023-09-02 16:43:22,240 - root - INFO - LOSS
2023-09-02 16:43:22,240 - root - INFO - {'epoch': [1,
           2,
           3,
           4,
           5,
           6,
           7,
           8,
           9,
           10,
           11,
           12,
           13,
           14,
           15,
           16,
           17,
           18,
           19,
           20],
 'test_loss': [0.5855900204865037,
               0.5851536448214464,
               0.4990310661352364,
               0.4567971398496324,
               0.444039592222803,
               0.5647181931194986,
               0.41061220180456803,
               0.4309030444758713,
               0.33458441163703895,
               0.3448527259811474,
               0.3487714037394068,
               0.3216830231012053,
               0.28578887784936624,
               0.2831647941830811,
               0.2682006800440466,
               0.27186000802714355,
               0.24284165827142204,
               0.30274995914690056,
               0.23545499017853647,
               0.2777185097431681],
 'train_loss': [1.0121787356535594,
                0.6275986056725185,
                0.5352356674273809,
                0.4666977593501409,
                0.42047891521453856,
                0.3821777027944724,
                0.35677380496263505,
                0.3278819461564223,
                0.3074530944128831,
                0.2853724993467331,
                0.27039775862793125,
                0.25884335950016973,
                0.23583394192655882,
                0.2261360819687446,
                0.21134939062098662,
                0.20470415260394415,
                0.1927178845331073,
                0.18495707787324986,
                0.18092843987047671,
                0.16716320970157783],
 'val_loss': [0.5697208592232238,
              0.5736048736787857,
              0.4888319457147984,
              0.44285738880329945,
              0.43597438075441,
              0.5571842562962086,
              0.4027797441850317,
              0.42432709466269675,
              0.328594556989822,
              0.3368371775809755,
              0.34163395466005547,
              0.314957146394126,
              0.2799762949506019,
              0.27730293025044683,
              0.2580101410759256,
              0.26673855775214256,
              0.237139220844875,
              0.2947909449960323,
              0.22999907835842448,
              0.27028337525243457]}
2023-09-02 16:43:28,377 - root - INFO - Rodando evaluation
2023-09-02 16:43:28,377 - root - INFO - Construindo dataset para a rede ALEXNET
