2023-09-02 02:42:43,523 - root - INFO - --------------------- Iniciando Novo Treinamento 16 ---------------------
2023-09-02 02:42:43,524 - root - INFO - Parametros
2023-09-02 02:42:43,524 - root - INFO - {'batch_size': 32,
 'dataset': 'CIFAR10',
 'epochs': 20,
 'learning_rate': 0.001,
 'network': 'LENET5',
 'num_workers': 1}
2023-09-02 02:42:43,524 - root - INFO - Construindo dataset para a rede LENET5
2023-09-02 02:42:44,776 - root - INFO - Construindo modelo para a rede LENET5
2023-09-02 02:42:44,779 - root - INFO - LeNet5(
  (layer1): Sequential(
    (0): Conv2d(3, 18, kernel_size=(5, 5), stride=(1, 1))
    (1): BatchNorm2d(18, eps=1e-05, momentum=0.1, affine=True, track_running_stats=True)
    (2): ReLU()
    (3): MaxPool2d(kernel_size=2, stride=2, padding=0, dilation=1, ceil_mode=False)
  )
  (layer2): Sequential(
    (0): Conv2d(18, 48, kernel_size=(5, 5), stride=(1, 1))
    (1): BatchNorm2d(48, eps=1e-05, momentum=0.1, affine=True, track_running_stats=True)
    (2): ReLU()
    (3): MaxPool2d(kernel_size=2, stride=2, padding=0, dilation=1, ceil_mode=False)
  )
  (fc): Linear(in_features=1200, out_features=360, bias=True)
  (relu): ReLU()
  (fc1): Linear(in_features=360, out_features=252, bias=True)
  (relu1): ReLU()
  (fc2): Linear(in_features=252, out_features=10, bias=True)
)
2023-09-02 02:42:44,780 - root - INFO - Iniciando treinamento
2023-09-02 02:42:44,780 - root - INFO - Epoch 1
-------------------------------
2023-09-02 02:44:01,996 - root - INFO - Validation loss decreased from : inf ----> 1.536533745523459 ----> Saving Model.......
2023-09-02 02:44:02,000 - root - INFO - Época: 1 - Test Acc: 49.69 - Val Acc: 49.74
2023-09-02 02:44:02,000 - root - INFO - Epoch 2
-------------------------------
2023-09-02 02:45:20,386 - root - INFO - Validation loss decreased from : 1.536533745523459 ----> 1.161273331497424 ----> Saving Model.......
2023-09-02 02:45:20,400 - root - INFO - Época: 2 - Test Acc: 59.419999999999995 - Val Acc: 59.64
2023-09-02 02:45:20,400 - root - INFO - Epoch 3
-------------------------------
2023-09-02 02:46:38,273 - root - INFO - Validation loss decreased from : 1.161273331497424 ----> 0.9307304418886813 ----> Saving Model.......
2023-09-02 02:46:38,276 - root - INFO - Época: 3 - Test Acc: 68.11 - Val Acc: 67.38
2023-09-02 02:46:38,276 - root - INFO - Epoch 4
-------------------------------
2023-09-02 02:47:56,785 - root - INFO - Época: 4 - Test Acc: 59.31999999999999 - Val Acc: 59.53000000000001
2023-09-02 02:47:56,785 - root - INFO - Epoch 5
-------------------------------
2023-09-02 02:49:14,314 - root - INFO - Época: 5 - Test Acc: 65.74 - Val Acc: 65.48
2023-09-02 02:49:14,314 - root - INFO - Epoch 6
-------------------------------
2023-09-02 02:50:32,622 - root - INFO - Validation loss decreased from : 0.9307304418886813 ----> 0.8635113525885744 ----> Saving Model.......
2023-09-02 02:50:32,634 - root - INFO - Época: 6 - Test Acc: 71.7 - Val Acc: 71.69
2023-09-02 02:50:32,634 - root - INFO - Epoch 7
-------------------------------
2023-09-02 02:51:50,819 - root - INFO - Época: 7 - Test Acc: 71.44 - Val Acc: 71.39
2023-09-02 02:51:50,819 - root - INFO - Epoch 8
-------------------------------
2023-09-02 02:53:09,383 - root - INFO - Época: 8 - Test Acc: 68.83 - Val Acc: 68.23
2023-09-02 02:53:09,383 - root - INFO - Epoch 9
-------------------------------
2023-09-02 02:54:27,165 - root - INFO - Época: 9 - Test Acc: 69.88 - Val Acc: 70.22
2023-09-02 02:54:27,165 - root - INFO - Epoch 10
-------------------------------
2023-09-02 02:55:45,452 - root - INFO - Época: 10 - Test Acc: 68.06 - Val Acc: 67.2
2023-09-02 02:55:45,452 - root - INFO - Epoch 11
-------------------------------
2023-09-02 02:57:03,742 - root - INFO - Época: 11 - Test Acc: 68.99 - Val Acc: 68.17999999999999
2023-09-02 02:57:03,742 - root - INFO - Epoch 12
-------------------------------
2023-09-02 02:58:21,820 - root - INFO - Época: 12 - Test Acc: 67.22 - Val Acc: 66.59
2023-09-02 02:58:21,820 - root - INFO - Epoch 13
-------------------------------
2023-09-02 02:59:40,349 - root - INFO - Época: 13 - Test Acc: 69.5 - Val Acc: 69.12
2023-09-02 02:59:40,349 - root - INFO - Epoch 14
-------------------------------
2023-09-02 03:00:58,444 - root - INFO - Época: 14 - Test Acc: 70.82000000000001 - Val Acc: 69.78999999999999
2023-09-02 03:00:58,445 - root - INFO - Epoch 15
-------------------------------
2023-09-02 03:02:17,061 - root - INFO - Época: 15 - Test Acc: 70.54 - Val Acc: 70.43
2023-09-02 03:02:17,061 - root - INFO - Epoch 16
-------------------------------
2023-09-02 03:03:35,310 - root - INFO - Época: 16 - Test Acc: 69.17999999999999 - Val Acc: 69.47
2023-09-02 03:03:35,310 - root - INFO - Epoch 17
-------------------------------
2023-09-02 03:04:53,490 - root - INFO - Época: 17 - Test Acc: 70.76 - Val Acc: 70.17999999999999
2023-09-02 03:04:53,490 - root - INFO - Epoch 18
-------------------------------
2023-09-02 03:06:11,774 - root - INFO - Época: 18 - Test Acc: 70.22 - Val Acc: 69.45
2023-09-02 03:06:11,774 - root - INFO - Epoch 19
-------------------------------
2023-09-02 03:07:30,993 - root - INFO - Época: 19 - Test Acc: 68.89 - Val Acc: 68.84
2023-09-02 03:07:30,994 - root - INFO - Epoch 20
-------------------------------
2023-09-02 03:08:48,715 - root - INFO - Época: 20 - Test Acc: 69.64 - Val Acc: 69.52000000000001
2023-09-02 03:08:48,715 - root - INFO - Tempo treinamento:  1563.94 seconds
2023-09-02 03:08:48,715 - root - INFO - Métricas
2023-09-02 03:08:48,716 - root - INFO - ACC
2023-09-02 03:08:48,716 - root - INFO - {'epoch': [1,
           2,
           3,
           4,
           5,
           6,
           7,
           8,
           9,
           10,
           11,
           12,
           13,
           14,
           15,
           16,
           17,
           18,
           19,
           20],
 'test_acc': [49.69,
              59.419999999999995,
              68.11,
              59.31999999999999,
              65.74,
              71.7,
              71.44,
              68.83,
              69.88,
              68.06,
              68.99,
              67.22,
              69.5,
              70.82000000000001,
              70.54,
              69.17999999999999,
              70.76,
              70.22,
              68.89,
              69.64],
 'train_acc': [49.29,
               62.245,
               68.065,
               72.4025,
               75.1325,
               77.7425,
               80.3775,
               82.6,
               84.6675,
               86.32,
               87.9225,
               89.43,
               90.8225,
               91.9175,
               92.615,
               93.6575,
               93.855,
               94.6575,
               94.5525,
               95.5325],
 'val_acc': [49.74,
             59.64,
             67.38,
             59.53000000000001,
             65.48,
             71.69,
             71.39,
             68.23,
             70.22,
             67.2,
             68.17999999999999,
             66.59,
             69.12,
             69.78999999999999,
             70.43,
             69.47,
             70.17999999999999,
             69.45,
             68.84,
             69.52000000000001]}
2023-09-02 03:08:48,716 - root - INFO - LOSS
2023-09-02 03:08:48,716 - root - INFO - {'epoch': [1,
           2,
           3,
           4,
           5,
           6,
           7,
           8,
           9,
           10,
           11,
           12,
           13,
           14,
           15,
           16,
           17,
           18,
           19,
           20],
 'test_loss': [1.5402409407658317,
               1.1592202790248127,
               0.9196800166806474,
               1.226396006517136,
               1.016591746300554,
               0.8467514672980141,
               0.8679473081145423,
               0.9827439866888638,
               1.0185588418294826,
               1.179136377268325,
               1.1753125637293624,
               1.2894083620450747,
               1.1760687380553054,
               1.2360498117753111,
               1.3092375327223025,
               1.4621156790195562,
               1.3932011595930154,
               1.4983939568455609,
               1.6028328576027013,
               1.6590836386615857],
 'train_loss': [1.3890229124069213,
                1.050595124053955,
                0.9018547614336013,
                0.7843299342870712,
                0.7057326085090637,
                0.6247428957104683,
                0.554456873202324,
                0.49600738224983215,
                0.43099587384462357,
                0.38314227409362794,
                0.33626259756982324,
                0.2931656843855977,
                0.2610920512020588,
                0.2283112912863493,
                0.20701996487528085,
                0.1836962684981525,
                0.16928641175553202,
                0.15283506657723336,
                0.15577017990499734,
                0.1272643043609336],
 'val_loss': [1.536533745523459,
              1.161273331497424,
              0.9307304418886813,
              1.211508349869579,
              1.0267130729679863,
              0.8635113525885744,
              0.8679841228376943,
              0.9857311704859566,
              1.032044062980067,
              1.2028852715469396,
              1.2035047038675497,
              1.3052402520522524,
              1.1884575981301622,
              1.2621226235986136,
              1.3091538175702475,
              1.454865079813491,
              1.402011487525873,
              1.518915734066369,
              1.6115674281272645,
              1.6369333346240438]}
2023-09-02 03:08:49,677 - root - INFO - Rodando evaluation
2023-09-02 03:08:49,677 - root - INFO - Construindo dataset para a rede LENET5
2023-09-03 13:42:53,338 - root - INFO - --------------------- Iniciando Novo Treinamento 16 ---------------------
2023-09-03 13:42:53,338 - root - INFO - Parametros
2023-09-03 13:42:53,338 - root - INFO - {'batch_size': 32,
 'dataset': 'CIFAR10',
 'epochs': 20,
 'learning_rate': 0.001,
 'network': 'LENET5',
 'num_workers': 1}
2023-09-03 13:42:53,338 - root - INFO - Construindo dataset para a rede LENET5
2023-09-03 13:42:54,625 - root - INFO - LeNet5(
  (layer1): Sequential(
    (0): Conv2d(3, 18, kernel_size=(5, 5), stride=(1, 1))
    (1): BatchNorm2d(18, eps=1e-05, momentum=0.1, affine=True, track_running_stats=True)
    (2): ReLU()
    (3): MaxPool2d(kernel_size=2, stride=2, padding=0, dilation=1, ceil_mode=False)
  )
  (layer2): Sequential(
    (0): Conv2d(18, 48, kernel_size=(5, 5), stride=(1, 1))
    (1): BatchNorm2d(48, eps=1e-05, momentum=0.1, affine=True, track_running_stats=True)
    (2): ReLU()
    (3): MaxPool2d(kernel_size=2, stride=2, padding=0, dilation=1, ceil_mode=False)
  )
  (fc): Linear(in_features=1200, out_features=360, bias=True)
  (relu): ReLU()
  (fc1): Linear(in_features=360, out_features=252, bias=True)
  (relu1): ReLU()
  (fc2): Linear(in_features=252, out_features=10, bias=True)
)
2023-09-03 13:42:54,625 - root - INFO - Iniciando treinamento
2023-09-03 13:42:54,625 - root - INFO - Epoch 1
-------------------------------
2023-09-03 13:44:11,989 - root - INFO - Validation loss decreased from : inf ----> 0.041178647768497466 ----> Saving Model.......
2023-09-03 13:44:11,989 - root - INFO - Validation acc:  54.13
2023-09-03 13:44:11,989 - root - INFO - Best Test acc from 0 ----> 54.15
2023-09-03 13:44:11,989 - root - INFO - Época 1/20
2023-09-03 13:44:11,989 - root - INFO - loss: 0.043391383424401284 - accuracy: 49.075 - val_loss: 0.041178647768497466 - val_accuracy: 54.13
2023-09-03 13:44:11,989 - root - INFO - [Test] ---> accuracy: 54.15 - loss: 0.04109659829735756
2023-09-03 13:44:11,989 - root - INFO - test acc from best model : 54.15
2023-09-03 13:44:11,989 - root - INFO - Epoch 2
-------------------------------
2023-09-03 13:45:29,691 - root - INFO - Validation loss decreased from : 0.041178647768497466 ----> 0.034954694578051566 ----> Saving Model.......
2023-09-03 13:45:29,691 - root - INFO - Validation acc:  61.18
2023-09-03 13:45:29,691 - root - INFO - Best Test acc from 54.15 ----> 60.99
2023-09-03 13:45:29,691 - root - INFO - Época 2/20
2023-09-03 13:45:29,691 - root - INFO - loss: 0.0327228544563055 - accuracy: 62.645 - val_loss: 0.034954694578051566 - val_accuracy: 61.18
2023-09-03 13:45:29,691 - root - INFO - [Test] ---> accuracy: 60.99 - loss: 0.03476769809126854
2023-09-03 13:45:29,691 - root - INFO - test acc from best model : 60.99
2023-09-03 13:45:29,691 - root - INFO - Epoch 3
-------------------------------
2023-09-03 13:46:47,475 - root - INFO - Validation loss decreased from : 0.034954694578051566 ----> 0.031616901206970215 ----> Saving Model.......
2023-09-03 13:46:47,476 - root - INFO - Validation acc:  64.49000000000001
2023-09-03 13:46:47,476 - root - INFO - Best Test acc from 60.99 ----> 65.0
2023-09-03 13:46:47,476 - root - INFO - Época 3/20
2023-09-03 13:46:47,476 - root - INFO - loss: 0.027852118790894748 - accuracy: 68.405 - val_loss: 0.031616901206970215 - val_accuracy: 64.49000000000001
2023-09-03 13:46:47,476 - root - INFO - [Test] ---> accuracy: 65.0 - loss: 0.03156448040604591
2023-09-03 13:46:47,476 - root - INFO - test acc from best model : 65.0
2023-09-03 13:46:47,476 - root - INFO - Epoch 4
-------------------------------
2023-09-03 13:48:05,400 - root - INFO - Validation loss decreased from : 0.031616901206970215 ----> 0.03014681819677353 ----> Saving Model.......
2023-09-03 13:48:05,400 - root - INFO - Validation acc:  66.86
2023-09-03 13:48:05,400 - root - INFO - Best Test acc from 65.0 ----> 67.14
2023-09-03 13:48:05,400 - root - INFO - Época 4/20
2023-09-03 13:48:05,400 - root - INFO - loss: 0.02436721440553665 - accuracy: 72.4675 - val_loss: 0.03014681819677353 - val_accuracy: 66.86
2023-09-03 13:48:05,400 - root - INFO - [Test] ---> accuracy: 67.14 - loss: 0.029827547124028207
2023-09-03 13:48:05,400 - root - INFO - test acc from best model : 67.14
2023-09-03 13:48:05,400 - root - INFO - Epoch 5
-------------------------------
2023-09-03 13:49:23,049 - root - INFO - Época 5/20
2023-09-03 13:49:23,049 - root - INFO - loss: 0.02159070530459285 - accuracy: 75.6125 - val_loss: 0.03118321368396282 - val_accuracy: 65.63
2023-09-03 13:49:23,049 - root - INFO - [Test] ---> accuracy: 66.12 - loss: 0.030926949799060823
2023-09-03 13:49:23,049 - root - INFO - test acc from best model : 67.14
2023-09-03 13:49:23,049 - root - INFO - Epoch 6
-------------------------------
2023-09-03 13:50:40,590 - root - INFO - Validation loss decreased from : 0.03014681819677353 ----> 0.02744933885037899 ----> Saving Model.......
2023-09-03 13:50:40,590 - root - INFO - Validation acc:  70.83
2023-09-03 13:50:40,590 - root - INFO - Best Test acc from 67.14 ----> 71.05
2023-09-03 13:50:40,590 - root - INFO - Época 6/20
2023-09-03 13:50:40,590 - root - INFO - loss: 0.019329396395385265 - accuracy: 78.235 - val_loss: 0.02744933885037899 - val_accuracy: 70.83
2023-09-03 13:50:40,590 - root - INFO - [Test] ---> accuracy: 71.05 - loss: 0.02727276817858219
2023-09-03 13:50:40,590 - root - INFO - test acc from best model : 71.05
2023-09-03 13:50:40,590 - root - INFO - Epoch 7
-------------------------------
2023-09-03 13:51:58,376 - root - INFO - Época 7/20
2023-09-03 13:51:58,376 - root - INFO - loss: 0.01709126661270857 - accuracy: 80.4925 - val_loss: 0.03465153807401657 - val_accuracy: 66.41
2023-09-03 13:51:58,376 - root - INFO - [Test] ---> accuracy: 66.8 - loss: 0.03475979540944099
2023-09-03 13:51:58,376 - root - INFO - test acc from best model : 71.05
2023-09-03 13:51:58,376 - root - INFO - Epoch 8
-------------------------------
2023-09-03 13:53:16,247 - root - INFO - Época 8/20
2023-09-03 13:53:16,247 - root - INFO - loss: 0.014881681679747998 - accuracy: 83.0025 - val_loss: 0.0294971112459898 - val_accuracy: 69.52000000000001
2023-09-03 13:53:16,247 - root - INFO - [Test] ---> accuracy: 69.64 - loss: 0.030151427832245826
2023-09-03 13:53:16,247 - root - INFO - test acc from best model : 71.05
2023-09-03 13:53:16,247 - root - INFO - Epoch 9
-------------------------------
2023-09-03 13:54:33,648 - root - INFO - Época 9/20
2023-09-03 13:54:33,648 - root - INFO - loss: 0.013046885550487787 - accuracy: 85.03 - val_loss: 0.03343661501556635 - val_accuracy: 69.44
2023-09-03 13:54:33,648 - root - INFO - [Test] ---> accuracy: 69.43 - loss: 0.033751385435461995
2023-09-03 13:54:33,648 - root - INFO - test acc from best model : 71.05
2023-09-03 13:54:33,648 - root - INFO - Epoch 10
-------------------------------
2023-09-03 13:55:51,395 - root - INFO - Época 10/20
2023-09-03 13:55:51,395 - root - INFO - loss: 0.011477630737423897 - accuracy: 86.6775 - val_loss: 0.033152069658041 - val_accuracy: 70.93
2023-09-03 13:55:51,395 - root - INFO - [Test] ---> accuracy: 70.73 - loss: 0.03326729589998722
2023-09-03 13:55:51,395 - root - INFO - test acc from best model : 71.05
2023-09-03 13:55:51,395 - root - INFO - Epoch 11
-------------------------------
2023-09-03 13:57:08,954 - root - INFO - Época 11/20
2023-09-03 13:57:08,955 - root - INFO - loss: 0.009973959024995566 - accuracy: 88.52 - val_loss: 0.03454998368620873 - val_accuracy: 70.33
2023-09-03 13:57:08,955 - root - INFO - [Test] ---> accuracy: 70.53 - loss: 0.034469705283641815
2023-09-03 13:57:08,955 - root - INFO - test acc from best model : 71.05
2023-09-03 13:57:08,955 - root - INFO - Epoch 12
-------------------------------
2023-09-03 13:58:26,375 - root - INFO - Época 12/20
2023-09-03 13:58:26,376 - root - INFO - loss: 0.008985337847378105 - accuracy: 89.72 - val_loss: 0.03486832175850868 - val_accuracy: 69.46
2023-09-03 13:58:26,376 - root - INFO - [Test] ---> accuracy: 69.66 - loss: 0.035275168997049335
2023-09-03 13:58:26,376 - root - INFO - test acc from best model : 71.05
2023-09-03 13:58:26,376 - root - INFO - Epoch 13
-------------------------------
2023-09-03 13:59:44,285 - root - INFO - Época 13/20
2023-09-03 13:59:44,285 - root - INFO - loss: 0.007730377950239927 - accuracy: 91.09 - val_loss: 0.03937205783128738 - val_accuracy: 68.17
2023-09-03 13:59:44,285 - root - INFO - [Test] ---> accuracy: 68.7 - loss: 0.0392710426568985
2023-09-03 13:59:44,285 - root - INFO - test acc from best model : 71.05
2023-09-03 13:59:44,285 - root - INFO - Epoch 14
-------------------------------
2023-09-03 14:01:02,165 - root - INFO - Época 14/20
2023-09-03 14:01:02,166 - root - INFO - loss: 0.006690336864069104 - accuracy: 92.3225 - val_loss: 0.042043090710043904 - val_accuracy: 69.32000000000001
2023-09-03 14:01:02,166 - root - INFO - [Test] ---> accuracy: 69.91000000000001 - loss: 0.04208972495496273
2023-09-03 14:01:02,166 - root - INFO - test acc from best model : 71.05
2023-09-03 14:01:02,166 - root - INFO - Epoch 15
-------------------------------
2023-09-03 14:02:19,475 - root - INFO - Época 15/20
2023-09-03 14:02:19,475 - root - INFO - loss: 0.006030792732723058 - accuracy: 93.195 - val_loss: 0.04320658333301544 - val_accuracy: 69.36
2023-09-03 14:02:19,475 - root - INFO - [Test] ---> accuracy: 69.59 - loss: 0.04364765625
2023-09-03 14:02:19,475 - root - INFO - test acc from best model : 71.05
2023-09-03 14:02:19,475 - root - INFO - Epoch 16
-------------------------------
2023-09-03 14:03:37,090 - root - INFO - Época 16/20
2023-09-03 14:03:37,090 - root - INFO - loss: 0.005500420993100851 - accuracy: 93.7075 - val_loss: 0.0483832622975111 - val_accuracy: 70.28
2023-09-03 14:03:37,090 - root - INFO - [Test] ---> accuracy: 70.13000000000001 - loss: 0.048895130091905596
2023-09-03 14:03:37,090 - root - INFO - test acc from best model : 71.05
2023-09-03 14:03:37,090 - root - INFO - Epoch 17
-------------------------------
2023-09-03 14:04:54,443 - root - INFO - Época 17/20
2023-09-03 14:04:54,443 - root - INFO - loss: 0.004965831434354186 - accuracy: 94.385 - val_loss: 0.04422483538985252 - val_accuracy: 70.95
2023-09-03 14:04:54,443 - root - INFO - [Test] ---> accuracy: 71.09 - loss: 0.04448819616436958
2023-09-03 14:04:54,444 - root - INFO - test acc from best model : 71.05
2023-09-03 14:04:54,444 - root - INFO - Epoch 18
-------------------------------
2023-09-03 14:06:12,142 - root - INFO - Época 18/20
2023-09-03 14:06:12,142 - root - INFO - loss: 0.004438069700729102 - accuracy: 95.0525 - val_loss: 0.04518884943127632 - val_accuracy: 70.46
2023-09-03 14:06:12,142 - root - INFO - [Test] ---> accuracy: 70.71 - loss: 0.04524575015604496
2023-09-03 14:06:12,142 - root - INFO - test acc from best model : 71.05
2023-09-03 14:06:12,142 - root - INFO - Epoch 19
-------------------------------
2023-09-03 14:07:29,874 - root - INFO - Época 19/20
2023-09-03 14:07:29,874 - root - INFO - loss: 0.0042129882361739875 - accuracy: 95.2625 - val_loss: 0.04971745118200779 - val_accuracy: 70.48
2023-09-03 14:07:29,874 - root - INFO - [Test] ---> accuracy: 70.67999999999999 - loss: 0.04976184265911579
2023-09-03 14:07:29,874 - root - INFO - test acc from best model : 71.05
2023-09-03 14:07:29,874 - root - INFO - Epoch 20
-------------------------------
2023-09-03 14:08:47,637 - root - INFO - Época 20/20
2023-09-03 14:08:47,637 - root - INFO - loss: 0.003989980332646519 - accuracy: 95.575 - val_loss: 0.051123921808600425 - val_accuracy: 70.98
2023-09-03 14:08:47,637 - root - INFO - [Test] ---> accuracy: 71.54 - loss: 0.051087960243225095
2023-09-03 14:08:47,637 - root - INFO - test acc from best model : 71.05
2023-09-03 14:08:47,637 - root - INFO - Tempo treinamento:  1553.01 seconds
2023-09-03 14:08:47,637 - root - INFO - Menor loss: 0.02744933885037899
2023-09-03 14:08:47,637 - root - INFO - Acurácia de teste do melhor modelo: 71.05
2023-09-03 14:08:47,637 - root - INFO - Métricas
2023-09-03 14:08:47,637 - root - INFO - ACC
2023-09-03 14:08:47,637 - root - INFO - {'epoch': [1,
           2,
           3,
           4,
           5,
           6,
           7,
           8,
           9,
           10,
           11,
           12,
           13,
           14,
           15,
           16,
           17,
           18,
           19,
           20],
 'test_acc': [54.15,
              60.99,
              65.0,
              67.14,
              66.12,
              71.05,
              66.8,
              69.64,
              69.43,
              70.73,
              70.53,
              69.66,
              68.7,
              69.91000000000001,
              69.59,
              70.13000000000001,
              71.09,
              70.71,
              70.67999999999999,
              71.54],
 'train_acc': [49.075,
               62.645,
               68.405,
               72.4675,
               75.6125,
               78.235,
               80.4925,
               83.0025,
               85.03,
               86.6775,
               88.52,
               89.72,
               91.09,
               92.3225,
               93.195,
               93.7075,
               94.385,
               95.0525,
               95.2625,
               95.575],
 'val_acc': [54.13,
             61.18,
             64.49000000000001,
             66.86,
             65.63,
             70.83,
             66.41,
             69.52000000000001,
             69.44,
             70.93,
             70.33,
             69.46,
             68.17,
             69.32000000000001,
             69.36,
             70.28,
             70.95,
             70.46,
             70.48,
             70.98]}
2023-09-03 14:08:47,637 - root - INFO - LOSS
2023-09-03 14:08:47,638 - root - INFO - {'epoch': [1,
           2,
           3,
           4,
           5,
           6,
           7,
           8,
           9,
           10,
           11,
           12,
           13,
           14,
           15,
           16,
           17,
           18,
           19,
           20],
 'test_loss': [0.04109659829735756,
               0.03476769809126854,
               0.03156448040604591,
               0.029827547124028207,
               0.030926949799060823,
               0.02727276817858219,
               0.03475979540944099,
               0.030151427832245826,
               0.033751385435461995,
               0.03326729589998722,
               0.034469705283641815,
               0.035275168997049335,
               0.0392710426568985,
               0.04208972495496273,
               0.04364765625,
               0.048895130091905596,
               0.04448819616436958,
               0.04524575015604496,
               0.04976184265911579,
               0.051087960243225095],
 'train_loss': [0.043391383424401284,
                0.0327228544563055,
                0.027852118790894748,
                0.02436721440553665,
                0.02159070530459285,
                0.019329396395385265,
                0.01709126661270857,
                0.014881681679747998,
                0.013046885550487787,
                0.011477630737423897,
                0.009973959024995566,
                0.008985337847378105,
                0.007730377950239927,
                0.006690336864069104,
                0.006030792732723058,
                0.005500420993100851,
                0.004965831434354186,
                0.004438069700729102,
                0.0042129882361739875,
                0.003989980332646519],
 'val_loss': [0.041178647768497466,
              0.034954694578051566,
              0.031616901206970215,
              0.03014681819677353,
              0.03118321368396282,
              0.02744933885037899,
              0.03465153807401657,
              0.0294971112459898,
              0.03343661501556635,
              0.033152069658041,
              0.03454998368620873,
              0.03486832175850868,
              0.03937205783128738,
              0.042043090710043904,
              0.04320658333301544,
              0.0483832622975111,
              0.04422483538985252,
              0.04518884943127632,
              0.04971745118200779,
              0.051123921808600425]}
2023-09-03 17:43:03,222 - root - INFO - --------------------- Iniciando Novo Treinamento 16 ---------------------
2023-09-03 17:43:03,222 - root - INFO - Parametros
2023-09-03 17:43:03,222 - root - INFO - {'batch_size': 32,
 'dataset': 'CIFAR10',
 'epochs': 20,
 'learning_rate': 0.001,
 'network': 'LENET5',
 'num_workers': 1}
2023-09-03 17:43:03,223 - root - INFO - Construindo dataset para a rede LENET5
2023-09-03 17:43:04,500 - root - INFO - LeNet5(
  (layer1): Sequential(
    (0): Conv2d(3, 18, kernel_size=(5, 5), stride=(1, 1))
    (1): BatchNorm2d(18, eps=1e-05, momentum=0.1, affine=True, track_running_stats=True)
    (2): ReLU()
    (3): MaxPool2d(kernel_size=2, stride=2, padding=0, dilation=1, ceil_mode=False)
  )
  (layer2): Sequential(
    (0): Conv2d(18, 48, kernel_size=(5, 5), stride=(1, 1))
    (1): BatchNorm2d(48, eps=1e-05, momentum=0.1, affine=True, track_running_stats=True)
    (2): ReLU()
    (3): MaxPool2d(kernel_size=2, stride=2, padding=0, dilation=1, ceil_mode=False)
  )
  (fc): Linear(in_features=1200, out_features=360, bias=True)
  (relu): ReLU()
  (fc1): Linear(in_features=360, out_features=252, bias=True)
  (relu1): ReLU()
  (fc2): Linear(in_features=252, out_features=10, bias=True)
)
2023-09-03 17:43:04,500 - root - INFO - Iniciando treinamento
2023-09-03 17:43:04,500 - root - INFO - Epoch 1
-------------------------------
2023-09-03 17:44:21,388 - root - INFO - Validation loss decreased from : inf ----> 1.315524533843994 ----> Saving Model.......
2023-09-03 17:44:21,388 - root - INFO - Validation acc:  54.13
2023-09-03 17:44:21,388 - root - INFO - Best Test acc from 0 ----> 54.15
2023-09-03 17:44:21,388 - root - INFO - Época 1/20
2023-09-03 17:44:21,388 - root - INFO - loss: 1.388524269580841 - accuracy: 49.075 - val_loss: 1.315524533843994 - val_accuracy: 54.13
2023-09-03 17:44:21,388 - root - INFO - [Test] ---> accuracy: 54.15 - loss: 1.3124847143173217
2023-09-03 17:44:21,388 - root - INFO - test acc from best model : 54.15
2023-09-03 17:44:21,388 - root - INFO - Epoch 2
-------------------------------
2023-09-03 17:45:39,294 - root - INFO - Validation loss decreased from : 1.315524533843994 ----> 1.1167395937919617 ----> Saving Model.......
2023-09-03 17:45:39,294 - root - INFO - Validation acc:  61.18
2023-09-03 17:45:39,294 - root - INFO - Best Test acc from 54.15 ----> 60.99
2023-09-03 17:45:39,294 - root - INFO - Época 2/20
2023-09-03 17:45:39,294 - root - INFO - loss: 1.047131342601776 - accuracy: 62.645 - val_loss: 1.1167395937919617 - val_accuracy: 61.18
2023-09-03 17:45:39,294 - root - INFO - [Test] ---> accuracy: 60.99 - loss: 1.1100716478347779
2023-09-03 17:45:39,294 - root - INFO - test acc from best model : 60.99
2023-09-03 17:45:39,294 - root - INFO - Epoch 3
-------------------------------
2023-09-03 17:46:56,405 - root - INFO - Validation loss decreased from : 1.1167395937919617 ----> 1.0100506290435791 ----> Saving Model.......
2023-09-03 17:46:56,406 - root - INFO - Validation acc:  64.49000000000001
2023-09-03 17:46:56,406 - root - INFO - Best Test acc from 60.99 ----> 65.0
2023-09-03 17:46:56,406 - root - INFO - Época 3/20
2023-09-03 17:46:56,406 - root - INFO - loss: 0.8912678013086319 - accuracy: 68.405 - val_loss: 1.0100506290435791 - val_accuracy: 64.49000000000001
2023-09-03 17:46:56,406 - root - INFO - [Test] ---> accuracy: 65.0 - loss: 1.0084602024078368
2023-09-03 17:46:56,406 - root - INFO - test acc from best model : 65.0
2023-09-03 17:46:56,406 - root - INFO - Epoch 4
-------------------------------
2023-09-03 17:48:13,787 - root - INFO - Validation loss decreased from : 1.0100506290435791 ----> 0.9637047387123108 ----> Saving Model.......
2023-09-03 17:48:13,787 - root - INFO - Validation acc:  66.86
2023-09-03 17:48:13,787 - root - INFO - Best Test acc from 65.0 ----> 67.14
2023-09-03 17:48:13,787 - root - INFO - Época 4/20
2023-09-03 17:48:13,787 - root - INFO - loss: 0.7797508609771728 - accuracy: 72.4675 - val_loss: 0.9637047387123108 - val_accuracy: 66.86
2023-09-03 17:48:13,787 - root - INFO - [Test] ---> accuracy: 67.14 - loss: 0.952699483203888
2023-09-03 17:48:13,787 - root - INFO - test acc from best model : 67.14
2023-09-03 17:48:13,787 - root - INFO - Epoch 5
-------------------------------
2023-09-03 17:49:31,215 - root - INFO - Época 5/20
2023-09-03 17:49:31,215 - root - INFO - loss: 0.6909025697469712 - accuracy: 75.6125 - val_loss: 0.9966509260177613 - val_accuracy: 65.63
2023-09-03 17:49:31,215 - root - INFO - [Test] ---> accuracy: 66.12 - loss: 0.988296513080597
2023-09-03 17:49:31,215 - root - INFO - test acc from best model : 67.14
2023-09-03 17:49:31,215 - root - INFO - Epoch 6
-------------------------------
2023-09-03 17:50:48,723 - root - INFO - Validation loss decreased from : 0.9637047387123108 ----> 0.8768236289024353 ----> Saving Model.......
2023-09-03 17:50:48,724 - root - INFO - Validation acc:  70.83
2023-09-03 17:50:48,724 - root - INFO - Best Test acc from 67.14 ----> 71.05
2023-09-03 17:50:48,724 - root - INFO - Época 6/20
2023-09-03 17:50:48,724 - root - INFO - loss: 0.6185406846523285 - accuracy: 78.235 - val_loss: 0.8768236289024353 - val_accuracy: 70.83
2023-09-03 17:50:48,724 - root - INFO - [Test] ---> accuracy: 71.05 - loss: 0.8706800036430359
2023-09-03 17:50:48,724 - root - INFO - test acc from best model : 71.05
2023-09-03 17:50:48,724 - root - INFO - Epoch 7
-------------------------------
2023-09-03 17:52:05,943 - root - INFO - Época 7/20
2023-09-03 17:52:05,943 - root - INFO - loss: 0.5469205316066742 - accuracy: 80.4925 - val_loss: 1.1070147853851318 - val_accuracy: 66.41
2023-09-03 17:52:05,943 - root - INFO - [Test] ---> accuracy: 66.8 - loss: 1.110423483276367
2023-09-03 17:52:05,943 - root - INFO - test acc from best model : 71.05
2023-09-03 17:52:05,943 - root - INFO - Epoch 8
-------------------------------
2023-09-03 17:53:23,304 - root - INFO - Época 8/20
2023-09-03 17:53:23,304 - root - INFO - loss: 0.47621381375193594 - accuracy: 83.0025 - val_loss: 0.9431570800304413 - val_accuracy: 69.52000000000001
2023-09-03 17:53:23,304 - root - INFO - [Test] ---> accuracy: 69.64 - loss: 0.9625989747047424
2023-09-03 17:53:23,304 - root - INFO - test acc from best model : 71.05
2023-09-03 17:53:23,304 - root - INFO - Epoch 9
-------------------------------
2023-09-03 17:54:41,206 - root - INFO - Época 9/20
2023-09-03 17:54:41,206 - root - INFO - loss: 0.4175003376156092 - accuracy: 85.03 - val_loss: 1.0696390195131302 - val_accuracy: 69.44
2023-09-03 17:54:41,206 - root - INFO - [Test] ---> accuracy: 69.43 - loss: 1.0760724860191344
2023-09-03 17:54:41,206 - root - INFO - test acc from best model : 71.05
2023-09-03 17:54:41,206 - root - INFO - Epoch 10
-------------------------------
2023-09-03 17:55:58,739 - root - INFO - Época 10/20
2023-09-03 17:55:58,740 - root - INFO - loss: 0.3672841835975647 - accuracy: 86.6775 - val_loss: 1.0598886406898498 - val_accuracy: 70.93
2023-09-03 17:55:58,740 - root - INFO - [Test] ---> accuracy: 70.73 - loss: 1.0600994378089905
2023-09-03 17:55:58,740 - root - INFO - test acc from best model : 71.05
2023-09-03 17:55:58,740 - root - INFO - Epoch 11
-------------------------------
2023-09-03 17:57:16,324 - root - INFO - Época 11/20
2023-09-03 17:57:16,324 - root - INFO - loss: 0.3191666887998581 - accuracy: 88.52 - val_loss: 1.1043533092498778 - val_accuracy: 70.33
2023-09-03 17:57:16,324 - root - INFO - [Test] ---> accuracy: 70.53 - loss: 1.0994232707977294
2023-09-03 17:57:16,324 - root - INFO - test acc from best model : 71.05
2023-09-03 17:57:16,324 - root - INFO - Epoch 12
-------------------------------
2023-09-03 17:58:33,988 - root - INFO - Época 12/20
2023-09-03 17:58:33,988 - root - INFO - loss: 0.28753081111609935 - accuracy: 89.72 - val_loss: 1.113403353691101 - val_accuracy: 69.46
2023-09-03 17:58:33,988 - root - INFO - [Test] ---> accuracy: 69.66 - loss: 1.1250082513809203
2023-09-03 17:58:33,988 - root - INFO - test acc from best model : 71.05
2023-09-03 17:58:33,988 - root - INFO - Epoch 13
-------------------------------
2023-09-03 17:59:51,576 - root - INFO - Época 13/20
2023-09-03 17:59:51,576 - root - INFO - loss: 0.24737209440767766 - accuracy: 91.09 - val_loss: 1.258223832511902 - val_accuracy: 68.17
2023-09-03 17:59:51,576 - root - INFO - [Test] ---> accuracy: 68.7 - loss: 1.2534852212905885
2023-09-03 17:59:51,576 - root - INFO - test acc from best model : 71.05
2023-09-03 17:59:51,576 - root - INFO - Epoch 14
-------------------------------
2023-09-03 18:01:08,875 - root - INFO - Época 14/20
2023-09-03 18:01:08,875 - root - INFO - loss: 0.21409077965021134 - accuracy: 92.3225 - val_loss: 1.3434521096229552 - val_accuracy: 69.32000000000001
2023-09-03 18:01:08,875 - root - INFO - [Test] ---> accuracy: 69.91000000000001 - loss: 1.3429162722587586
2023-09-03 18:01:08,875 - root - INFO - test acc from best model : 71.05
2023-09-03 18:01:08,875 - root - INFO - Epoch 15
-------------------------------
2023-09-03 18:02:26,401 - root - INFO - Época 15/20
2023-09-03 18:02:26,401 - root - INFO - loss: 0.19298536744713785 - accuracy: 93.195 - val_loss: 1.3778946365356446 - val_accuracy: 69.36
2023-09-03 18:02:26,401 - root - INFO - [Test] ---> accuracy: 69.59 - loss: 1.3912605758666992
2023-09-03 18:02:26,401 - root - INFO - test acc from best model : 71.05
2023-09-03 18:02:26,401 - root - INFO - Epoch 16
-------------------------------
2023-09-03 18:03:44,319 - root - INFO - Época 16/20
2023-09-03 18:03:44,319 - root - INFO - loss: 0.17601347177922724 - accuracy: 93.7075 - val_loss: 1.546193485736847 - val_accuracy: 70.28
2023-09-03 18:03:44,319 - root - INFO - [Test] ---> accuracy: 70.13000000000001 - loss: 1.5577544427871703
2023-09-03 18:03:44,319 - root - INFO - test acc from best model : 71.05
2023-09-03 18:03:44,319 - root - INFO - Epoch 17
-------------------------------
2023-09-03 18:05:01,579 - root - INFO - Época 17/20
2023-09-03 18:05:01,579 - root - INFO - loss: 0.15890660589933395 - accuracy: 94.385 - val_loss: 1.4125229553222656 - val_accuracy: 70.95
2023-09-03 18:05:01,579 - root - INFO - [Test] ---> accuracy: 71.09 - loss: 1.4162002534866334
2023-09-03 18:05:01,579 - root - INFO - test acc from best model : 71.05
2023-09-03 18:05:01,579 - root - INFO - Epoch 18
-------------------------------
2023-09-03 18:06:19,129 - root - INFO - Época 18/20
2023-09-03 18:06:19,129 - root - INFO - loss: 0.14201823042333125 - accuracy: 95.0525 - val_loss: 1.442164177131653 - val_accuracy: 70.46
2023-09-03 18:06:19,129 - root - INFO - [Test] ---> accuracy: 70.71 - loss: 1.4424853547096252
2023-09-03 18:06:19,129 - root - INFO - test acc from best model : 71.05
2023-09-03 18:06:19,129 - root - INFO - Epoch 19
-------------------------------
2023-09-03 18:07:36,797 - root - INFO - Época 19/20
2023-09-03 18:07:36,797 - root - INFO - loss: 0.1348156235575676 - accuracy: 95.2625 - val_loss: 1.587177263736725 - val_accuracy: 70.48
2023-09-03 18:07:36,797 - root - INFO - [Test] ---> accuracy: 70.67999999999999 - loss: 1.5846011170387269
2023-09-03 18:07:36,797 - root - INFO - test acc from best model : 71.05
2023-09-03 18:07:36,797 - root - INFO - Epoch 20
-------------------------------
2023-09-03 18:08:54,668 - root - INFO - Época 20/20
2023-09-03 18:08:54,668 - root - INFO - loss: 0.1276793706446886 - accuracy: 95.575 - val_loss: 1.6322159846305848 - val_accuracy: 70.98
2023-09-03 18:08:54,668 - root - INFO - [Test] ---> accuracy: 71.54 - loss: 1.6270281494140626
2023-09-03 18:08:54,668 - root - INFO - test acc from best model : 71.05
2023-09-03 18:08:54,668 - root - INFO - Tempo treinamento:  1550.17 seconds
2023-09-03 18:08:54,668 - root - INFO - Menor loss: 0.8768236289024353
2023-09-03 18:08:54,668 - root - INFO - Acurácia de teste do melhor modelo: 71.05
2023-09-03 18:08:54,668 - root - INFO - Métricas
2023-09-03 18:08:54,668 - root - INFO - ACC
2023-09-03 18:08:54,668 - root - INFO - {'epoch': [1,
           2,
           3,
           4,
           5,
           6,
           7,
           8,
           9,
           10,
           11,
           12,
           13,
           14,
           15,
           16,
           17,
           18,
           19,
           20],
 'test_acc': [54.15,
              60.99,
              65.0,
              67.14,
              66.12,
              71.05,
              66.8,
              69.64,
              69.43,
              70.73,
              70.53,
              69.66,
              68.7,
              69.91000000000001,
              69.59,
              70.13000000000001,
              71.09,
              70.71,
              70.67999999999999,
              71.54],
 'train_acc': [49.075,
               62.645,
               68.405,
               72.4675,
               75.6125,
               78.235,
               80.4925,
               83.0025,
               85.03,
               86.6775,
               88.52,
               89.72,
               91.09,
               92.3225,
               93.195,
               93.7075,
               94.385,
               95.0525,
               95.2625,
               95.575],
 'val_acc': [54.13,
             61.18,
             64.49000000000001,
             66.86,
             65.63,
             70.83,
             66.41,
             69.52000000000001,
             69.44,
             70.93,
             70.33,
             69.46,
             68.17,
             69.32000000000001,
             69.36,
             70.28,
             70.95,
             70.46,
             70.48,
             70.98]}
2023-09-03 18:08:54,668 - root - INFO - LOSS
2023-09-03 18:08:54,668 - root - INFO - {'epoch': [1,
           2,
           3,
           4,
           5,
           6,
           7,
           8,
           9,
           10,
           11,
           12,
           13,
           14,
           15,
           16,
           17,
           18,
           19,
           20],
 'test_loss': [1.3124847143173217,
               1.1100716478347779,
               1.0084602024078368,
               0.952699483203888,
               0.988296513080597,
               0.8706800036430359,
               1.110423483276367,
               0.9625989747047424,
               1.0760724860191344,
               1.0600994378089905,
               1.0994232707977294,
               1.1250082513809203,
               1.2534852212905885,
               1.3429162722587586,
               1.3912605758666992,
               1.5577544427871703,
               1.4162002534866334,
               1.4424853547096252,
               1.5846011170387269,
               1.6270281494140626],
 'train_loss': [1.388524269580841,
                1.047131342601776,
                0.8912678013086319,
                0.7797508609771728,
                0.6909025697469712,
                0.6185406846523285,
                0.5469205316066742,
                0.47621381375193594,
                0.4175003376156092,
                0.3672841835975647,
                0.3191666887998581,
                0.28753081111609935,
                0.24737209440767766,
                0.21409077965021134,
                0.19298536744713785,
                0.17601347177922724,
                0.15890660589933395,
                0.14201823042333125,
                0.1348156235575676,
                0.1276793706446886],
 'val_loss': [1.315524533843994,
              1.1167395937919617,
              1.0100506290435791,
              0.9637047387123108,
              0.9966509260177613,
              0.8768236289024353,
              1.1070147853851318,
              0.9431570800304413,
              1.0696390195131302,
              1.0598886406898498,
              1.1043533092498778,
              1.113403353691101,
              1.258223832511902,
              1.3434521096229552,
              1.3778946365356446,
              1.546193485736847,
              1.4125229553222656,
              1.442164177131653,
              1.587177263736725,
              1.6322159846305848]}
2023-09-05 14:40:13,916 - root - INFO - --------------------- Iniciando Novo Treinamento 16 ---------------------
2023-09-05 14:40:13,916 - root - INFO - Parametros
2023-09-05 14:40:13,916 - root - INFO - {'batch_size': 32,
 'dataset': 'CIFAR10',
 'epochs': 20,
 'learning_rate': 0.001,
 'network': 'LENET5',
 'num_workers': 1}
2023-09-05 14:40:13,917 - root - INFO - Construindo dataset para a rede LENET5
2023-09-05 14:40:18,666 - root - INFO - LeNet5(
  (layer1): Sequential(
    (0): Conv2d(1, 6, kernel_size=(5, 5), stride=(1, 1))
    (1): BatchNorm2d(6, eps=1e-05, momentum=0.1, affine=True, track_running_stats=True)
    (2): ReLU()
    (3): MaxPool2d(kernel_size=2, stride=2, padding=0, dilation=1, ceil_mode=False)
  )
  (layer2): Sequential(
    (0): Conv2d(6, 16, kernel_size=(5, 5), stride=(1, 1))
    (1): BatchNorm2d(16, eps=1e-05, momentum=0.1, affine=True, track_running_stats=True)
    (2): ReLU()
    (3): MaxPool2d(kernel_size=2, stride=2, padding=0, dilation=1, ceil_mode=False)
  )
  (fc): Linear(in_features=400, out_features=120, bias=True)
  (relu): ReLU()
  (fc1): Linear(in_features=120, out_features=84, bias=True)
  (relu1): ReLU()
  (fc2): Linear(in_features=84, out_features=10, bias=True)
)
2023-09-05 14:40:18,666 - root - INFO - Iniciando treinamento
2023-09-05 14:40:18,666 - root - INFO - Epoch 1
-------------------------------
2023-09-05 14:42:11,480 - root - INFO - Validation loss decreased from : inf ----> 1.5451950674057007 ----> Saving Model.......
2023-09-05 14:42:11,480 - root - INFO - Validation acc:  44.1
2023-09-05 14:42:11,480 - root - INFO - Best Test acc from 0 ----> 43.85
2023-09-05 14:42:11,480 - root - INFO - Época 1/20
2023-09-05 14:42:11,480 - root - INFO - loss: 1.5996464277267457 - accuracy: 42.035 - val_loss: 1.5451950674057007 - val_accuracy: 44.1
2023-09-05 14:42:11,480 - root - INFO - [Test] ---> accuracy: 43.85 - loss: 1.551630198287964
2023-09-05 14:42:11,480 - root - INFO - test acc from best model : 43.85
2023-09-05 14:42:11,480 - root - INFO - Epoch 2
-------------------------------
2023-09-05 14:44:03,956 - root - INFO - Validation loss decreased from : 1.5451950674057007 ----> 1.2886473724365235 ----> Saving Model.......
2023-09-05 14:44:03,956 - root - INFO - Validation acc:  54.510000000000005
2023-09-05 14:44:03,956 - root - INFO - Best Test acc from 43.85 ----> 54.54
2023-09-05 14:44:03,956 - root - INFO - Época 2/20
2023-09-05 14:44:03,956 - root - INFO - loss: 1.33139539270401 - accuracy: 52.665 - val_loss: 1.2886473724365235 - val_accuracy: 54.510000000000005
2023-09-05 14:44:03,956 - root - INFO - [Test] ---> accuracy: 54.54 - loss: 1.2833166500091553
2023-09-05 14:44:03,956 - root - INFO - test acc from best model : 54.54
2023-09-05 14:44:03,956 - root - INFO - Epoch 3
-------------------------------
2023-09-05 14:45:55,285 - root - INFO - Época 3/20
2023-09-05 14:45:55,286 - root - INFO - loss: 1.2203616236686707 - accuracy: 56.91 - val_loss: 1.3728099042892457 - val_accuracy: 51.31
2023-09-05 14:45:55,286 - root - INFO - [Test] ---> accuracy: 51.080000000000005 - loss: 1.3765340953826903
2023-09-05 14:45:55,286 - root - INFO - test acc from best model : 54.54
2023-09-05 14:45:55,286 - root - INFO - Epoch 4
-------------------------------
2023-09-05 14:47:47,211 - root - INFO - Época 4/20
2023-09-05 14:47:47,211 - root - INFO - loss: 1.1462673926353455 - accuracy: 59.53 - val_loss: 1.5798368434906005 - val_accuracy: 47.589999999999996
2023-09-05 14:47:47,211 - root - INFO - [Test] ---> accuracy: 48.02 - loss: 1.5651791408538818
2023-09-05 14:47:47,211 - root - INFO - test acc from best model : 54.54
2023-09-05 14:47:47,211 - root - INFO - Epoch 5
-------------------------------
2023-09-05 14:49:38,077 - root - INFO - Validation loss decreased from : 1.2886473724365235 ----> 1.172366991710663 ----> Saving Model.......
2023-09-05 14:49:38,077 - root - INFO - Validation acc:  58.589999999999996
2023-09-05 14:49:38,077 - root - INFO - Best Test acc from 54.54 ----> 59.21999999999999
2023-09-05 14:49:38,077 - root - INFO - Época 5/20
2023-09-05 14:49:38,077 - root - INFO - loss: 1.0822904059886933 - accuracy: 62.045 - val_loss: 1.172366991710663 - val_accuracy: 58.589999999999996
2023-09-05 14:49:38,077 - root - INFO - [Test] ---> accuracy: 59.21999999999999 - loss: 1.157578856086731
2023-09-05 14:49:38,077 - root - INFO - test acc from best model : 59.21999999999999
2023-09-05 14:49:38,584 - root - INFO - Epoch 6
-------------------------------
2023-09-05 14:51:36,797 - root - INFO - Validation loss decreased from : 1.172366991710663 ----> 1.1455239416122436 ----> Saving Model.......
2023-09-05 14:51:36,797 - root - INFO - Validation acc:  60.24
2023-09-05 14:51:36,797 - root - INFO - Best Test acc from 59.21999999999999 ----> 60.540000000000006
2023-09-05 14:51:36,797 - root - INFO - Época 6/20
2023-09-05 14:51:36,797 - root - INFO - loss: 1.0338358591079713 - accuracy: 63.5525 - val_loss: 1.1455239416122436 - val_accuracy: 60.24
2023-09-05 14:51:36,797 - root - INFO - [Test] ---> accuracy: 60.540000000000006 - loss: 1.1257890926361085
2023-09-05 14:51:36,797 - root - INFO - test acc from best model : 60.540000000000006
2023-09-05 14:51:36,797 - root - INFO - Epoch 7
-------------------------------
2023-09-05 14:53:32,918 - root - INFO - Época 7/20
2023-09-05 14:53:32,918 - root - INFO - loss: 0.9862107381820678 - accuracy: 65.3375 - val_loss: 1.5629485801696776 - val_accuracy: 49.69
2023-09-05 14:53:32,918 - root - INFO - [Test] ---> accuracy: 49.94 - loss: 1.5500919134140014
2023-09-05 14:53:32,919 - root - INFO - test acc from best model : 60.540000000000006
2023-09-05 14:53:32,919 - root - INFO - Epoch 8
-------------------------------
2023-09-05 14:55:29,830 - root - INFO - Validation loss decreased from : 1.1455239416122436 ----> 1.126477241039276 ----> Saving Model.......
2023-09-05 14:55:29,830 - root - INFO - Validation acc:  61.050000000000004
2023-09-05 14:55:29,830 - root - INFO - Best Test acc from 60.540000000000006 ----> 60.95
2023-09-05 14:55:29,830 - root - INFO - Época 8/20
2023-09-05 14:55:29,830 - root - INFO - loss: 0.9503907083511353 - accuracy: 66.44 - val_loss: 1.126477241039276 - val_accuracy: 61.050000000000004
2023-09-05 14:55:29,830 - root - INFO - [Test] ---> accuracy: 60.95 - loss: 1.1165928085327148
2023-09-05 14:55:29,830 - root - INFO - test acc from best model : 60.95
2023-09-05 14:55:29,830 - root - INFO - Epoch 9
-------------------------------
2023-09-05 14:57:26,640 - root - INFO - Validation loss decreased from : 1.126477241039276 ----> 1.1227369812011718 ----> Saving Model.......
2023-09-05 14:57:26,640 - root - INFO - Validation acc:  61.5
2023-09-05 14:57:26,640 - root - INFO - Best Test acc from 60.95 ----> 61.260000000000005
2023-09-05 14:57:26,640 - root - INFO - Época 9/20
2023-09-05 14:57:26,640 - root - INFO - loss: 0.9200652494192123 - accuracy: 67.3675 - val_loss: 1.1227369812011718 - val_accuracy: 61.5
2023-09-05 14:57:26,640 - root - INFO - [Test] ---> accuracy: 61.260000000000005 - loss: 1.1130141249656678
2023-09-05 14:57:26,640 - root - INFO - test acc from best model : 61.260000000000005
2023-09-05 14:57:26,641 - root - INFO - Epoch 10
-------------------------------
2023-09-05 14:59:23,621 - root - INFO - Época 10/20
2023-09-05 14:59:23,621 - root - INFO - loss: 0.8876544230222702 - accuracy: 68.5375 - val_loss: 1.5811339161872864 - val_accuracy: 51.349999999999994
2023-09-05 14:59:23,621 - root - INFO - [Test] ---> accuracy: 51.62 - loss: 1.5754060285568237
2023-09-05 14:59:23,621 - root - INFO - test acc from best model : 61.260000000000005
2023-09-05 14:59:24,106 - root - INFO - Epoch 11
-------------------------------
2023-09-05 15:01:26,239 - root - INFO - Época 11/20
2023-09-05 15:01:26,239 - root - INFO - loss: 0.8617987295866013 - accuracy: 69.5025 - val_loss: 1.2219098441123963 - val_accuracy: 58.660000000000004
2023-09-05 15:01:26,239 - root - INFO - [Test] ---> accuracy: 58.86 - loss: 1.194346362876892
2023-09-05 15:01:26,239 - root - INFO - test acc from best model : 61.260000000000005
2023-09-05 15:01:26,239 - root - INFO - Epoch 12
-------------------------------
2023-09-05 15:03:28,256 - root - INFO - Época 12/20
2023-09-05 15:03:28,256 - root - INFO - loss: 0.8357175128221512 - accuracy: 70.4725 - val_loss: 1.133112329864502 - val_accuracy: 61.36000000000001
2023-09-05 15:03:28,256 - root - INFO - [Test] ---> accuracy: 61.79 - loss: 1.118371534538269
2023-09-05 15:03:28,256 - root - INFO - test acc from best model : 61.260000000000005
2023-09-05 15:03:28,256 - root - INFO - Epoch 13
-------------------------------
2023-09-05 15:05:30,269 - root - INFO - Época 13/20
2023-09-05 15:05:30,269 - root - INFO - loss: 0.8151568724870681 - accuracy: 71.03 - val_loss: 1.2124373659133911 - val_accuracy: 59.38
2023-09-05 15:05:30,269 - root - INFO - [Test] ---> accuracy: 59.699999999999996 - loss: 1.1958912866592408
2023-09-05 15:05:30,269 - root - INFO - test acc from best model : 61.260000000000005
2023-09-05 15:05:30,269 - root - INFO - Epoch 14
-------------------------------
2023-09-05 15:07:33,434 - root - INFO - Época 14/20
2023-09-05 15:07:33,434 - root - INFO - loss: 0.7949934658288955 - accuracy: 71.82 - val_loss: 1.1543022399902343 - val_accuracy: 62.57
2023-09-05 15:07:33,434 - root - INFO - [Test] ---> accuracy: 62.77 - loss: 1.1316495916366578
2023-09-05 15:07:33,434 - root - INFO - test acc from best model : 61.260000000000005
2023-09-05 15:07:33,434 - root - INFO - Epoch 15
-------------------------------
2023-09-05 15:09:35,150 - root - INFO - Época 15/20
2023-09-05 15:09:35,150 - root - INFO - loss: 0.7733862638831138 - accuracy: 72.4825 - val_loss: 1.1966133742332459 - val_accuracy: 60.56
2023-09-05 15:09:35,150 - root - INFO - [Test] ---> accuracy: 60.79 - loss: 1.1708907844543457
2023-09-05 15:09:35,150 - root - INFO - test acc from best model : 61.260000000000005
2023-09-05 15:09:35,581 - root - INFO - Epoch 16
-------------------------------
2023-09-05 15:11:43,262 - root - INFO - Época 16/20
2023-09-05 15:11:43,262 - root - INFO - loss: 0.7556532219171525 - accuracy: 73.285 - val_loss: 1.2467514516830445 - val_accuracy: 60.709999999999994
2023-09-05 15:11:43,262 - root - INFO - [Test] ---> accuracy: 59.98 - loss: 1.2498485599517821
2023-09-05 15:11:43,262 - root - INFO - test acc from best model : 61.260000000000005
2023-09-05 15:11:43,262 - root - INFO - Epoch 17
-------------------------------
2023-09-05 15:13:50,406 - root - INFO - Época 17/20
2023-09-05 15:13:50,407 - root - INFO - loss: 0.7373868693113327 - accuracy: 73.59 - val_loss: 1.1844481209754945 - val_accuracy: 61.650000000000006
2023-09-05 15:13:50,407 - root - INFO - [Test] ---> accuracy: 61.61 - loss: 1.1692362483978271
2023-09-05 15:13:50,407 - root - INFO - test acc from best model : 61.260000000000005
2023-09-05 15:13:50,407 - root - INFO - Epoch 18
-------------------------------
2023-09-05 15:15:58,683 - root - INFO - Época 18/20
2023-09-05 15:15:58,683 - root - INFO - loss: 0.7185354506254196 - accuracy: 74.35 - val_loss: 1.2059354510307312 - val_accuracy: 62.12
2023-09-05 15:15:58,683 - root - INFO - [Test] ---> accuracy: 62.19 - loss: 1.1816563344955444
2023-09-05 15:15:58,683 - root - INFO - test acc from best model : 61.260000000000005
2023-09-05 15:15:58,683 - root - INFO - Epoch 19
-------------------------------
2023-09-05 15:18:07,384 - root - INFO - Época 19/20
2023-09-05 15:18:07,385 - root - INFO - loss: 0.6994007886171341 - accuracy: 75.0175 - val_loss: 1.3993913175582886 - val_accuracy: 57.53
2023-09-05 15:18:07,385 - root - INFO - [Test] ---> accuracy: 57.76 - loss: 1.3832674394607545
2023-09-05 15:18:07,385 - root - INFO - test acc from best model : 61.260000000000005
2023-09-05 15:18:07,385 - root - INFO - Epoch 20
-------------------------------
2023-09-05 15:20:15,309 - root - INFO - Época 20/20
2023-09-05 15:20:15,309 - root - INFO - loss: 0.6830263770103454 - accuracy: 75.885 - val_loss: 1.2483698694229126 - val_accuracy: 61.27
2023-09-05 15:20:15,309 - root - INFO - [Test] ---> accuracy: 61.18 - loss: 1.2257576881408692
2023-09-05 15:20:15,309 - root - INFO - test acc from best model : 61.260000000000005
2023-09-05 15:20:15,718 - root - INFO - Tempo treinamento:  2397.05 seconds
2023-09-05 15:20:15,718 - root - INFO - Menor loss: 1.1227369812011718
2023-09-05 15:20:15,718 - root - INFO - Acurácia de teste do melhor modelo: 61.260000000000005
2023-09-05 15:20:15,718 - root - INFO - Métricas
2023-09-05 15:20:15,718 - root - INFO - ACC
2023-09-05 15:20:15,718 - root - INFO - {'epoch': [1,
           2,
           3,
           4,
           5,
           6,
           7,
           8,
           9,
           10,
           11,
           12,
           13,
           14,
           15,
           16,
           17,
           18,
           19,
           20],
 'test_acc': [43.85,
              54.54,
              51.080000000000005,
              48.02,
              59.21999999999999,
              60.540000000000006,
              49.94,
              60.95,
              61.260000000000005,
              51.62,
              58.86,
              61.79,
              59.699999999999996,
              62.77,
              60.79,
              59.98,
              61.61,
              62.19,
              57.76,
              61.18],
 'train_acc': [42.035,
               52.665,
               56.91,
               59.53,
               62.045,
               63.5525,
               65.3375,
               66.44,
               67.3675,
               68.5375,
               69.5025,
               70.4725,
               71.03,
               71.82,
               72.4825,
               73.285,
               73.59,
               74.35,
               75.0175,
               75.885],
 'val_acc': [44.1,
             54.510000000000005,
             51.31,
             47.589999999999996,
             58.589999999999996,
             60.24,
             49.69,
             61.050000000000004,
             61.5,
             51.349999999999994,
             58.660000000000004,
             61.36000000000001,
             59.38,
             62.57,
             60.56,
             60.709999999999994,
             61.650000000000006,
             62.12,
             57.53,
             61.27]}
2023-09-05 15:20:15,718 - root - INFO - LOSS
2023-09-05 15:20:15,719 - root - INFO - {'epoch': [1,
           2,
           3,
           4,
           5,
           6,
           7,
           8,
           9,
           10,
           11,
           12,
           13,
           14,
           15,
           16,
           17,
           18,
           19,
           20],
 'test_loss': [1.551630198287964,
               1.2833166500091553,
               1.3765340953826903,
               1.5651791408538818,
               1.157578856086731,
               1.1257890926361085,
               1.5500919134140014,
               1.1165928085327148,
               1.1130141249656678,
               1.5754060285568237,
               1.194346362876892,
               1.118371534538269,
               1.1958912866592408,
               1.1316495916366578,
               1.1708907844543457,
               1.2498485599517821,
               1.1692362483978271,
               1.1816563344955444,
               1.3832674394607545,
               1.2257576881408692],
 'train_loss': [1.5996464277267457,
                1.33139539270401,
                1.2203616236686707,
                1.1462673926353455,
                1.0822904059886933,
                1.0338358591079713,
                0.9862107381820678,
                0.9503907083511353,
                0.9200652494192123,
                0.8876544230222702,
                0.8617987295866013,
                0.8357175128221512,
                0.8151568724870681,
                0.7949934658288955,
                0.7733862638831138,
                0.7556532219171525,
                0.7373868693113327,
                0.7185354506254196,
                0.6994007886171341,
                0.6830263770103454],
 'val_loss': [1.5451950674057007,
              1.2886473724365235,
              1.3728099042892457,
              1.5798368434906005,
              1.172366991710663,
              1.1455239416122436,
              1.5629485801696776,
              1.126477241039276,
              1.1227369812011718,
              1.5811339161872864,
              1.2219098441123963,
              1.133112329864502,
              1.2124373659133911,
              1.1543022399902343,
              1.1966133742332459,
              1.2467514516830445,
              1.1844481209754945,
              1.2059354510307312,
              1.3993913175582886,
              1.2483698694229126]}
2023-09-08 00:10:44,843 - root - INFO - --------------------- Iniciando Novo Treinamento 16 ---------------------
2023-09-08 00:10:44,843 - root - INFO - Parametros
2023-09-08 00:10:44,843 - root - INFO - {'batch_size': 32,
 'dataset': 'CIFAR10',
 'epochs': 20,
 'learning_rate': 0.001,
 'network': 'LENET5',
 'num_workers': 1}
2023-09-08 00:10:44,843 - root - INFO - Construindo dataset para a rede LENET5
2023-09-08 00:10:46,138 - root - INFO - LeNet5(
  (layer1): Sequential(
    (0): Conv2d(3, 18, kernel_size=(5, 5), stride=(1, 1))
    (1): BatchNorm2d(18, eps=1e-05, momentum=0.1, affine=True, track_running_stats=True)
    (2): ReLU()
    (3): MaxPool2d(kernel_size=2, stride=2, padding=0, dilation=1, ceil_mode=False)
  )
  (layer2): Sequential(
    (0): Conv2d(18, 48, kernel_size=(5, 5), stride=(1, 1))
    (1): BatchNorm2d(48, eps=1e-05, momentum=0.1, affine=True, track_running_stats=True)
    (2): ReLU()
    (3): MaxPool2d(kernel_size=2, stride=2, padding=0, dilation=1, ceil_mode=False)
  )
  (fc): Linear(in_features=1200, out_features=360, bias=True)
  (relu): ReLU()
  (fc1): Linear(in_features=360, out_features=252, bias=True)
  (relu1): ReLU()
  (fc2): Linear(in_features=252, out_features=10, bias=True)
)
2023-09-08 00:10:46,138 - root - INFO - Iniciando treinamento
2023-09-08 00:10:46,138 - root - INFO - Epoch 1
-------------------------------
2023-09-08 00:12:04,015 - root - INFO - Validation loss decreased from : inf ----> 1.315524533843994 ----> Saving Model.......
2023-09-08 00:12:04,015 - root - INFO - Validation acc:  54.13
2023-09-08 00:12:04,015 - root - INFO - Best Test acc from 0 ----> 54.15
2023-09-08 00:12:04,015 - root - INFO - Época 1/20
2023-09-08 00:12:04,015 - root - INFO - loss: 1.388524269580841 - accuracy: 49.075 - val_loss: 1.315524533843994 - val_accuracy: 54.13
2023-09-08 00:12:04,015 - root - INFO - [Test] ---> accuracy: 54.15 - loss: 1.3124847143173217
2023-09-08 00:12:04,015 - root - INFO - test acc from best model : 54.15
2023-09-08 00:12:04,015 - root - INFO - Epoch 2
-------------------------------
2023-09-08 00:13:23,152 - root - INFO - Validation loss decreased from : 1.315524533843994 ----> 1.1167395937919617 ----> Saving Model.......
2023-09-08 00:13:23,152 - root - INFO - Validation acc:  61.18
2023-09-08 00:13:23,152 - root - INFO - Best Test acc from 54.15 ----> 60.99
2023-09-08 00:13:23,152 - root - INFO - Época 2/20
2023-09-08 00:13:23,152 - root - INFO - loss: 1.047131342601776 - accuracy: 62.645 - val_loss: 1.1167395937919617 - val_accuracy: 61.18
2023-09-08 00:13:23,152 - root - INFO - [Test] ---> accuracy: 60.99 - loss: 1.1100716478347779
2023-09-08 00:13:23,152 - root - INFO - test acc from best model : 60.99
2023-09-08 00:13:23,152 - root - INFO - Epoch 3
-------------------------------
2023-09-08 00:14:41,882 - root - INFO - Validation loss decreased from : 1.1167395937919617 ----> 1.0100506290435791 ----> Saving Model.......
2023-09-08 00:14:41,882 - root - INFO - Validation acc:  64.49000000000001
2023-09-08 00:14:41,882 - root - INFO - Best Test acc from 60.99 ----> 65.0
2023-09-08 00:14:41,882 - root - INFO - Época 3/20
2023-09-08 00:14:41,882 - root - INFO - loss: 0.8912678013086319 - accuracy: 68.405 - val_loss: 1.0100506290435791 - val_accuracy: 64.49000000000001
2023-09-08 00:14:41,882 - root - INFO - [Test] ---> accuracy: 65.0 - loss: 1.0084602024078368
2023-09-08 00:14:41,882 - root - INFO - test acc from best model : 65.0
2023-09-08 00:14:41,882 - root - INFO - Epoch 4
-------------------------------
2023-09-08 00:16:01,126 - root - INFO - Validation loss decreased from : 1.0100506290435791 ----> 0.9637047387123108 ----> Saving Model.......
2023-09-08 00:16:01,126 - root - INFO - Validation acc:  66.86
2023-09-08 00:16:01,126 - root - INFO - Best Test acc from 65.0 ----> 67.14
2023-09-08 00:16:01,126 - root - INFO - Época 4/20
2023-09-08 00:16:01,126 - root - INFO - loss: 0.7797508609771728 - accuracy: 72.4675 - val_loss: 0.9637047387123108 - val_accuracy: 66.86
2023-09-08 00:16:01,126 - root - INFO - [Test] ---> accuracy: 67.14 - loss: 0.952699483203888
2023-09-08 00:16:01,126 - root - INFO - test acc from best model : 67.14
2023-09-08 00:16:01,126 - root - INFO - Epoch 5
-------------------------------
2023-09-08 00:17:20,168 - root - INFO - Época 5/20
2023-09-08 00:17:20,168 - root - INFO - loss: 0.6909025697469712 - accuracy: 75.6125 - val_loss: 0.9966509260177613 - val_accuracy: 65.63
2023-09-08 00:17:20,168 - root - INFO - [Test] ---> accuracy: 66.12 - loss: 0.988296513080597
2023-09-08 00:17:20,168 - root - INFO - test acc from best model : 67.14
2023-09-08 00:17:20,398 - root - INFO - Epoch 6
-------------------------------
2023-09-08 00:18:43,532 - root - INFO - Validation loss decreased from : 0.9637047387123108 ----> 0.8768236289024353 ----> Saving Model.......
2023-09-08 00:18:43,532 - root - INFO - Validation acc:  70.83
2023-09-08 00:18:43,532 - root - INFO - Best Test acc from 67.14 ----> 71.05
2023-09-08 00:18:43,532 - root - INFO - Época 6/20
2023-09-08 00:18:43,532 - root - INFO - loss: 0.6185406846523285 - accuracy: 78.235 - val_loss: 0.8768236289024353 - val_accuracy: 70.83
2023-09-08 00:18:43,532 - root - INFO - [Test] ---> accuracy: 71.05 - loss: 0.8706800036430359
2023-09-08 00:18:43,532 - root - INFO - test acc from best model : 71.05
2023-09-08 00:18:43,532 - root - INFO - Epoch 7
-------------------------------
2023-09-08 00:20:06,863 - root - INFO - Época 7/20
2023-09-08 00:20:06,863 - root - INFO - loss: 0.5469205316066742 - accuracy: 80.4925 - val_loss: 1.1070147853851318 - val_accuracy: 66.41
2023-09-08 00:20:06,863 - root - INFO - [Test] ---> accuracy: 66.8 - loss: 1.110423483276367
2023-09-08 00:20:06,864 - root - INFO - test acc from best model : 71.05
2023-09-08 00:20:06,864 - root - INFO - Epoch 8
-------------------------------
2023-09-08 00:21:30,577 - root - INFO - Época 8/20
2023-09-08 00:21:30,578 - root - INFO - loss: 0.47621381375193594 - accuracy: 83.0025 - val_loss: 0.9431570800304413 - val_accuracy: 69.52000000000001
2023-09-08 00:21:30,578 - root - INFO - [Test] ---> accuracy: 69.64 - loss: 0.9625989747047424
2023-09-08 00:21:30,578 - root - INFO - test acc from best model : 71.05
2023-09-08 00:21:30,578 - root - INFO - Epoch 9
-------------------------------
2023-09-08 00:22:53,639 - root - INFO - Época 9/20
2023-09-08 00:22:53,639 - root - INFO - loss: 0.4175003376156092 - accuracy: 85.03 - val_loss: 1.0696390195131302 - val_accuracy: 69.44
2023-09-08 00:22:53,639 - root - INFO - [Test] ---> accuracy: 69.43 - loss: 1.0760724860191344
2023-09-08 00:22:53,639 - root - INFO - test acc from best model : 71.05
2023-09-08 00:22:53,639 - root - INFO - Epoch 10
-------------------------------
2023-09-08 00:24:16,832 - root - INFO - Época 10/20
2023-09-08 00:24:16,832 - root - INFO - loss: 0.3672841835975647 - accuracy: 86.6775 - val_loss: 1.0598886406898498 - val_accuracy: 70.93
2023-09-08 00:24:16,832 - root - INFO - [Test] ---> accuracy: 70.73 - loss: 1.0600994378089905
2023-09-08 00:24:16,832 - root - INFO - test acc from best model : 71.05
2023-09-08 00:24:17,033 - root - INFO - Epoch 11
-------------------------------
2023-09-08 00:25:43,791 - root - INFO - Época 11/20
2023-09-08 00:25:43,791 - root - INFO - loss: 0.3191666887998581 - accuracy: 88.52 - val_loss: 1.1043533092498778 - val_accuracy: 70.33
2023-09-08 00:25:43,791 - root - INFO - [Test] ---> accuracy: 70.53 - loss: 1.0994232707977294
2023-09-08 00:25:43,791 - root - INFO - test acc from best model : 71.05
2023-09-08 00:25:43,791 - root - INFO - Epoch 12
-------------------------------
2023-09-08 00:27:11,051 - root - INFO - Época 12/20
2023-09-08 00:27:11,052 - root - INFO - loss: 0.28753081111609935 - accuracy: 89.72 - val_loss: 1.113403353691101 - val_accuracy: 69.46
2023-09-08 00:27:11,052 - root - INFO - [Test] ---> accuracy: 69.66 - loss: 1.1250082513809203
2023-09-08 00:27:11,052 - root - INFO - test acc from best model : 71.05
2023-09-08 00:27:11,052 - root - INFO - Epoch 13
-------------------------------
2023-09-08 00:28:37,721 - root - INFO - Época 13/20
2023-09-08 00:28:37,721 - root - INFO - loss: 0.24737209440767766 - accuracy: 91.09 - val_loss: 1.258223832511902 - val_accuracy: 68.17
2023-09-08 00:28:37,721 - root - INFO - [Test] ---> accuracy: 68.7 - loss: 1.2534852212905885
2023-09-08 00:28:37,721 - root - INFO - test acc from best model : 71.05
2023-09-08 00:28:37,721 - root - INFO - Epoch 14
-------------------------------
2023-09-08 00:30:04,933 - root - INFO - Época 14/20
2023-09-08 00:30:04,933 - root - INFO - loss: 0.21409077965021134 - accuracy: 92.3225 - val_loss: 1.3434521096229552 - val_accuracy: 69.32000000000001
2023-09-08 00:30:04,934 - root - INFO - [Test] ---> accuracy: 69.91000000000001 - loss: 1.3429162722587586
2023-09-08 00:30:04,934 - root - INFO - test acc from best model : 71.05
2023-09-08 00:30:04,934 - root - INFO - Epoch 15
-------------------------------
2023-09-08 00:31:32,043 - root - INFO - Época 15/20
2023-09-08 00:31:32,043 - root - INFO - loss: 0.19298536744713785 - accuracy: 93.195 - val_loss: 1.3778946365356446 - val_accuracy: 69.36
2023-09-08 00:31:32,043 - root - INFO - [Test] ---> accuracy: 69.59 - loss: 1.3912605758666992
2023-09-08 00:31:32,043 - root - INFO - test acc from best model : 71.05
2023-09-08 00:31:32,249 - root - INFO - Epoch 16
-------------------------------
2023-09-08 00:33:03,761 - root - INFO - Época 16/20
2023-09-08 00:33:03,761 - root - INFO - loss: 0.17601347177922724 - accuracy: 93.7075 - val_loss: 1.546193485736847 - val_accuracy: 70.28
2023-09-08 00:33:03,761 - root - INFO - [Test] ---> accuracy: 70.13000000000001 - loss: 1.5577544427871703
2023-09-08 00:33:03,761 - root - INFO - test acc from best model : 71.05
2023-09-08 00:33:03,761 - root - INFO - Epoch 17
-------------------------------
2023-09-08 00:34:34,986 - root - INFO - Época 17/20
2023-09-08 00:34:34,987 - root - INFO - loss: 0.15890660589933395 - accuracy: 94.385 - val_loss: 1.4125229553222656 - val_accuracy: 70.95
2023-09-08 00:34:34,987 - root - INFO - [Test] ---> accuracy: 71.09 - loss: 1.4162002534866334
2023-09-08 00:34:34,987 - root - INFO - test acc from best model : 71.05
2023-09-08 00:34:34,987 - root - INFO - Epoch 18
-------------------------------
2023-09-08 00:36:06,138 - root - INFO - Época 18/20
2023-09-08 00:36:06,138 - root - INFO - loss: 0.14201823042333125 - accuracy: 95.0525 - val_loss: 1.442164177131653 - val_accuracy: 70.46
2023-09-08 00:36:06,138 - root - INFO - [Test] ---> accuracy: 70.71 - loss: 1.4424853547096252
2023-09-08 00:36:06,138 - root - INFO - test acc from best model : 71.05
2023-09-08 00:36:06,138 - root - INFO - Epoch 19
-------------------------------
2023-09-08 00:37:37,536 - root - INFO - Época 19/20
2023-09-08 00:37:37,536 - root - INFO - loss: 0.1348156235575676 - accuracy: 95.2625 - val_loss: 1.587177263736725 - val_accuracy: 70.48
2023-09-08 00:37:37,536 - root - INFO - [Test] ---> accuracy: 70.67999999999999 - loss: 1.5846011170387269
2023-09-08 00:37:37,536 - root - INFO - test acc from best model : 71.05
2023-09-08 00:37:37,536 - root - INFO - Epoch 20
-------------------------------
2023-09-08 00:39:08,592 - root - INFO - Época 20/20
2023-09-08 00:39:08,592 - root - INFO - loss: 0.1276793706446886 - accuracy: 95.575 - val_loss: 1.6322159846305848 - val_accuracy: 70.98
2023-09-08 00:39:08,592 - root - INFO - [Test] ---> accuracy: 71.54 - loss: 1.6270281494140626
2023-09-08 00:39:08,592 - root - INFO - test acc from best model : 71.05
2023-09-08 00:39:08,805 - root - INFO - Tempo treinamento:  1702.67 seconds
2023-09-08 00:39:08,805 - root - INFO - Menor loss: 0.8768236289024353
2023-09-08 00:39:08,805 - root - INFO - Acurácia de teste do melhor modelo: 71.05
2023-09-08 00:39:08,805 - root - INFO - Métricas
2023-09-08 00:39:08,805 - root - INFO - ACC
2023-09-08 00:39:08,806 - root - INFO - {'epoch': [1,
           2,
           3,
           4,
           5,
           6,
           7,
           8,
           9,
           10,
           11,
           12,
           13,
           14,
           15,
           16,
           17,
           18,
           19,
           20],
 'test_acc': [54.15,
              60.99,
              65.0,
              67.14,
              66.12,
              71.05,
              66.8,
              69.64,
              69.43,
              70.73,
              70.53,
              69.66,
              68.7,
              69.91000000000001,
              69.59,
              70.13000000000001,
              71.09,
              70.71,
              70.67999999999999,
              71.54],
 'train_acc': [49.075,
               62.645,
               68.405,
               72.4675,
               75.6125,
               78.235,
               80.4925,
               83.0025,
               85.03,
               86.6775,
               88.52,
               89.72,
               91.09,
               92.3225,
               93.195,
               93.7075,
               94.385,
               95.0525,
               95.2625,
               95.575],
 'val_acc': [54.13,
             61.18,
             64.49000000000001,
             66.86,
             65.63,
             70.83,
             66.41,
             69.52000000000001,
             69.44,
             70.93,
             70.33,
             69.46,
             68.17,
             69.32000000000001,
             69.36,
             70.28,
             70.95,
             70.46,
             70.48,
             70.98]}
2023-09-08 00:39:08,806 - root - INFO - LOSS
2023-09-08 00:39:08,806 - root - INFO - {'epoch': [1,
           2,
           3,
           4,
           5,
           6,
           7,
           8,
           9,
           10,
           11,
           12,
           13,
           14,
           15,
           16,
           17,
           18,
           19,
           20],
 'test_loss': [1.3124847143173217,
               1.1100716478347779,
               1.0084602024078368,
               0.952699483203888,
               0.988296513080597,
               0.8706800036430359,
               1.110423483276367,
               0.9625989747047424,
               1.0760724860191344,
               1.0600994378089905,
               1.0994232707977294,
               1.1250082513809203,
               1.2534852212905885,
               1.3429162722587586,
               1.3912605758666992,
               1.5577544427871703,
               1.4162002534866334,
               1.4424853547096252,
               1.5846011170387269,
               1.6270281494140626],
 'train_loss': [1.388524269580841,
                1.047131342601776,
                0.8912678013086319,
                0.7797508609771728,
                0.6909025697469712,
                0.6185406846523285,
                0.5469205316066742,
                0.47621381375193594,
                0.4175003376156092,
                0.3672841835975647,
                0.3191666887998581,
                0.28753081111609935,
                0.24737209440767766,
                0.21409077965021134,
                0.19298536744713785,
                0.17601347177922724,
                0.15890660589933395,
                0.14201823042333125,
                0.1348156235575676,
                0.1276793706446886],
 'val_loss': [1.315524533843994,
              1.1167395937919617,
              1.0100506290435791,
              0.9637047387123108,
              0.9966509260177613,
              0.8768236289024353,
              1.1070147853851318,
              0.9431570800304413,
              1.0696390195131302,
              1.0598886406898498,
              1.1043533092498778,
              1.113403353691101,
              1.258223832511902,
              1.3434521096229552,
              1.3778946365356446,
              1.546193485736847,
              1.4125229553222656,
              1.442164177131653,
              1.587177263736725,
              1.6322159846305848]}
2023-09-08 01:59:24,605 - root - INFO - --------------------- Iniciando Teste 16 ---------------------
2023-09-08 01:59:24,605 - root - INFO - Rodando evaluation
2023-09-08 01:59:24,605 - root - INFO - Construindo dataset para a rede LENET5
