2023-09-02 04:47:18,829 - root - INFO - --------------------- Iniciando Novo Treinamento 28 ---------------------
2023-09-02 04:47:18,829 - root - INFO - Parametros
2023-09-02 04:47:18,830 - root - INFO - {'batch_size': 64,
 'dataset': 'FASHIONMNIST',
 'epochs': 10,
 'learning_rate': 0.001,
 'network': 'ALEXNET',
 'num_workers': 1}
2023-09-02 04:47:18,830 - root - INFO - Construindo dataset para a rede ALEXNET
2023-09-02 04:47:19,242 - root - INFO - Construindo modelo para a rede ALEXNET
2023-09-02 04:47:19,488 - root - INFO - AlexNet(
  (layer1): Sequential(
    (0): Conv2d(1, 96, kernel_size=(11, 11), stride=(4, 4))
    (1): BatchNorm2d(96, eps=1e-05, momentum=0.1, affine=True, track_running_stats=True)
    (2): ReLU()
    (3): MaxPool2d(kernel_size=3, stride=2, padding=0, dilation=1, ceil_mode=False)
  )
  (layer2): Sequential(
    (0): Conv2d(96, 256, kernel_size=(5, 5), stride=(1, 1), padding=(2, 2))
    (1): BatchNorm2d(256, eps=1e-05, momentum=0.1, affine=True, track_running_stats=True)
    (2): ReLU()
    (3): MaxPool2d(kernel_size=3, stride=2, padding=0, dilation=1, ceil_mode=False)
  )
  (layer3): Sequential(
    (0): Conv2d(256, 384, kernel_size=(3, 3), stride=(1, 1), padding=(1, 1))
    (1): BatchNorm2d(384, eps=1e-05, momentum=0.1, affine=True, track_running_stats=True)
    (2): ReLU()
  )
  (layer4): Sequential(
    (0): Conv2d(384, 384, kernel_size=(3, 3), stride=(1, 1), padding=(1, 1))
    (1): BatchNorm2d(384, eps=1e-05, momentum=0.1, affine=True, track_running_stats=True)
    (2): ReLU()
  )
  (layer5): Sequential(
    (0): Conv2d(384, 256, kernel_size=(3, 3), stride=(1, 1), padding=(1, 1))
    (1): BatchNorm2d(256, eps=1e-05, momentum=0.1, affine=True, track_running_stats=True)
    (2): ReLU()
    (3): MaxPool2d(kernel_size=3, stride=2, padding=0, dilation=1, ceil_mode=False)
  )
  (fc): Sequential(
    (0): Dropout(p=0.5, inplace=False)
    (1): Linear(in_features=9216, out_features=4096, bias=True)
    (2): ReLU()
  )
  (fc1): Sequential(
    (0): Dropout(p=0.5, inplace=False)
    (1): Linear(in_features=4096, out_features=4096, bias=True)
    (2): ReLU()
  )
  (fc2): Sequential(
    (0): Linear(in_features=4096, out_features=10, bias=True)
  )
)
2023-09-02 04:47:19,488 - root - INFO - Iniciando treinamento
2023-09-02 04:47:19,488 - root - INFO - Epoch 1
-------------------------------
2023-09-02 04:48:37,976 - root - INFO - Validation loss decreased from : inf ----> 0.5547778760182097 ----> Saving Model.......
2023-09-02 04:48:37,976 - root - INFO - Validation acc:  79.04166666666667
2023-09-02 04:48:38,211 - root - INFO - Época: 1 - Test Acc: 78.47 - Val Acc: 79.04166666666667
2023-09-02 04:48:38,211 - root - INFO - Epoch 2
-------------------------------
2023-09-02 04:49:57,702 - root - INFO - Validation loss decreased from : 0.5547778760182097 ----> 0.4690514081653128 ----> Saving Model.......
2023-09-02 04:49:57,702 - root - INFO - Validation acc:  85.0
2023-09-02 04:49:58,502 - root - INFO - Época: 2 - Test Acc: 84.11 - Val Acc: 85.0
2023-09-02 04:49:58,502 - root - INFO - Epoch 3
-------------------------------
2023-09-02 04:51:17,557 - root - INFO - Validation loss decreased from : 0.4690514081653128 ----> 0.42636961870371026 ----> Saving Model.......
2023-09-02 04:51:17,557 - root - INFO - Validation acc:  86.64166666666667
2023-09-02 04:51:18,342 - root - INFO - Época: 3 - Test Acc: 86.11999999999999 - Val Acc: 86.64166666666667
2023-09-02 04:51:18,342 - root - INFO - Epoch 4
-------------------------------
2023-09-02 04:52:37,693 - root - INFO - Validation loss decreased from : 0.42636961870371026 ----> 0.39247802858974074 ----> Saving Model.......
2023-09-02 04:52:37,693 - root - INFO - Validation acc:  87.98333333333333
2023-09-02 04:52:38,550 - root - INFO - Época: 4 - Test Acc: 86.87 - Val Acc: 87.98333333333333
2023-09-02 04:52:38,550 - root - INFO - Epoch 5
-------------------------------
2023-09-02 04:53:57,690 - root - INFO - Validation loss decreased from : 0.39247802858974074 ----> 0.3746928929331455 ----> Saving Model.......
2023-09-02 04:53:57,690 - root - INFO - Validation acc:  86.8
2023-09-02 04:53:58,501 - root - INFO - Época: 5 - Test Acc: 86.4 - Val Acc: 86.8
2023-09-02 04:53:58,501 - root - INFO - Epoch 6
-------------------------------
2023-09-02 04:55:17,591 - root - INFO - Validation loss decreased from : 0.3746928929331455 ----> 0.33999570506684323 ----> Saving Model.......
2023-09-02 04:55:17,591 - root - INFO - Validation acc:  89.70833333333333
2023-09-02 04:55:18,377 - root - INFO - Época: 6 - Test Acc: 89.22 - Val Acc: 89.70833333333333
2023-09-02 04:55:18,377 - root - INFO - Epoch 7
-------------------------------
2023-09-02 04:56:37,084 - root - INFO - Validation loss decreased from : 0.33999570506684323 ----> 0.30283691147540476 ----> Saving Model.......
2023-09-02 04:56:37,084 - root - INFO - Validation acc:  90.15833333333333
2023-09-02 04:56:37,943 - root - INFO - Época: 7 - Test Acc: 89.47 - Val Acc: 90.15833333333333
2023-09-02 04:56:37,943 - root - INFO - Epoch 8
-------------------------------
2023-09-02 04:57:56,926 - root - INFO - Época: 8 - Test Acc: 89.53 - Val Acc: 89.8
2023-09-02 04:57:56,926 - root - INFO - Epoch 9
-------------------------------
2023-09-02 04:59:16,068 - root - INFO - Validation loss decreased from : 0.30283691147540476 ----> 0.27671100579677743 ----> Saving Model.......
2023-09-02 04:59:16,068 - root - INFO - Validation acc:  90.75833333333333
2023-09-02 04:59:16,920 - root - INFO - Época: 9 - Test Acc: 90.42999999999999 - Val Acc: 90.75833333333333
2023-09-02 04:59:16,921 - root - INFO - Epoch 10
-------------------------------
2023-09-02 05:00:36,054 - root - INFO - Época: 10 - Test Acc: 89.22 - Val Acc: 89.725
2023-09-02 05:00:36,054 - root - INFO - Tempo treinamento:  796.57 seconds
2023-09-02 05:00:36,054 - root - INFO - Métricas
2023-09-02 05:00:36,054 - root - INFO - ACC
2023-09-02 05:00:36,054 - root - INFO - {'epoch': [1, 2, 3, 4, 5, 6, 7, 8, 9, 10],
 'test_acc': [78.47,
              84.11,
              86.11999999999999,
              86.87,
              86.4,
              89.22,
              89.47,
              89.53,
              90.42999999999999,
              89.22],
 'train_acc': [68.74166666666666,
               78.775,
               81.94375,
               84.3,
               85.75416666666666,
               86.7875,
               88.12083333333334,
               88.84166666666667,
               89.63958333333333,
               90.08541666666666],
 'val_acc': [79.04166666666667,
             85.0,
             86.64166666666667,
             87.98333333333333,
             86.8,
             89.70833333333333,
             90.15833333333333,
             89.8,
             90.75833333333333,
             89.725]}
2023-09-02 05:00:36,054 - root - INFO - LOSS
2023-09-02 05:00:36,055 - root - INFO - {'epoch': [1, 2, 3, 4, 5, 6, 7, 8, 9, 10],
 'test_loss': [0.5703082834459414,
               0.48458271573303613,
               0.43605078443600115,
               0.40348830638797417,
               0.38687180647045183,
               0.3521853060859024,
               0.31399421308450637,
               0.32362495429196936,
               0.28787563427998003,
               0.33617844883423703],
 'train_loss': [0.9343653393983841,
                0.5719367110331853,
                0.48920542430877684,
                0.43557796055078507,
                0.3914833668867747,
                0.3637724564572175,
                0.3347823111017545,
                0.31260954532027246,
                0.29188294503589474,
                0.2765024087627729],
 'val_loss': [0.5547778760182097,
              0.4690514081653128,
              0.42636961870371026,
              0.39247802858974074,
              0.3746928929331455,
              0.33999570506684323,
              0.30283691147540476,
              0.30923510905593,
              0.27671100579677743,
              0.32288277434541823]}
2023-09-02 05:00:38,953 - root - INFO - Rodando evaluation
2023-09-02 05:00:38,953 - root - INFO - Construindo dataset para a rede ALEXNET
