2023-09-04 01:31:48,235 - root - INFO - --------------------- Iniciando Novo Treinamento 44 ---------------------
2023-09-04 01:31:48,235 - root - INFO - Parametros
2023-09-04 01:31:48,235 - root - INFO - {'batch_size': 64,
 'dataset': 'CIFAR10',
 'epochs': 10,
 'learning_rate': 0.0001,
 'network': 'VGG16',
 'num_workers': 1}
2023-09-04 01:31:48,235 - root - INFO - Construindo dataset para a rede VGG16
2023-09-04 01:31:53,243 - root - INFO - VGG16(
  (layer1): Sequential(
    (0): Conv2d(1, 64, kernel_size=(3, 3), stride=(1, 1), padding=(1, 1))
    (1): BatchNorm2d(64, eps=1e-05, momentum=0.1, affine=True, track_running_stats=True)
    (2): ReLU()
  )
  (layer2): Sequential(
    (0): Conv2d(64, 64, kernel_size=(3, 3), stride=(1, 1), padding=(1, 1))
    (1): BatchNorm2d(64, eps=1e-05, momentum=0.1, affine=True, track_running_stats=True)
    (2): ReLU()
    (3): MaxPool2d(kernel_size=2, stride=2, padding=0, dilation=1, ceil_mode=False)
  )
  (layer3): Sequential(
    (0): Conv2d(64, 128, kernel_size=(3, 3), stride=(1, 1), padding=(1, 1))
    (1): BatchNorm2d(128, eps=1e-05, momentum=0.1, affine=True, track_running_stats=True)
    (2): ReLU()
  )
  (layer4): Sequential(
    (0): Conv2d(128, 128, kernel_size=(3, 3), stride=(1, 1), padding=(1, 1))
    (1): BatchNorm2d(128, eps=1e-05, momentum=0.1, affine=True, track_running_stats=True)
    (2): ReLU()
    (3): MaxPool2d(kernel_size=2, stride=2, padding=0, dilation=1, ceil_mode=False)
  )
  (layer5): Sequential(
    (0): Conv2d(128, 256, kernel_size=(3, 3), stride=(1, 1), padding=(1, 1))
    (1): BatchNorm2d(256, eps=1e-05, momentum=0.1, affine=True, track_running_stats=True)
    (2): ReLU()
  )
  (layer6): Sequential(
    (0): Conv2d(256, 256, kernel_size=(3, 3), stride=(1, 1), padding=(1, 1))
    (1): BatchNorm2d(256, eps=1e-05, momentum=0.1, affine=True, track_running_stats=True)
    (2): ReLU()
  )
  (layer7): Sequential(
    (0): Conv2d(256, 256, kernel_size=(3, 3), stride=(1, 1), padding=(1, 1))
    (1): BatchNorm2d(256, eps=1e-05, momentum=0.1, affine=True, track_running_stats=True)
    (2): ReLU()
    (3): MaxPool2d(kernel_size=2, stride=2, padding=0, dilation=1, ceil_mode=False)
  )
  (layer8): Sequential(
    (0): Conv2d(256, 512, kernel_size=(3, 3), stride=(1, 1), padding=(1, 1))
    (1): BatchNorm2d(512, eps=1e-05, momentum=0.1, affine=True, track_running_stats=True)
    (2): ReLU()
  )
  (layer9): Sequential(
    (0): Conv2d(512, 512, kernel_size=(3, 3), stride=(1, 1), padding=(1, 1))
    (1): BatchNorm2d(512, eps=1e-05, momentum=0.1, affine=True, track_running_stats=True)
    (2): ReLU()
  )
  (layer10): Sequential(
    (0): Conv2d(512, 512, kernel_size=(3, 3), stride=(1, 1), padding=(1, 1))
    (1): BatchNorm2d(512, eps=1e-05, momentum=0.1, affine=True, track_running_stats=True)
    (2): ReLU()
    (3): MaxPool2d(kernel_size=2, stride=2, padding=0, dilation=1, ceil_mode=False)
  )
  (layer11): Sequential(
    (0): Conv2d(512, 512, kernel_size=(3, 3), stride=(1, 1), padding=(1, 1))
    (1): BatchNorm2d(512, eps=1e-05, momentum=0.1, affine=True, track_running_stats=True)
    (2): ReLU()
  )
  (layer12): Sequential(
    (0): Conv2d(512, 512, kernel_size=(3, 3), stride=(1, 1), padding=(1, 1))
    (1): BatchNorm2d(512, eps=1e-05, momentum=0.1, affine=True, track_running_stats=True)
    (2): ReLU()
  )
  (layer13): Sequential(
    (0): Conv2d(512, 512, kernel_size=(3, 3), stride=(1, 1), padding=(1, 1))
    (1): BatchNorm2d(512, eps=1e-05, momentum=0.1, affine=True, track_running_stats=True)
    (2): ReLU()
    (3): MaxPool2d(kernel_size=2, stride=2, padding=0, dilation=1, ceil_mode=False)
  )
  (fc): Sequential(
    (0): Linear(in_features=25088, out_features=4096, bias=True)
    (1): ReLU()
    (2): Dropout(p=0.5, inplace=False)
  )
  (fc1): Sequential(
    (0): Linear(in_features=4096, out_features=4096, bias=True)
    (1): ReLU()
    (2): Dropout(p=0.5, inplace=False)
  )
  (fc2): Sequential(
    (0): Linear(in_features=4096, out_features=10, bias=True)
  )
)
2023-09-04 01:31:53,244 - root - INFO - Iniciando treinamento
2023-09-04 01:31:53,244 - root - INFO - Epoch 1
-------------------------------
2023-09-04 01:39:26,185 - root - INFO - Validation loss decreased from : inf ----> 1.2862661569595337 ----> Saving Model.......
2023-09-04 01:39:26,185 - root - INFO - Validation acc:  53.239999999999995
2023-09-04 01:39:26,185 - root - INFO - Best Test acc from 0 ----> 54.48
2023-09-04 01:39:26,185 - root - INFO - Época 1/10
2023-09-04 01:39:26,185 - root - INFO - loss: 1.7053477451324464 - accuracy: 37.7825 - val_loss: 1.2862661569595337 - val_accuracy: 53.239999999999995
2023-09-04 01:39:26,185 - root - INFO - [Test] ---> accuracy: 54.48 - loss: 1.2767334436416626
2023-09-04 01:39:26,185 - root - INFO - test acc from best model : 54.48
2023-09-04 01:39:26,185 - root - INFO - Epoch 2
-------------------------------
2023-09-04 01:47:01,537 - root - INFO - Validation loss decreased from : 1.2862661569595337 ----> 1.0091626920700074 ----> Saving Model.......
2023-09-04 01:47:01,537 - root - INFO - Validation acc:  64.7
2023-09-04 01:47:01,537 - root - INFO - Best Test acc from 54.48 ----> 64.62
2023-09-04 01:47:01,537 - root - INFO - Época 2/10
2023-09-04 01:47:01,537 - root - INFO - loss: 1.0468289819717407 - accuracy: 62.945 - val_loss: 1.0091626920700074 - val_accuracy: 64.7
2023-09-04 01:47:01,537 - root - INFO - [Test] ---> accuracy: 64.62 - loss: 1.0043513198852538
2023-09-04 01:47:01,537 - root - INFO - test acc from best model : 64.62
2023-09-04 01:47:01,537 - root - INFO - Epoch 3
-------------------------------
2023-09-04 01:54:36,611 - root - INFO - Validation loss decreased from : 1.0091626920700074 ----> 0.8439128802299499 ----> Saving Model.......
2023-09-04 01:54:36,611 - root - INFO - Validation acc:  70.24000000000001
2023-09-04 01:54:36,611 - root - INFO - Best Test acc from 64.62 ----> 70.8
2023-09-04 01:54:36,611 - root - INFO - Época 3/10
2023-09-04 01:54:36,611 - root - INFO - loss: 0.8185348641395569 - accuracy: 71.42 - val_loss: 0.8439128802299499 - val_accuracy: 70.24000000000001
2023-09-04 01:54:36,611 - root - INFO - [Test] ---> accuracy: 70.8 - loss: 0.837198672580719
2023-09-04 01:54:36,611 - root - INFO - test acc from best model : 70.8
2023-09-04 01:54:36,611 - root - INFO - Epoch 4
-------------------------------
2023-09-04 02:02:12,126 - root - INFO - Validation loss decreased from : 0.8439128802299499 ----> 0.7961511413574218 ----> Saving Model.......
2023-09-04 02:02:12,126 - root - INFO - Validation acc:  72.06
2023-09-04 02:02:12,126 - root - INFO - Best Test acc from 70.8 ----> 71.97
2023-09-04 02:02:12,126 - root - INFO - Época 4/10
2023-09-04 02:02:12,126 - root - INFO - loss: 0.6994310343265533 - accuracy: 75.5625 - val_loss: 0.7961511413574218 - val_accuracy: 72.06
2023-09-04 02:02:12,126 - root - INFO - [Test] ---> accuracy: 71.97 - loss: 0.7997440711975098
2023-09-04 02:02:12,126 - root - INFO - test acc from best model : 71.97
2023-09-04 02:02:12,126 - root - INFO - Epoch 5
-------------------------------
2023-09-04 02:09:47,589 - root - INFO - Validation loss decreased from : 0.7961511413574218 ----> 0.6748660571098327 ----> Saving Model.......
2023-09-04 02:09:47,589 - root - INFO - Validation acc:  76.32
2023-09-04 02:09:47,589 - root - INFO - Best Test acc from 71.97 ----> 76.37
2023-09-04 02:09:47,589 - root - INFO - Época 5/10
2023-09-04 02:09:47,589 - root - INFO - loss: 0.6071552205085754 - accuracy: 79.0075 - val_loss: 0.6748660571098327 - val_accuracy: 76.32
2023-09-04 02:09:47,589 - root - INFO - [Test] ---> accuracy: 76.37 - loss: 0.687403642654419
2023-09-04 02:09:47,589 - root - INFO - test acc from best model : 76.37
2023-09-04 02:09:47,589 - root - INFO - Epoch 6
-------------------------------
2023-09-04 02:17:21,965 - root - INFO - Validation loss decreased from : 0.6748660571098327 ----> 0.5734607706069946 ----> Saving Model.......
2023-09-04 02:17:21,965 - root - INFO - Validation acc:  80.33
2023-09-04 02:17:21,965 - root - INFO - Best Test acc from 76.37 ----> 80.02
2023-09-04 02:17:21,965 - root - INFO - Época 6/10
2023-09-04 02:17:21,965 - root - INFO - loss: 0.5382313715934753 - accuracy: 81.3925 - val_loss: 0.5734607706069946 - val_accuracy: 80.33
2023-09-04 02:17:21,965 - root - INFO - [Test] ---> accuracy: 80.02 - loss: 0.5840064061164856
2023-09-04 02:17:21,965 - root - INFO - test acc from best model : 80.02
2023-09-04 02:17:21,965 - root - INFO - Epoch 7
-------------------------------
2023-09-04 02:24:57,952 - root - INFO - Época 7/10
2023-09-04 02:24:57,952 - root - INFO - loss: 0.47413935768604276 - accuracy: 83.4875 - val_loss: 0.7766957899093628 - val_accuracy: 75.96000000000001
2023-09-04 02:24:57,952 - root - INFO - [Test] ---> accuracy: 75.83 - loss: 0.7982251755714417
2023-09-04 02:24:57,952 - root - INFO - test acc from best model : 80.02
2023-09-04 02:24:57,952 - root - INFO - Epoch 8
-------------------------------
2023-09-04 02:32:32,881 - root - INFO - Época 8/10
2023-09-04 02:32:32,882 - root - INFO - loss: 0.4247234738826752 - accuracy: 85.275 - val_loss: 0.6130126309394837 - val_accuracy: 79.58
2023-09-04 02:32:32,882 - root - INFO - [Test] ---> accuracy: 79.16 - loss: 0.6340625759124756
2023-09-04 02:32:32,882 - root - INFO - test acc from best model : 80.02
2023-09-04 02:32:32,882 - root - INFO - Epoch 9
-------------------------------
2023-09-04 02:40:08,029 - root - INFO - Época 9/10
2023-09-04 02:40:08,029 - root - INFO - loss: 0.374845931828022 - accuracy: 87.1325 - val_loss: 0.5905313067317008 - val_accuracy: 80.73
2023-09-04 02:40:08,029 - root - INFO - [Test] ---> accuracy: 80.94 - loss: 0.5767370409488678
2023-09-04 02:40:08,029 - root - INFO - test acc from best model : 80.02
2023-09-04 02:40:08,029 - root - INFO - Epoch 10
-------------------------------
2023-09-04 02:47:43,890 - root - INFO - Época 10/10
2023-09-04 02:47:43,890 - root - INFO - loss: 0.3351450526714325 - accuracy: 88.375 - val_loss: 0.6055104537010193 - val_accuracy: 80.16
2023-09-04 02:47:43,890 - root - INFO - [Test] ---> accuracy: 79.69000000000001 - loss: 0.6148688329696655
2023-09-04 02:47:43,890 - root - INFO - test acc from best model : 80.02
2023-09-04 02:47:43,890 - root - INFO - Tempo treinamento:  4550.65 seconds
2023-09-04 02:47:43,890 - root - INFO - Menor loss: 0.5734607706069946
2023-09-04 02:47:43,890 - root - INFO - Acurácia de teste do melhor modelo: 80.02
2023-09-04 02:47:43,890 - root - INFO - Métricas
2023-09-04 02:47:43,890 - root - INFO - ACC
2023-09-04 02:47:43,891 - root - INFO - {'epoch': [1, 2, 3, 4, 5, 6, 7, 8, 9, 10],
 'test_acc': [54.48,
              64.62,
              70.8,
              71.97,
              76.37,
              80.02,
              75.83,
              79.16,
              80.94,
              79.69000000000001],
 'train_acc': [37.7825,
               62.945,
               71.42,
               75.5625,
               79.0075,
               81.3925,
               83.4875,
               85.275,
               87.1325,
               88.375],
 'val_acc': [53.239999999999995,
             64.7,
             70.24000000000001,
             72.06,
             76.32,
             80.33,
             75.96000000000001,
             79.58,
             80.73,
             80.16]}
2023-09-04 02:47:43,891 - root - INFO - LOSS
2023-09-04 02:47:43,891 - root - INFO - {'epoch': [1, 2, 3, 4, 5, 6, 7, 8, 9, 10],
 'test_loss': [1.2767334436416626,
               1.0043513198852538,
               0.837198672580719,
               0.7997440711975098,
               0.687403642654419,
               0.5840064061164856,
               0.7982251755714417,
               0.6340625759124756,
               0.5767370409488678,
               0.6148688329696655],
 'train_loss': [1.7053477451324464,
                1.0468289819717407,
                0.8185348641395569,
                0.6994310343265533,
                0.6071552205085754,
                0.5382313715934753,
                0.47413935768604276,
                0.4247234738826752,
                0.374845931828022,
                0.3351450526714325],
 'val_loss': [1.2862661569595337,
              1.0091626920700074,
              0.8439128802299499,
              0.7961511413574218,
              0.6748660571098327,
              0.5734607706069946,
              0.7766957899093628,
              0.6130126309394837,
              0.5905313067317008,
              0.6055104537010193]}
2023-09-08 02:01:32,255 - root - INFO - --------------------- Iniciando Teste 44 ---------------------
2023-09-08 02:01:32,258 - root - INFO - Rodando evaluation
2023-09-08 02:01:32,259 - root - INFO - Construindo dataset para a rede VGG16
2023-09-08 03:44:15,714 - root - INFO - --------------------- Iniciando Teste 44 ---------------------
2023-09-08 03:44:15,717 - root - INFO - Rodando evaluation
2023-09-08 03:44:15,718 - root - INFO - Construindo dataset para a rede VGG16
