2023-09-03 05:00:43,213 - root - INFO - --------------------- Iniciando Novo Treinamento 60 ---------------------
2023-09-03 05:00:43,213 - root - INFO - Parametros
2023-09-03 05:00:43,213 - root - INFO - {'batch_size': 64,
 'dataset': 'FASHIONMNIST',
 'epochs': 25,
 'learning_rate': 0.001,
 'network': 'VGG16',
 'num_workers': 1}
2023-09-03 05:00:43,213 - root - INFO - Construindo dataset para a rede VGG16
2023-09-03 05:00:48,989 - root - INFO - VGG16(
  (layer1): Sequential(
    (0): Conv2d(1, 64, kernel_size=(3, 3), stride=(1, 1), padding=(1, 1))
    (1): BatchNorm2d(64, eps=1e-05, momentum=0.1, affine=True, track_running_stats=True)
    (2): ReLU()
  )
  (layer2): Sequential(
    (0): Conv2d(64, 64, kernel_size=(3, 3), stride=(1, 1), padding=(1, 1))
    (1): BatchNorm2d(64, eps=1e-05, momentum=0.1, affine=True, track_running_stats=True)
    (2): ReLU()
    (3): MaxPool2d(kernel_size=2, stride=2, padding=0, dilation=1, ceil_mode=False)
  )
  (layer3): Sequential(
    (0): Conv2d(64, 128, kernel_size=(3, 3), stride=(1, 1), padding=(1, 1))
    (1): BatchNorm2d(128, eps=1e-05, momentum=0.1, affine=True, track_running_stats=True)
    (2): ReLU()
  )
  (layer4): Sequential(
    (0): Conv2d(128, 128, kernel_size=(3, 3), stride=(1, 1), padding=(1, 1))
    (1): BatchNorm2d(128, eps=1e-05, momentum=0.1, affine=True, track_running_stats=True)
    (2): ReLU()
    (3): MaxPool2d(kernel_size=2, stride=2, padding=0, dilation=1, ceil_mode=False)
  )
  (layer5): Sequential(
    (0): Conv2d(128, 256, kernel_size=(3, 3), stride=(1, 1), padding=(1, 1))
    (1): BatchNorm2d(256, eps=1e-05, momentum=0.1, affine=True, track_running_stats=True)
    (2): ReLU()
  )
  (layer6): Sequential(
    (0): Conv2d(256, 256, kernel_size=(3, 3), stride=(1, 1), padding=(1, 1))
    (1): BatchNorm2d(256, eps=1e-05, momentum=0.1, affine=True, track_running_stats=True)
    (2): ReLU()
  )
  (layer7): Sequential(
    (0): Conv2d(256, 256, kernel_size=(3, 3), stride=(1, 1), padding=(1, 1))
    (1): BatchNorm2d(256, eps=1e-05, momentum=0.1, affine=True, track_running_stats=True)
    (2): ReLU()
    (3): MaxPool2d(kernel_size=2, stride=2, padding=0, dilation=1, ceil_mode=False)
  )
  (layer8): Sequential(
    (0): Conv2d(256, 512, kernel_size=(3, 3), stride=(1, 1), padding=(1, 1))
    (1): BatchNorm2d(512, eps=1e-05, momentum=0.1, affine=True, track_running_stats=True)
    (2): ReLU()
  )
  (layer9): Sequential(
    (0): Conv2d(512, 512, kernel_size=(3, 3), stride=(1, 1), padding=(1, 1))
    (1): BatchNorm2d(512, eps=1e-05, momentum=0.1, affine=True, track_running_stats=True)
    (2): ReLU()
  )
  (layer10): Sequential(
    (0): Conv2d(512, 512, kernel_size=(3, 3), stride=(1, 1), padding=(1, 1))
    (1): BatchNorm2d(512, eps=1e-05, momentum=0.1, affine=True, track_running_stats=True)
    (2): ReLU()
    (3): MaxPool2d(kernel_size=2, stride=2, padding=0, dilation=1, ceil_mode=False)
  )
  (layer11): Sequential(
    (0): Conv2d(512, 512, kernel_size=(3, 3), stride=(1, 1), padding=(1, 1))
    (1): BatchNorm2d(512, eps=1e-05, momentum=0.1, affine=True, track_running_stats=True)
    (2): ReLU()
  )
  (layer12): Sequential(
    (0): Conv2d(512, 512, kernel_size=(3, 3), stride=(1, 1), padding=(1, 1))
    (1): BatchNorm2d(512, eps=1e-05, momentum=0.1, affine=True, track_running_stats=True)
    (2): ReLU()
  )
  (layer13): Sequential(
    (0): Conv2d(512, 512, kernel_size=(3, 3), stride=(1, 1), padding=(1, 1))
    (1): BatchNorm2d(512, eps=1e-05, momentum=0.1, affine=True, track_running_stats=True)
    (2): ReLU()
    (3): MaxPool2d(kernel_size=2, stride=2, padding=0, dilation=1, ceil_mode=False)
  )
  (fc): Sequential(
    (0): Linear(in_features=25088, out_features=4096, bias=True)
    (1): ReLU()
    (2): Dropout(p=0.5, inplace=False)
  )
  (fc1): Sequential(
    (0): Linear(in_features=4096, out_features=4096, bias=True)
    (1): ReLU()
    (2): Dropout(p=0.5, inplace=False)
  )
  (fc2): Sequential(
    (0): Linear(in_features=4096, out_features=10, bias=True)
  )
)
2023-09-03 05:00:48,990 - root - INFO - Iniciando treinamento
2023-09-03 05:00:48,990 - root - INFO - Epoch 1
-------------------------------
2023-09-03 05:09:59,121 - root - INFO - Validation loss decreased from : inf ----> 0.011900759513179461 ----> Saving Model.......
2023-09-03 05:09:59,121 - root - INFO - Validation acc:  69.39999999999999
2023-09-03 05:09:59,121 - root - INFO - Best Test acc from 0 ----> 69.44
2023-09-03 05:09:59,122 - root - INFO - Época 1/25
2023-09-03 05:09:59,122 - root - INFO - loss: 0.02981420001015067 - accuracy: 58.4 - val_loss: 0.011900759513179461 - val_accuracy: 69.39999999999999
2023-09-03 05:09:59,122 - root - INFO - [Test] ---> accuracy: 69.44 - loss: 0.011965659150481225
2023-09-03 05:09:59,122 - root - INFO - Epoch 2
-------------------------------
2023-09-03 05:19:12,404 - root - INFO - Validation loss decreased from : 0.011900759513179461 ----> 0.009117978823681672 ----> Saving Model.......
2023-09-03 05:19:12,405 - root - INFO - Validation acc:  78.25833333333333
2023-09-03 05:19:12,405 - root - INFO - Best Test acc from 69.44 ----> 78.22
2023-09-03 05:19:12,405 - root - INFO - Época 2/25
2023-09-03 05:19:12,405 - root - INFO - loss: 0.012942258234446247 - accuracy: 69.09583333333333 - val_loss: 0.009117978823681672 - val_accuracy: 78.25833333333333
2023-09-03 05:19:12,405 - root - INFO - [Test] ---> accuracy: 78.22 - loss: 0.00914920249581337
2023-09-03 05:19:12,405 - root - INFO - Epoch 3
-------------------------------
2023-09-03 05:28:24,357 - root - INFO - Validation loss decreased from : 0.009117978823681672 ----> 0.00857912736137708 ----> Saving Model.......
2023-09-03 05:28:24,357 - root - INFO - Validation acc:  81.76666666666667
2023-09-03 05:28:24,357 - root - INFO - Best Test acc from 78.22 ----> 81.11
2023-09-03 05:28:24,357 - root - INFO - Época 3/25
2023-09-03 05:28:24,357 - root - INFO - loss: 0.011063540788988272 - accuracy: 73.14375 - val_loss: 0.00857912736137708 - val_accuracy: 81.76666666666667
2023-09-03 05:28:24,357 - root - INFO - [Test] ---> accuracy: 81.11 - loss: 0.008723591530323028
2023-09-03 05:28:24,357 - root - INFO - Epoch 4
-------------------------------
2023-09-03 05:37:38,074 - root - INFO - Validation loss decreased from : 0.00857912736137708 ----> 0.007816299912830194 ----> Saving Model.......
2023-09-03 05:37:38,075 - root - INFO - Validation acc:  81.125
2023-09-03 05:37:38,075 - root - INFO - Best Test acc from 81.11 ----> 80.2
2023-09-03 05:37:38,075 - root - INFO - Época 4/25
2023-09-03 05:37:38,075 - root - INFO - loss: 0.009029029085611304 - accuracy: 77.96875 - val_loss: 0.007816299912830194 - val_accuracy: 81.125
2023-09-03 05:37:38,075 - root - INFO - [Test] ---> accuracy: 80.2 - loss: 0.007920254895091057
2023-09-03 05:37:38,075 - root - INFO - Epoch 5
-------------------------------
2023-09-03 05:46:50,807 - root - INFO - Validation loss decreased from : 0.007816299912830194 ----> 0.006688782992462317 ----> Saving Model.......
2023-09-03 05:46:50,807 - root - INFO - Validation acc:  85.5
2023-09-03 05:46:50,807 - root - INFO - Best Test acc from 80.2 ----> 85.2
2023-09-03 05:46:50,807 - root - INFO - Época 5/25
2023-09-03 05:46:50,807 - root - INFO - loss: 0.007772858262062073 - accuracy: 81.35208333333334 - val_loss: 0.006688782992462317 - val_accuracy: 85.5
2023-09-03 05:46:50,807 - root - INFO - [Test] ---> accuracy: 85.2 - loss: 0.006863299345970154
2023-09-03 05:46:50,807 - root - INFO - Epoch 6
-------------------------------
2023-09-03 05:56:05,142 - root - INFO - Época 6/25
2023-09-03 05:56:05,142 - root - INFO - loss: 0.006769071442075073 - accuracy: 84.225 - val_loss: 0.00686101204653581 - val_accuracy: 84.21666666666667
2023-09-03 05:56:05,142 - root - INFO - [Test] ---> accuracy: 83.62 - loss: 0.006973723001778126
2023-09-03 05:56:05,142 - root - INFO - Epoch 7
-------------------------------
2023-09-03 06:05:19,775 - root - INFO - Validation loss decreased from : 0.006688782992462317 ----> 0.006126800049096346 ----> Saving Model.......
2023-09-03 06:05:19,775 - root - INFO - Validation acc:  86.83333333333333
2023-09-03 06:05:19,775 - root - INFO - Best Test acc from 85.2 ----> 86.64
2023-09-03 06:05:19,776 - root - INFO - Época 7/25
2023-09-03 06:05:19,776 - root - INFO - loss: 0.006068917988178631 - accuracy: 86.07291666666667 - val_loss: 0.006126800049096346 - val_accuracy: 86.83333333333333
2023-09-03 06:05:19,776 - root - INFO - [Test] ---> accuracy: 86.64 - loss: 0.006140131697058677
2023-09-03 06:05:19,776 - root - INFO - Epoch 8
-------------------------------
2023-09-03 06:14:34,665 - root - INFO - Validation loss decreased from : 0.006126800049096346 ----> 0.005350918037196 ----> Saving Model.......
2023-09-03 06:14:34,665 - root - INFO - Validation acc:  88.16666666666667
2023-09-03 06:14:34,665 - root - INFO - Best Test acc from 86.64 ----> 87.83999999999999
2023-09-03 06:14:34,666 - root - INFO - Época 8/25
2023-09-03 06:14:34,666 - root - INFO - loss: 0.005433837189339101 - accuracy: 87.82083333333334 - val_loss: 0.005350918037196 - val_accuracy: 88.16666666666667
2023-09-03 06:14:34,666 - root - INFO - [Test] ---> accuracy: 87.83999999999999 - loss: 0.005380962005257606
2023-09-03 06:14:34,666 - root - INFO - Epoch 9
-------------------------------
2023-09-03 06:23:47,599 - root - INFO - Validation loss decreased from : 0.005350918037196 ----> 0.004826304527620474 ----> Saving Model.......
2023-09-03 06:23:47,600 - root - INFO - Validation acc:  89.98333333333333
2023-09-03 06:23:47,600 - root - INFO - Best Test acc from 87.83999999999999 ----> 90.3
2023-09-03 06:23:47,600 - root - INFO - Época 9/25
2023-09-03 06:23:47,600 - root - INFO - loss: 0.004968458405540635 - accuracy: 88.95833333333333 - val_loss: 0.004826304527620474 - val_accuracy: 89.98333333333333
2023-09-03 06:23:47,600 - root - INFO - [Test] ---> accuracy: 90.3 - loss: 0.004801753322780132
2023-09-03 06:23:47,600 - root - INFO - Epoch 10
-------------------------------
2023-09-03 06:33:01,670 - root - INFO - Validation loss decreased from : 0.004826304527620474 ----> 0.004556734689821799 ----> Saving Model.......
2023-09-03 06:33:01,671 - root - INFO - Validation acc:  90.51666666666667
2023-09-03 06:33:01,671 - root - INFO - Best Test acc from 90.3 ----> 90.67
2023-09-03 06:33:01,671 - root - INFO - Época 10/25
2023-09-03 06:33:01,671 - root - INFO - loss: 0.004534398048805694 - accuracy: 89.87291666666667 - val_loss: 0.004556734689821799 - val_accuracy: 90.51666666666667
2023-09-03 06:33:01,671 - root - INFO - [Test] ---> accuracy: 90.67 - loss: 0.0045645849108695985
2023-09-03 06:33:01,671 - root - INFO - Epoch 11
-------------------------------
2023-09-03 06:42:12,945 - root - INFO - Época 11/25
2023-09-03 06:42:12,945 - root - INFO - loss: 0.004200843375020971 - accuracy: 90.77708333333334 - val_loss: 0.004672665031005939 - val_accuracy: 89.90833333333333
2023-09-03 06:42:12,945 - root - INFO - [Test] ---> accuracy: 89.51 - loss: 0.004758890390396118
2023-09-03 06:42:12,945 - root - INFO - Epoch 12
-------------------------------
2023-09-03 06:51:25,237 - root - INFO - Validation loss decreased from : 0.004556734689821799 ----> 0.004289623339350025 ----> Saving Model.......
2023-09-03 06:51:25,238 - root - INFO - Validation acc:  90.66666666666666
2023-09-03 06:51:25,238 - root - INFO - Best Test acc from 90.67 ----> 90.22
2023-09-03 06:51:25,238 - root - INFO - Época 12/25
2023-09-03 06:51:25,238 - root - INFO - loss: 0.003961012445855886 - accuracy: 91.11458333333333 - val_loss: 0.004289623339350025 - val_accuracy: 90.66666666666666
2023-09-03 06:51:25,238 - root - INFO - [Test] ---> accuracy: 90.22 - loss: 0.004363719516247511
2023-09-03 06:51:25,238 - root - INFO - Epoch 13
-------------------------------
2023-09-03 07:00:38,151 - root - INFO - Validation loss decreased from : 0.004289623339350025 ----> 0.004017688707138101 ----> Saving Model.......
2023-09-03 07:00:38,151 - root - INFO - Validation acc:  91.7
2023-09-03 07:00:38,151 - root - INFO - Best Test acc from 90.22 ----> 91.08000000000001
2023-09-03 07:00:38,151 - root - INFO - Época 13/25
2023-09-03 07:00:38,151 - root - INFO - loss: 0.003814576090313494 - accuracy: 91.41041666666666 - val_loss: 0.004017688707138101 - val_accuracy: 91.7
2023-09-03 07:00:38,151 - root - INFO - [Test] ---> accuracy: 91.08000000000001 - loss: 0.004106265334039926
2023-09-03 07:00:38,151 - root - INFO - Epoch 14
-------------------------------
2023-09-03 07:09:49,319 - root - INFO - Validation loss decreased from : 0.004017688707138101 ----> 0.003539839442508916 ----> Saving Model.......
2023-09-03 07:09:49,319 - root - INFO - Validation acc:  92.19166666666668
2023-09-03 07:09:49,319 - root - INFO - Best Test acc from 91.08000000000001 ----> 91.97999999999999
2023-09-03 07:09:49,319 - root - INFO - Época 14/25
2023-09-03 07:09:49,319 - root - INFO - loss: 0.0034112193485877165 - accuracy: 92.41041666666666 - val_loss: 0.003539839442508916 - val_accuracy: 92.19166666666668
2023-09-03 07:09:49,319 - root - INFO - [Test] ---> accuracy: 91.97999999999999 - loss: 0.003630877357721329
2023-09-03 07:09:49,320 - root - INFO - Epoch 15
-------------------------------
2023-09-03 07:19:02,647 - root - INFO - Época 15/25
2023-09-03 07:19:02,647 - root - INFO - loss: 0.0032802406383367877 - accuracy: 92.65833333333333 - val_loss: 0.004172123771160841 - val_accuracy: 90.99166666666667
2023-09-03 07:19:02,647 - root - INFO - [Test] ---> accuracy: 90.99000000000001 - loss: 0.004270529486984014
2023-09-03 07:19:02,647 - root - INFO - Epoch 16
-------------------------------
2023-09-03 07:28:16,459 - root - INFO - Época 16/25
2023-09-03 07:28:16,460 - root - INFO - loss: 0.0031117639831112075 - accuracy: 93.13125 - val_loss: 0.003646047051375111 - val_accuracy: 92.69166666666668
2023-09-03 07:28:16,460 - root - INFO - [Test] ---> accuracy: 91.75999999999999 - loss: 0.0038767917707562445
2023-09-03 07:28:16,460 - root - INFO - Epoch 17
-------------------------------
2023-09-03 07:37:29,870 - root - INFO - Validation loss decreased from : 0.003539839442508916 ----> 0.0035120818180342517 ----> Saving Model.......
2023-09-03 07:37:29,870 - root - INFO - Validation acc:  92.38333333333333
2023-09-03 07:37:29,870 - root - INFO - Best Test acc from 91.97999999999999 ----> 92.31
2023-09-03 07:37:29,870 - root - INFO - Época 17/25
2023-09-03 07:37:29,870 - root - INFO - loss: 0.0030189316319301726 - accuracy: 93.39583333333333 - val_loss: 0.0035120818180342517 - val_accuracy: 92.38333333333333
2023-09-03 07:37:29,870 - root - INFO - [Test] ---> accuracy: 92.31 - loss: 0.003593246204406023
2023-09-03 07:37:29,870 - root - INFO - Epoch 18
-------------------------------
2023-09-03 07:46:42,619 - root - INFO - Validation loss decreased from : 0.0035120818180342517 ----> 0.0033312730866794783 ----> Saving Model.......
2023-09-03 07:46:42,619 - root - INFO - Validation acc:  92.90833333333333
2023-09-03 07:46:42,619 - root - INFO - Best Test acc from 92.31 ----> 92.43
2023-09-03 07:46:42,619 - root - INFO - Época 18/25
2023-09-03 07:46:42,619 - root - INFO - loss: 0.002752043510825994 - accuracy: 93.92083333333333 - val_loss: 0.0033312730866794783 - val_accuracy: 92.90833333333333
2023-09-03 07:46:42,619 - root - INFO - [Test] ---> accuracy: 92.43 - loss: 0.0033894098930060865
2023-09-03 07:46:42,619 - root - INFO - Epoch 19
-------------------------------
2023-09-03 07:55:57,748 - root - INFO - Época 19/25
2023-09-03 07:55:57,748 - root - INFO - loss: 0.0025935110044277582 - accuracy: 94.34166666666667 - val_loss: 0.0033463134945680697 - val_accuracy: 92.9
2023-09-03 07:55:57,748 - root - INFO - [Test] ---> accuracy: 92.25999999999999 - loss: 0.003550713620334864
2023-09-03 07:55:57,748 - root - INFO - Epoch 20
-------------------------------
2023-09-03 08:05:12,846 - root - INFO - Época 20/25
2023-09-03 08:05:12,846 - root - INFO - loss: 0.0024041623821249233 - accuracy: 94.71875 - val_loss: 0.003380285800434649 - val_accuracy: 92.80833333333334
2023-09-03 08:05:12,847 - root - INFO - [Test] ---> accuracy: 92.14 - loss: 0.0037707437455654145
2023-09-03 08:05:12,847 - root - INFO - Epoch 21
-------------------------------
2023-09-03 08:14:27,773 - root - INFO - Validation loss decreased from : 0.0033312730866794783 ----> 0.0032170388121157884 ----> Saving Model.......
2023-09-03 08:14:27,774 - root - INFO - Validation acc:  93.2
2023-09-03 08:14:27,774 - root - INFO - Best Test acc from 92.43 ----> 92.65
2023-09-03 08:14:27,774 - root - INFO - Época 21/25
2023-09-03 08:14:27,774 - root - INFO - loss: 0.0022887553670055544 - accuracy: 94.87708333333333 - val_loss: 0.0032170388121157884 - val_accuracy: 93.2
2023-09-03 08:14:27,774 - root - INFO - [Test] ---> accuracy: 92.65 - loss: 0.003509028710797429
2023-09-03 08:14:27,774 - root - INFO - Epoch 22
-------------------------------
2023-09-03 08:23:43,255 - root - INFO - Validation loss decreased from : 0.0032170388121157884 ----> 0.0030272176216046016 ----> Saving Model.......
2023-09-03 08:23:43,255 - root - INFO - Validation acc:  93.38333333333333
2023-09-03 08:23:43,255 - root - INFO - Best Test acc from 92.65 ----> 92.72
2023-09-03 08:23:43,255 - root - INFO - Época 22/25
2023-09-03 08:23:43,255 - root - INFO - loss: 0.002084901712563199 - accuracy: 95.38333333333334 - val_loss: 0.0030272176216046016 - val_accuracy: 93.38333333333333
2023-09-03 08:23:43,255 - root - INFO - [Test] ---> accuracy: 92.72 - loss: 0.003340804647654295
2023-09-03 08:23:43,255 - root - INFO - Epoch 23
-------------------------------
2023-09-03 08:32:57,657 - root - INFO - Época 23/25
2023-09-03 08:32:57,658 - root - INFO - loss: 0.0020088515259946388 - accuracy: 95.48958333333333 - val_loss: 0.0032843585846324764 - val_accuracy: 93.23333333333333
2023-09-03 08:32:57,658 - root - INFO - [Test] ---> accuracy: 92.99 - loss: 0.0034478557504713536
2023-09-03 08:32:57,658 - root - INFO - Epoch 24
-------------------------------
2023-09-03 08:42:10,465 - root - INFO - Época 24/25
2023-09-03 08:42:10,465 - root - INFO - loss: 0.0018465604453813285 - accuracy: 95.875 - val_loss: 0.0034226365570599834 - val_accuracy: 92.94166666666666
2023-09-03 08:42:10,465 - root - INFO - [Test] ---> accuracy: 92.92 - loss: 0.003655352468043566
2023-09-03 08:42:10,465 - root - INFO - Epoch 25
-------------------------------
2023-09-03 08:51:24,449 - root - INFO - Época 25/25
2023-09-03 08:51:24,449 - root - INFO - loss: 0.0017645876832539215 - accuracy: 96.14791666666666 - val_loss: 0.0033226948060716193 - val_accuracy: 93.10000000000001
2023-09-03 08:51:24,449 - root - INFO - [Test] ---> accuracy: 92.91 - loss: 0.0033933993788436054
2023-09-03 08:51:24,449 - root - INFO - Tempo treinamento:  13835.46 seconds
2023-09-03 08:51:24,449 - root - INFO - Menor loss: 0.0030272176216046016
2023-09-03 08:51:24,449 - root - INFO - Acurácia de teste do melhor modelo: 92.72
2023-09-03 08:51:24,449 - root - INFO - Métricas
2023-09-03 08:51:24,449 - root - INFO - ACC
2023-09-03 08:51:24,450 - root - INFO - {'epoch': [1,
           2,
           3,
           4,
           5,
           6,
           7,
           8,
           9,
           10,
           11,
           12,
           13,
           14,
           15,
           16,
           17,
           18,
           19,
           20,
           21,
           22,
           23,
           24,
           25],
 'test_acc': [69.44,
              78.22,
              81.11,
              80.2,
              85.2,
              83.62,
              86.64,
              87.83999999999999,
              90.3,
              90.67,
              89.51,
              90.22,
              91.08000000000001,
              91.97999999999999,
              90.99000000000001,
              91.75999999999999,
              92.31,
              92.43,
              92.25999999999999,
              92.14,
              92.65,
              92.72,
              92.99,
              92.92,
              92.91],
 'train_acc': [58.4,
               69.09583333333333,
               73.14375,
               77.96875,
               81.35208333333334,
               84.225,
               86.07291666666667,
               87.82083333333334,
               88.95833333333333,
               89.87291666666667,
               90.77708333333334,
               91.11458333333333,
               91.41041666666666,
               92.41041666666666,
               92.65833333333333,
               93.13125,
               93.39583333333333,
               93.92083333333333,
               94.34166666666667,
               94.71875,
               94.87708333333333,
               95.38333333333334,
               95.48958333333333,
               95.875,
               96.14791666666666],
 'val_acc': [69.39999999999999,
             78.25833333333333,
             81.76666666666667,
             81.125,
             85.5,
             84.21666666666667,
             86.83333333333333,
             88.16666666666667,
             89.98333333333333,
             90.51666666666667,
             89.90833333333333,
             90.66666666666666,
             91.7,
             92.19166666666668,
             90.99166666666667,
             92.69166666666668,
             92.38333333333333,
             92.90833333333333,
             92.9,
             92.80833333333334,
             93.2,
             93.38333333333333,
             93.23333333333333,
             92.94166666666666,
             93.10000000000001]}
2023-09-03 08:51:24,450 - root - INFO - LOSS
2023-09-03 08:51:24,450 - root - INFO - {'epoch': [1,
           2,
           3,
           4,
           5,
           6,
           7,
           8,
           9,
           10,
           11,
           12,
           13,
           14,
           15,
           16,
           17,
           18,
           19,
           20,
           21,
           22,
           23,
           24,
           25],
 'test_loss': [0.011965659150481225,
               0.00914920249581337,
               0.008723591530323028,
               0.007920254895091057,
               0.006863299345970154,
               0.006973723001778126,
               0.006140131697058677,
               0.005380962005257606,
               0.004801753322780132,
               0.0045645849108695985,
               0.004758890390396118,
               0.004363719516247511,
               0.004106265334039926,
               0.003630877357721329,
               0.004270529486984014,
               0.0038767917707562445,
               0.003593246204406023,
               0.0033894098930060865,
               0.003550713620334864,
               0.0037707437455654145,
               0.003509028710797429,
               0.003340804647654295,
               0.0034478557504713536,
               0.003655352468043566,
               0.0033933993788436054],
 'train_loss': [0.02981420001015067,
                0.012942258234446247,
                0.011063540788988272,
                0.009029029085611304,
                0.007772858262062073,
                0.006769071442075073,
                0.006068917988178631,
                0.005433837189339101,
                0.004968458405540635,
                0.004534398048805694,
                0.004200843375020971,
                0.003961012445855886,
                0.003814576090313494,
                0.0034112193485877165,
                0.0032802406383367877,
                0.0031117639831112075,
                0.0030189316319301726,
                0.002752043510825994,
                0.0025935110044277582,
                0.0024041623821249233,
                0.0022887553670055544,
                0.002084901712563199,
                0.0020088515259946388,
                0.0018465604453813285,
                0.0017645876832539215],
 'val_loss': [0.011900759513179461,
              0.009117978823681672,
              0.00857912736137708,
              0.007816299912830194,
              0.006688782992462317,
              0.00686101204653581,
              0.006126800049096346,
              0.005350918037196,
              0.004826304527620474,
              0.004556734689821799,
              0.004672665031005939,
              0.004289623339350025,
              0.004017688707138101,
              0.003539839442508916,
              0.004172123771160841,
              0.003646047051375111,
              0.0035120818180342517,
              0.0033312730866794783,
              0.0033463134945680697,
              0.003380285800434649,
              0.0032170388121157884,
              0.0030272176216046016,
              0.0032843585846324764,
              0.0034226365570599834,
              0.0033226948060716193]}
2023-09-08 02:02:55,744 - root - INFO - --------------------- Iniciando Teste 60 ---------------------
2023-09-08 02:02:55,747 - root - INFO - Rodando evaluation
2023-09-08 02:02:55,748 - root - INFO - Construindo dataset para a rede VGG16
2023-09-08 03:45:39,388 - root - INFO - --------------------- Iniciando Teste 60 ---------------------
2023-09-08 03:45:39,392 - root - INFO - Rodando evaluation
2023-09-08 03:45:39,392 - root - INFO - Construindo dataset para a rede VGG16
