2023-09-03 23:14:34,413 - root - INFO - --------------------- Iniciando Novo Treinamento 55 ---------------------
2023-09-03 23:14:34,413 - root - INFO - Parametros
2023-09-03 23:14:34,413 - root - INFO - {'batch_size': 32,
 'dataset': 'CIFAR10',
 'epochs': 15,
 'learning_rate': 0.001,
 'network': 'VGG16',
 'num_workers': 1}
2023-09-03 23:14:34,413 - root - INFO - Construindo dataset para a rede VGG16
2023-09-03 23:14:36,339 - root - INFO - VGG16(
  (layer1): Sequential(
    (0): Conv2d(1, 64, kernel_size=(3, 3), stride=(1, 1), padding=(1, 1))
    (1): BatchNorm2d(64, eps=1e-05, momentum=0.1, affine=True, track_running_stats=True)
    (2): ReLU()
  )
  (layer2): Sequential(
    (0): Conv2d(64, 64, kernel_size=(3, 3), stride=(1, 1), padding=(1, 1))
    (1): BatchNorm2d(64, eps=1e-05, momentum=0.1, affine=True, track_running_stats=True)
    (2): ReLU()
    (3): MaxPool2d(kernel_size=2, stride=2, padding=0, dilation=1, ceil_mode=False)
  )
  (layer3): Sequential(
    (0): Conv2d(64, 128, kernel_size=(3, 3), stride=(1, 1), padding=(1, 1))
    (1): BatchNorm2d(128, eps=1e-05, momentum=0.1, affine=True, track_running_stats=True)
    (2): ReLU()
  )
  (layer4): Sequential(
    (0): Conv2d(128, 128, kernel_size=(3, 3), stride=(1, 1), padding=(1, 1))
    (1): BatchNorm2d(128, eps=1e-05, momentum=0.1, affine=True, track_running_stats=True)
    (2): ReLU()
    (3): MaxPool2d(kernel_size=2, stride=2, padding=0, dilation=1, ceil_mode=False)
  )
  (layer5): Sequential(
    (0): Conv2d(128, 256, kernel_size=(3, 3), stride=(1, 1), padding=(1, 1))
    (1): BatchNorm2d(256, eps=1e-05, momentum=0.1, affine=True, track_running_stats=True)
    (2): ReLU()
  )
  (layer6): Sequential(
    (0): Conv2d(256, 256, kernel_size=(3, 3), stride=(1, 1), padding=(1, 1))
    (1): BatchNorm2d(256, eps=1e-05, momentum=0.1, affine=True, track_running_stats=True)
    (2): ReLU()
  )
  (layer7): Sequential(
    (0): Conv2d(256, 256, kernel_size=(3, 3), stride=(1, 1), padding=(1, 1))
    (1): BatchNorm2d(256, eps=1e-05, momentum=0.1, affine=True, track_running_stats=True)
    (2): ReLU()
    (3): MaxPool2d(kernel_size=2, stride=2, padding=0, dilation=1, ceil_mode=False)
  )
  (layer8): Sequential(
    (0): Conv2d(256, 512, kernel_size=(3, 3), stride=(1, 1), padding=(1, 1))
    (1): BatchNorm2d(512, eps=1e-05, momentum=0.1, affine=True, track_running_stats=True)
    (2): ReLU()
  )
  (layer9): Sequential(
    (0): Conv2d(512, 512, kernel_size=(3, 3), stride=(1, 1), padding=(1, 1))
    (1): BatchNorm2d(512, eps=1e-05, momentum=0.1, affine=True, track_running_stats=True)
    (2): ReLU()
  )
  (layer10): Sequential(
    (0): Conv2d(512, 512, kernel_size=(3, 3), stride=(1, 1), padding=(1, 1))
    (1): BatchNorm2d(512, eps=1e-05, momentum=0.1, affine=True, track_running_stats=True)
    (2): ReLU()
    (3): MaxPool2d(kernel_size=2, stride=2, padding=0, dilation=1, ceil_mode=False)
  )
  (layer11): Sequential(
    (0): Conv2d(512, 512, kernel_size=(3, 3), stride=(1, 1), padding=(1, 1))
    (1): BatchNorm2d(512, eps=1e-05, momentum=0.1, affine=True, track_running_stats=True)
    (2): ReLU()
  )
  (layer12): Sequential(
    (0): Conv2d(512, 512, kernel_size=(3, 3), stride=(1, 1), padding=(1, 1))
    (1): BatchNorm2d(512, eps=1e-05, momentum=0.1, affine=True, track_running_stats=True)
    (2): ReLU()
  )
  (layer13): Sequential(
    (0): Conv2d(512, 512, kernel_size=(3, 3), stride=(1, 1), padding=(1, 1))
    (1): BatchNorm2d(512, eps=1e-05, momentum=0.1, affine=True, track_running_stats=True)
    (2): ReLU()
    (3): MaxPool2d(kernel_size=2, stride=2, padding=0, dilation=1, ceil_mode=False)
  )
  (fc): Sequential(
    (0): Linear(in_features=25088, out_features=4096, bias=True)
    (1): ReLU()
    (2): Dropout(p=0.5, inplace=False)
  )
  (fc1): Sequential(
    (0): Linear(in_features=4096, out_features=4096, bias=True)
    (1): ReLU()
    (2): Dropout(p=0.5, inplace=False)
  )
  (fc2): Sequential(
    (0): Linear(in_features=4096, out_features=10, bias=True)
  )
)
2023-09-03 23:14:36,339 - root - INFO - Iniciando treinamento
2023-09-03 23:14:36,339 - root - INFO - Epoch 1
-------------------------------
2023-09-03 23:20:02,705 - root - INFO - Validation loss decreased from : inf ----> 2.3030177360534667 ----> Saving Model.......
2023-09-03 23:20:02,706 - root - INFO - Validation acc:  9.64
2023-09-03 23:20:02,706 - root - INFO - Best Test acc from 0 ----> 10.0
2023-09-03 23:20:02,706 - root - INFO - Época 1/15
2023-09-03 23:20:02,706 - root - INFO - loss: 2.727283036804199 - accuracy: 10.1425 - val_loss: 2.3030177360534667 - val_accuracy: 9.64
2023-09-03 23:20:02,706 - root - INFO - [Test] ---> accuracy: 10.0 - loss: 2.302768111419678
2023-09-03 23:20:02,706 - root - INFO - test acc from best model : 10.0
2023-09-03 23:20:02,706 - root - INFO - Epoch 2
-------------------------------
2023-09-03 23:25:35,228 - root - INFO - Validation loss decreased from : 2.3030177360534667 ----> 2.3029777313232422 ----> Saving Model.......
2023-09-03 23:25:35,228 - root - INFO - Validation acc:  10.09
2023-09-03 23:25:35,228 - root - INFO - Best Test acc from 10.0 ----> 10.0
2023-09-03 23:25:35,228 - root - INFO - Época 2/15
2023-09-03 23:25:35,228 - root - INFO - loss: 2.30802131690979 - accuracy: 10.035 - val_loss: 2.3029777313232422 - val_accuracy: 10.09
2023-09-03 23:25:35,228 - root - INFO - [Test] ---> accuracy: 10.0 - loss: 2.3031590255737306
2023-09-03 23:25:35,228 - root - INFO - test acc from best model : 10.0
2023-09-03 23:25:35,228 - root - INFO - Epoch 3
-------------------------------
2023-09-03 23:31:06,606 - root - INFO - Validation loss decreased from : 2.3029777313232422 ----> 2.3027677951812744 ----> Saving Model.......
2023-09-03 23:31:06,606 - root - INFO - Validation acc:  9.91
2023-09-03 23:31:06,606 - root - INFO - Best Test acc from 10.0 ----> 10.0
2023-09-03 23:31:06,606 - root - INFO - Época 3/15
2023-09-03 23:31:06,606 - root - INFO - loss: 2.3035573974609376 - accuracy: 10.32 - val_loss: 2.3027677951812744 - val_accuracy: 9.91
2023-09-03 23:31:06,606 - root - INFO - [Test] ---> accuracy: 10.0 - loss: 2.3028518299102783
2023-09-03 23:31:06,606 - root - INFO - test acc from best model : 10.0
2023-09-03 23:31:06,606 - root - INFO - Epoch 4
-------------------------------
2023-09-03 23:36:38,868 - root - INFO - Época 4/15
2023-09-03 23:36:38,868 - root - INFO - loss: 2.303077197265625 - accuracy: 10.0275 - val_loss: 2.303011032104492 - val_accuracy: 9.950000000000001
2023-09-03 23:36:38,868 - root - INFO - [Test] ---> accuracy: 10.0 - loss: 2.302809838104248
2023-09-03 23:36:38,868 - root - INFO - test acc from best model : 10.0
2023-09-03 23:36:38,868 - root - INFO - Epoch 5
-------------------------------
2023-09-03 23:42:10,404 - root - INFO - Época 5/15
2023-09-03 23:42:10,404 - root - INFO - loss: 2.30296220703125 - accuracy: 9.9525 - val_loss: 2.3028220417022705 - val_accuracy: 9.64
2023-09-03 23:42:10,405 - root - INFO - [Test] ---> accuracy: 10.0 - loss: 2.3026550819396974
2023-09-03 23:42:10,405 - root - INFO - test acc from best model : 10.0
2023-09-03 23:42:10,405 - root - INFO - Epoch 6
-------------------------------
2023-09-03 23:47:42,574 - root - INFO - Época 6/15
2023-09-03 23:47:42,574 - root - INFO - loss: 2.302812353515625 - accuracy: 9.965 - val_loss: 2.302917342376709 - val_accuracy: 9.64
2023-09-03 23:47:42,574 - root - INFO - [Test] ---> accuracy: 10.0 - loss: 2.3027081020355227
2023-09-03 23:47:42,574 - root - INFO - test acc from best model : 10.0
2023-09-03 23:47:42,574 - root - INFO - Epoch 7
-------------------------------
2023-09-03 23:53:14,533 - root - INFO - Época 7/15
2023-09-03 23:53:14,534 - root - INFO - loss: 2.302854443359375 - accuracy: 9.8525 - val_loss: 2.302993399810791 - val_accuracy: 9.64
2023-09-03 23:53:14,534 - root - INFO - [Test] ---> accuracy: 10.0 - loss: 2.3026872829437255
2023-09-03 23:53:14,534 - root - INFO - test acc from best model : 10.0
2023-09-03 23:53:14,534 - root - INFO - Epoch 8
-------------------------------
2023-09-03 23:58:46,355 - root - INFO - Época 8/15
2023-09-03 23:58:46,355 - root - INFO - loss: 2.302793994140625 - accuracy: 9.615 - val_loss: 2.3029723209381103 - val_accuracy: 9.64
2023-09-03 23:58:46,355 - root - INFO - [Test] ---> accuracy: 10.0 - loss: 2.302676303482056
2023-09-03 23:58:46,355 - root - INFO - test acc from best model : 10.0
2023-09-03 23:58:46,355 - root - INFO - Epoch 9
-------------------------------
2023-09-04 00:04:18,492 - root - INFO - Validation loss decreased from : 2.3027677951812744 ----> 2.3027498474121093 ----> Saving Model.......
2023-09-04 00:04:18,493 - root - INFO - Validation acc:  9.950000000000001
2023-09-04 00:04:18,493 - root - INFO - Best Test acc from 10.0 ----> 10.0
2023-09-04 00:04:18,493 - root - INFO - Época 9/15
2023-09-04 00:04:18,493 - root - INFO - loss: 2.302814697265625 - accuracy: 9.655 - val_loss: 2.3027498474121093 - val_accuracy: 9.950000000000001
2023-09-04 00:04:18,493 - root - INFO - [Test] ---> accuracy: 10.0 - loss: 2.3026158222198485
2023-09-04 00:04:18,493 - root - INFO - test acc from best model : 10.0
2023-09-04 00:04:18,493 - root - INFO - Epoch 10
-------------------------------
2023-09-04 00:09:50,648 - root - INFO - Validation loss decreased from : 2.3027498474121093 ----> 2.3027031391143797 ----> Saving Model.......
2023-09-04 00:09:50,648 - root - INFO - Validation acc:  9.83
2023-09-04 00:09:50,648 - root - INFO - Best Test acc from 10.0 ----> 10.0
2023-09-04 00:09:50,648 - root - INFO - Época 10/15
2023-09-04 00:09:50,648 - root - INFO - loss: 2.302785693359375 - accuracy: 9.7725 - val_loss: 2.3027031391143797 - val_accuracy: 9.83
2023-09-04 00:09:50,648 - root - INFO - [Test] ---> accuracy: 10.0 - loss: 2.3026076484680176
2023-09-04 00:09:50,648 - root - INFO - test acc from best model : 10.0
2023-09-04 00:09:50,648 - root - INFO - Epoch 11
-------------------------------
2023-09-04 00:15:22,409 - root - INFO - Época 11/15
2023-09-04 00:15:22,409 - root - INFO - loss: 2.3027779296875 - accuracy: 9.8575 - val_loss: 2.3028322875976563 - val_accuracy: 9.950000000000001
2023-09-04 00:15:22,409 - root - INFO - [Test] ---> accuracy: 10.0 - loss: 2.3026650123596193
2023-09-04 00:15:22,409 - root - INFO - test acc from best model : 10.0
2023-09-04 00:15:22,409 - root - INFO - Epoch 12
-------------------------------
2023-09-04 00:20:54,333 - root - INFO - Época 12/15
2023-09-04 00:20:54,333 - root - INFO - loss: 2.30278408203125 - accuracy: 9.91 - val_loss: 2.302788371658325 - val_accuracy: 9.64
2023-09-04 00:20:54,333 - root - INFO - [Test] ---> accuracy: 10.0 - loss: 2.3026259128570556
2023-09-04 00:20:54,333 - root - INFO - test acc from best model : 10.0
2023-09-04 00:20:54,333 - root - INFO - Epoch 13
-------------------------------
2023-09-04 00:26:26,492 - root - INFO - Época 13/15
2023-09-04 00:26:26,492 - root - INFO - loss: 2.302763330078125 - accuracy: 9.5475 - val_loss: 2.302993940734863 - val_accuracy: 9.64
2023-09-04 00:26:26,492 - root - INFO - [Test] ---> accuracy: 10.0 - loss: 2.302685580444336
2023-09-04 00:26:26,492 - root - INFO - test acc from best model : 10.0
2023-09-04 00:26:26,492 - root - INFO - Epoch 14
-------------------------------
2023-09-04 00:31:58,993 - root - INFO - Época 14/15
2023-09-04 00:31:58,993 - root - INFO - loss: 2.3027439453125 - accuracy: 9.945 - val_loss: 2.302728894805908 - val_accuracy: 9.91
2023-09-04 00:31:58,993 - root - INFO - [Test] ---> accuracy: 10.0 - loss: 2.3026264751434327
2023-09-04 00:31:58,993 - root - INFO - test acc from best model : 10.0
2023-09-04 00:31:58,993 - root - INFO - Epoch 15
-------------------------------
2023-09-04 00:37:31,036 - root - INFO - Validation loss decreased from : 2.3027031391143797 ----> 2.3026378406524657 ----> Saving Model.......
2023-09-04 00:37:31,036 - root - INFO - Validation acc:  9.91
2023-09-04 00:37:31,036 - root - INFO - Best Test acc from 10.0 ----> 10.0
2023-09-04 00:37:31,036 - root - INFO - Época 15/15
2023-09-04 00:37:31,036 - root - INFO - loss: 2.302771484375 - accuracy: 10.0775 - val_loss: 2.3026378406524657 - val_accuracy: 9.91
2023-09-04 00:37:31,036 - root - INFO - [Test] ---> accuracy: 10.0 - loss: 2.302630871963501
2023-09-04 00:37:31,036 - root - INFO - test acc from best model : 10.0
2023-09-04 00:37:31,036 - root - INFO - Tempo treinamento:  4974.70 seconds
2023-09-04 00:37:31,036 - root - INFO - Menor loss: 2.3026378406524657
2023-09-04 00:37:31,036 - root - INFO - Acurácia de teste do melhor modelo: 10.0
2023-09-04 00:37:31,036 - root - INFO - Métricas
2023-09-04 00:37:31,036 - root - INFO - ACC
2023-09-04 00:37:31,037 - root - INFO - {'epoch': [1, 2, 3, 4, 5, 6, 7, 8, 9, 10, 11, 12, 13, 14, 15],
 'test_acc': [10.0,
              10.0,
              10.0,
              10.0,
              10.0,
              10.0,
              10.0,
              10.0,
              10.0,
              10.0,
              10.0,
              10.0,
              10.0,
              10.0,
              10.0],
 'train_acc': [10.1425,
               10.035,
               10.32,
               10.0275,
               9.9525,
               9.965,
               9.8525,
               9.615,
               9.655,
               9.7725,
               9.8575,
               9.91,
               9.5475,
               9.945,
               10.0775],
 'val_acc': [9.64,
             10.09,
             9.91,
             9.950000000000001,
             9.64,
             9.64,
             9.64,
             9.64,
             9.950000000000001,
             9.83,
             9.950000000000001,
             9.64,
             9.64,
             9.91,
             9.91]}
2023-09-04 00:37:31,037 - root - INFO - LOSS
2023-09-04 00:37:31,037 - root - INFO - {'epoch': [1, 2, 3, 4, 5, 6, 7, 8, 9, 10, 11, 12, 13, 14, 15],
 'test_loss': [2.302768111419678,
               2.3031590255737306,
               2.3028518299102783,
               2.302809838104248,
               2.3026550819396974,
               2.3027081020355227,
               2.3026872829437255,
               2.302676303482056,
               2.3026158222198485,
               2.3026076484680176,
               2.3026650123596193,
               2.3026259128570556,
               2.302685580444336,
               2.3026264751434327,
               2.302630871963501],
 'train_loss': [2.727283036804199,
                2.30802131690979,
                2.3035573974609376,
                2.303077197265625,
                2.30296220703125,
                2.302812353515625,
                2.302854443359375,
                2.302793994140625,
                2.302814697265625,
                2.302785693359375,
                2.3027779296875,
                2.30278408203125,
                2.302763330078125,
                2.3027439453125,
                2.302771484375],
 'val_loss': [2.3030177360534667,
              2.3029777313232422,
              2.3027677951812744,
              2.303011032104492,
              2.3028220417022705,
              2.302917342376709,
              2.302993399810791,
              2.3029723209381103,
              2.3027498474121093,
              2.3027031391143797,
              2.3028322875976563,
              2.302788371658325,
              2.302993940734863,
              2.302728894805908,
              2.3026378406524657]}
2023-09-04 03:28:46,007 - root - INFO - --------------------- Iniciando Novo Treinamento 55 ---------------------
2023-09-04 03:28:46,007 - root - INFO - Parametros
2023-09-04 03:28:46,007 - root - INFO - {'batch_size': 32,
 'dataset': 'CIFAR10',
 'epochs': 15,
 'learning_rate': 0.0001,
 'network': 'VGG16',
 'num_workers': 1}
2023-09-04 03:28:46,007 - root - INFO - Construindo dataset para a rede VGG16
2023-09-04 03:28:47,942 - root - INFO - VGG16(
  (layer1): Sequential(
    (0): Conv2d(1, 64, kernel_size=(3, 3), stride=(1, 1), padding=(1, 1))
    (1): BatchNorm2d(64, eps=1e-05, momentum=0.1, affine=True, track_running_stats=True)
    (2): ReLU()
  )
  (layer2): Sequential(
    (0): Conv2d(64, 64, kernel_size=(3, 3), stride=(1, 1), padding=(1, 1))
    (1): BatchNorm2d(64, eps=1e-05, momentum=0.1, affine=True, track_running_stats=True)
    (2): ReLU()
    (3): MaxPool2d(kernel_size=2, stride=2, padding=0, dilation=1, ceil_mode=False)
  )
  (layer3): Sequential(
    (0): Conv2d(64, 128, kernel_size=(3, 3), stride=(1, 1), padding=(1, 1))
    (1): BatchNorm2d(128, eps=1e-05, momentum=0.1, affine=True, track_running_stats=True)
    (2): ReLU()
  )
  (layer4): Sequential(
    (0): Conv2d(128, 128, kernel_size=(3, 3), stride=(1, 1), padding=(1, 1))
    (1): BatchNorm2d(128, eps=1e-05, momentum=0.1, affine=True, track_running_stats=True)
    (2): ReLU()
    (3): MaxPool2d(kernel_size=2, stride=2, padding=0, dilation=1, ceil_mode=False)
  )
  (layer5): Sequential(
    (0): Conv2d(128, 256, kernel_size=(3, 3), stride=(1, 1), padding=(1, 1))
    (1): BatchNorm2d(256, eps=1e-05, momentum=0.1, affine=True, track_running_stats=True)
    (2): ReLU()
  )
  (layer6): Sequential(
    (0): Conv2d(256, 256, kernel_size=(3, 3), stride=(1, 1), padding=(1, 1))
    (1): BatchNorm2d(256, eps=1e-05, momentum=0.1, affine=True, track_running_stats=True)
    (2): ReLU()
  )
  (layer7): Sequential(
    (0): Conv2d(256, 256, kernel_size=(3, 3), stride=(1, 1), padding=(1, 1))
    (1): BatchNorm2d(256, eps=1e-05, momentum=0.1, affine=True, track_running_stats=True)
    (2): ReLU()
    (3): MaxPool2d(kernel_size=2, stride=2, padding=0, dilation=1, ceil_mode=False)
  )
  (layer8): Sequential(
    (0): Conv2d(256, 512, kernel_size=(3, 3), stride=(1, 1), padding=(1, 1))
    (1): BatchNorm2d(512, eps=1e-05, momentum=0.1, affine=True, track_running_stats=True)
    (2): ReLU()
  )
  (layer9): Sequential(
    (0): Conv2d(512, 512, kernel_size=(3, 3), stride=(1, 1), padding=(1, 1))
    (1): BatchNorm2d(512, eps=1e-05, momentum=0.1, affine=True, track_running_stats=True)
    (2): ReLU()
  )
  (layer10): Sequential(
    (0): Conv2d(512, 512, kernel_size=(3, 3), stride=(1, 1), padding=(1, 1))
    (1): BatchNorm2d(512, eps=1e-05, momentum=0.1, affine=True, track_running_stats=True)
    (2): ReLU()
    (3): MaxPool2d(kernel_size=2, stride=2, padding=0, dilation=1, ceil_mode=False)
  )
  (layer11): Sequential(
    (0): Conv2d(512, 512, kernel_size=(3, 3), stride=(1, 1), padding=(1, 1))
    (1): BatchNorm2d(512, eps=1e-05, momentum=0.1, affine=True, track_running_stats=True)
    (2): ReLU()
  )
  (layer12): Sequential(
    (0): Conv2d(512, 512, kernel_size=(3, 3), stride=(1, 1), padding=(1, 1))
    (1): BatchNorm2d(512, eps=1e-05, momentum=0.1, affine=True, track_running_stats=True)
    (2): ReLU()
  )
  (layer13): Sequential(
    (0): Conv2d(512, 512, kernel_size=(3, 3), stride=(1, 1), padding=(1, 1))
    (1): BatchNorm2d(512, eps=1e-05, momentum=0.1, affine=True, track_running_stats=True)
    (2): ReLU()
    (3): MaxPool2d(kernel_size=2, stride=2, padding=0, dilation=1, ceil_mode=False)
  )
  (fc): Sequential(
    (0): Linear(in_features=25088, out_features=4096, bias=True)
    (1): ReLU()
    (2): Dropout(p=0.5, inplace=False)
  )
  (fc1): Sequential(
    (0): Linear(in_features=4096, out_features=4096, bias=True)
    (1): ReLU()
    (2): Dropout(p=0.5, inplace=False)
  )
  (fc2): Sequential(
    (0): Linear(in_features=4096, out_features=10, bias=True)
  )
)
2023-09-04 03:28:47,943 - root - INFO - Iniciando treinamento
2023-09-04 03:28:47,943 - root - INFO - Epoch 1
-------------------------------
2023-09-04 03:34:16,818 - root - INFO - Validation loss decreased from : inf ----> 1.16663203830719 ----> Saving Model.......
2023-09-04 03:34:16,818 - root - INFO - Validation acc:  58.76
2023-09-04 03:34:16,818 - root - INFO - Best Test acc from 0 ----> 59.489999999999995
2023-09-04 03:34:16,818 - root - INFO - Época 1/15
2023-09-04 03:34:16,818 - root - INFO - loss: 1.6817484701633454 - accuracy: 38.5275 - val_loss: 1.16663203830719 - val_accuracy: 58.76
2023-09-04 03:34:16,818 - root - INFO - [Test] ---> accuracy: 59.489999999999995 - loss: 1.151896011543274
2023-09-04 03:34:16,818 - root - INFO - test acc from best model : 59.489999999999995
2023-09-04 03:34:16,818 - root - INFO - Epoch 2
-------------------------------
2023-09-04 03:39:51,353 - root - INFO - Validation loss decreased from : 1.16663203830719 ----> 1.013731347846985 ----> Saving Model.......
2023-09-04 03:39:51,353 - root - INFO - Validation acc:  64.63
2023-09-04 03:39:51,353 - root - INFO - Best Test acc from 59.489999999999995 ----> 64.33
2023-09-04 03:39:51,353 - root - INFO - Época 2/15
2023-09-04 03:39:51,353 - root - INFO - loss: 1.05581795771122 - accuracy: 62.6325 - val_loss: 1.013731347846985 - val_accuracy: 64.63
2023-09-04 03:39:51,353 - root - INFO - [Test] ---> accuracy: 64.33 - loss: 1.0203213886260987
2023-09-04 03:39:51,353 - root - INFO - test acc from best model : 64.33
2023-09-04 03:39:51,353 - root - INFO - Epoch 3
-------------------------------
2023-09-04 03:45:25,622 - root - INFO - Validation loss decreased from : 1.013731347846985 ----> 0.7835048051834106 ----> Saving Model.......
2023-09-04 03:45:25,622 - root - INFO - Validation acc:  72.53
2023-09-04 03:45:25,622 - root - INFO - Best Test acc from 64.33 ----> 73.11999999999999
2023-09-04 03:45:25,622 - root - INFO - Época 3/15
2023-09-04 03:45:25,622 - root - INFO - loss: 0.8470222468852997 - accuracy: 70.555 - val_loss: 0.7835048051834106 - val_accuracy: 72.53
2023-09-04 03:45:25,622 - root - INFO - [Test] ---> accuracy: 73.11999999999999 - loss: 0.7818906330108643
2023-09-04 03:45:25,622 - root - INFO - test acc from best model : 73.11999999999999
2023-09-04 03:45:25,622 - root - INFO - Epoch 4
-------------------------------
2023-09-04 03:51:00,111 - root - INFO - Validation loss decreased from : 0.7835048051834106 ----> 0.707063945531845 ----> Saving Model.......
2023-09-04 03:51:00,111 - root - INFO - Validation acc:  75.4
2023-09-04 03:51:00,111 - root - INFO - Best Test acc from 73.11999999999999 ----> 75.56
2023-09-04 03:51:00,111 - root - INFO - Época 4/15
2023-09-04 03:51:00,111 - root - INFO - loss: 0.7272434032440186 - accuracy: 74.955 - val_loss: 0.707063945531845 - val_accuracy: 75.4
2023-09-04 03:51:00,111 - root - INFO - [Test] ---> accuracy: 75.56 - loss: 0.7063177185058593
2023-09-04 03:51:00,111 - root - INFO - test acc from best model : 75.56
2023-09-04 03:51:00,111 - root - INFO - Epoch 5
-------------------------------
2023-09-04 03:56:34,645 - root - INFO - Validation loss decreased from : 0.707063945531845 ----> 0.6840383905649186 ----> Saving Model.......
2023-09-04 03:56:34,645 - root - INFO - Validation acc:  77.29
2023-09-04 03:56:34,645 - root - INFO - Best Test acc from 75.56 ----> 76.35
2023-09-04 03:56:34,645 - root - INFO - Época 5/15
2023-09-04 03:56:34,645 - root - INFO - loss: 0.638379673975706 - accuracy: 78.13 - val_loss: 0.6840383905649186 - val_accuracy: 77.29
2023-09-04 03:56:34,645 - root - INFO - [Test] ---> accuracy: 76.35 - loss: 0.7071290563106537
2023-09-04 03:56:34,645 - root - INFO - test acc from best model : 76.35
2023-09-04 03:56:34,645 - root - INFO - Epoch 6
-------------------------------
2023-09-04 04:02:09,056 - root - INFO - Validation loss decreased from : 0.6840383905649186 ----> 0.6279249836921692 ----> Saving Model.......
2023-09-04 04:02:09,057 - root - INFO - Validation acc:  78.82000000000001
2023-09-04 04:02:09,057 - root - INFO - Best Test acc from 76.35 ----> 78.77
2023-09-04 04:02:09,057 - root - INFO - Época 6/15
2023-09-04 04:02:09,057 - root - INFO - loss: 0.569043422472477 - accuracy: 80.605 - val_loss: 0.6279249836921692 - val_accuracy: 78.82000000000001
2023-09-04 04:02:09,057 - root - INFO - [Test] ---> accuracy: 78.77 - loss: 0.6292343416690827
2023-09-04 04:02:09,057 - root - INFO - test acc from best model : 78.77
2023-09-04 04:02:09,057 - root - INFO - Epoch 7
-------------------------------
2023-09-04 04:07:43,542 - root - INFO - Época 7/15
2023-09-04 04:07:43,542 - root - INFO - loss: 0.5021208317875863 - accuracy: 82.6725 - val_loss: 0.7116455295085907 - val_accuracy: 76.14
2023-09-04 04:07:43,542 - root - INFO - [Test] ---> accuracy: 76.42999999999999 - loss: 0.7177595143318176
2023-09-04 04:07:43,542 - root - INFO - test acc from best model : 78.77
2023-09-04 04:07:43,542 - root - INFO - Epoch 8
-------------------------------
2023-09-04 04:13:17,848 - root - INFO - Época 8/15
2023-09-04 04:13:17,848 - root - INFO - loss: 0.4533506444990635 - accuracy: 84.55 - val_loss: 0.682178166770935 - val_accuracy: 78.53
2023-09-04 04:13:17,848 - root - INFO - [Test] ---> accuracy: 77.66 - loss: 0.6956657147407532
2023-09-04 04:13:17,848 - root - INFO - test acc from best model : 78.77
2023-09-04 04:13:17,848 - root - INFO - Epoch 9
-------------------------------
2023-09-04 04:18:51,735 - root - INFO - Validation loss decreased from : 0.6279249836921692 ----> 0.5297865845918656 ----> Saving Model.......
2023-09-04 04:18:51,735 - root - INFO - Validation acc:  82.22
2023-09-04 04:18:51,735 - root - INFO - Best Test acc from 78.77 ----> 82.04
2023-09-04 04:18:51,735 - root - INFO - Época 9/15
2023-09-04 04:18:51,735 - root - INFO - loss: 0.4039137869536877 - accuracy: 86.15 - val_loss: 0.5297865845918656 - val_accuracy: 82.22
2023-09-04 04:18:51,735 - root - INFO - [Test] ---> accuracy: 82.04 - loss: 0.5399221688270569
2023-09-04 04:18:51,735 - root - INFO - test acc from best model : 82.04
2023-09-04 04:18:51,735 - root - INFO - Epoch 10
-------------------------------
2023-09-04 04:24:25,943 - root - INFO - Época 10/15
2023-09-04 04:24:25,944 - root - INFO - loss: 0.357255651307106 - accuracy: 87.505 - val_loss: 0.653802091550827 - val_accuracy: 78.42
2023-09-04 04:24:25,944 - root - INFO - [Test] ---> accuracy: 78.33 - loss: 0.6623757587432861
2023-09-04 04:24:25,944 - root - INFO - test acc from best model : 82.04
2023-09-04 04:24:25,944 - root - INFO - Epoch 11
-------------------------------
2023-09-04 04:29:59,946 - root - INFO - Época 11/15
2023-09-04 04:29:59,946 - root - INFO - loss: 0.31556291465163233 - accuracy: 88.995 - val_loss: 0.632211741733551 - val_accuracy: 79.53
2023-09-04 04:29:59,946 - root - INFO - [Test] ---> accuracy: 79.25999999999999 - loss: 0.6407359071731568
2023-09-04 04:29:59,946 - root - INFO - test acc from best model : 82.04
2023-09-04 04:29:59,946 - root - INFO - Epoch 12
-------------------------------
2023-09-04 04:35:34,191 - root - INFO - Validation loss decreased from : 0.5297865845918656 ----> 0.5146470693588256 ----> Saving Model.......
2023-09-04 04:35:34,191 - root - INFO - Validation acc:  83.64
2023-09-04 04:35:34,192 - root - INFO - Best Test acc from 82.04 ----> 83.34
2023-09-04 04:35:34,192 - root - INFO - Época 12/15
2023-09-04 04:35:34,192 - root - INFO - loss: 0.28563003457188607 - accuracy: 90.0825 - val_loss: 0.5146470693588256 - val_accuracy: 83.64
2023-09-04 04:35:34,192 - root - INFO - [Test] ---> accuracy: 83.34 - loss: 0.523565718793869
2023-09-04 04:35:34,192 - root - INFO - test acc from best model : 83.34
2023-09-04 04:35:34,192 - root - INFO - Epoch 13
-------------------------------
2023-09-04 04:41:08,242 - root - INFO - Época 13/15
2023-09-04 04:41:08,242 - root - INFO - loss: 0.25019775072932243 - accuracy: 91.295 - val_loss: 0.528105500125885 - val_accuracy: 83.97
2023-09-04 04:41:08,242 - root - INFO - [Test] ---> accuracy: 83.57 - loss: 0.5366300821065902
2023-09-04 04:41:08,242 - root - INFO - test acc from best model : 83.34
2023-09-04 04:41:08,242 - root - INFO - Epoch 14
-------------------------------
2023-09-04 04:46:42,364 - root - INFO - Época 14/15
2023-09-04 04:46:42,364 - root - INFO - loss: 0.22240211746692656 - accuracy: 92.2075 - val_loss: 0.6173988283157349 - val_accuracy: 82.55
2023-09-04 04:46:42,364 - root - INFO - [Test] ---> accuracy: 82.11 - loss: 0.6398674379825592
2023-09-04 04:46:42,364 - root - INFO - test acc from best model : 83.34
2023-09-04 04:46:42,364 - root - INFO - Epoch 15
-------------------------------
2023-09-04 04:52:16,380 - root - INFO - Época 15/15
2023-09-04 04:52:16,380 - root - INFO - loss: 0.20088815137147903 - accuracy: 93.0525 - val_loss: 0.6539061552166939 - val_accuracy: 82.15
2023-09-04 04:52:16,380 - root - INFO - [Test] ---> accuracy: 81.89 - loss: 0.6650148636579514
2023-09-04 04:52:16,380 - root - INFO - test acc from best model : 83.34
2023-09-04 04:52:16,380 - root - INFO - Tempo treinamento:  5008.44 seconds
2023-09-04 04:52:16,380 - root - INFO - Menor loss: 0.5146470693588256
2023-09-04 04:52:16,380 - root - INFO - Acurácia de teste do melhor modelo: 83.34
2023-09-04 04:52:16,380 - root - INFO - Métricas
2023-09-04 04:52:16,380 - root - INFO - ACC
2023-09-04 04:52:16,381 - root - INFO - {'epoch': [1, 2, 3, 4, 5, 6, 7, 8, 9, 10, 11, 12, 13, 14, 15],
 'test_acc': [59.489999999999995,
              64.33,
              73.11999999999999,
              75.56,
              76.35,
              78.77,
              76.42999999999999,
              77.66,
              82.04,
              78.33,
              79.25999999999999,
              83.34,
              83.57,
              82.11,
              81.89],
 'train_acc': [38.5275,
               62.6325,
               70.555,
               74.955,
               78.13,
               80.605,
               82.6725,
               84.55,
               86.15,
               87.505,
               88.995,
               90.0825,
               91.295,
               92.2075,
               93.0525],
 'val_acc': [58.76,
             64.63,
             72.53,
             75.4,
             77.29,
             78.82000000000001,
             76.14,
             78.53,
             82.22,
             78.42,
             79.53,
             83.64,
             83.97,
             82.55,
             82.15]}
2023-09-04 04:52:16,381 - root - INFO - LOSS
2023-09-04 04:52:16,381 - root - INFO - {'epoch': [1, 2, 3, 4, 5, 6, 7, 8, 9, 10, 11, 12, 13, 14, 15],
 'test_loss': [1.151896011543274,
               1.0203213886260987,
               0.7818906330108643,
               0.7063177185058593,
               0.7071290563106537,
               0.6292343416690827,
               0.7177595143318176,
               0.6956657147407532,
               0.5399221688270569,
               0.6623757587432861,
               0.6407359071731568,
               0.523565718793869,
               0.5366300821065902,
               0.6398674379825592,
               0.6650148636579514],
 'train_loss': [1.6817484701633454,
                1.05581795771122,
                0.8470222468852997,
                0.7272434032440186,
                0.638379673975706,
                0.569043422472477,
                0.5021208317875863,
                0.4533506444990635,
                0.4039137869536877,
                0.357255651307106,
                0.31556291465163233,
                0.28563003457188607,
                0.25019775072932243,
                0.22240211746692656,
                0.20088815137147903],
 'val_loss': [1.16663203830719,
              1.013731347846985,
              0.7835048051834106,
              0.707063945531845,
              0.6840383905649186,
              0.6279249836921692,
              0.7116455295085907,
              0.682178166770935,
              0.5297865845918656,
              0.653802091550827,
              0.632211741733551,
              0.5146470693588256,
              0.528105500125885,
              0.6173988283157349,
              0.6539061552166939]}
