2023-09-02 02:54:09,454 - root - INFO - --------------------- Iniciando Novo Treinamento 17 ---------------------
2023-09-02 02:54:09,454 - root - INFO - Parametros
2023-09-02 02:54:09,454 - root - INFO - {'batch_size': 32,
 'dataset': 'CIFAR10',
 'epochs': 25,
 'learning_rate': 0.001,
 'network': 'LENET5',
 'num_workers': 1}
2023-09-02 02:54:09,454 - root - INFO - Construindo dataset para a rede LENET5
2023-09-02 02:54:13,471 - root - INFO - Construindo modelo para a rede LENET5
2023-09-02 02:54:13,476 - root - INFO - LeNet5(
  (layer1): Sequential(
    (0): Conv2d(3, 18, kernel_size=(5, 5), stride=(1, 1))
    (1): BatchNorm2d(18, eps=1e-05, momentum=0.1, affine=True, track_running_stats=True)
    (2): ReLU()
    (3): MaxPool2d(kernel_size=2, stride=2, padding=0, dilation=1, ceil_mode=False)
  )
  (layer2): Sequential(
    (0): Conv2d(18, 48, kernel_size=(5, 5), stride=(1, 1))
    (1): BatchNorm2d(48, eps=1e-05, momentum=0.1, affine=True, track_running_stats=True)
    (2): ReLU()
    (3): MaxPool2d(kernel_size=2, stride=2, padding=0, dilation=1, ceil_mode=False)
  )
  (fc): Linear(in_features=1200, out_features=360, bias=True)
  (relu): ReLU()
  (fc1): Linear(in_features=360, out_features=252, bias=True)
  (relu1): ReLU()
  (fc2): Linear(in_features=252, out_features=10, bias=True)
)
2023-09-02 02:54:13,476 - root - INFO - Iniciando treinamento
2023-09-02 02:54:13,476 - root - INFO - Epoch 1
-------------------------------
2023-09-02 02:55:52,114 - root - INFO - Validation loss decreased from : inf ----> 1.3856146882136409 ----> Saving Model.......
2023-09-02 02:55:52,119 - root - INFO - Época: 1 - Test Acc: 52.52 - Val Acc: 52.190000000000005
2023-09-02 02:55:52,119 - root - INFO - Epoch 2
-------------------------------
2023-09-02 02:57:32,874 - root - INFO - Validation loss decreased from : 1.3856146882136409 ----> 1.1088661500059378 ----> Saving Model.......
2023-09-02 02:57:32,879 - root - INFO - Época: 2 - Test Acc: 60.78 - Val Acc: 60.86
2023-09-02 02:57:32,879 - root - INFO - Epoch 3
-------------------------------
2023-09-02 02:59:14,131 - root - INFO - Validation loss decreased from : 1.1088661500059378 ----> 0.9563935059137618 ----> Saving Model.......
2023-09-02 02:59:14,137 - root - INFO - Época: 3 - Test Acc: 67.07 - Val Acc: 66.92
2023-09-02 02:59:14,137 - root - INFO - Epoch 4
-------------------------------
2023-09-02 03:00:57,407 - root - INFO - Época: 4 - Test Acc: 66.60000000000001 - Val Acc: 66.38
2023-09-02 03:00:57,407 - root - INFO - Epoch 5
-------------------------------
2023-09-02 03:02:38,842 - root - INFO - Validation loss decreased from : 0.9563935059137618 ----> 0.942541050168272 ----> Saving Model.......
2023-09-02 03:02:38,847 - root - INFO - Época: 5 - Test Acc: 68.17999999999999 - Val Acc: 68.28
2023-09-02 03:02:38,847 - root - INFO - Epoch 6
-------------------------------
2023-09-02 03:04:20,676 - root - INFO - Validation loss decreased from : 0.942541050168272 ----> 0.9420576001318118 ----> Saving Model.......
2023-09-02 03:04:20,681 - root - INFO - Época: 6 - Test Acc: 69.51 - Val Acc: 69.24
2023-09-02 03:04:20,681 - root - INFO - Epoch 7
-------------------------------
2023-09-02 03:06:01,244 - root - INFO - Validation loss decreased from : 0.9420576001318118 ----> 0.9144002839018361 ----> Saving Model.......
2023-09-02 03:06:01,250 - root - INFO - Época: 7 - Test Acc: 69.91000000000001 - Val Acc: 70.44
2023-09-02 03:06:01,250 - root - INFO - Epoch 8
-------------------------------
2023-09-02 03:07:44,760 - root - INFO - Época: 8 - Test Acc: 68.69 - Val Acc: 68.5
2023-09-02 03:07:44,761 - root - INFO - Epoch 9
-------------------------------
2023-09-02 03:09:22,238 - root - INFO - Época: 9 - Test Acc: 71.38 - Val Acc: 71.24000000000001
2023-09-02 03:09:22,238 - root - INFO - Epoch 10
-------------------------------
2023-09-02 03:11:05,021 - root - INFO - Época: 10 - Test Acc: 67.63 - Val Acc: 68.47999999999999
2023-09-02 03:11:05,021 - root - INFO - Epoch 11
-------------------------------
2023-09-02 03:12:46,265 - root - INFO - Época: 11 - Test Acc: 68.49 - Val Acc: 68.30000000000001
2023-09-02 03:12:46,265 - root - INFO - Epoch 12
-------------------------------
2023-09-02 03:14:28,648 - root - INFO - Época: 12 - Test Acc: 71.24000000000001 - Val Acc: 70.37
2023-09-02 03:14:28,648 - root - INFO - Epoch 13
-------------------------------
2023-09-02 03:16:10,487 - root - INFO - Época: 13 - Test Acc: 70.02000000000001 - Val Acc: 69.52000000000001
2023-09-02 03:16:10,499 - root - INFO - Epoch 14
-------------------------------
2023-09-02 03:17:53,552 - root - INFO - Época: 14 - Test Acc: 70.84 - Val Acc: 70.59
2023-09-02 03:17:53,552 - root - INFO - Epoch 15
-------------------------------
2023-09-02 03:19:33,517 - root - INFO - Época: 15 - Test Acc: 70.92 - Val Acc: 71.28
2023-09-02 03:19:33,517 - root - INFO - Epoch 16
-------------------------------
2023-09-02 03:21:16,795 - root - INFO - Época: 16 - Test Acc: 69.72 - Val Acc: 69.75
2023-09-02 03:21:16,795 - root - INFO - Epoch 17
-------------------------------
2023-09-02 03:22:57,700 - root - INFO - Época: 17 - Test Acc: 69.71000000000001 - Val Acc: 69.65
2023-09-02 03:22:57,700 - root - INFO - Epoch 18
-------------------------------
2023-09-02 03:24:37,924 - root - INFO - Época: 18 - Test Acc: 69.64 - Val Acc: 70.08
2023-09-02 03:24:37,925 - root - INFO - Epoch 19
-------------------------------
2023-09-02 03:26:15,048 - root - INFO - Época: 19 - Test Acc: 69.47 - Val Acc: 69.35
2023-09-02 03:26:15,048 - root - INFO - Epoch 20
-------------------------------
2023-09-02 03:27:55,466 - root - INFO - Época: 20 - Test Acc: 69.5 - Val Acc: 69.88
2023-09-02 03:27:55,466 - root - INFO - Epoch 21
-------------------------------
2023-09-02 03:29:36,773 - root - INFO - Época: 21 - Test Acc: 70.49 - Val Acc: 70.21
2023-09-02 03:29:36,773 - root - INFO - Epoch 22
-------------------------------
2023-09-02 03:31:15,993 - root - INFO - Época: 22 - Test Acc: 70.32000000000001 - Val Acc: 69.43
2023-09-02 03:31:15,994 - root - INFO - Epoch 23
-------------------------------
2023-09-02 03:32:56,272 - root - INFO - Época: 23 - Test Acc: 70.13000000000001 - Val Acc: 69.84
2023-09-02 03:32:56,273 - root - INFO - Epoch 24
-------------------------------
2023-09-02 03:34:35,773 - root - INFO - Época: 24 - Test Acc: 69.82000000000001 - Val Acc: 69.83
2023-09-02 03:34:35,773 - root - INFO - Epoch 25
-------------------------------
2023-09-02 03:36:15,081 - root - INFO - Época: 25 - Test Acc: 70.32000000000001 - Val Acc: 69.87
2023-09-02 03:36:15,081 - root - INFO - Tempo treinamento:  2521.60 seconds
2023-09-02 03:36:15,081 - root - INFO - Métricas
2023-09-02 03:36:15,081 - root - INFO - ACC
2023-09-02 03:36:15,082 - root - INFO - {'epoch': [1,
           2,
           3,
           4,
           5,
           6,
           7,
           8,
           9,
           10,
           11,
           12,
           13,
           14,
           15,
           16,
           17,
           18,
           19,
           20,
           21,
           22,
           23,
           24,
           25],
 'test_acc': [52.52,
              60.78,
              67.07,
              66.60000000000001,
              68.17999999999999,
              69.51,
              69.91000000000001,
              68.69,
              71.38,
              67.63,
              68.49,
              71.24000000000001,
              70.02000000000001,
              70.84,
              70.92,
              69.72,
              69.71000000000001,
              69.64,
              69.47,
              69.5,
              70.49,
              70.32000000000001,
              70.13000000000001,
              69.82000000000001,
              70.32000000000001],
 'train_acc': [49.3025,
               62.365,
               68.415,
               72.8325,
               75.4725,
               78.03,
               80.5775,
               82.8525,
               84.9925,
               86.5725,
               88.4,
               89.7625,
               91.1325,
               92.2825,
               93.16,
               93.985,
               94.51,
               94.86,
               95.1775,
               95.6325,
               95.8725,
               96.32,
               96.43,
               96.335,
               96.7825],
 'val_acc': [52.190000000000005,
             60.86,
             66.92,
             66.38,
             68.28,
             69.24,
             70.44,
             68.5,
             71.24000000000001,
             68.47999999999999,
             68.30000000000001,
             70.37,
             69.52000000000001,
             70.59,
             71.28,
             69.75,
             69.65,
             70.08,
             69.35,
             69.88,
             70.21,
             69.43,
             69.84,
             69.83,
             69.87]}
2023-09-02 03:36:15,082 - root - INFO - LOSS
2023-09-02 03:36:15,082 - root - INFO - {'epoch': [1,
           2,
           3,
           4,
           5,
           6,
           7,
           8,
           9,
           10,
           11,
           12,
           13,
           14,
           15,
           16,
           17,
           18,
           19,
           20,
           21,
           22,
           23,
           24,
           25],
 'test_loss': [1.388590172456857,
               1.1013359231309008,
               0.9511552681557287,
               0.9817573437675501,
               0.9334796207210126,
               0.945736157341887,
               0.9252991232628258,
               0.9971431452816668,
               0.9819720703096816,
               1.1914608161955977,
               1.1396604971573376,
               1.09440993919921,
               1.2821212904140973,
               1.2407616448288146,
               1.3590320723410994,
               1.4828772844788365,
               1.5120454145887028,
               1.525171986784036,
               1.6112320305059513,
               1.6040382207201693,
               1.6950210767051281,
               1.7152709970459008,
               1.7152756899119186,
               1.8158616642601573,
               1.8078037029066787],
 'train_loss': [1.3872580444812774,
                1.0496004346370698,
                0.8926697589874267,
                0.7795679856538773,
                0.6968589902043343,
                0.6173531108498573,
                0.5465241233348846,
                0.4835160077691078,
                0.4175951223194599,
                0.3690162370860577,
                0.3233953721553087,
                0.2855666863694787,
                0.2443997438430786,
                0.21832983644008636,
                0.19253394645303487,
                0.17044953280538322,
                0.15720975092500447,
                0.14565577947609126,
                0.13711178896576165,
                0.12598558835536242,
                0.1165378751005046,
                0.10645484311841429,
                0.10792414490766823,
                0.10735739616975189,
                0.09365002396469936],
 'val_loss': [1.3856146882136409,
              1.1088661500059378,
              0.9563935059137618,
              0.9881461911117688,
              0.942541050168272,
              0.9420576001318118,
              0.9144002839018361,
              0.9917643274933385,
              0.9822005028732288,
              1.1808233250634739,
              1.1411316502875033,
              1.0790466975670654,
              1.2792924076985246,
              1.2452653706930696,
              1.3477824647396137,
              1.4689639878158751,
              1.524332465455174,
              1.524852500365565,
              1.6136946292540517,
              1.643819130171602,
              1.7667159041086324,
              1.7628555875807144,
              1.728948074693497,
              1.8450272586018133,
              1.847163597806193]}
2023-09-02 03:36:17,149 - root - INFO - Rodando evaluation
2023-09-02 03:36:17,150 - root - INFO - Construindo dataset para a rede LENET5
2023-09-03 14:08:50,558 - root - INFO - --------------------- Iniciando Novo Treinamento 17 ---------------------
2023-09-03 14:08:50,558 - root - INFO - Parametros
2023-09-03 14:08:50,559 - root - INFO - {'batch_size': 32,
 'dataset': 'CIFAR10',
 'epochs': 25,
 'learning_rate': 0.001,
 'network': 'LENET5',
 'num_workers': 1}
2023-09-03 14:08:50,559 - root - INFO - Construindo dataset para a rede LENET5
2023-09-03 14:08:51,847 - root - INFO - LeNet5(
  (layer1): Sequential(
    (0): Conv2d(3, 18, kernel_size=(5, 5), stride=(1, 1))
    (1): BatchNorm2d(18, eps=1e-05, momentum=0.1, affine=True, track_running_stats=True)
    (2): ReLU()
    (3): MaxPool2d(kernel_size=2, stride=2, padding=0, dilation=1, ceil_mode=False)
  )
  (layer2): Sequential(
    (0): Conv2d(18, 48, kernel_size=(5, 5), stride=(1, 1))
    (1): BatchNorm2d(48, eps=1e-05, momentum=0.1, affine=True, track_running_stats=True)
    (2): ReLU()
    (3): MaxPool2d(kernel_size=2, stride=2, padding=0, dilation=1, ceil_mode=False)
  )
  (fc): Linear(in_features=1200, out_features=360, bias=True)
  (relu): ReLU()
  (fc1): Linear(in_features=360, out_features=252, bias=True)
  (relu1): ReLU()
  (fc2): Linear(in_features=252, out_features=10, bias=True)
)
2023-09-03 14:08:51,847 - root - INFO - Iniciando treinamento
2023-09-03 14:08:51,847 - root - INFO - Epoch 1
-------------------------------
2023-09-03 14:10:09,010 - root - INFO - Validation loss decreased from : inf ----> 0.041178647768497466 ----> Saving Model.......
2023-09-03 14:10:09,010 - root - INFO - Validation acc:  54.13
2023-09-03 14:10:09,010 - root - INFO - Best Test acc from 0 ----> 54.15
2023-09-03 14:10:09,010 - root - INFO - Época 1/25
2023-09-03 14:10:09,010 - root - INFO - loss: 0.043391383424401284 - accuracy: 49.075 - val_loss: 0.041178647768497466 - val_accuracy: 54.13
2023-09-03 14:10:09,010 - root - INFO - [Test] ---> accuracy: 54.15 - loss: 0.04109659829735756
2023-09-03 14:10:09,010 - root - INFO - test acc from best model : 54.15
2023-09-03 14:10:09,010 - root - INFO - Epoch 2
-------------------------------
2023-09-03 14:11:26,816 - root - INFO - Validation loss decreased from : 0.041178647768497466 ----> 0.034954694578051566 ----> Saving Model.......
2023-09-03 14:11:26,816 - root - INFO - Validation acc:  61.18
2023-09-03 14:11:26,817 - root - INFO - Best Test acc from 54.15 ----> 60.99
2023-09-03 14:11:26,817 - root - INFO - Época 2/25
2023-09-03 14:11:26,817 - root - INFO - loss: 0.0327228544563055 - accuracy: 62.645 - val_loss: 0.034954694578051566 - val_accuracy: 61.18
2023-09-03 14:11:26,817 - root - INFO - [Test] ---> accuracy: 60.99 - loss: 0.03476769809126854
2023-09-03 14:11:26,817 - root - INFO - test acc from best model : 60.99
2023-09-03 14:11:26,817 - root - INFO - Epoch 3
-------------------------------
2023-09-03 14:12:44,077 - root - INFO - Validation loss decreased from : 0.034954694578051566 ----> 0.031616901206970215 ----> Saving Model.......
2023-09-03 14:12:44,077 - root - INFO - Validation acc:  64.49000000000001
2023-09-03 14:12:44,077 - root - INFO - Best Test acc from 60.99 ----> 65.0
2023-09-03 14:12:44,077 - root - INFO - Época 3/25
2023-09-03 14:12:44,077 - root - INFO - loss: 0.027852118790894748 - accuracy: 68.405 - val_loss: 0.031616901206970215 - val_accuracy: 64.49000000000001
2023-09-03 14:12:44,077 - root - INFO - [Test] ---> accuracy: 65.0 - loss: 0.03156448040604591
2023-09-03 14:12:44,077 - root - INFO - test acc from best model : 65.0
2023-09-03 14:12:44,077 - root - INFO - Epoch 4
-------------------------------
2023-09-03 14:14:01,459 - root - INFO - Validation loss decreased from : 0.031616901206970215 ----> 0.03014681819677353 ----> Saving Model.......
2023-09-03 14:14:01,459 - root - INFO - Validation acc:  66.86
2023-09-03 14:14:01,459 - root - INFO - Best Test acc from 65.0 ----> 67.14
2023-09-03 14:14:01,459 - root - INFO - Época 4/25
2023-09-03 14:14:01,459 - root - INFO - loss: 0.02436721440553665 - accuracy: 72.4675 - val_loss: 0.03014681819677353 - val_accuracy: 66.86
2023-09-03 14:14:01,459 - root - INFO - [Test] ---> accuracy: 67.14 - loss: 0.029827547124028207
2023-09-03 14:14:01,459 - root - INFO - test acc from best model : 67.14
2023-09-03 14:14:01,459 - root - INFO - Epoch 5
-------------------------------
2023-09-03 14:15:18,986 - root - INFO - Época 5/25
2023-09-03 14:15:18,986 - root - INFO - loss: 0.02159070530459285 - accuracy: 75.6125 - val_loss: 0.03118321368396282 - val_accuracy: 65.63
2023-09-03 14:15:18,986 - root - INFO - [Test] ---> accuracy: 66.12 - loss: 0.030926949799060823
2023-09-03 14:15:18,986 - root - INFO - test acc from best model : 67.14
2023-09-03 14:15:18,986 - root - INFO - Epoch 6
-------------------------------
2023-09-03 14:16:36,584 - root - INFO - Validation loss decreased from : 0.03014681819677353 ----> 0.02744933885037899 ----> Saving Model.......
2023-09-03 14:16:36,585 - root - INFO - Validation acc:  70.83
2023-09-03 14:16:36,585 - root - INFO - Best Test acc from 67.14 ----> 71.05
2023-09-03 14:16:36,585 - root - INFO - Época 6/25
2023-09-03 14:16:36,585 - root - INFO - loss: 0.019329396395385265 - accuracy: 78.235 - val_loss: 0.02744933885037899 - val_accuracy: 70.83
2023-09-03 14:16:36,585 - root - INFO - [Test] ---> accuracy: 71.05 - loss: 0.02727276817858219
2023-09-03 14:16:36,585 - root - INFO - test acc from best model : 71.05
2023-09-03 14:16:36,585 - root - INFO - Epoch 7
-------------------------------
2023-09-03 14:17:53,865 - root - INFO - Época 7/25
2023-09-03 14:17:53,865 - root - INFO - loss: 0.01709126661270857 - accuracy: 80.4925 - val_loss: 0.03465153807401657 - val_accuracy: 66.41
2023-09-03 14:17:53,865 - root - INFO - [Test] ---> accuracy: 66.8 - loss: 0.03475979540944099
2023-09-03 14:17:53,865 - root - INFO - test acc from best model : 71.05
2023-09-03 14:17:53,865 - root - INFO - Epoch 8
-------------------------------
2023-09-03 14:19:11,818 - root - INFO - Época 8/25
2023-09-03 14:19:11,818 - root - INFO - loss: 0.014881681679747998 - accuracy: 83.0025 - val_loss: 0.0294971112459898 - val_accuracy: 69.52000000000001
2023-09-03 14:19:11,818 - root - INFO - [Test] ---> accuracy: 69.64 - loss: 0.030151427832245826
2023-09-03 14:19:11,818 - root - INFO - test acc from best model : 71.05
2023-09-03 14:19:11,818 - root - INFO - Epoch 9
-------------------------------
2023-09-03 14:20:29,234 - root - INFO - Época 9/25
2023-09-03 14:20:29,234 - root - INFO - loss: 0.013046885550487787 - accuracy: 85.03 - val_loss: 0.03343661501556635 - val_accuracy: 69.44
2023-09-03 14:20:29,234 - root - INFO - [Test] ---> accuracy: 69.43 - loss: 0.033751385435461995
2023-09-03 14:20:29,234 - root - INFO - test acc from best model : 71.05
2023-09-03 14:20:29,234 - root - INFO - Epoch 10
-------------------------------
2023-09-03 14:21:46,495 - root - INFO - Época 10/25
2023-09-03 14:21:46,495 - root - INFO - loss: 0.011477630737423897 - accuracy: 86.6775 - val_loss: 0.033152069658041 - val_accuracy: 70.93
2023-09-03 14:21:46,495 - root - INFO - [Test] ---> accuracy: 70.73 - loss: 0.03326729589998722
2023-09-03 14:21:46,495 - root - INFO - test acc from best model : 71.05
2023-09-03 14:21:46,495 - root - INFO - Epoch 11
-------------------------------
2023-09-03 14:23:03,658 - root - INFO - Época 11/25
2023-09-03 14:23:03,658 - root - INFO - loss: 0.009973959024995566 - accuracy: 88.52 - val_loss: 0.03454998368620873 - val_accuracy: 70.33
2023-09-03 14:23:03,658 - root - INFO - [Test] ---> accuracy: 70.53 - loss: 0.034469705283641815
2023-09-03 14:23:03,658 - root - INFO - test acc from best model : 71.05
2023-09-03 14:23:03,658 - root - INFO - Epoch 12
-------------------------------
2023-09-03 14:24:21,228 - root - INFO - Época 12/25
2023-09-03 14:24:21,228 - root - INFO - loss: 0.008985337847378105 - accuracy: 89.72 - val_loss: 0.03486832175850868 - val_accuracy: 69.46
2023-09-03 14:24:21,228 - root - INFO - [Test] ---> accuracy: 69.66 - loss: 0.035275168997049335
2023-09-03 14:24:21,228 - root - INFO - test acc from best model : 71.05
2023-09-03 14:24:21,228 - root - INFO - Epoch 13
-------------------------------
2023-09-03 14:25:38,970 - root - INFO - Época 13/25
2023-09-03 14:25:38,970 - root - INFO - loss: 0.007730377950239927 - accuracy: 91.09 - val_loss: 0.03937205783128738 - val_accuracy: 68.17
2023-09-03 14:25:38,970 - root - INFO - [Test] ---> accuracy: 68.7 - loss: 0.0392710426568985
2023-09-03 14:25:38,970 - root - INFO - test acc from best model : 71.05
2023-09-03 14:25:38,970 - root - INFO - Epoch 14
-------------------------------
2023-09-03 14:26:56,394 - root - INFO - Época 14/25
2023-09-03 14:26:56,394 - root - INFO - loss: 0.006690336864069104 - accuracy: 92.3225 - val_loss: 0.042043090710043904 - val_accuracy: 69.32000000000001
2023-09-03 14:26:56,394 - root - INFO - [Test] ---> accuracy: 69.91000000000001 - loss: 0.04208972495496273
2023-09-03 14:26:56,394 - root - INFO - test acc from best model : 71.05
2023-09-03 14:26:56,394 - root - INFO - Epoch 15
-------------------------------
2023-09-03 14:28:14,075 - root - INFO - Época 15/25
2023-09-03 14:28:14,075 - root - INFO - loss: 0.006030792732723058 - accuracy: 93.195 - val_loss: 0.04320658333301544 - val_accuracy: 69.36
2023-09-03 14:28:14,075 - root - INFO - [Test] ---> accuracy: 69.59 - loss: 0.04364765625
2023-09-03 14:28:14,075 - root - INFO - test acc from best model : 71.05
2023-09-03 14:28:14,075 - root - INFO - Epoch 16
-------------------------------
2023-09-03 14:29:31,661 - root - INFO - Época 16/25
2023-09-03 14:29:31,661 - root - INFO - loss: 0.005500420993100851 - accuracy: 93.7075 - val_loss: 0.0483832622975111 - val_accuracy: 70.28
2023-09-03 14:29:31,661 - root - INFO - [Test] ---> accuracy: 70.13000000000001 - loss: 0.048895130091905596
2023-09-03 14:29:31,661 - root - INFO - test acc from best model : 71.05
2023-09-03 14:29:31,661 - root - INFO - Epoch 17
-------------------------------
2023-09-03 14:30:49,011 - root - INFO - Época 17/25
2023-09-03 14:30:49,011 - root - INFO - loss: 0.004965831434354186 - accuracy: 94.385 - val_loss: 0.04422483538985252 - val_accuracy: 70.95
2023-09-03 14:30:49,011 - root - INFO - [Test] ---> accuracy: 71.09 - loss: 0.04448819616436958
2023-09-03 14:30:49,011 - root - INFO - test acc from best model : 71.05
2023-09-03 14:30:49,011 - root - INFO - Epoch 18
-------------------------------
2023-09-03 14:32:06,430 - root - INFO - Época 18/25
2023-09-03 14:32:06,430 - root - INFO - loss: 0.004438069700729102 - accuracy: 95.0525 - val_loss: 0.04518884943127632 - val_accuracy: 70.46
2023-09-03 14:32:06,430 - root - INFO - [Test] ---> accuracy: 70.71 - loss: 0.04524575015604496
2023-09-03 14:32:06,430 - root - INFO - test acc from best model : 71.05
2023-09-03 14:32:06,430 - root - INFO - Epoch 19
-------------------------------
2023-09-03 14:33:23,743 - root - INFO - Época 19/25
2023-09-03 14:33:23,743 - root - INFO - loss: 0.0042129882361739875 - accuracy: 95.2625 - val_loss: 0.04971745118200779 - val_accuracy: 70.48
2023-09-03 14:33:23,743 - root - INFO - [Test] ---> accuracy: 70.67999999999999 - loss: 0.04976184265911579
2023-09-03 14:33:23,743 - root - INFO - test acc from best model : 71.05
2023-09-03 14:33:23,743 - root - INFO - Epoch 20
-------------------------------
2023-09-03 14:34:41,322 - root - INFO - Época 20/25
2023-09-03 14:34:41,322 - root - INFO - loss: 0.003989980332646519 - accuracy: 95.575 - val_loss: 0.051123921808600425 - val_accuracy: 70.98
2023-09-03 14:34:41,322 - root - INFO - [Test] ---> accuracy: 71.54 - loss: 0.051087960243225095
2023-09-03 14:34:41,323 - root - INFO - test acc from best model : 71.05
2023-09-03 14:34:41,323 - root - INFO - Epoch 21
-------------------------------
2023-09-03 14:35:58,987 - root - INFO - Época 21/25
2023-09-03 14:35:58,987 - root - INFO - loss: 0.0037233368769288063 - accuracy: 95.7525 - val_loss: 0.05061746488213539 - val_accuracy: 71.41
2023-09-03 14:35:58,987 - root - INFO - [Test] ---> accuracy: 71.3 - loss: 0.051754440438747405
2023-09-03 14:35:58,987 - root - INFO - test acc from best model : 71.05
2023-09-03 14:35:58,987 - root - INFO - Epoch 22
-------------------------------
2023-09-03 14:37:16,641 - root - INFO - Época 22/25
2023-09-03 14:37:16,642 - root - INFO - loss: 0.003255607348959893 - accuracy: 96.305 - val_loss: 0.05578403615951538 - val_accuracy: 70.25
2023-09-03 14:37:16,642 - root - INFO - [Test] ---> accuracy: 70.53 - loss: 0.05633312018811703
2023-09-03 14:37:16,642 - root - INFO - test acc from best model : 71.05
2023-09-03 14:37:16,642 - root - INFO - Epoch 23
-------------------------------
2023-09-03 14:38:34,008 - root - INFO - Época 23/25
2023-09-03 14:38:34,008 - root - INFO - loss: 0.0032066157947294414 - accuracy: 96.5075 - val_loss: 0.06193420712351799 - val_accuracy: 67.51
2023-09-03 14:38:34,008 - root - INFO - [Test] ---> accuracy: 68.52000000000001 - loss: 0.06134731811583042
2023-09-03 14:38:34,008 - root - INFO - test acc from best model : 71.05
2023-09-03 14:38:34,008 - root - INFO - Epoch 24
-------------------------------
2023-09-03 14:39:52,242 - root - INFO - Época 24/25
2023-09-03 14:39:52,242 - root - INFO - loss: 0.0033501837740652265 - accuracy: 96.305 - val_loss: 0.05711849011182785 - val_accuracy: 69.92
2023-09-03 14:39:52,242 - root - INFO - [Test] ---> accuracy: 70.58 - loss: 0.05715770756602287
2023-09-03 14:39:52,242 - root - INFO - test acc from best model : 71.05
2023-09-03 14:39:52,242 - root - INFO - Epoch 25
-------------------------------
2023-09-03 14:41:09,738 - root - INFO - Época 25/25
2023-09-03 14:41:09,738 - root - INFO - loss: 0.003040932501386851 - accuracy: 96.62 - val_loss: 0.056840737569332125 - val_accuracy: 69.85
2023-09-03 14:41:09,739 - root - INFO - [Test] ---> accuracy: 70.02000000000001 - loss: 0.05699006162881851
2023-09-03 14:41:09,739 - root - INFO - test acc from best model : 71.05
2023-09-03 14:41:09,739 - root - INFO - Tempo treinamento:  1937.89 seconds
2023-09-03 14:41:09,739 - root - INFO - Menor loss: 0.02744933885037899
2023-09-03 14:41:09,739 - root - INFO - Acurácia de teste do melhor modelo: 71.05
2023-09-03 14:41:09,739 - root - INFO - Métricas
2023-09-03 14:41:09,739 - root - INFO - ACC
2023-09-03 14:41:09,739 - root - INFO - {'epoch': [1,
           2,
           3,
           4,
           5,
           6,
           7,
           8,
           9,
           10,
           11,
           12,
           13,
           14,
           15,
           16,
           17,
           18,
           19,
           20,
           21,
           22,
           23,
           24,
           25],
 'test_acc': [54.15,
              60.99,
              65.0,
              67.14,
              66.12,
              71.05,
              66.8,
              69.64,
              69.43,
              70.73,
              70.53,
              69.66,
              68.7,
              69.91000000000001,
              69.59,
              70.13000000000001,
              71.09,
              70.71,
              70.67999999999999,
              71.54,
              71.3,
              70.53,
              68.52000000000001,
              70.58,
              70.02000000000001],
 'train_acc': [49.075,
               62.645,
               68.405,
               72.4675,
               75.6125,
               78.235,
               80.4925,
               83.0025,
               85.03,
               86.6775,
               88.52,
               89.72,
               91.09,
               92.3225,
               93.195,
               93.7075,
               94.385,
               95.0525,
               95.2625,
               95.575,
               95.7525,
               96.305,
               96.5075,
               96.305,
               96.62],
 'val_acc': [54.13,
             61.18,
             64.49000000000001,
             66.86,
             65.63,
             70.83,
             66.41,
             69.52000000000001,
             69.44,
             70.93,
             70.33,
             69.46,
             68.17,
             69.32000000000001,
             69.36,
             70.28,
             70.95,
             70.46,
             70.48,
             70.98,
             71.41,
             70.25,
             67.51,
             69.92,
             69.85]}
2023-09-03 14:41:09,739 - root - INFO - LOSS
2023-09-03 14:41:09,739 - root - INFO - {'epoch': [1,
           2,
           3,
           4,
           5,
           6,
           7,
           8,
           9,
           10,
           11,
           12,
           13,
           14,
           15,
           16,
           17,
           18,
           19,
           20,
           21,
           22,
           23,
           24,
           25],
 'test_loss': [0.04109659829735756,
               0.03476769809126854,
               0.03156448040604591,
               0.029827547124028207,
               0.030926949799060823,
               0.02727276817858219,
               0.03475979540944099,
               0.030151427832245826,
               0.033751385435461995,
               0.03326729589998722,
               0.034469705283641815,
               0.035275168997049335,
               0.0392710426568985,
               0.04208972495496273,
               0.04364765625,
               0.048895130091905596,
               0.04448819616436958,
               0.04524575015604496,
               0.04976184265911579,
               0.051087960243225095,
               0.051754440438747405,
               0.05633312018811703,
               0.06134731811583042,
               0.05715770756602287,
               0.05699006162881851],
 'train_loss': [0.043391383424401284,
                0.0327228544563055,
                0.027852118790894748,
                0.02436721440553665,
                0.02159070530459285,
                0.019329396395385265,
                0.01709126661270857,
                0.014881681679747998,
                0.013046885550487787,
                0.011477630737423897,
                0.009973959024995566,
                0.008985337847378105,
                0.007730377950239927,
                0.006690336864069104,
                0.006030792732723058,
                0.005500420993100851,
                0.004965831434354186,
                0.004438069700729102,
                0.0042129882361739875,
                0.003989980332646519,
                0.0037233368769288063,
                0.003255607348959893,
                0.0032066157947294414,
                0.0033501837740652265,
                0.003040932501386851],
 'val_loss': [0.041178647768497466,
              0.034954694578051566,
              0.031616901206970215,
              0.03014681819677353,
              0.03118321368396282,
              0.02744933885037899,
              0.03465153807401657,
              0.0294971112459898,
              0.03343661501556635,
              0.033152069658041,
              0.03454998368620873,
              0.03486832175850868,
              0.03937205783128738,
              0.042043090710043904,
              0.04320658333301544,
              0.0483832622975111,
              0.04422483538985252,
              0.04518884943127632,
              0.04971745118200779,
              0.051123921808600425,
              0.05061746488213539,
              0.05578403615951538,
              0.06193420712351799,
              0.05711849011182785,
              0.056840737569332125]}
2023-09-03 18:08:57,596 - root - INFO - --------------------- Iniciando Novo Treinamento 17 ---------------------
2023-09-03 18:08:57,596 - root - INFO - Parametros
2023-09-03 18:08:57,596 - root - INFO - {'batch_size': 32,
 'dataset': 'CIFAR10',
 'epochs': 25,
 'learning_rate': 0.001,
 'network': 'LENET5',
 'num_workers': 1}
2023-09-03 18:08:57,596 - root - INFO - Construindo dataset para a rede LENET5
2023-09-03 18:08:58,873 - root - INFO - LeNet5(
  (layer1): Sequential(
    (0): Conv2d(3, 18, kernel_size=(5, 5), stride=(1, 1))
    (1): BatchNorm2d(18, eps=1e-05, momentum=0.1, affine=True, track_running_stats=True)
    (2): ReLU()
    (3): MaxPool2d(kernel_size=2, stride=2, padding=0, dilation=1, ceil_mode=False)
  )
  (layer2): Sequential(
    (0): Conv2d(18, 48, kernel_size=(5, 5), stride=(1, 1))
    (1): BatchNorm2d(48, eps=1e-05, momentum=0.1, affine=True, track_running_stats=True)
    (2): ReLU()
    (3): MaxPool2d(kernel_size=2, stride=2, padding=0, dilation=1, ceil_mode=False)
  )
  (fc): Linear(in_features=1200, out_features=360, bias=True)
  (relu): ReLU()
  (fc1): Linear(in_features=360, out_features=252, bias=True)
  (relu1): ReLU()
  (fc2): Linear(in_features=252, out_features=10, bias=True)
)
2023-09-03 18:08:58,874 - root - INFO - Iniciando treinamento
2023-09-03 18:08:58,874 - root - INFO - Epoch 1
-------------------------------
2023-09-03 18:10:15,378 - root - INFO - Validation loss decreased from : inf ----> 1.315524533843994 ----> Saving Model.......
2023-09-03 18:10:15,379 - root - INFO - Validation acc:  54.13
2023-09-03 18:10:15,379 - root - INFO - Best Test acc from 0 ----> 54.15
2023-09-03 18:10:15,379 - root - INFO - Época 1/25
2023-09-03 18:10:15,379 - root - INFO - loss: 1.388524269580841 - accuracy: 49.075 - val_loss: 1.315524533843994 - val_accuracy: 54.13
2023-09-03 18:10:15,379 - root - INFO - [Test] ---> accuracy: 54.15 - loss: 1.3124847143173217
2023-09-03 18:10:15,379 - root - INFO - test acc from best model : 54.15
2023-09-03 18:10:15,379 - root - INFO - Epoch 2
-------------------------------
2023-09-03 18:11:32,742 - root - INFO - Validation loss decreased from : 1.315524533843994 ----> 1.1167395937919617 ----> Saving Model.......
2023-09-03 18:11:32,743 - root - INFO - Validation acc:  61.18
2023-09-03 18:11:32,743 - root - INFO - Best Test acc from 54.15 ----> 60.99
2023-09-03 18:11:32,743 - root - INFO - Época 2/25
2023-09-03 18:11:32,743 - root - INFO - loss: 1.047131342601776 - accuracy: 62.645 - val_loss: 1.1167395937919617 - val_accuracy: 61.18
2023-09-03 18:11:32,743 - root - INFO - [Test] ---> accuracy: 60.99 - loss: 1.1100716478347779
2023-09-03 18:11:32,743 - root - INFO - test acc from best model : 60.99
2023-09-03 18:11:32,743 - root - INFO - Epoch 3
-------------------------------
2023-09-03 18:12:50,095 - root - INFO - Validation loss decreased from : 1.1167395937919617 ----> 1.0100506290435791 ----> Saving Model.......
2023-09-03 18:12:50,096 - root - INFO - Validation acc:  64.49000000000001
2023-09-03 18:12:50,096 - root - INFO - Best Test acc from 60.99 ----> 65.0
2023-09-03 18:12:50,096 - root - INFO - Época 3/25
2023-09-03 18:12:50,096 - root - INFO - loss: 0.8912678013086319 - accuracy: 68.405 - val_loss: 1.0100506290435791 - val_accuracy: 64.49000000000001
2023-09-03 18:12:50,096 - root - INFO - [Test] ---> accuracy: 65.0 - loss: 1.0084602024078368
2023-09-03 18:12:50,096 - root - INFO - test acc from best model : 65.0
2023-09-03 18:12:50,096 - root - INFO - Epoch 4
-------------------------------
2023-09-03 18:14:07,512 - root - INFO - Validation loss decreased from : 1.0100506290435791 ----> 0.9637047387123108 ----> Saving Model.......
2023-09-03 18:14:07,512 - root - INFO - Validation acc:  66.86
2023-09-03 18:14:07,512 - root - INFO - Best Test acc from 65.0 ----> 67.14
2023-09-03 18:14:07,512 - root - INFO - Época 4/25
2023-09-03 18:14:07,512 - root - INFO - loss: 0.7797508609771728 - accuracy: 72.4675 - val_loss: 0.9637047387123108 - val_accuracy: 66.86
2023-09-03 18:14:07,512 - root - INFO - [Test] ---> accuracy: 67.14 - loss: 0.952699483203888
2023-09-03 18:14:07,512 - root - INFO - test acc from best model : 67.14
2023-09-03 18:14:07,512 - root - INFO - Epoch 5
-------------------------------
2023-09-03 18:15:25,125 - root - INFO - Época 5/25
2023-09-03 18:15:25,125 - root - INFO - loss: 0.6909025697469712 - accuracy: 75.6125 - val_loss: 0.9966509260177613 - val_accuracy: 65.63
2023-09-03 18:15:25,125 - root - INFO - [Test] ---> accuracy: 66.12 - loss: 0.988296513080597
2023-09-03 18:15:25,125 - root - INFO - test acc from best model : 67.14
2023-09-03 18:15:25,125 - root - INFO - Epoch 6
-------------------------------
2023-09-03 18:16:42,603 - root - INFO - Validation loss decreased from : 0.9637047387123108 ----> 0.8768236289024353 ----> Saving Model.......
2023-09-03 18:16:42,603 - root - INFO - Validation acc:  70.83
2023-09-03 18:16:42,603 - root - INFO - Best Test acc from 67.14 ----> 71.05
2023-09-03 18:16:42,603 - root - INFO - Época 6/25
2023-09-03 18:16:42,603 - root - INFO - loss: 0.6185406846523285 - accuracy: 78.235 - val_loss: 0.8768236289024353 - val_accuracy: 70.83
2023-09-03 18:16:42,603 - root - INFO - [Test] ---> accuracy: 71.05 - loss: 0.8706800036430359
2023-09-03 18:16:42,604 - root - INFO - test acc from best model : 71.05
2023-09-03 18:16:42,604 - root - INFO - Epoch 7
-------------------------------
2023-09-03 18:18:00,014 - root - INFO - Época 7/25
2023-09-03 18:18:00,014 - root - INFO - loss: 0.5469205316066742 - accuracy: 80.4925 - val_loss: 1.1070147853851318 - val_accuracy: 66.41
2023-09-03 18:18:00,014 - root - INFO - [Test] ---> accuracy: 66.8 - loss: 1.110423483276367
2023-09-03 18:18:00,014 - root - INFO - test acc from best model : 71.05
2023-09-03 18:18:00,014 - root - INFO - Epoch 8
-------------------------------
2023-09-03 18:19:18,079 - root - INFO - Época 8/25
2023-09-03 18:19:18,079 - root - INFO - loss: 0.47621381375193594 - accuracy: 83.0025 - val_loss: 0.9431570800304413 - val_accuracy: 69.52000000000001
2023-09-03 18:19:18,079 - root - INFO - [Test] ---> accuracy: 69.64 - loss: 0.9625989747047424
2023-09-03 18:19:18,079 - root - INFO - test acc from best model : 71.05
2023-09-03 18:19:18,079 - root - INFO - Epoch 9
-------------------------------
2023-09-03 18:20:35,217 - root - INFO - Época 9/25
2023-09-03 18:20:35,217 - root - INFO - loss: 0.4175003376156092 - accuracy: 85.03 - val_loss: 1.0696390195131302 - val_accuracy: 69.44
2023-09-03 18:20:35,217 - root - INFO - [Test] ---> accuracy: 69.43 - loss: 1.0760724860191344
2023-09-03 18:20:35,217 - root - INFO - test acc from best model : 71.05
2023-09-03 18:20:35,217 - root - INFO - Epoch 10
-------------------------------
2023-09-03 18:21:52,932 - root - INFO - Época 10/25
2023-09-03 18:21:52,932 - root - INFO - loss: 0.3672841835975647 - accuracy: 86.6775 - val_loss: 1.0598886406898498 - val_accuracy: 70.93
2023-09-03 18:21:52,932 - root - INFO - [Test] ---> accuracy: 70.73 - loss: 1.0600994378089905
2023-09-03 18:21:52,932 - root - INFO - test acc from best model : 71.05
2023-09-03 18:21:52,932 - root - INFO - Epoch 11
-------------------------------
2023-09-03 18:23:10,599 - root - INFO - Época 11/25
2023-09-03 18:23:10,600 - root - INFO - loss: 0.3191666887998581 - accuracy: 88.52 - val_loss: 1.1043533092498778 - val_accuracy: 70.33
2023-09-03 18:23:10,600 - root - INFO - [Test] ---> accuracy: 70.53 - loss: 1.0994232707977294
2023-09-03 18:23:10,600 - root - INFO - test acc from best model : 71.05
2023-09-03 18:23:10,600 - root - INFO - Epoch 12
-------------------------------
2023-09-03 18:24:27,922 - root - INFO - Época 12/25
2023-09-03 18:24:27,922 - root - INFO - loss: 0.28753081111609935 - accuracy: 89.72 - val_loss: 1.113403353691101 - val_accuracy: 69.46
2023-09-03 18:24:27,922 - root - INFO - [Test] ---> accuracy: 69.66 - loss: 1.1250082513809203
2023-09-03 18:24:27,922 - root - INFO - test acc from best model : 71.05
2023-09-03 18:24:27,922 - root - INFO - Epoch 13
-------------------------------
2023-09-03 18:25:45,195 - root - INFO - Época 13/25
2023-09-03 18:25:45,195 - root - INFO - loss: 0.24737209440767766 - accuracy: 91.09 - val_loss: 1.258223832511902 - val_accuracy: 68.17
2023-09-03 18:25:45,195 - root - INFO - [Test] ---> accuracy: 68.7 - loss: 1.2534852212905885
2023-09-03 18:25:45,195 - root - INFO - test acc from best model : 71.05
2023-09-03 18:25:45,195 - root - INFO - Epoch 14
-------------------------------
2023-09-03 18:27:02,587 - root - INFO - Época 14/25
2023-09-03 18:27:02,587 - root - INFO - loss: 0.21409077965021134 - accuracy: 92.3225 - val_loss: 1.3434521096229552 - val_accuracy: 69.32000000000001
2023-09-03 18:27:02,587 - root - INFO - [Test] ---> accuracy: 69.91000000000001 - loss: 1.3429162722587586
2023-09-03 18:27:02,587 - root - INFO - test acc from best model : 71.05
2023-09-03 18:27:02,587 - root - INFO - Epoch 15
-------------------------------
2023-09-03 18:28:19,758 - root - INFO - Época 15/25
2023-09-03 18:28:19,758 - root - INFO - loss: 0.19298536744713785 - accuracy: 93.195 - val_loss: 1.3778946365356446 - val_accuracy: 69.36
2023-09-03 18:28:19,758 - root - INFO - [Test] ---> accuracy: 69.59 - loss: 1.3912605758666992
2023-09-03 18:28:19,758 - root - INFO - test acc from best model : 71.05
2023-09-03 18:28:19,758 - root - INFO - Epoch 16
-------------------------------
2023-09-03 18:29:37,013 - root - INFO - Época 16/25
2023-09-03 18:29:37,013 - root - INFO - loss: 0.17601347177922724 - accuracy: 93.7075 - val_loss: 1.546193485736847 - val_accuracy: 70.28
2023-09-03 18:29:37,013 - root - INFO - [Test] ---> accuracy: 70.13000000000001 - loss: 1.5577544427871703
2023-09-03 18:29:37,013 - root - INFO - test acc from best model : 71.05
2023-09-03 18:29:37,013 - root - INFO - Epoch 17
-------------------------------
2023-09-03 18:30:54,533 - root - INFO - Época 17/25
2023-09-03 18:30:54,533 - root - INFO - loss: 0.15890660589933395 - accuracy: 94.385 - val_loss: 1.4125229553222656 - val_accuracy: 70.95
2023-09-03 18:30:54,533 - root - INFO - [Test] ---> accuracy: 71.09 - loss: 1.4162002534866334
2023-09-03 18:30:54,533 - root - INFO - test acc from best model : 71.05
2023-09-03 18:30:54,533 - root - INFO - Epoch 18
-------------------------------
2023-09-03 18:32:12,309 - root - INFO - Época 18/25
2023-09-03 18:32:12,309 - root - INFO - loss: 0.14201823042333125 - accuracy: 95.0525 - val_loss: 1.442164177131653 - val_accuracy: 70.46
2023-09-03 18:32:12,309 - root - INFO - [Test] ---> accuracy: 70.71 - loss: 1.4424853547096252
2023-09-03 18:32:12,309 - root - INFO - test acc from best model : 71.05
2023-09-03 18:32:12,309 - root - INFO - Epoch 19
-------------------------------
2023-09-03 18:33:29,667 - root - INFO - Época 19/25
2023-09-03 18:33:29,667 - root - INFO - loss: 0.1348156235575676 - accuracy: 95.2625 - val_loss: 1.587177263736725 - val_accuracy: 70.48
2023-09-03 18:33:29,667 - root - INFO - [Test] ---> accuracy: 70.67999999999999 - loss: 1.5846011170387269
2023-09-03 18:33:29,667 - root - INFO - test acc from best model : 71.05
2023-09-03 18:33:29,667 - root - INFO - Epoch 20
-------------------------------
2023-09-03 18:34:47,245 - root - INFO - Época 20/25
2023-09-03 18:34:47,245 - root - INFO - loss: 0.1276793706446886 - accuracy: 95.575 - val_loss: 1.6322159846305848 - val_accuracy: 70.98
2023-09-03 18:34:47,245 - root - INFO - [Test] ---> accuracy: 71.54 - loss: 1.6270281494140626
2023-09-03 18:34:47,245 - root - INFO - test acc from best model : 71.05
2023-09-03 18:34:47,245 - root - INFO - Epoch 21
-------------------------------
2023-09-03 18:36:04,816 - root - INFO - Época 21/25
2023-09-03 18:36:04,816 - root - INFO - loss: 0.1191467800617218 - accuracy: 95.7525 - val_loss: 1.6180099210739136 - val_accuracy: 71.41
2023-09-03 18:36:04,816 - root - INFO - [Test] ---> accuracy: 71.3 - loss: 1.650433992767334
2023-09-03 18:36:04,816 - root - INFO - test acc from best model : 71.05
2023-09-03 18:36:04,816 - root - INFO - Epoch 22
-------------------------------
2023-09-03 18:37:22,323 - root - INFO - Época 22/25
2023-09-03 18:37:22,323 - root - INFO - loss: 0.10417943516671657 - accuracy: 96.305 - val_loss: 1.7813444313049316 - val_accuracy: 70.25
2023-09-03 18:37:22,323 - root - INFO - [Test] ---> accuracy: 70.53 - loss: 1.7942186358451844
2023-09-03 18:37:22,323 - root - INFO - test acc from best model : 71.05
2023-09-03 18:37:22,323 - root - INFO - Epoch 23
-------------------------------
2023-09-03 18:38:39,585 - root - INFO - Época 23/25
2023-09-03 18:38:39,585 - root - INFO - loss: 0.10261170543134213 - accuracy: 96.5075 - val_loss: 1.9773836122512818 - val_accuracy: 67.51
2023-09-03 18:38:39,585 - root - INFO - [Test] ---> accuracy: 68.52000000000001 - loss: 1.9537592221260072
2023-09-03 18:38:39,585 - root - INFO - test acc from best model : 71.05
2023-09-03 18:38:39,585 - root - INFO - Epoch 24
-------------------------------
2023-09-03 18:39:56,872 - root - INFO - Época 24/25
2023-09-03 18:39:56,873 - root - INFO - loss: 0.10720588077008725 - accuracy: 96.305 - val_loss: 1.8248575828552247 - val_accuracy: 69.92
2023-09-03 18:39:56,873 - root - INFO - [Test] ---> accuracy: 70.58 - loss: 1.8189206182479858
2023-09-03 18:39:56,873 - root - INFO - test acc from best model : 71.05
2023-09-03 18:39:56,873 - root - INFO - Epoch 25
-------------------------------
2023-09-03 18:41:14,420 - root - INFO - Época 25/25
2023-09-03 18:41:14,420 - root - INFO - loss: 0.09730984004437923 - accuracy: 96.62 - val_loss: 1.8088388591766358 - val_accuracy: 69.85
2023-09-03 18:41:14,420 - root - INFO - [Test] ---> accuracy: 70.02000000000001 - loss: 1.81558448677063
2023-09-03 18:41:14,421 - root - INFO - test acc from best model : 71.05
2023-09-03 18:41:14,421 - root - INFO - Tempo treinamento:  1935.55 seconds
2023-09-03 18:41:14,421 - root - INFO - Menor loss: 0.8768236289024353
2023-09-03 18:41:14,421 - root - INFO - Acurácia de teste do melhor modelo: 71.05
2023-09-03 18:41:14,421 - root - INFO - Métricas
2023-09-03 18:41:14,421 - root - INFO - ACC
2023-09-03 18:41:14,421 - root - INFO - {'epoch': [1,
           2,
           3,
           4,
           5,
           6,
           7,
           8,
           9,
           10,
           11,
           12,
           13,
           14,
           15,
           16,
           17,
           18,
           19,
           20,
           21,
           22,
           23,
           24,
           25],
 'test_acc': [54.15,
              60.99,
              65.0,
              67.14,
              66.12,
              71.05,
              66.8,
              69.64,
              69.43,
              70.73,
              70.53,
              69.66,
              68.7,
              69.91000000000001,
              69.59,
              70.13000000000001,
              71.09,
              70.71,
              70.67999999999999,
              71.54,
              71.3,
              70.53,
              68.52000000000001,
              70.58,
              70.02000000000001],
 'train_acc': [49.075,
               62.645,
               68.405,
               72.4675,
               75.6125,
               78.235,
               80.4925,
               83.0025,
               85.03,
               86.6775,
               88.52,
               89.72,
               91.09,
               92.3225,
               93.195,
               93.7075,
               94.385,
               95.0525,
               95.2625,
               95.575,
               95.7525,
               96.305,
               96.5075,
               96.305,
               96.62],
 'val_acc': [54.13,
             61.18,
             64.49000000000001,
             66.86,
             65.63,
             70.83,
             66.41,
             69.52000000000001,
             69.44,
             70.93,
             70.33,
             69.46,
             68.17,
             69.32000000000001,
             69.36,
             70.28,
             70.95,
             70.46,
             70.48,
             70.98,
             71.41,
             70.25,
             67.51,
             69.92,
             69.85]}
2023-09-03 18:41:14,421 - root - INFO - LOSS
2023-09-03 18:41:14,421 - root - INFO - {'epoch': [1,
           2,
           3,
           4,
           5,
           6,
           7,
           8,
           9,
           10,
           11,
           12,
           13,
           14,
           15,
           16,
           17,
           18,
           19,
           20,
           21,
           22,
           23,
           24,
           25],
 'test_loss': [1.3124847143173217,
               1.1100716478347779,
               1.0084602024078368,
               0.952699483203888,
               0.988296513080597,
               0.8706800036430359,
               1.110423483276367,
               0.9625989747047424,
               1.0760724860191344,
               1.0600994378089905,
               1.0994232707977294,
               1.1250082513809203,
               1.2534852212905885,
               1.3429162722587586,
               1.3912605758666992,
               1.5577544427871703,
               1.4162002534866334,
               1.4424853547096252,
               1.5846011170387269,
               1.6270281494140626,
               1.650433992767334,
               1.7942186358451844,
               1.9537592221260072,
               1.8189206182479858,
               1.81558448677063],
 'train_loss': [1.388524269580841,
                1.047131342601776,
                0.8912678013086319,
                0.7797508609771728,
                0.6909025697469712,
                0.6185406846523285,
                0.5469205316066742,
                0.47621381375193594,
                0.4175003376156092,
                0.3672841835975647,
                0.3191666887998581,
                0.28753081111609935,
                0.24737209440767766,
                0.21409077965021134,
                0.19298536744713785,
                0.17601347177922724,
                0.15890660589933395,
                0.14201823042333125,
                0.1348156235575676,
                0.1276793706446886,
                0.1191467800617218,
                0.10417943516671657,
                0.10261170543134213,
                0.10720588077008725,
                0.09730984004437923],
 'val_loss': [1.315524533843994,
              1.1167395937919617,
              1.0100506290435791,
              0.9637047387123108,
              0.9966509260177613,
              0.8768236289024353,
              1.1070147853851318,
              0.9431570800304413,
              1.0696390195131302,
              1.0598886406898498,
              1.1043533092498778,
              1.113403353691101,
              1.258223832511902,
              1.3434521096229552,
              1.3778946365356446,
              1.546193485736847,
              1.4125229553222656,
              1.442164177131653,
              1.587177263736725,
              1.6322159846305848,
              1.6180099210739136,
              1.7813444313049316,
              1.9773836122512818,
              1.8248575828552247,
              1.8088388591766358]}
