2023-09-02 14:53:57,971 - root - INFO - --------------------- Iniciando Novo Treinamento 23 ---------------------
2023-09-02 14:53:57,971 - root - INFO - Parametros
2023-09-02 14:53:57,971 - root - INFO - {'batch_size': 32,
 'dataset': 'CIFAR10',
 'epochs': 10,
 'learning_rate': 0.001,
 'network': 'ALEXNET',
 'num_workers': 1}
2023-09-02 14:53:57,971 - root - INFO - Construindo dataset para a rede ALEXNET
2023-09-02 14:53:59,398 - root - INFO - Construindo modelo para a rede ALEXNET
2023-09-02 14:54:01,621 - root - INFO - AlexNet(
  (layer1): Sequential(
    (0): Conv2d(3, 288, kernel_size=(11, 11), stride=(4, 4))
    (1): BatchNorm2d(288, eps=1e-05, momentum=0.1, affine=True, track_running_stats=True)
    (2): ReLU()
    (3): MaxPool2d(kernel_size=3, stride=2, padding=0, dilation=1, ceil_mode=False)
  )
  (layer2): Sequential(
    (0): Conv2d(288, 768, kernel_size=(5, 5), stride=(1, 1), padding=(2, 2))
    (1): BatchNorm2d(768, eps=1e-05, momentum=0.1, affine=True, track_running_stats=True)
    (2): ReLU()
    (3): MaxPool2d(kernel_size=3, stride=2, padding=0, dilation=1, ceil_mode=False)
  )
  (layer3): Sequential(
    (0): Conv2d(768, 1152, kernel_size=(3, 3), stride=(1, 1), padding=(1, 1))
    (1): BatchNorm2d(1152, eps=1e-05, momentum=0.1, affine=True, track_running_stats=True)
    (2): ReLU()
  )
  (layer4): Sequential(
    (0): Conv2d(1152, 1152, kernel_size=(3, 3), stride=(1, 1), padding=(1, 1))
    (1): BatchNorm2d(1152, eps=1e-05, momentum=0.1, affine=True, track_running_stats=True)
    (2): ReLU()
  )
  (layer5): Sequential(
    (0): Conv2d(1152, 768, kernel_size=(3, 3), stride=(1, 1), padding=(1, 1))
    (1): BatchNorm2d(768, eps=1e-05, momentum=0.1, affine=True, track_running_stats=True)
    (2): ReLU()
    (3): MaxPool2d(kernel_size=3, stride=2, padding=0, dilation=1, ceil_mode=False)
  )
  (fc): Sequential(
    (0): Dropout(p=0.5, inplace=False)
    (1): Linear(in_features=27648, out_features=12288, bias=True)
    (2): ReLU()
  )
  (fc1): Sequential(
    (0): Dropout(p=0.5, inplace=False)
    (1): Linear(in_features=12288, out_features=12288, bias=True)
    (2): ReLU()
  )
  (fc2): Sequential(
    (0): Linear(in_features=12288, out_features=10, bias=True)
  )
)
2023-09-02 14:54:01,622 - root - INFO - Iniciando treinamento
2023-09-02 14:54:01,622 - root - INFO - Epoch 1
-------------------------------
2023-09-02 14:59:43,397 - root - INFO - Validation loss decreased from : inf ----> 1.9555323417194355 ----> Saving Model.......
2023-09-02 14:59:43,397 - root - INFO - Validation acc:  19.73
2023-09-02 14:59:43,397 - root - INFO - Época: 1 - Test Acc: 19.79 - Val Acc: 19.73
2023-09-02 14:59:43,397 - root - INFO - Epoch 2
-------------------------------
2023-09-02 15:05:25,874 - root - INFO - Validation loss decreased from : 1.9555323417194355 ----> 1.9096690359207007 ----> Saving Model.......
2023-09-02 15:05:25,874 - root - INFO - Validation acc:  22.14
2023-09-02 15:05:25,874 - root - INFO - Época: 2 - Test Acc: 22.71 - Val Acc: 22.14
2023-09-02 15:05:25,874 - root - INFO - Epoch 3
-------------------------------
2023-09-02 15:11:08,080 - root - INFO - Época: 3 - Test Acc: 21.51 - Val Acc: 21.36
2023-09-02 15:11:08,081 - root - INFO - Epoch 4
-------------------------------
2023-09-02 15:16:50,561 - root - INFO - Época: 4 - Test Acc: 24.65 - Val Acc: 24.740000000000002
2023-09-02 15:16:50,561 - root - INFO - Epoch 5
-------------------------------
2023-09-02 15:22:33,087 - root - INFO - Época: 5 - Test Acc: 23.35 - Val Acc: 22.68
2023-09-02 15:22:33,087 - root - INFO - Epoch 6
-------------------------------
2023-09-02 15:28:15,334 - root - INFO - Época: 6 - Test Acc: 25.019999999999996 - Val Acc: 24.12
2023-09-02 15:28:15,334 - root - INFO - Epoch 7
-------------------------------
2023-09-02 15:33:57,430 - root - INFO - Validation loss decreased from : 1.9096690359207007 ----> 1.9027295234485175 ----> Saving Model.......
2023-09-02 15:33:57,430 - root - INFO - Validation acc:  25.509999999999998
2023-09-02 15:33:57,430 - root - INFO - Época: 7 - Test Acc: 26.44 - Val Acc: 25.509999999999998
2023-09-02 15:33:57,430 - root - INFO - Epoch 8
-------------------------------
2023-09-02 15:39:39,878 - root - INFO - Validation loss decreased from : 1.9027295234485175 ----> 1.8869433669617381 ----> Saving Model.......
2023-09-02 15:39:39,878 - root - INFO - Validation acc:  29.03
2023-09-02 15:39:39,878 - root - INFO - Época: 8 - Test Acc: 29.73 - Val Acc: 29.03
2023-09-02 15:39:39,878 - root - INFO - Epoch 9
-------------------------------
2023-09-02 15:45:22,167 - root - INFO - Validation loss decreased from : 1.8869433669617381 ----> 1.8256870770987612 ----> Saving Model.......
2023-09-02 15:45:22,167 - root - INFO - Validation acc:  30.2
2023-09-02 15:45:22,167 - root - INFO - Época: 9 - Test Acc: 31.130000000000003 - Val Acc: 30.2
2023-09-02 15:45:22,167 - root - INFO - Epoch 10
-------------------------------
2023-09-02 15:51:04,574 - root - INFO - Validation loss decreased from : 1.8256870770987612 ----> 1.766143106804869 ----> Saving Model.......
2023-09-02 15:51:04,574 - root - INFO - Validation acc:  27.029999999999998
2023-09-02 15:51:04,574 - root - INFO - Época: 10 - Test Acc: 27.36 - Val Acc: 27.029999999999998
2023-09-02 15:51:04,574 - root - INFO - Tempo treinamento:  3422.95 seconds
2023-09-02 15:51:04,574 - root - INFO - Métricas
2023-09-02 15:51:04,574 - root - INFO - ACC
2023-09-02 15:51:04,574 - root - INFO - {'epoch': [1, 2, 3, 4, 5, 6, 7, 8, 9, 10],
 'test_acc': [19.79,
              22.71,
              21.51,
              24.65,
              23.35,
              25.019999999999996,
              26.44,
              29.73,
              31.130000000000003,
              27.36],
 'train_acc': [15.7575,
               18.0775,
               18.85,
               19.4325,
               19.42,
               19.3175,
               20.1975,
               21.01,
               22.4575,
               23.3675],
 'val_acc': [19.73,
             22.14,
             21.36,
             24.740000000000002,
             22.68,
             24.12,
             25.509999999999998,
             29.03,
             30.2,
             27.029999999999998]}
2023-09-02 15:51:04,574 - root - INFO - LOSS
2023-09-02 15:51:04,574 - root - INFO - {'epoch': [1, 2, 3, 4, 5, 6, 7, 8, 9, 10],
 'test_loss': [1.9545150180213369,
               1.9057647957207677,
               1.9189828135335028,
               1.9179125765261178,
               1.9695981249641688,
               1.9214110747693827,
               1.8947395718516633,
               1.8798220953621423,
               1.8152302694015992,
               1.7619003544981107],
 'train_loss': [2.9885099400520323,
                2.038896804332733,
                2.0307925161361693,
                2.017978804397583,
                2.0295837231636047,
                2.016014971065521,
                2.0050063336372377,
                1.9947867664337158,
                1.9725774450302125,
                1.9427296823501587],
 'val_loss': [1.9555323417194355,
              1.9096690359207007,
              1.9209740059063458,
              1.9193009819847326,
              1.967657181401603,
              1.928920977412702,
              1.9027295234485175,
              1.8869433669617381,
              1.8256870770987612,
              1.766143106804869]}
2023-09-02 15:51:14,794 - root - INFO - Rodando evaluation
2023-09-02 15:51:14,794 - root - INFO - Construindo dataset para a rede ALEXNET
