2023-09-04 02:48:46,918 - root - INFO - --------------------- Iniciando Novo Treinamento 42 ---------------------
2023-09-04 02:48:46,918 - root - INFO - Parametros
2023-09-04 02:48:46,918 - root - INFO - {'batch_size': 16,
 'dataset': 'CIFAR10',
 'epochs': 10,
 'learning_rate': 0.0001,
 'network': 'VGG16',
 'num_workers': 1}
2023-09-04 02:48:46,918 - root - INFO - Construindo dataset para a rede VGG16
2023-09-04 02:48:52,484 - root - INFO - VGG16(
  (layer1): Sequential(
    (0): Conv2d(1, 64, kernel_size=(3, 3), stride=(1, 1), padding=(1, 1))
    (1): BatchNorm2d(64, eps=1e-05, momentum=0.1, affine=True, track_running_stats=True)
    (2): ReLU()
  )
  (layer2): Sequential(
    (0): Conv2d(64, 64, kernel_size=(3, 3), stride=(1, 1), padding=(1, 1))
    (1): BatchNorm2d(64, eps=1e-05, momentum=0.1, affine=True, track_running_stats=True)
    (2): ReLU()
    (3): MaxPool2d(kernel_size=2, stride=2, padding=0, dilation=1, ceil_mode=False)
  )
  (layer3): Sequential(
    (0): Conv2d(64, 128, kernel_size=(3, 3), stride=(1, 1), padding=(1, 1))
    (1): BatchNorm2d(128, eps=1e-05, momentum=0.1, affine=True, track_running_stats=True)
    (2): ReLU()
  )
  (layer4): Sequential(
    (0): Conv2d(128, 128, kernel_size=(3, 3), stride=(1, 1), padding=(1, 1))
    (1): BatchNorm2d(128, eps=1e-05, momentum=0.1, affine=True, track_running_stats=True)
    (2): ReLU()
    (3): MaxPool2d(kernel_size=2, stride=2, padding=0, dilation=1, ceil_mode=False)
  )
  (layer5): Sequential(
    (0): Conv2d(128, 256, kernel_size=(3, 3), stride=(1, 1), padding=(1, 1))
    (1): BatchNorm2d(256, eps=1e-05, momentum=0.1, affine=True, track_running_stats=True)
    (2): ReLU()
  )
  (layer6): Sequential(
    (0): Conv2d(256, 256, kernel_size=(3, 3), stride=(1, 1), padding=(1, 1))
    (1): BatchNorm2d(256, eps=1e-05, momentum=0.1, affine=True, track_running_stats=True)
    (2): ReLU()
  )
  (layer7): Sequential(
    (0): Conv2d(256, 256, kernel_size=(3, 3), stride=(1, 1), padding=(1, 1))
    (1): BatchNorm2d(256, eps=1e-05, momentum=0.1, affine=True, track_running_stats=True)
    (2): ReLU()
    (3): MaxPool2d(kernel_size=2, stride=2, padding=0, dilation=1, ceil_mode=False)
  )
  (layer8): Sequential(
    (0): Conv2d(256, 512, kernel_size=(3, 3), stride=(1, 1), padding=(1, 1))
    (1): BatchNorm2d(512, eps=1e-05, momentum=0.1, affine=True, track_running_stats=True)
    (2): ReLU()
  )
  (layer9): Sequential(
    (0): Conv2d(512, 512, kernel_size=(3, 3), stride=(1, 1), padding=(1, 1))
    (1): BatchNorm2d(512, eps=1e-05, momentum=0.1, affine=True, track_running_stats=True)
    (2): ReLU()
  )
  (layer10): Sequential(
    (0): Conv2d(512, 512, kernel_size=(3, 3), stride=(1, 1), padding=(1, 1))
    (1): BatchNorm2d(512, eps=1e-05, momentum=0.1, affine=True, track_running_stats=True)
    (2): ReLU()
    (3): MaxPool2d(kernel_size=2, stride=2, padding=0, dilation=1, ceil_mode=False)
  )
  (layer11): Sequential(
    (0): Conv2d(512, 512, kernel_size=(3, 3), stride=(1, 1), padding=(1, 1))
    (1): BatchNorm2d(512, eps=1e-05, momentum=0.1, affine=True, track_running_stats=True)
    (2): ReLU()
  )
  (layer12): Sequential(
    (0): Conv2d(512, 512, kernel_size=(3, 3), stride=(1, 1), padding=(1, 1))
    (1): BatchNorm2d(512, eps=1e-05, momentum=0.1, affine=True, track_running_stats=True)
    (2): ReLU()
  )
  (layer13): Sequential(
    (0): Conv2d(512, 512, kernel_size=(3, 3), stride=(1, 1), padding=(1, 1))
    (1): BatchNorm2d(512, eps=1e-05, momentum=0.1, affine=True, track_running_stats=True)
    (2): ReLU()
    (3): MaxPool2d(kernel_size=2, stride=2, padding=0, dilation=1, ceil_mode=False)
  )
  (fc): Sequential(
    (0): Linear(in_features=25088, out_features=4096, bias=True)
    (1): ReLU()
    (2): Dropout(p=0.5, inplace=False)
  )
  (fc1): Sequential(
    (0): Linear(in_features=4096, out_features=4096, bias=True)
    (1): ReLU()
    (2): Dropout(p=0.5, inplace=False)
  )
  (fc2): Sequential(
    (0): Linear(in_features=4096, out_features=10, bias=True)
  )
)
2023-09-04 02:48:52,485 - root - INFO - Iniciando treinamento
2023-09-04 02:48:52,485 - root - INFO - Epoch 1
-------------------------------
2023-09-04 03:03:42,820 - root - INFO - Validation loss decreased from : inf ----> 1.2258727194309234 ----> Saving Model.......
2023-09-04 03:03:42,820 - root - INFO - Validation acc:  57.07
2023-09-04 03:03:42,820 - root - INFO - Best Test acc from 0 ----> 57.120000000000005
2023-09-04 03:03:42,820 - root - INFO - Época 1/10
2023-09-04 03:03:42,820 - root - INFO - loss: 1.688568439769745 - accuracy: 38.1725 - val_loss: 1.2258727194309234 - val_accuracy: 57.07
2023-09-04 03:03:42,820 - root - INFO - [Test] ---> accuracy: 57.120000000000005 - loss: 1.2197128342628478
2023-09-04 03:03:42,820 - root - INFO - test acc from best model : 57.120000000000005
2023-09-04 03:03:42,820 - root - INFO - Epoch 2
-------------------------------
2023-09-04 03:15:13,734 - root - INFO - Validation loss decreased from : 1.2258727194309234 ----> 0.9659526533603668 ----> Saving Model.......
2023-09-04 03:15:13,734 - root - INFO - Validation acc:  66.81
2023-09-04 03:15:13,734 - root - INFO - Best Test acc from 57.120000000000005 ----> 67.08
2023-09-04 03:15:13,734 - root - INFO - Época 2/10
2023-09-04 03:15:13,734 - root - INFO - loss: 1.1151307417154313 - accuracy: 60.58 - val_loss: 0.9659526533603668 - val_accuracy: 66.81
2023-09-04 03:15:13,734 - root - INFO - [Test] ---> accuracy: 67.08 - loss: 0.9594249488830566
2023-09-04 03:15:13,734 - root - INFO - test acc from best model : 67.08
2023-09-04 03:15:13,734 - root - INFO - Epoch 3
-------------------------------
2023-09-04 03:27:04,759 - root - INFO - Validation loss decreased from : 0.9659526533603668 ----> 0.8339383409023285 ----> Saving Model.......
2023-09-04 03:27:04,759 - root - INFO - Validation acc:  71.28
2023-09-04 03:27:04,759 - root - INFO - Best Test acc from 67.08 ----> 70.73
2023-09-04 03:27:04,759 - root - INFO - Época 3/10
2023-09-04 03:27:04,759 - root - INFO - loss: 0.8997685864925384 - accuracy: 68.725 - val_loss: 0.8339383409023285 - val_accuracy: 71.28
2023-09-04 03:27:04,759 - root - INFO - [Test] ---> accuracy: 70.73 - loss: 0.8271421505212784
2023-09-04 03:27:04,759 - root - INFO - test acc from best model : 70.73
2023-09-04 03:27:04,759 - root - INFO - Epoch 4
-------------------------------
2023-09-04 03:38:40,625 - root - INFO - Validation loss decreased from : 0.8339383409023285 ----> 0.7196479283332825 ----> Saving Model.......
2023-09-04 03:38:40,625 - root - INFO - Validation acc:  75.2
2023-09-04 03:38:40,625 - root - INFO - Best Test acc from 70.73 ----> 75.03
2023-09-04 03:38:40,625 - root - INFO - Época 4/10
2023-09-04 03:38:40,625 - root - INFO - loss: 0.7766799397826195 - accuracy: 73.1375 - val_loss: 0.7196479283332825 - val_accuracy: 75.2
2023-09-04 03:38:40,625 - root - INFO - [Test] ---> accuracy: 75.03 - loss: 0.7279780703306198
2023-09-04 03:38:40,625 - root - INFO - test acc from best model : 75.03
2023-09-04 03:38:40,625 - root - INFO - Epoch 5
-------------------------------
2023-09-04 03:50:22,243 - root - INFO - Validation loss decreased from : 0.7196479283332825 ----> 0.6845851077497005 ----> Saving Model.......
2023-09-04 03:50:22,243 - root - INFO - Validation acc:  76.68
2023-09-04 03:50:22,243 - root - INFO - Best Test acc from 75.03 ----> 76.71
2023-09-04 03:50:22,243 - root - INFO - Época 5/10
2023-09-04 03:50:22,243 - root - INFO - loss: 0.6780732083380222 - accuracy: 76.71 - val_loss: 0.6845851077497005 - val_accuracy: 76.68
2023-09-04 03:50:22,244 - root - INFO - [Test] ---> accuracy: 76.71 - loss: 0.70204675822258
2023-09-04 03:50:22,244 - root - INFO - test acc from best model : 76.71
2023-09-04 03:50:22,244 - root - INFO - Epoch 6
-------------------------------
2023-09-04 04:02:05,065 - root - INFO - Validation loss decreased from : 0.6845851077497005 ----> 0.5999632917642593 ----> Saving Model.......
2023-09-04 04:02:05,065 - root - INFO - Validation acc:  79.55
2023-09-04 04:02:05,065 - root - INFO - Best Test acc from 76.71 ----> 79.35
2023-09-04 04:02:05,065 - root - INFO - Época 6/10
2023-09-04 04:02:05,065 - root - INFO - loss: 0.6034715230762958 - accuracy: 79.3025 - val_loss: 0.5999632917642593 - val_accuracy: 79.55
2023-09-04 04:02:05,065 - root - INFO - [Test] ---> accuracy: 79.35 - loss: 0.6058673249840736
2023-09-04 04:02:05,065 - root - INFO - test acc from best model : 79.35
2023-09-04 04:02:05,065 - root - INFO - Epoch 7
-------------------------------
2023-09-04 04:13:51,795 - root - INFO - Época 7/10
2023-09-04 04:13:51,795 - root - INFO - loss: 0.5380832539707422 - accuracy: 81.545 - val_loss: 0.6537445991039276 - val_accuracy: 77.37
2023-09-04 04:13:51,795 - root - INFO - [Test] ---> accuracy: 77.29 - loss: 0.6704119199275971
2023-09-04 04:13:51,795 - root - INFO - test acc from best model : 79.35
2023-09-04 04:13:51,795 - root - INFO - Epoch 8
-------------------------------
2023-09-04 04:25:34,037 - root - INFO - Validation loss decreased from : 0.5999632917642593 ----> 0.5926564529061318 ----> Saving Model.......
2023-09-04 04:25:34,037 - root - INFO - Validation acc:  80.5
2023-09-04 04:25:34,038 - root - INFO - Best Test acc from 79.35 ----> 79.75999999999999
2023-09-04 04:25:34,038 - root - INFO - Época 8/10
2023-09-04 04:25:34,038 - root - INFO - loss: 0.47291643055081367 - accuracy: 83.81 - val_loss: 0.5926564529061318 - val_accuracy: 80.5
2023-09-04 04:25:34,038 - root - INFO - [Test] ---> accuracy: 79.75999999999999 - loss: 0.6140241457343102
2023-09-04 04:25:34,038 - root - INFO - test acc from best model : 79.75999999999999
2023-09-04 04:25:34,038 - root - INFO - Epoch 9
-------------------------------
2023-09-04 04:37:18,986 - root - INFO - Validation loss decreased from : 0.5926564529061318 ----> 0.5762953632086515 ----> Saving Model.......
2023-09-04 04:37:18,986 - root - INFO - Validation acc:  81.05
2023-09-04 04:37:18,986 - root - INFO - Best Test acc from 79.75999999999999 ----> 81.32000000000001
2023-09-04 04:37:18,986 - root - INFO - Época 9/10
2023-09-04 04:37:18,986 - root - INFO - loss: 0.4114479015111923 - accuracy: 85.705 - val_loss: 0.5762953632086515 - val_accuracy: 81.05
2023-09-04 04:37:18,986 - root - INFO - [Test] ---> accuracy: 81.32000000000001 - loss: 0.5790312501847744
2023-09-04 04:37:18,986 - root - INFO - test acc from best model : 81.32000000000001
2023-09-04 04:37:18,986 - root - INFO - Epoch 10
-------------------------------
2023-09-04 04:48:51,695 - root - INFO - Época 10/10
2023-09-04 04:48:51,695 - root - INFO - loss: 0.3628919960230589 - accuracy: 87.3775 - val_loss: 0.5797578778505326 - val_accuracy: 80.9
2023-09-04 04:48:51,695 - root - INFO - [Test] ---> accuracy: 80.32000000000001 - loss: 0.6040741566747427
2023-09-04 04:48:51,695 - root - INFO - test acc from best model : 81.32000000000001
2023-09-04 04:48:51,695 - root - INFO - Tempo treinamento:  7199.21 seconds
2023-09-04 04:48:51,695 - root - INFO - Menor loss: 0.5762953632086515
2023-09-04 04:48:51,695 - root - INFO - Acurácia de teste do melhor modelo: 81.32000000000001
2023-09-04 04:48:51,695 - root - INFO - Métricas
2023-09-04 04:48:51,695 - root - INFO - ACC
2023-09-04 04:48:51,695 - root - INFO - {'epoch': [1, 2, 3, 4, 5, 6, 7, 8, 9, 10],
 'test_acc': [57.120000000000005,
              67.08,
              70.73,
              75.03,
              76.71,
              79.35,
              77.29,
              79.75999999999999,
              81.32000000000001,
              80.32000000000001],
 'train_acc': [38.1725,
               60.58,
               68.725,
               73.1375,
               76.71,
               79.3025,
               81.545,
               83.81,
               85.705,
               87.3775],
 'val_acc': [57.07, 66.81, 71.28, 75.2, 76.68, 79.55, 77.37, 80.5, 81.05, 80.9]}
2023-09-04 04:48:51,695 - root - INFO - LOSS
2023-09-04 04:48:51,695 - root - INFO - {'epoch': [1, 2, 3, 4, 5, 6, 7, 8, 9, 10],
 'test_loss': [1.2197128342628478,
               0.9594249488830566,
               0.8271421505212784,
               0.7279780703306198,
               0.70204675822258,
               0.6058673249840736,
               0.6704119199275971,
               0.6140241457343102,
               0.5790312501847744,
               0.6040741566747427],
 'train_loss': [1.688568439769745,
                1.1151307417154313,
                0.8997685864925384,
                0.7766799397826195,
                0.6780732083380222,
                0.6034715230762958,
                0.5380832539707422,
                0.47291643055081367,
                0.4114479015111923,
                0.3628919960230589],
 'val_loss': [1.2258727194309234,
              0.9659526533603668,
              0.8339383409023285,
              0.7196479283332825,
              0.6845851077497005,
              0.5999632917642593,
              0.6537445991039276,
              0.5926564529061318,
              0.5762953632086515,
              0.5797578778505326]}
2023-09-08 02:01:15,474 - root - INFO - --------------------- Iniciando Teste 42 ---------------------
2023-09-08 02:01:15,474 - root - INFO - Rodando evaluation
2023-09-08 02:01:15,476 - root - INFO - Construindo dataset para a rede VGG16
2023-09-08 03:43:58,779 - root - INFO - --------------------- Iniciando Teste 42 ---------------------
2023-09-08 03:43:58,779 - root - INFO - Rodando evaluation
2023-09-08 03:43:58,779 - root - INFO - Construindo dataset para a rede VGG16
