2023-09-02 01:48:08,214 - root - INFO - --------------------- Iniciando Novo Treinamento 20 ---------------------
2023-09-02 01:48:08,214 - root - INFO - Parametros
2023-09-02 01:48:08,215 - root - INFO - {'batch_size': 64,
 'dataset': 'FASHIONMNIST',
 'epochs': 25,
 'learning_rate': 0.001,
 'network': 'LENET5',
 'num_workers': 1}
2023-09-02 01:48:08,215 - root - INFO - Construindo dataset para a rede LENET5
2023-09-02 01:48:11,027 - root - INFO - Construindo modelo para a rede LENET5
2023-09-02 01:48:11,030 - root - INFO - LeNet5(
  (layer1): Sequential(
    (0): Conv2d(1, 6, kernel_size=(5, 5), stride=(1, 1))
    (1): BatchNorm2d(6, eps=1e-05, momentum=0.1, affine=True, track_running_stats=True)
    (2): ReLU()
    (3): MaxPool2d(kernel_size=2, stride=2, padding=0, dilation=1, ceil_mode=False)
  )
  (layer2): Sequential(
    (0): Conv2d(6, 16, kernel_size=(5, 5), stride=(1, 1))
    (1): BatchNorm2d(16, eps=1e-05, momentum=0.1, affine=True, track_running_stats=True)
    (2): ReLU()
    (3): MaxPool2d(kernel_size=2, stride=2, padding=0, dilation=1, ceil_mode=False)
  )
  (fc): Linear(in_features=400, out_features=120, bias=True)
  (relu): ReLU()
  (fc1): Linear(in_features=120, out_features=84, bias=True)
  (relu1): ReLU()
  (fc2): Linear(in_features=84, out_features=10, bias=True)
)
2023-09-02 01:48:11,031 - root - INFO - Iniciando treinamento
2023-09-02 01:48:11,031 - root - INFO - Epoch 1
-------------------------------
2023-09-02 01:51:05,919 - root - INFO - --------------------- Iniciando Novo Treinamento 20 ---------------------
2023-09-02 01:51:05,919 - root - INFO - Parametros
2023-09-02 01:51:05,919 - root - INFO - {'batch_size': 64,
 'dataset': 'FASHIONMNIST',
 'epochs': 25,
 'learning_rate': 0.001,
 'network': 'LENET5',
 'num_workers': 1}
2023-09-02 01:51:05,919 - root - INFO - Construindo dataset para a rede LENET5
2023-09-02 01:51:09,511 - root - INFO - Construindo modelo para a rede LENET5
2023-09-02 01:51:09,514 - root - INFO - LeNet5(
  (layer1): Sequential(
    (0): Conv2d(1, 6, kernel_size=(5, 5), stride=(1, 1))
    (1): BatchNorm2d(6, eps=1e-05, momentum=0.1, affine=True, track_running_stats=True)
    (2): ReLU()
    (3): MaxPool2d(kernel_size=2, stride=2, padding=0, dilation=1, ceil_mode=False)
  )
  (layer2): Sequential(
    (0): Conv2d(6, 16, kernel_size=(5, 5), stride=(1, 1))
    (1): BatchNorm2d(16, eps=1e-05, momentum=0.1, affine=True, track_running_stats=True)
    (2): ReLU()
    (3): MaxPool2d(kernel_size=2, stride=2, padding=0, dilation=1, ceil_mode=False)
  )
  (fc): Linear(in_features=400, out_features=120, bias=True)
  (relu): ReLU()
  (fc1): Linear(in_features=120, out_features=84, bias=True)
  (relu1): ReLU()
  (fc2): Linear(in_features=84, out_features=10, bias=True)
)
2023-09-02 01:51:09,514 - root - INFO - Iniciando treinamento
2023-09-02 01:51:09,514 - root - INFO - Epoch 1
-------------------------------
2023-09-02 01:52:11,193 - root - INFO - Validation loss decreased from : inf ----> 0.381731205322641 ----> Saving Model.......
2023-09-02 01:52:11,211 - root - INFO - Época: 1 - Test Acc: 85.16 - Val Acc: 85.76666666666667
2023-09-02 01:52:11,211 - root - INFO - Epoch 2
-------------------------------
2023-09-02 01:53:14,194 - root - INFO - Validation loss decreased from : 0.381731205322641 ----> 0.32557240719015296 ----> Saving Model.......
2023-09-02 01:53:14,197 - root - INFO - Época: 2 - Test Acc: 87.46000000000001 - Val Acc: 87.625
2023-09-02 01:53:14,197 - root - INFO - Epoch 3
-------------------------------
2023-09-02 01:54:15,985 - root - INFO - Época: 3 - Test Acc: 86.81 - Val Acc: 87.45
2023-09-02 01:54:15,985 - root - INFO - Epoch 4
-------------------------------
2023-09-02 01:55:19,267 - root - INFO - Época: 4 - Test Acc: 87.53 - Val Acc: 87.97500000000001
2023-09-02 01:55:19,268 - root - INFO - Epoch 5
-------------------------------
2023-09-02 01:56:22,105 - root - INFO - Validation loss decreased from : 0.32557240719015296 ----> 0.30416616777631833 ----> Saving Model.......
2023-09-02 01:56:22,107 - root - INFO - Época: 5 - Test Acc: 88.09 - Val Acc: 88.75
2023-09-02 01:56:22,107 - root - INFO - Epoch 6
-------------------------------
2023-09-02 01:57:26,111 - root - INFO - Validation loss decreased from : 0.30416616777631833 ----> 0.30136080482538713 ----> Saving Model.......
2023-09-02 01:57:26,114 - root - INFO - Época: 6 - Test Acc: 88.75999999999999 - Val Acc: 89.36666666666667
2023-09-02 01:57:26,114 - root - INFO - Epoch 7
-------------------------------
2023-09-02 01:58:30,214 - root - INFO - Validation loss decreased from : 0.30136080482538713 ----> 0.30103829320757947 ----> Saving Model.......
2023-09-02 01:58:30,217 - root - INFO - Época: 7 - Test Acc: 88.84 - Val Acc: 89.41666666666667
2023-09-02 01:58:30,217 - root - INFO - Epoch 8
-------------------------------
2023-09-02 01:59:32,789 - root - INFO - Validation loss decreased from : 0.30103829320757947 ----> 0.27553144836441634 ----> Saving Model.......
2023-09-02 01:59:32,792 - root - INFO - Época: 8 - Test Acc: 89.73 - Val Acc: 90.05833333333332
2023-09-02 01:59:32,792 - root - INFO - Epoch 9
-------------------------------
2023-09-02 02:00:36,320 - root - INFO - Validation loss decreased from : 0.27553144836441634 ----> 0.267422097576584 ----> Saving Model.......
2023-09-02 02:00:36,323 - root - INFO - Época: 9 - Test Acc: 90.07 - Val Acc: 90.48333333333333
2023-09-02 02:00:36,323 - root - INFO - Epoch 10
-------------------------------
2023-09-02 02:01:37,937 - root - INFO - Época: 10 - Test Acc: 90.03999999999999 - Val Acc: 90.35833333333333
2023-09-02 02:01:37,937 - root - INFO - Epoch 11
-------------------------------
2023-09-02 02:02:41,652 - root - INFO - Época: 11 - Test Acc: 90.13 - Val Acc: 90.44166666666666
2023-09-02 02:02:41,652 - root - INFO - Epoch 12
-------------------------------
2023-09-02 02:03:43,676 - root - INFO - Época: 12 - Test Acc: 89.83 - Val Acc: 90.00833333333334
2023-09-02 02:03:43,676 - root - INFO - Epoch 13
-------------------------------
2023-09-02 02:04:43,157 - root - INFO - Época: 13 - Test Acc: 90.02 - Val Acc: 90.06666666666666
2023-09-02 02:04:43,158 - root - INFO - Epoch 14
-------------------------------
2023-09-02 02:05:45,754 - root - INFO - Época: 14 - Test Acc: 90.16 - Val Acc: 90.64999999999999
2023-09-02 02:05:45,755 - root - INFO - Epoch 15
-------------------------------
2023-09-02 02:06:48,642 - root - INFO - Época: 15 - Test Acc: 90.10000000000001 - Val Acc: 90.44166666666666
2023-09-02 02:06:48,642 - root - INFO - Epoch 16
-------------------------------
2023-09-02 02:07:51,265 - root - INFO - Época: 16 - Test Acc: 89.64 - Val Acc: 90.04166666666666
2023-09-02 02:07:51,265 - root - INFO - Epoch 17
-------------------------------
2023-09-02 02:08:55,097 - root - INFO - Época: 17 - Test Acc: 89.59 - Val Acc: 90.275
2023-09-02 02:08:55,097 - root - INFO - Epoch 18
-------------------------------
2023-09-02 02:09:56,616 - root - INFO - Época: 18 - Test Acc: 89.60000000000001 - Val Acc: 89.63333333333333
2023-09-02 02:09:56,616 - root - INFO - Epoch 19
-------------------------------
2023-09-02 02:10:59,575 - root - INFO - Época: 19 - Test Acc: 90.16 - Val Acc: 90.21666666666667
2023-09-02 02:10:59,575 - root - INFO - Epoch 20
-------------------------------
2023-09-02 02:12:02,189 - root - INFO - Época: 20 - Test Acc: 90.01 - Val Acc: 89.9
2023-09-02 02:12:02,189 - root - INFO - Epoch 21
-------------------------------
2023-09-02 02:13:05,742 - root - INFO - Época: 21 - Test Acc: 90.14999999999999 - Val Acc: 90.43333333333334
2023-09-02 02:13:05,742 - root - INFO - Epoch 22
-------------------------------
2023-09-02 02:14:07,986 - root - INFO - Época: 22 - Test Acc: 89.98 - Val Acc: 90.225
2023-09-02 02:14:07,986 - root - INFO - Epoch 23
-------------------------------
2023-09-02 02:15:08,608 - root - INFO - Época: 23 - Test Acc: 89.92999999999999 - Val Acc: 89.88333333333334
2023-09-02 02:15:08,608 - root - INFO - Epoch 24
-------------------------------
2023-09-02 02:16:11,307 - root - INFO - Época: 24 - Test Acc: 89.59 - Val Acc: 89.79166666666667
2023-09-02 02:16:11,307 - root - INFO - Epoch 25
-------------------------------
2023-09-02 02:17:13,769 - root - INFO - Época: 25 - Test Acc: 90.07 - Val Acc: 89.95
2023-09-02 02:17:13,769 - root - INFO - Tempo treinamento:  1564.26 seconds
2023-09-02 02:17:13,769 - root - INFO - Métricas
2023-09-02 02:17:13,769 - root - INFO - ACC
2023-09-02 02:17:13,770 - root - INFO - {'epoch': [1,
           2,
           3,
           4,
           5,
           6,
           7,
           8,
           9,
           10,
           11,
           12,
           13,
           14,
           15,
           16,
           17,
           18,
           19,
           20,
           21,
           22,
           23,
           24,
           25],
 'test_acc': [85.16,
              87.46000000000001,
              86.81,
              87.53,
              88.09,
              88.75999999999999,
              88.84,
              89.73,
              90.07,
              90.03999999999999,
              90.13,
              89.83,
              90.02,
              90.16,
              90.10000000000001,
              89.64,
              89.59,
              89.60000000000001,
              90.16,
              90.01,
              90.14999999999999,
              89.98,
              89.92999999999999,
              89.59,
              90.07],
 'train_acc': [81.57291666666667,
               87.44583333333334,
               88.96041666666666,
               89.78333333333333,
               90.33958333333334,
               90.88125,
               91.62916666666666,
               92.00833333333334,
               92.53958333333334,
               92.73958333333333,
               93.10833333333333,
               93.59583333333333,
               93.99583333333334,
               94.2875,
               94.625,
               94.98958333333333,
               95.19791666666667,
               95.57916666666667,
               95.69791666666667,
               95.92083333333333,
               96.325,
               96.31458333333333,
               96.77291666666666,
               96.83125,
               96.88958333333333],
 'val_acc': [85.76666666666667,
             87.625,
             87.45,
             87.97500000000001,
             88.75,
             89.36666666666667,
             89.41666666666667,
             90.05833333333332,
             90.48333333333333,
             90.35833333333333,
             90.44166666666666,
             90.00833333333334,
             90.06666666666666,
             90.64999999999999,
             90.44166666666666,
             90.04166666666666,
             90.275,
             89.63333333333333,
             90.21666666666667,
             89.9,
             90.43333333333334,
             90.225,
             89.88333333333334,
             89.79166666666667,
             89.95]}
2023-09-02 02:17:13,770 - root - INFO - LOSS
2023-09-02 02:17:13,770 - root - INFO - {'epoch': [1,
           2,
           3,
           4,
           5,
           6,
           7,
           8,
           9,
           10,
           11,
           12,
           13,
           14,
           15,
           16,
           17,
           18,
           19,
           20,
           21,
           22,
           23,
           24,
           25],
 'test_loss': [0.39587437954677895,
               0.3418461472555331,
               0.3665112551230534,
               0.3558583139044464,
               0.32150866888510954,
               0.3223355477972395,
               0.313157608791901,
               0.2923047319529163,
               0.2858134165501139,
               0.2873277731571987,
               0.2893171761256115,
               0.30611554177323724,
               0.3145270576807344,
               0.3238396300299532,
               0.3072017347736723,
               0.3394637094086902,
               0.3399226507943147,
               0.35797327168428217,
               0.33862975664484274,
               0.35434900739105646,
               0.38829918677924546,
               0.3868657499551773,
               0.3968634185660037,
               0.4166225941412768,
               0.4223760486977875],
 'train_loss': [0.5078392527898152,
                0.34223351925611495,
                0.2993019023935,
                0.2749131278793017,
                0.2584325804958741,
                0.24062584341565768,
                0.22323294908801714,
                0.21291716635227204,
                0.1993982071230809,
                0.19112375339865684,
                0.1796069465627273,
                0.16887158123155435,
                0.1597335045908888,
                0.15103655501703422,
                0.14226137018203736,
                0.13255400381982327,
                0.12785514794290065,
                0.11677275306731462,
                0.11318907610327006,
                0.10651415306205551,
                0.09697096933983267,
                0.09629313192640741,
                0.08505910412222147,
                0.08393597424713274,
                0.08073039022305359],
 'val_loss': [0.381731205322641,
              0.32557240719015296,
              0.3476381870977422,
              0.33757395047615185,
              0.30416616777631833,
              0.30136080482538713,
              0.30103829320757947,
              0.27553144836441634,
              0.267422097576584,
              0.2695029874906895,
              0.27121365559782756,
              0.2873600579084868,
              0.30013741485457474,
              0.2953064747630282,
              0.2879808849674907,
              0.31450641190910594,
              0.3124309466715823,
              0.3339373728141506,
              0.32605783074618655,
              0.340564294084114,
              0.35646795108914375,
              0.3619082437312983,
              0.39522438056449943,
              0.3903324802386317,
              0.40339452682181876]}
2023-09-02 02:17:15,771 - root - INFO - Rodando evaluation
2023-09-02 02:17:15,771 - root - INFO - Construindo dataset para a rede LENET5
2023-09-03 15:08:32,139 - root - INFO - --------------------- Iniciando Novo Treinamento 20 ---------------------
2023-09-03 15:08:32,139 - root - INFO - Parametros
2023-09-03 15:08:32,139 - root - INFO - {'batch_size': 64,
 'dataset': 'FASHIONMNIST',
 'epochs': 25,
 'learning_rate': 0.001,
 'network': 'LENET5',
 'num_workers': 1}
2023-09-03 15:08:32,139 - root - INFO - Construindo dataset para a rede LENET5
2023-09-03 15:08:32,375 - root - INFO - LeNet5(
  (layer1): Sequential(
    (0): Conv2d(1, 6, kernel_size=(5, 5), stride=(1, 1))
    (1): BatchNorm2d(6, eps=1e-05, momentum=0.1, affine=True, track_running_stats=True)
    (2): ReLU()
    (3): MaxPool2d(kernel_size=2, stride=2, padding=0, dilation=1, ceil_mode=False)
  )
  (layer2): Sequential(
    (0): Conv2d(6, 16, kernel_size=(5, 5), stride=(1, 1))
    (1): BatchNorm2d(16, eps=1e-05, momentum=0.1, affine=True, track_running_stats=True)
    (2): ReLU()
    (3): MaxPool2d(kernel_size=2, stride=2, padding=0, dilation=1, ceil_mode=False)
  )
  (fc): Linear(in_features=400, out_features=120, bias=True)
  (relu): ReLU()
  (fc1): Linear(in_features=120, out_features=84, bias=True)
  (relu1): ReLU()
  (fc2): Linear(in_features=84, out_features=10, bias=True)
)
2023-09-03 15:08:32,376 - root - INFO - Iniciando treinamento
2023-09-03 15:08:32,376 - root - INFO - Epoch 1
-------------------------------
2023-09-03 15:09:19,034 - root - INFO - Validation loss decreased from : inf ----> 0.006192634625981251 ----> Saving Model.......
2023-09-03 15:09:19,034 - root - INFO - Validation acc:  85.125
2023-09-03 15:09:19,034 - root - INFO - Best Test acc from 0 ----> 84.48
2023-09-03 15:09:19,034 - root - INFO - Época 1/25
2023-09-03 15:09:19,034 - root - INFO - loss: 0.007942236693886419 - accuracy: 81.56875 - val_loss: 0.006192634625981251 - val_accuracy: 85.125
2023-09-03 15:09:19,034 - root - INFO - [Test] ---> accuracy: 84.48 - loss: 0.006440233270823955
2023-09-03 15:09:19,035 - root - INFO - test acc from best model : 84.48
2023-09-03 15:09:19,035 - root - INFO - Epoch 2
-------------------------------
2023-09-03 15:10:06,049 - root - INFO - Validation loss decreased from : 0.006192634625981251 ----> 0.00488966244024535 ----> Saving Model.......
2023-09-03 15:10:06,050 - root - INFO - Validation acc:  88.4
2023-09-03 15:10:06,050 - root - INFO - Best Test acc from 84.48 ----> 87.75
2023-09-03 15:10:06,050 - root - INFO - Época 2/25
2023-09-03 15:10:06,050 - root - INFO - loss: 0.00534445780236274 - accuracy: 87.37708333333333 - val_loss: 0.00488966244024535 - val_accuracy: 88.4
2023-09-03 15:10:06,050 - root - INFO - [Test] ---> accuracy: 87.75 - loss: 0.005152440482378006
2023-09-03 15:10:06,050 - root - INFO - test acc from best model : 87.75
2023-09-03 15:10:06,050 - root - INFO - Epoch 3
-------------------------------
2023-09-03 15:10:52,395 - root - INFO - Época 3/25
2023-09-03 15:10:52,395 - root - INFO - loss: 0.004662594087111453 - accuracy: 88.98125 - val_loss: 0.0054082811487217745 - val_accuracy: 87.225
2023-09-03 15:10:52,395 - root - INFO - [Test] ---> accuracy: 86.65 - loss: 0.005730219087004661
2023-09-03 15:10:52,395 - root - INFO - test acc from best model : 87.75
2023-09-03 15:10:52,395 - root - INFO - Epoch 4
-------------------------------
2023-09-03 15:11:39,028 - root - INFO - Época 4/25
2023-09-03 15:11:39,028 - root - INFO - loss: 0.0042641460301044085 - accuracy: 89.775 - val_loss: 0.005267553439363837 - val_accuracy: 87.9
2023-09-03 15:11:39,028 - root - INFO - [Test] ---> accuracy: 87.36 - loss: 0.00555003284662962
2023-09-03 15:11:39,028 - root - INFO - test acc from best model : 87.75
2023-09-03 15:11:39,028 - root - INFO - Epoch 5
-------------------------------
2023-09-03 15:12:25,400 - root - INFO - Validation loss decreased from : 0.00488966244024535 ----> 0.004399049185837309 ----> Saving Model.......
2023-09-03 15:12:25,400 - root - INFO - Validation acc:  89.55833333333332
2023-09-03 15:12:25,400 - root - INFO - Best Test acc from 87.75 ----> 88.67
2023-09-03 15:12:25,400 - root - INFO - Época 5/25
2023-09-03 15:12:25,400 - root - INFO - loss: 0.003995697087918719 - accuracy: 90.37916666666666 - val_loss: 0.004399049185837309 - val_accuracy: 89.55833333333332
2023-09-03 15:12:25,400 - root - INFO - [Test] ---> accuracy: 88.67 - loss: 0.004676055064052343
2023-09-03 15:12:25,400 - root - INFO - test acc from best model : 88.67
2023-09-03 15:12:25,400 - root - INFO - Epoch 6
-------------------------------
2023-09-03 15:13:12,226 - root - INFO - Época 6/25
2023-09-03 15:13:12,226 - root - INFO - loss: 0.003728761734596143 - accuracy: 91.13958333333333 - val_loss: 0.005127923555051287 - val_accuracy: 88.40833333333333
2023-09-03 15:13:12,226 - root - INFO - [Test] ---> accuracy: 88.07000000000001 - loss: 0.005422476705908776
2023-09-03 15:13:12,226 - root - INFO - test acc from best model : 88.67
2023-09-03 15:13:12,226 - root - INFO - Epoch 7
-------------------------------
2023-09-03 15:13:58,587 - root - INFO - Época 7/25
2023-09-03 15:13:58,587 - root - INFO - loss: 0.0034730354524217548 - accuracy: 91.58958333333334 - val_loss: 0.004627215124045809 - val_accuracy: 89.44166666666666
2023-09-03 15:13:58,587 - root - INFO - [Test] ---> accuracy: 89.2 - loss: 0.004770692839473486
2023-09-03 15:13:58,587 - root - INFO - test acc from best model : 88.67
2023-09-03 15:13:58,587 - root - INFO - Epoch 8
-------------------------------
2023-09-03 15:14:45,499 - root - INFO - Época 8/25
2023-09-03 15:14:45,499 - root - INFO - loss: 0.003293708631458382 - accuracy: 92.08541666666666 - val_loss: 0.004494080030048887 - val_accuracy: 89.625
2023-09-03 15:14:45,500 - root - INFO - [Test] ---> accuracy: 89.5 - loss: 0.004747123476117849
2023-09-03 15:14:45,500 - root - INFO - test acc from best model : 88.67
2023-09-03 15:14:45,500 - root - INFO - Epoch 9
-------------------------------
2023-09-03 15:15:32,104 - root - INFO - Validation loss decreased from : 0.004399049185837309 ----> 0.00410332174009333 ----> Saving Model.......
2023-09-03 15:15:32,104 - root - INFO - Validation acc:  90.7
2023-09-03 15:15:32,104 - root - INFO - Best Test acc from 88.67 ----> 90.25
2023-09-03 15:15:32,104 - root - INFO - Época 9/25
2023-09-03 15:15:32,104 - root - INFO - loss: 0.0030785823868742833 - accuracy: 92.57916666666667 - val_loss: 0.00410332174009333 - val_accuracy: 90.7
2023-09-03 15:15:32,104 - root - INFO - [Test] ---> accuracy: 90.25 - loss: 0.004486608209460973
2023-09-03 15:15:32,104 - root - INFO - test acc from best model : 90.25
2023-09-03 15:15:32,104 - root - INFO - Epoch 10
-------------------------------
2023-09-03 15:16:19,120 - root - INFO - Época 10/25
2023-09-03 15:16:19,120 - root - INFO - loss: 0.002937894384376705 - accuracy: 92.85208333333334 - val_loss: 0.004334302881732583 - val_accuracy: 90.14166666666667
2023-09-03 15:16:19,120 - root - INFO - [Test] ---> accuracy: 89.53 - loss: 0.004637719728052616
2023-09-03 15:16:19,120 - root - INFO - test acc from best model : 90.25
2023-09-03 15:16:19,120 - root - INFO - Epoch 11
-------------------------------
2023-09-03 15:17:05,527 - root - INFO - Época 11/25
2023-09-03 15:17:05,527 - root - INFO - loss: 0.002763868139668678 - accuracy: 93.21041666666666 - val_loss: 0.004197354015583793 - val_accuracy: 90.70833333333333
2023-09-03 15:17:05,527 - root - INFO - [Test] ---> accuracy: 90.05 - loss: 0.004487151427194476
2023-09-03 15:17:05,527 - root - INFO - test acc from best model : 90.25
2023-09-03 15:17:05,527 - root - INFO - Epoch 12
-------------------------------
2023-09-03 15:17:52,175 - root - INFO - Época 12/25
2023-09-03 15:17:52,175 - root - INFO - loss: 0.0026232813758930813 - accuracy: 93.7 - val_loss: 0.004371431112289429 - val_accuracy: 90.53333333333333
2023-09-03 15:17:52,175 - root - INFO - [Test] ---> accuracy: 90.13 - loss: 0.004696830712258816
2023-09-03 15:17:52,175 - root - INFO - test acc from best model : 90.25
2023-09-03 15:17:52,175 - root - INFO - Epoch 13
-------------------------------
2023-09-03 15:18:38,468 - root - INFO - Época 13/25
2023-09-03 15:18:38,468 - root - INFO - loss: 0.002413880878128111 - accuracy: 94.15625 - val_loss: 0.004527531605834762 - val_accuracy: 90.23333333333333
2023-09-03 15:18:38,468 - root - INFO - [Test] ---> accuracy: 90.01 - loss: 0.004800074064731598
2023-09-03 15:18:38,468 - root - INFO - test acc from best model : 90.25
2023-09-03 15:18:38,468 - root - INFO - Epoch 14
-------------------------------
2023-09-03 15:19:25,161 - root - INFO - Época 14/25
2023-09-03 15:19:25,161 - root - INFO - loss: 0.002326184525076921 - accuracy: 94.32916666666667 - val_loss: 0.00484741206591328 - val_accuracy: 90.15833333333333
2023-09-03 15:19:25,161 - root - INFO - [Test] ---> accuracy: 89.83 - loss: 0.005274845322966576
2023-09-03 15:19:25,161 - root - INFO - test acc from best model : 90.25
2023-09-03 15:19:25,161 - root - INFO - Epoch 15
-------------------------------
2023-09-03 15:20:11,609 - root - INFO - Época 15/25
2023-09-03 15:20:11,609 - root - INFO - loss: 0.0022182546814826006 - accuracy: 94.58125 - val_loss: 0.004552125659771263 - val_accuracy: 90.56666666666666
2023-09-03 15:20:11,609 - root - INFO - [Test] ---> accuracy: 90.02 - loss: 0.004925080744177103
2023-09-03 15:20:11,609 - root - INFO - test acc from best model : 90.25
2023-09-03 15:20:11,609 - root - INFO - Epoch 16
-------------------------------
2023-09-03 15:20:58,447 - root - INFO - Época 16/25
2023-09-03 15:20:58,447 - root - INFO - loss: 0.002072478812847597 - accuracy: 94.92291666666667 - val_loss: 0.004554455003390709 - val_accuracy: 90.8
2023-09-03 15:20:58,447 - root - INFO - [Test] ---> accuracy: 90.35 - loss: 0.004839382940530777
2023-09-03 15:20:58,447 - root - INFO - test acc from best model : 90.25
2023-09-03 15:20:58,447 - root - INFO - Epoch 17
-------------------------------
2023-09-03 15:21:44,746 - root - INFO - Época 17/25
2023-09-03 15:21:44,746 - root - INFO - loss: 0.001991511526556375 - accuracy: 95.24583333333334 - val_loss: 0.004728419123838345 - val_accuracy: 90.36666666666666
2023-09-03 15:21:44,746 - root - INFO - [Test] ---> accuracy: 89.92 - loss: 0.004979377348721027
2023-09-03 15:21:44,746 - root - INFO - test acc from best model : 90.25
2023-09-03 15:21:44,746 - root - INFO - Epoch 18
-------------------------------
2023-09-03 15:22:31,442 - root - INFO - Época 18/25
2023-09-03 15:22:31,443 - root - INFO - loss: 0.0018034170334770654 - accuracy: 95.63958333333333 - val_loss: 0.005022108451152842 - val_accuracy: 90.225
2023-09-03 15:22:31,443 - root - INFO - [Test] ---> accuracy: 90.18 - loss: 0.005421773141622543
2023-09-03 15:22:31,443 - root - INFO - test acc from best model : 90.25
2023-09-03 15:22:31,443 - root - INFO - Epoch 19
-------------------------------
2023-09-03 15:23:18,222 - root - INFO - Época 19/25
2023-09-03 15:23:18,222 - root - INFO - loss: 0.0017991145472430314 - accuracy: 95.76458333333333 - val_loss: 0.0056743055718640485 - val_accuracy: 89.11666666666666
2023-09-03 15:23:18,222 - root - INFO - [Test] ---> accuracy: 89.18 - loss: 0.005878423334658146
2023-09-03 15:23:18,223 - root - INFO - test acc from best model : 90.25
2023-09-03 15:23:18,223 - root - INFO - Epoch 20
-------------------------------
2023-09-03 15:24:04,976 - root - INFO - Época 20/25
2023-09-03 15:24:04,976 - root - INFO - loss: 0.001671597781823948 - accuracy: 95.97083333333333 - val_loss: 0.005378877295181155 - val_accuracy: 89.99166666666667
2023-09-03 15:24:04,976 - root - INFO - [Test] ---> accuracy: 90.22 - loss: 0.005672908916324377
2023-09-03 15:24:04,976 - root - INFO - test acc from best model : 90.25
2023-09-03 15:24:04,976 - root - INFO - Epoch 21
-------------------------------
2023-09-03 15:24:51,591 - root - INFO - Época 21/25
2023-09-03 15:24:51,591 - root - INFO - loss: 0.0015233746094163508 - accuracy: 96.29583333333333 - val_loss: 0.005519691563211381 - val_accuracy: 90.40833333333333
2023-09-03 15:24:51,591 - root - INFO - [Test] ---> accuracy: 90.16 - loss: 0.0059409820403903725
2023-09-03 15:24:51,591 - root - INFO - test acc from best model : 90.25
2023-09-03 15:24:51,591 - root - INFO - Epoch 22
-------------------------------
2023-09-03 15:25:38,610 - root - INFO - Época 22/25
2023-09-03 15:25:38,611 - root - INFO - loss: 0.0015126442249553899 - accuracy: 96.4 - val_loss: 0.006400729107360045 - val_accuracy: 89.47500000000001
2023-09-03 15:25:38,611 - root - INFO - [Test] ---> accuracy: 89.35 - loss: 0.006764782437682151
2023-09-03 15:25:38,611 - root - INFO - test acc from best model : 90.25
2023-09-03 15:25:38,611 - root - INFO - Epoch 23
-------------------------------
2023-09-03 15:26:25,055 - root - INFO - Época 23/25
2023-09-03 15:26:25,055 - root - INFO - loss: 0.0013928865058114753 - accuracy: 96.58958333333334 - val_loss: 0.0059914418418581285 - val_accuracy: 90.40833333333333
2023-09-03 15:26:25,055 - root - INFO - [Test] ---> accuracy: 90.03999999999999 - loss: 0.006187940718233586
2023-09-03 15:26:25,055 - root - INFO - test acc from best model : 90.25
2023-09-03 15:26:25,055 - root - INFO - Epoch 24
-------------------------------
2023-09-03 15:27:11,917 - root - INFO - Época 24/25
2023-09-03 15:27:11,917 - root - INFO - loss: 0.0013273447809042408 - accuracy: 96.79166666666667 - val_loss: 0.006410950301215052 - val_accuracy: 89.65833333333333
2023-09-03 15:27:11,917 - root - INFO - [Test] ---> accuracy: 89.42 - loss: 0.006700453624129295
2023-09-03 15:27:11,917 - root - INFO - test acc from best model : 90.25
2023-09-03 15:27:11,917 - root - INFO - Epoch 25
-------------------------------
2023-09-03 15:27:58,302 - root - INFO - Época 25/25
2023-09-03 15:27:58,302 - root - INFO - loss: 0.001214117553123894 - accuracy: 97.05625 - val_loss: 0.006277373512585958 - val_accuracy: 89.86666666666666
2023-09-03 15:27:58,302 - root - INFO - [Test] ---> accuracy: 89.61 - loss: 0.0066575208626687525
2023-09-03 15:27:58,302 - root - INFO - test acc from best model : 90.25
2023-09-03 15:27:58,302 - root - INFO - Tempo treinamento:  1165.93 seconds
2023-09-03 15:27:58,302 - root - INFO - Menor loss: 0.00410332174009333
2023-09-03 15:27:58,302 - root - INFO - Acurácia de teste do melhor modelo: 90.25
2023-09-03 15:27:58,302 - root - INFO - Métricas
2023-09-03 15:27:58,302 - root - INFO - ACC
2023-09-03 15:27:58,303 - root - INFO - {'epoch': [1,
           2,
           3,
           4,
           5,
           6,
           7,
           8,
           9,
           10,
           11,
           12,
           13,
           14,
           15,
           16,
           17,
           18,
           19,
           20,
           21,
           22,
           23,
           24,
           25],
 'test_acc': [84.48,
              87.75,
              86.65,
              87.36,
              88.67,
              88.07000000000001,
              89.2,
              89.5,
              90.25,
              89.53,
              90.05,
              90.13,
              90.01,
              89.83,
              90.02,
              90.35,
              89.92,
              90.18,
              89.18,
              90.22,
              90.16,
              89.35,
              90.03999999999999,
              89.42,
              89.61],
 'train_acc': [81.56875,
               87.37708333333333,
               88.98125,
               89.775,
               90.37916666666666,
               91.13958333333333,
               91.58958333333334,
               92.08541666666666,
               92.57916666666667,
               92.85208333333334,
               93.21041666666666,
               93.7,
               94.15625,
               94.32916666666667,
               94.58125,
               94.92291666666667,
               95.24583333333334,
               95.63958333333333,
               95.76458333333333,
               95.97083333333333,
               96.29583333333333,
               96.4,
               96.58958333333334,
               96.79166666666667,
               97.05625],
 'val_acc': [85.125,
             88.4,
             87.225,
             87.9,
             89.55833333333332,
             88.40833333333333,
             89.44166666666666,
             89.625,
             90.7,
             90.14166666666667,
             90.70833333333333,
             90.53333333333333,
             90.23333333333333,
             90.15833333333333,
             90.56666666666666,
             90.8,
             90.36666666666666,
             90.225,
             89.11666666666666,
             89.99166666666667,
             90.40833333333333,
             89.47500000000001,
             90.40833333333333,
             89.65833333333333,
             89.86666666666666]}
2023-09-03 15:27:58,303 - root - INFO - LOSS
2023-09-03 15:27:58,303 - root - INFO - {'epoch': [1,
           2,
           3,
           4,
           5,
           6,
           7,
           8,
           9,
           10,
           11,
           12,
           13,
           14,
           15,
           16,
           17,
           18,
           19,
           20,
           21,
           22,
           23,
           24,
           25],
 'test_loss': [0.006440233270823955,
               0.005152440482378006,
               0.005730219087004661,
               0.00555003284662962,
               0.004676055064052343,
               0.005422476705908776,
               0.004770692839473486,
               0.004747123476117849,
               0.004486608209460973,
               0.004637719728052616,
               0.004487151427194476,
               0.004696830712258816,
               0.004800074064731598,
               0.005274845322966576,
               0.004925080744177103,
               0.004839382940530777,
               0.004979377348721027,
               0.005421773141622543,
               0.005878423334658146,
               0.005672908916324377,
               0.0059409820403903725,
               0.006764782437682151,
               0.006187940718233586,
               0.006700453624129295,
               0.0066575208626687525],
 'train_loss': [0.007942236693886419,
                0.00534445780236274,
                0.004662594087111453,
                0.0042641460301044085,
                0.003995697087918719,
                0.003728761734596143,
                0.0034730354524217548,
                0.003293708631458382,
                0.0030785823868742833,
                0.002937894384376705,
                0.002763868139668678,
                0.0026232813758930813,
                0.002413880878128111,
                0.002326184525076921,
                0.0022182546814826006,
                0.002072478812847597,
                0.001991511526556375,
                0.0018034170334770654,
                0.0017991145472430314,
                0.001671597781823948,
                0.0015233746094163508,
                0.0015126442249553899,
                0.0013928865058114753,
                0.0013273447809042408,
                0.001214117553123894],
 'val_loss': [0.006192634625981251,
              0.00488966244024535,
              0.0054082811487217745,
              0.005267553439363837,
              0.004399049185837309,
              0.005127923555051287,
              0.004627215124045809,
              0.004494080030048887,
              0.00410332174009333,
              0.004334302881732583,
              0.004197354015583793,
              0.004371431112289429,
              0.004527531605834762,
              0.00484741206591328,
              0.004552125659771263,
              0.004554455003390709,
              0.004728419123838345,
              0.005022108451152842,
              0.0056743055718640485,
              0.005378877295181155,
              0.005519691563211381,
              0.006400729107360045,
              0.0059914418418581285,
              0.006410950301215052,
              0.006277373512585958]}
2023-09-03 19:08:33,373 - root - INFO - --------------------- Iniciando Novo Treinamento 20 ---------------------
2023-09-03 19:08:33,374 - root - INFO - Parametros
2023-09-03 19:08:33,374 - root - INFO - {'batch_size': 64,
 'dataset': 'FASHIONMNIST',
 'epochs': 25,
 'learning_rate': 0.001,
 'network': 'LENET5',
 'num_workers': 1}
2023-09-03 19:08:33,374 - root - INFO - Construindo dataset para a rede LENET5
2023-09-03 19:08:33,611 - root - INFO - LeNet5(
  (layer1): Sequential(
    (0): Conv2d(1, 6, kernel_size=(5, 5), stride=(1, 1))
    (1): BatchNorm2d(6, eps=1e-05, momentum=0.1, affine=True, track_running_stats=True)
    (2): ReLU()
    (3): MaxPool2d(kernel_size=2, stride=2, padding=0, dilation=1, ceil_mode=False)
  )
  (layer2): Sequential(
    (0): Conv2d(6, 16, kernel_size=(5, 5), stride=(1, 1))
    (1): BatchNorm2d(16, eps=1e-05, momentum=0.1, affine=True, track_running_stats=True)
    (2): ReLU()
    (3): MaxPool2d(kernel_size=2, stride=2, padding=0, dilation=1, ceil_mode=False)
  )
  (fc): Linear(in_features=400, out_features=120, bias=True)
  (relu): ReLU()
  (fc1): Linear(in_features=120, out_features=84, bias=True)
  (relu1): ReLU()
  (fc2): Linear(in_features=84, out_features=10, bias=True)
)
2023-09-03 19:08:33,611 - root - INFO - Iniciando treinamento
2023-09-03 19:08:33,611 - root - INFO - Epoch 1
-------------------------------
2023-09-03 19:09:20,279 - root - INFO - Validation loss decreased from : inf ----> 0.39544112475713095 ----> Saving Model.......
2023-09-03 19:09:20,279 - root - INFO - Validation acc:  85.125
2023-09-03 19:09:20,279 - root - INFO - Best Test acc from 0 ----> 84.48
2023-09-03 19:09:20,279 - root - INFO - Época 1/25
2023-09-03 19:09:20,279 - root - INFO - loss: 0.5083031484087308 - accuracy: 81.56875 - val_loss: 0.39544112475713095 - val_accuracy: 85.125
2023-09-03 19:09:20,279 - root - INFO - [Test] ---> accuracy: 84.48 - loss: 0.41045680193901063
2023-09-03 19:09:20,279 - root - INFO - test acc from best model : 84.48
2023-09-03 19:09:20,279 - root - INFO - Epoch 2
-------------------------------
2023-09-03 19:10:06,678 - root - INFO - Validation loss decreased from : 0.39544112475713095 ----> 0.31220231831073764 ----> Saving Model.......
2023-09-03 19:10:06,678 - root - INFO - Validation acc:  88.4
2023-09-03 19:10:06,678 - root - INFO - Best Test acc from 84.48 ----> 87.75
2023-09-03 19:10:06,678 - root - INFO - Época 2/25
2023-09-03 19:10:06,678 - root - INFO - loss: 0.34204529935121536 - accuracy: 87.37708333333333 - val_loss: 0.31220231831073764 - val_accuracy: 88.4
2023-09-03 19:10:06,679 - root - INFO - [Test] ---> accuracy: 87.75 - loss: 0.32846839451789855
2023-09-03 19:10:06,679 - root - INFO - test acc from best model : 87.75
2023-09-03 19:10:06,679 - root - INFO - Epoch 3
-------------------------------
2023-09-03 19:10:52,842 - root - INFO - Época 3/25
2023-09-03 19:10:52,842 - root - INFO - loss: 0.298406021575133 - accuracy: 88.98125 - val_loss: 0.3455683434804281 - val_accuracy: 87.225
2023-09-03 19:10:52,842 - root - INFO - [Test] ---> accuracy: 86.65 - loss: 0.36394649629592896
2023-09-03 19:10:52,842 - root - INFO - test acc from best model : 87.75
2023-09-03 19:10:52,843 - root - INFO - Epoch 4
-------------------------------
2023-09-03 19:11:39,724 - root - INFO - Época 4/25
2023-09-03 19:11:39,724 - root - INFO - loss: 0.27290534592668214 - accuracy: 89.775 - val_loss: 0.3368646248380343 - val_accuracy: 87.9
2023-09-03 19:11:39,724 - root - INFO - [Test] ---> accuracy: 87.36 - loss: 0.3532365581035614
2023-09-03 19:11:39,724 - root - INFO - test acc from best model : 87.75
2023-09-03 19:11:39,724 - root - INFO - Epoch 5
-------------------------------
2023-09-03 19:12:26,061 - root - INFO - Validation loss decreased from : 0.31220231831073764 ----> 0.28056097559134163 ----> Saving Model.......
2023-09-03 19:12:26,061 - root - INFO - Validation acc:  89.55833333333332
2023-09-03 19:12:26,061 - root - INFO - Best Test acc from 87.75 ----> 88.67
2023-09-03 19:12:26,061 - root - INFO - Época 5/25
2023-09-03 19:12:26,061 - root - INFO - loss: 0.255724613626798 - accuracy: 90.37916666666666 - val_loss: 0.28056097559134163 - val_accuracy: 89.55833333333332
2023-09-03 19:12:26,061 - root - INFO - [Test] ---> accuracy: 88.67 - loss: 0.2982884120941162
2023-09-03 19:12:26,061 - root - INFO - test acc from best model : 88.67
2023-09-03 19:12:26,061 - root - INFO - Epoch 6
-------------------------------
2023-09-03 19:13:12,587 - root - INFO - Época 6/25
2023-09-03 19:13:12,587 - root - INFO - loss: 0.23864075101415316 - accuracy: 91.13958333333333 - val_loss: 0.3272286795377731 - val_accuracy: 88.40833333333333
2023-09-03 19:13:12,587 - root - INFO - [Test] ---> accuracy: 88.07000000000001 - loss: 0.345377552318573
2023-09-03 19:13:12,587 - root - INFO - test acc from best model : 88.67
2023-09-03 19:13:12,587 - root - INFO - Epoch 7
-------------------------------
2023-09-03 19:13:58,714 - root - INFO - Época 7/25
2023-09-03 19:13:58,714 - root - INFO - loss: 0.2222742689549923 - accuracy: 91.58958333333334 - val_loss: 0.2950184494256973 - val_accuracy: 89.44166666666666
2023-09-03 19:13:58,714 - root - INFO - [Test] ---> accuracy: 89.2 - loss: 0.30422008221149444
2023-09-03 19:13:58,714 - root - INFO - test acc from best model : 88.67
2023-09-03 19:13:58,714 - root - INFO - Epoch 8
-------------------------------
2023-09-03 19:14:45,132 - root - INFO - Época 8/25
2023-09-03 19:14:45,132 - root - INFO - loss: 0.21079735241333644 - accuracy: 92.08541666666666 - val_loss: 0.28689830434322355 - val_accuracy: 89.625
2023-09-03 19:14:45,132 - root - INFO - [Test] ---> accuracy: 89.5 - loss: 0.3028342223405838
2023-09-03 19:14:45,132 - root - INFO - test acc from best model : 88.67
2023-09-03 19:14:45,132 - root - INFO - Epoch 9
-------------------------------
2023-09-03 19:15:31,294 - root - INFO - Validation loss decreased from : 0.28056097559134163 ----> 0.260840938826402 ----> Saving Model.......
2023-09-03 19:15:31,294 - root - INFO - Validation acc:  90.7
2023-09-03 19:15:31,294 - root - INFO - Best Test acc from 88.67 ----> 90.25
2023-09-03 19:15:31,294 - root - INFO - Época 9/25
2023-09-03 19:15:31,294 - root - INFO - loss: 0.19702927275995413 - accuracy: 92.57916666666667 - val_loss: 0.260840938826402 - val_accuracy: 90.7
2023-09-03 19:15:31,294 - root - INFO - [Test] ---> accuracy: 90.25 - loss: 0.28646566269397733
2023-09-03 19:15:31,294 - root - INFO - test acc from best model : 90.25
2023-09-03 19:15:31,294 - root - INFO - Epoch 10
-------------------------------
2023-09-03 19:16:17,763 - root - INFO - Época 10/25
2023-09-03 19:16:17,763 - root - INFO - loss: 0.1880252406001091 - accuracy: 92.85208333333334 - val_loss: 0.2766862732966741 - val_accuracy: 90.14166666666667
2023-09-03 19:16:17,763 - root - INFO - [Test] ---> accuracy: 89.53 - loss: 0.2956432279348373
2023-09-03 19:16:17,763 - root - INFO - test acc from best model : 90.25
2023-09-03 19:16:17,763 - root - INFO - Epoch 11
-------------------------------
2023-09-03 19:17:03,985 - root - INFO - Época 11/25
2023-09-03 19:17:03,985 - root - INFO - loss: 0.1768875609387954 - accuracy: 93.21041666666666 - val_loss: 0.2674971665938695 - val_accuracy: 90.70833333333333
2023-09-03 19:17:03,985 - root - INFO - [Test] ---> accuracy: 90.05 - loss: 0.2866459106087685
2023-09-03 19:17:03,985 - root - INFO - test acc from best model : 90.25
2023-09-03 19:17:03,985 - root - INFO - Epoch 12
-------------------------------
2023-09-03 19:17:50,455 - root - INFO - Época 12/25
2023-09-03 19:17:50,455 - root - INFO - loss: 0.1678900080571572 - accuracy: 93.7 - val_loss: 0.27923653344313304 - val_accuracy: 90.53333333333333
2023-09-03 19:17:50,455 - root - INFO - [Test] ---> accuracy: 90.13 - loss: 0.29938521780967714
2023-09-03 19:17:50,455 - root - INFO - test acc from best model : 90.25
2023-09-03 19:17:50,455 - root - INFO - Epoch 13
-------------------------------
2023-09-03 19:18:36,634 - root - INFO - Época 13/25
2023-09-03 19:18:36,634 - root - INFO - loss: 0.15448837620019912 - accuracy: 94.15625 - val_loss: 0.2891000396410624 - val_accuracy: 90.23333333333333
2023-09-03 19:18:36,634 - root - INFO - [Test] ---> accuracy: 90.01 - loss: 0.3064572280883789
2023-09-03 19:18:36,634 - root - INFO - test acc from best model : 90.25
2023-09-03 19:18:36,634 - root - INFO - Epoch 14
-------------------------------
2023-09-03 19:19:23,100 - root - INFO - Época 14/25
2023-09-03 19:19:23,100 - root - INFO - loss: 0.14887580960492294 - accuracy: 94.32916666666667 - val_loss: 0.3096298112869263 - val_accuracy: 90.15833333333333
2023-09-03 19:19:23,100 - root - INFO - [Test] ---> accuracy: 89.83 - loss: 0.3366615244150162
2023-09-03 19:19:23,100 - root - INFO - test acc from best model : 90.25
2023-09-03 19:19:23,100 - root - INFO - Epoch 15
-------------------------------
2023-09-03 19:20:09,357 - root - INFO - Época 15/25
2023-09-03 19:20:09,357 - root - INFO - loss: 0.14196829961488644 - accuracy: 94.58125 - val_loss: 0.29117682699362435 - val_accuracy: 90.56666666666666
2023-09-03 19:20:09,357 - root - INFO - [Test] ---> accuracy: 90.02 - loss: 0.31422644765377045
2023-09-03 19:20:09,357 - root - INFO - test acc from best model : 90.25
2023-09-03 19:20:09,357 - root - INFO - Epoch 16
-------------------------------
2023-09-03 19:20:55,829 - root - INFO - Época 16/25
2023-09-03 19:20:55,829 - root - INFO - loss: 0.1326386440222462 - accuracy: 94.92291666666667 - val_loss: 0.29065496301651 - val_accuracy: 90.8
2023-09-03 19:20:55,829 - root - INFO - [Test] ---> accuracy: 90.35 - loss: 0.30808475995063783
2023-09-03 19:20:55,829 - root - INFO - test acc from best model : 90.25
2023-09-03 19:20:55,829 - root - INFO - Epoch 17
-------------------------------
2023-09-03 19:21:42,145 - root - INFO - Época 17/25
2023-09-03 19:21:42,145 - root - INFO - loss: 0.127456737699608 - accuracy: 95.24583333333334 - val_loss: 0.3010913539727529 - val_accuracy: 90.36666666666666
2023-09-03 19:21:42,145 - root - INFO - [Test] ---> accuracy: 89.92 - loss: 0.317404869222641
2023-09-03 19:21:42,145 - root - INFO - test acc from best model : 90.25
2023-09-03 19:21:42,145 - root - INFO - Epoch 18
-------------------------------
2023-09-03 19:22:28,695 - root - INFO - Época 18/25
2023-09-03 19:22:28,695 - root - INFO - loss: 0.11541869014253218 - accuracy: 95.63958333333333 - val_loss: 0.32119297176599504 - val_accuracy: 90.225
2023-09-03 19:22:28,695 - root - INFO - [Test] ---> accuracy: 90.18 - loss: 0.34581620445251465
2023-09-03 19:22:28,695 - root - INFO - test acc from best model : 90.25
2023-09-03 19:22:28,695 - root - INFO - Epoch 19
-------------------------------
2023-09-03 19:23:15,106 - root - INFO - Época 19/25
2023-09-03 19:23:15,106 - root - INFO - loss: 0.11514333102355401 - accuracy: 95.76458333333333 - val_loss: 0.36254557116826375 - val_accuracy: 89.11666666666666
2023-09-03 19:23:15,106 - root - INFO - [Test] ---> accuracy: 89.18 - loss: 0.3749865170955658
2023-09-03 19:23:15,106 - root - INFO - test acc from best model : 90.25
2023-09-03 19:23:15,106 - root - INFO - Epoch 20
-------------------------------
2023-09-03 19:24:01,764 - root - INFO - Época 20/25
2023-09-03 19:24:01,764 - root - INFO - loss: 0.10698225803673267 - accuracy: 95.97083333333333 - val_loss: 0.3423375970919927 - val_accuracy: 89.99166666666667
2023-09-03 19:24:01,764 - root - INFO - [Test] ---> accuracy: 90.22 - loss: 0.3611966776847839
2023-09-03 19:24:01,764 - root - INFO - test acc from best model : 90.25
2023-09-03 19:24:01,764 - root - INFO - Epoch 21
-------------------------------
2023-09-03 19:24:48,282 - root - INFO - Época 21/25
2023-09-03 19:24:48,282 - root - INFO - loss: 0.09749597500264645 - accuracy: 96.29583333333333 - val_loss: 0.3530052650769552 - val_accuracy: 90.40833333333333
2023-09-03 19:24:48,282 - root - INFO - [Test] ---> accuracy: 90.16 - loss: 0.37723113639354705
2023-09-03 19:24:48,282 - root - INFO - test acc from best model : 90.25
2023-09-03 19:24:48,282 - root - INFO - Epoch 22
-------------------------------
2023-09-03 19:25:35,108 - root - INFO - Época 22/25
2023-09-03 19:25:35,108 - root - INFO - loss: 0.09680923039714495 - accuracy: 96.4 - val_loss: 0.4084532121817271 - val_accuracy: 89.47500000000001
2023-09-03 19:25:35,108 - root - INFO - [Test] ---> accuracy: 89.35 - loss: 0.4305714737415314
2023-09-03 19:25:35,108 - root - INFO - test acc from best model : 90.25
2023-09-03 19:25:35,108 - root - INFO - Epoch 23
-------------------------------
2023-09-03 19:26:21,600 - root - INFO - Época 23/25
2023-09-03 19:26:21,600 - root - INFO - loss: 0.08914473637193442 - accuracy: 96.58958333333334 - val_loss: 0.38234469379981356 - val_accuracy: 90.40833333333333
2023-09-03 19:26:21,600 - root - INFO - [Test] ---> accuracy: 90.03999999999999 - loss: 0.3958088966488838
2023-09-03 19:26:21,601 - root - INFO - test acc from best model : 90.25
2023-09-03 19:26:21,601 - root - INFO - Epoch 24
-------------------------------
2023-09-03 19:27:08,247 - root - INFO - Época 24/25
2023-09-03 19:27:08,247 - root - INFO - loss: 0.08495006597787141 - accuracy: 96.79166666666667 - val_loss: 0.40988495616118115 - val_accuracy: 89.65833333333333
2023-09-03 19:27:08,247 - root - INFO - [Test] ---> accuracy: 89.42 - loss: 0.42468068599700926
2023-09-03 19:27:08,247 - root - INFO - test acc from best model : 90.25
2023-09-03 19:27:08,247 - root - INFO - Epoch 25
-------------------------------
2023-09-03 19:27:54,885 - root - INFO - Época 25/25
2023-09-03 19:27:54,885 - root - INFO - loss: 0.07770352339992921 - accuracy: 97.05625 - val_loss: 0.3991309626897176 - val_accuracy: 89.86666666666666
2023-09-03 19:27:54,885 - root - INFO - [Test] ---> accuracy: 89.61 - loss: 0.42269379391670225
2023-09-03 19:27:54,885 - root - INFO - test acc from best model : 90.25
2023-09-03 19:27:54,885 - root - INFO - Tempo treinamento:  1161.27 seconds
2023-09-03 19:27:54,885 - root - INFO - Menor loss: 0.260840938826402
2023-09-03 19:27:54,885 - root - INFO - Acurácia de teste do melhor modelo: 90.25
2023-09-03 19:27:54,885 - root - INFO - Métricas
2023-09-03 19:27:54,885 - root - INFO - ACC
2023-09-03 19:27:54,885 - root - INFO - {'epoch': [1,
           2,
           3,
           4,
           5,
           6,
           7,
           8,
           9,
           10,
           11,
           12,
           13,
           14,
           15,
           16,
           17,
           18,
           19,
           20,
           21,
           22,
           23,
           24,
           25],
 'test_acc': [84.48,
              87.75,
              86.65,
              87.36,
              88.67,
              88.07000000000001,
              89.2,
              89.5,
              90.25,
              89.53,
              90.05,
              90.13,
              90.01,
              89.83,
              90.02,
              90.35,
              89.92,
              90.18,
              89.18,
              90.22,
              90.16,
              89.35,
              90.03999999999999,
              89.42,
              89.61],
 'train_acc': [81.56875,
               87.37708333333333,
               88.98125,
               89.775,
               90.37916666666666,
               91.13958333333333,
               91.58958333333334,
               92.08541666666666,
               92.57916666666667,
               92.85208333333334,
               93.21041666666666,
               93.7,
               94.15625,
               94.32916666666667,
               94.58125,
               94.92291666666667,
               95.24583333333334,
               95.63958333333333,
               95.76458333333333,
               95.97083333333333,
               96.29583333333333,
               96.4,
               96.58958333333334,
               96.79166666666667,
               97.05625],
 'val_acc': [85.125,
             88.4,
             87.225,
             87.9,
             89.55833333333332,
             88.40833333333333,
             89.44166666666666,
             89.625,
             90.7,
             90.14166666666667,
             90.70833333333333,
             90.53333333333333,
             90.23333333333333,
             90.15833333333333,
             90.56666666666666,
             90.8,
             90.36666666666666,
             90.225,
             89.11666666666666,
             89.99166666666667,
             90.40833333333333,
             89.47500000000001,
             90.40833333333333,
             89.65833333333333,
             89.86666666666666]}
2023-09-03 19:27:54,885 - root - INFO - LOSS
2023-09-03 19:27:54,885 - root - INFO - {'epoch': [1,
           2,
           3,
           4,
           5,
           6,
           7,
           8,
           9,
           10,
           11,
           12,
           13,
           14,
           15,
           16,
           17,
           18,
           19,
           20,
           21,
           22,
           23,
           24,
           25],
 'test_loss': [0.41045680193901063,
               0.32846839451789855,
               0.36394649629592896,
               0.3532365581035614,
               0.2982884120941162,
               0.345377552318573,
               0.30422008221149444,
               0.3028342223405838,
               0.28646566269397733,
               0.2956432279348373,
               0.2866459106087685,
               0.29938521780967714,
               0.3064572280883789,
               0.3366615244150162,
               0.31422644765377045,
               0.30808475995063783,
               0.317404869222641,
               0.34581620445251465,
               0.3749865170955658,
               0.3611966776847839,
               0.37723113639354705,
               0.4305714737415314,
               0.3958088966488838,
               0.42468068599700926,
               0.42269379391670225],
 'train_loss': [0.5083031484087308,
                0.34204529935121536,
                0.298406021575133,
                0.27290534592668214,
                0.255724613626798,
                0.23864075101415316,
                0.2222742689549923,
                0.21079735241333644,
                0.19702927275995413,
                0.1880252406001091,
                0.1768875609387954,
                0.1678900080571572,
                0.15448837620019912,
                0.14887580960492294,
                0.14196829961488644,
                0.1326386440222462,
                0.127456737699608,
                0.11541869014253218,
                0.11514333102355401,
                0.10698225803673267,
                0.09749597500264645,
                0.09680923039714495,
                0.08914473637193442,
                0.08495006597787141,
                0.07770352339992921],
 'val_loss': [0.39544112475713095,
              0.31220231831073764,
              0.3455683434804281,
              0.3368646248380343,
              0.28056097559134163,
              0.3272286795377731,
              0.2950184494256973,
              0.28689830434322355,
              0.260840938826402,
              0.2766862732966741,
              0.2674971665938695,
              0.27923653344313304,
              0.2891000396410624,
              0.3096298112869263,
              0.29117682699362435,
              0.29065496301651,
              0.3010913539727529,
              0.32119297176599504,
              0.36254557116826375,
              0.3423375970919927,
              0.3530052650769552,
              0.4084532121817271,
              0.38234469379981356,
              0.40988495616118115,
              0.3991309626897176]}
