2023-09-01 13:00:24,617 - root - INFO - --------------------- Iniciando Experimento 3 ---------------------
2023-09-01 13:00:24,618 - root - INFO - Parametros
2023-09-01 13:00:24,618 - root - INFO - {'batch_size': 32,
 'dataset': 'CIFAR10',
 'epochs': 10,
 'learning_rate': 0.001,
 'network': 'LENET5',
 'num_workers': 1}
2023-09-01 13:00:24,618 - root - INFO - Construindo dataset para a rede LENET5
2023-09-01 13:00:26,003 - root - INFO - Construindo modelo para a rede LENET5
2023-09-01 13:00:26,007 - root - INFO - LeNet5(
  (layer1): Sequential(
    (0): Conv2d(3, 18, kernel_size=(5, 5), stride=(1, 1))
    (1): BatchNorm2d(18, eps=1e-05, momentum=0.1, affine=True, track_running_stats=True)
    (2): ReLU()
    (3): MaxPool2d(kernel_size=2, stride=2, padding=0, dilation=1, ceil_mode=False)
  )
  (layer2): Sequential(
    (0): Conv2d(18, 48, kernel_size=(5, 5), stride=(1, 1))
    (1): BatchNorm2d(48, eps=1e-05, momentum=0.1, affine=True, track_running_stats=True)
    (2): ReLU()
    (3): MaxPool2d(kernel_size=2, stride=2, padding=0, dilation=1, ceil_mode=False)
  )
  (fc): Linear(in_features=1200, out_features=360, bias=True)
  (relu): ReLU()
  (fc1): Linear(in_features=360, out_features=252, bias=True)
  (relu1): ReLU()
  (fc2): Linear(in_features=252, out_features=10, bias=True)
)
2023-09-01 13:00:26,007 - root - INFO - Iniciando treinamento
2023-09-01 13:00:26,007 - root - INFO - Epoch 1
-------------------------------
2023-09-01 13:00:26,007 - root - INFO - Treinando época 0
2023-09-01 13:01:50,384 - root - INFO - Testando época 0
2023-09-01 13:01:51,971 - root - INFO - Validando época 0
2023-09-01 13:01:53,471 - root - INFO - Epoch 2
-------------------------------
2023-09-01 13:01:53,471 - root - INFO - Treinando época 1
2023-09-01 13:03:17,210 - root - INFO - Testando época 1
2023-09-01 13:03:18,798 - root - INFO - Validando época 1
2023-09-01 13:03:20,317 - root - INFO - Epoch 3
-------------------------------
2023-09-01 13:03:20,318 - root - INFO - Treinando época 2
2023-09-01 13:04:42,675 - root - INFO - Testando época 2
2023-09-01 13:04:44,202 - root - INFO - Validando época 2
2023-09-01 13:04:45,708 - root - INFO - Epoch 4
-------------------------------
2023-09-01 13:04:45,708 - root - INFO - Treinando época 3
2023-09-01 13:06:12,268 - root - INFO - Testando época 3
2023-09-01 13:06:14,238 - root - INFO - Validando época 3
2023-09-01 13:06:16,065 - root - INFO - Epoch 5
-------------------------------
2023-09-01 13:06:16,065 - root - INFO - Treinando época 4
2023-09-01 13:07:57,516 - root - INFO - Testando época 4
2023-09-01 13:08:01,908 - root - INFO - Validando época 4
2023-09-01 13:08:03,481 - root - INFO - Epoch 6
-------------------------------
2023-09-01 13:08:03,481 - root - INFO - Treinando época 5
2023-09-01 13:09:29,763 - root - INFO - Testando época 5
2023-09-01 13:09:31,331 - root - INFO - Validando época 5
2023-09-01 13:09:32,906 - root - INFO - Epoch 7
-------------------------------
2023-09-01 13:09:32,906 - root - INFO - Treinando época 6
2023-09-01 13:10:58,193 - root - INFO - Testando época 6
2023-09-01 13:11:00,042 - root - INFO - Validando época 6
2023-09-01 13:11:01,998 - root - INFO - Epoch 8
-------------------------------
2023-09-01 13:11:01,998 - root - INFO - Treinando época 7
2023-09-01 13:12:34,138 - root - INFO - Testando época 7
2023-09-01 13:12:35,761 - root - INFO - Validando época 7
2023-09-01 13:12:37,233 - root - INFO - Epoch 9
-------------------------------
2023-09-01 13:12:37,233 - root - INFO - Treinando época 8
2023-09-01 13:13:58,957 - root - INFO - Testando época 8
2023-09-01 13:14:00,522 - root - INFO - Validando época 8
2023-09-01 13:14:02,282 - root - INFO - Epoch 10
-------------------------------
2023-09-01 13:14:02,282 - root - INFO - Treinando época 9
2023-09-01 13:15:25,021 - root - INFO - Testando época 9
2023-09-01 13:15:26,626 - root - INFO - Validando época 9
2023-09-01 13:15:28,108 - root - INFO - Métricas
2023-09-01 13:15:28,109 - root - INFO - ACC
2023-09-01 13:15:28,109 - root - INFO - {'test_acc': [52.86,
              63.61,
              67.63,
              64.24,
              63.949999999999996,
              71.23,
              69.06,
              70.07,
              70.76,
              70.93],
 'train_acc': [49.4625,
               62.5325,
               68.1175,
               72.415,
               75.3775,
               78.095,
               80.645,
               82.7375,
               85.18,
               87.105],
 'val_acc': [51.92,
             63.49,
             67.44,
             64.25,
             64.03,
             71.14,
             69.36,
             70.46,
             70.46,
             71.39]}
2023-09-01 13:15:28,109 - root - INFO - LOSS
2023-09-01 13:15:28,109 - root - INFO - {'test_loss': [438.1088815331459,
               324.7269848585129,
               284.46369883418083,
               325.066870033741,
               335.12491714954376,
               272.41654601693153,
               306.4962099790573,
               293.2014756500721,
               305.05470180511475,
               311.8855936229229],
 'train_loss': [1732.7922248840332,
                1306.709776520729,
                1123.3298960328102,
                973.99161490798,
                870.9448702484369,
                772.9882501661777,
                681.0800924003124,
                601.5209442153573,
                517.6180483996868,
                449.09033212810755],
 'val_loss': [435.9735044836998,
              326.024366915226,
              287.72572734951973,
              326.21673569083214,
              335.64169403910637,
              273.3723312616348,
              301.7803638279438,
              290.4089137017727,
              310.1846058368683,
              313.94146417081356]}
2023-09-01 13:53:23,401 - root - INFO - --------------------- Iniciando Experimento 3 ---------------------
2023-09-01 13:53:23,401 - root - INFO - Rodando evaluation
2023-09-01 13:53:23,401 - root - INFO - Construindo dataset para a rede LENET5
2023-09-01 13:53:27,497 - root - INFO - Testando época 0
2023-09-01 13:53:29,539 - root - INFO - Validando época 0
2023-09-01 15:32:04,061 - root - INFO - --------------------- Iniciando Teste 3 ---------------------
2023-09-01 15:32:04,061 - root - INFO - Rodando evaluation
2023-09-01 15:32:04,061 - root - INFO - Construindo dataset para a rede LENET5
2023-09-01 15:32:07,689 - root - INFO - Testando época 0
2023-09-01 15:32:09,426 - root - INFO - Validando época 0
2023-09-01 17:21:15,590 - root - INFO - --------------------- Iniciando Experimento 3 ---------------------
2023-09-01 17:21:15,590 - root - INFO - Parametros
2023-09-01 17:21:15,590 - root - INFO - {'batch_size': 32,
 'dataset': 'CIFAR10',
 'epochs': 10,
 'learning_rate': 0.001,
 'network': 'LENET5',
 'num_workers': 1}
2023-09-01 17:21:15,591 - root - INFO - Construindo dataset para a rede LENET5
2023-09-01 17:21:16,942 - root - INFO - Construindo modelo para a rede LENET5
2023-09-01 17:21:16,945 - root - INFO - LeNet5(
  (layer1): Sequential(
    (0): Conv2d(3, 18, kernel_size=(5, 5), stride=(1, 1))
    (1): BatchNorm2d(18, eps=1e-05, momentum=0.1, affine=True, track_running_stats=True)
    (2): ReLU()
    (3): MaxPool2d(kernel_size=2, stride=2, padding=0, dilation=1, ceil_mode=False)
  )
  (layer2): Sequential(
    (0): Conv2d(18, 48, kernel_size=(5, 5), stride=(1, 1))
    (1): BatchNorm2d(48, eps=1e-05, momentum=0.1, affine=True, track_running_stats=True)
    (2): ReLU()
    (3): MaxPool2d(kernel_size=2, stride=2, padding=0, dilation=1, ceil_mode=False)
  )
  (fc): Linear(in_features=1200, out_features=360, bias=True)
  (relu): ReLU()
  (fc1): Linear(in_features=360, out_features=252, bias=True)
  (relu1): ReLU()
  (fc2): Linear(in_features=252, out_features=10, bias=True)
)
2023-09-01 17:21:16,946 - root - INFO - Iniciando treinamento
2023-09-01 17:21:16,946 - root - INFO - Epoch 1
-------------------------------
2023-09-01 17:21:16,946 - root - INFO - Treinando época 0
2023-09-01 17:22:35,362 - root - INFO - Testando época 0
2023-09-01 17:22:36,799 - root - INFO - Validando época 0
2023-09-01 17:22:38,339 - root - INFO - Validation loss decreased from : inf ----> 435.9735044836998 ----> Saving Model.......
2023-09-01 17:22:38,342 - root - INFO - Epoch 2
-------------------------------
2023-09-01 17:22:38,342 - root - INFO - Treinando época 1
2023-09-01 17:23:56,168 - root - INFO - Testando época 1
2023-09-01 17:23:57,585 - root - INFO - Validando época 1
2023-09-01 17:23:59,021 - root - INFO - Validation loss decreased from : 435.9735044836998 ----> 326.024366915226 ----> Saving Model.......
2023-09-01 17:23:59,025 - root - INFO - Epoch 3
-------------------------------
2023-09-01 17:23:59,025 - root - INFO - Treinando época 2
2023-09-01 17:25:16,655 - root - INFO - Testando época 2
2023-09-01 17:25:18,080 - root - INFO - Validando época 2
2023-09-01 17:25:19,635 - root - INFO - Validation loss decreased from : 326.024366915226 ----> 287.72572734951973 ----> Saving Model.......
2023-09-01 17:25:19,637 - root - INFO - Epoch 4
-------------------------------
2023-09-01 17:25:19,638 - root - INFO - Treinando época 3
2023-09-01 17:26:37,401 - root - INFO - Testando época 3
2023-09-01 17:26:38,981 - root - INFO - Validando época 3
2023-09-01 17:26:40,634 - root - INFO - Epoch 5
-------------------------------
2023-09-01 17:26:40,634 - root - INFO - Treinando época 4
2023-09-01 17:27:58,763 - root - INFO - Testando época 4
2023-09-01 17:28:00,364 - root - INFO - Validando época 4
2023-09-01 17:28:01,852 - root - INFO - Epoch 6
-------------------------------
2023-09-01 17:28:01,852 - root - INFO - Treinando época 5
2023-09-01 17:29:19,665 - root - INFO - Testando época 5
2023-09-01 17:29:21,110 - root - INFO - Validando época 5
2023-09-01 17:29:22,594 - root - INFO - Validation loss decreased from : 287.72572734951973 ----> 273.3723312616348 ----> Saving Model.......
2023-09-01 17:29:22,597 - root - INFO - Epoch 7
-------------------------------
2023-09-01 17:29:22,597 - root - INFO - Treinando época 6
2023-09-01 17:30:41,239 - root - INFO - Testando época 6
2023-09-01 17:30:42,764 - root - INFO - Validando época 6
2023-09-01 17:30:44,226 - root - INFO - Epoch 8
-------------------------------
2023-09-01 17:30:44,226 - root - INFO - Treinando época 7
2023-09-01 17:32:02,386 - root - INFO - Testando época 7
2023-09-01 17:32:04,014 - root - INFO - Validando época 7
2023-09-01 17:32:05,471 - root - INFO - Epoch 9
-------------------------------
2023-09-01 17:32:05,471 - root - INFO - Treinando época 8
2023-09-01 17:33:23,791 - root - INFO - Testando época 8
2023-09-01 17:33:25,386 - root - INFO - Validando época 8
2023-09-01 17:33:27,002 - root - INFO - Epoch 10
-------------------------------
2023-09-01 17:33:27,002 - root - INFO - Treinando época 9
2023-09-01 17:34:45,500 - root - INFO - Testando época 9
2023-09-01 17:34:46,994 - root - INFO - Validando época 9
2023-09-01 17:34:48,630 - root - INFO - Tempo treinamento:  811.68 seconds
2023-09-01 17:34:48,630 - root - INFO - Métricas
2023-09-01 17:34:48,630 - root - INFO - ACC
2023-09-01 17:34:48,630 - root - INFO - {'test_acc': [52.86,
              63.61,
              67.63,
              64.24,
              63.949999999999996,
              71.23,
              69.06,
              70.07,
              70.76,
              70.93],
 'train_acc': [49.4625,
               62.5325,
               68.1175,
               72.415,
               75.3775,
               78.095,
               80.645,
               82.7375,
               85.18,
               87.105],
 'val_acc': [51.92,
             63.49,
             67.44,
             64.25,
             64.03,
             71.14,
             69.36,
             70.46,
             70.46,
             71.39]}
2023-09-01 17:34:48,630 - root - INFO - LOSS
2023-09-01 17:34:48,630 - root - INFO - {'test_loss': [438.1088815331459,
               324.7269848585129,
               284.46369883418083,
               325.066870033741,
               335.12491714954376,
               272.41654601693153,
               306.4962099790573,
               293.2014756500721,
               305.05470180511475,
               311.8855936229229],
 'train_loss': [1732.7922248840332,
                1306.709776520729,
                1123.3298960328102,
                973.99161490798,
                870.9448702484369,
                772.9882501661777,
                681.0800924003124,
                601.5209442153573,
                517.6180483996868,
                449.09033212810755],
 'val_loss': [435.9735044836998,
              326.024366915226,
              287.72572734951973,
              326.21673569083214,
              335.64169403910637,
              273.3723312616348,
              301.7803638279438,
              290.4089137017727,
              310.1846058368683,
              313.94146417081356]}
2023-09-01 17:34:50,605 - root - INFO - Rodando evaluation
2023-09-01 17:34:50,606 - root - INFO - Construindo dataset para a rede LENET5
2023-09-01 17:34:53,624 - root - INFO - Testando época 0
2023-09-01 17:34:55,187 - root - INFO - Validando época 0
2023-09-03 14:29:29,558 - root - INFO - --------------------- Iniciando Novo Treinamento 3 ---------------------
2023-09-03 14:29:29,558 - root - INFO - Parametros
2023-09-03 14:29:29,558 - root - INFO - {'batch_size': 32,
 'dataset': 'CIFAR10',
 'epochs': 10,
 'learning_rate': 0.001,
 'network': 'LENET5',
 'num_workers': 1}
2023-09-03 14:29:29,558 - root - INFO - Construindo dataset para a rede LENET5
2023-09-03 14:29:30,885 - root - INFO - LeNet5(
  (layer1): Sequential(
    (0): Conv2d(3, 18, kernel_size=(5, 5), stride=(1, 1))
    (1): BatchNorm2d(18, eps=1e-05, momentum=0.1, affine=True, track_running_stats=True)
    (2): ReLU()
    (3): MaxPool2d(kernel_size=2, stride=2, padding=0, dilation=1, ceil_mode=False)
  )
  (layer2): Sequential(
    (0): Conv2d(18, 48, kernel_size=(5, 5), stride=(1, 1))
    (1): BatchNorm2d(48, eps=1e-05, momentum=0.1, affine=True, track_running_stats=True)
    (2): ReLU()
    (3): MaxPool2d(kernel_size=2, stride=2, padding=0, dilation=1, ceil_mode=False)
  )
  (fc): Linear(in_features=1200, out_features=360, bias=True)
  (relu): ReLU()
  (fc1): Linear(in_features=360, out_features=252, bias=True)
  (relu1): ReLU()
  (fc2): Linear(in_features=252, out_features=10, bias=True)
)
2023-09-03 14:29:30,886 - root - INFO - Iniciando treinamento
2023-09-03 14:29:30,886 - root - INFO - Epoch 1
-------------------------------
2023-09-03 14:31:02,702 - root - INFO - Validation loss decreased from : inf ----> 0.041178647768497466 ----> Saving Model.......
2023-09-03 14:31:02,702 - root - INFO - Validation acc:  54.13
2023-09-03 14:31:02,702 - root - INFO - Best Test acc from 0 ----> 54.15
2023-09-03 14:31:02,702 - root - INFO - Época 1/10
2023-09-03 14:31:02,702 - root - INFO - loss: 0.043391383424401284 - accuracy: 49.075 - val_loss: 0.041178647768497466 - val_accuracy: 54.13
2023-09-03 14:31:02,702 - root - INFO - [Test] ---> accuracy: 54.15 - loss: 0.04109659829735756
2023-09-03 14:31:02,702 - root - INFO - test acc from best model : 54.15
2023-09-03 14:31:02,702 - root - INFO - Epoch 2
-------------------------------
2023-09-03 14:32:35,160 - root - INFO - Validation loss decreased from : 0.041178647768497466 ----> 0.034954694578051566 ----> Saving Model.......
2023-09-03 14:32:35,160 - root - INFO - Validation acc:  61.18
2023-09-03 14:32:35,160 - root - INFO - Best Test acc from 54.15 ----> 60.99
2023-09-03 14:32:35,160 - root - INFO - Época 2/10
2023-09-03 14:32:35,160 - root - INFO - loss: 0.0327228544563055 - accuracy: 62.645 - val_loss: 0.034954694578051566 - val_accuracy: 61.18
2023-09-03 14:32:35,160 - root - INFO - [Test] ---> accuracy: 60.99 - loss: 0.03476769809126854
2023-09-03 14:32:35,160 - root - INFO - test acc from best model : 60.99
2023-09-03 14:32:35,160 - root - INFO - Epoch 3
-------------------------------
2023-09-03 14:34:06,626 - root - INFO - Validation loss decreased from : 0.034954694578051566 ----> 0.031616901206970215 ----> Saving Model.......
2023-09-03 14:34:06,626 - root - INFO - Validation acc:  64.49000000000001
2023-09-03 14:34:06,626 - root - INFO - Best Test acc from 60.99 ----> 65.0
2023-09-03 14:34:06,626 - root - INFO - Época 3/10
2023-09-03 14:34:06,626 - root - INFO - loss: 0.027852118790894748 - accuracy: 68.405 - val_loss: 0.031616901206970215 - val_accuracy: 64.49000000000001
2023-09-03 14:34:06,626 - root - INFO - [Test] ---> accuracy: 65.0 - loss: 0.03156448040604591
2023-09-03 14:34:06,626 - root - INFO - test acc from best model : 65.0
2023-09-03 14:34:06,626 - root - INFO - Epoch 4
-------------------------------
2023-09-03 14:35:39,010 - root - INFO - Validation loss decreased from : 0.031616901206970215 ----> 0.03014681819677353 ----> Saving Model.......
2023-09-03 14:35:39,010 - root - INFO - Validation acc:  66.86
2023-09-03 14:35:39,010 - root - INFO - Best Test acc from 65.0 ----> 67.14
2023-09-03 14:35:39,010 - root - INFO - Época 4/10
2023-09-03 14:35:39,010 - root - INFO - loss: 0.02436721440553665 - accuracy: 72.4675 - val_loss: 0.03014681819677353 - val_accuracy: 66.86
2023-09-03 14:35:39,010 - root - INFO - [Test] ---> accuracy: 67.14 - loss: 0.029827547124028207
2023-09-03 14:35:39,010 - root - INFO - test acc from best model : 67.14
2023-09-03 14:35:39,010 - root - INFO - Epoch 5
-------------------------------
2023-09-03 14:37:10,401 - root - INFO - Época 5/10
2023-09-03 14:37:10,401 - root - INFO - loss: 0.02159070530459285 - accuracy: 75.6125 - val_loss: 0.03118321368396282 - val_accuracy: 65.63
2023-09-03 14:37:10,401 - root - INFO - [Test] ---> accuracy: 66.12 - loss: 0.030926949799060823
2023-09-03 14:37:10,401 - root - INFO - test acc from best model : 67.14
2023-09-03 14:37:10,401 - root - INFO - Epoch 6
-------------------------------
2023-09-03 14:38:42,985 - root - INFO - Validation loss decreased from : 0.03014681819677353 ----> 0.02744933885037899 ----> Saving Model.......
2023-09-03 14:38:42,986 - root - INFO - Validation acc:  70.83
2023-09-03 14:38:42,986 - root - INFO - Best Test acc from 67.14 ----> 71.05
2023-09-03 14:38:42,986 - root - INFO - Época 6/10
2023-09-03 14:38:42,986 - root - INFO - loss: 0.019329396395385265 - accuracy: 78.235 - val_loss: 0.02744933885037899 - val_accuracy: 70.83
2023-09-03 14:38:42,986 - root - INFO - [Test] ---> accuracy: 71.05 - loss: 0.02727276817858219
2023-09-03 14:38:42,986 - root - INFO - test acc from best model : 71.05
2023-09-03 14:38:42,986 - root - INFO - Epoch 7
-------------------------------
2023-09-03 14:40:14,978 - root - INFO - Época 7/10
2023-09-03 14:40:14,979 - root - INFO - loss: 0.01709126661270857 - accuracy: 80.4925 - val_loss: 0.03465153807401657 - val_accuracy: 66.41
2023-09-03 14:40:14,979 - root - INFO - [Test] ---> accuracy: 66.8 - loss: 0.03475979540944099
2023-09-03 14:40:14,979 - root - INFO - test acc from best model : 71.05
2023-09-03 14:40:14,979 - root - INFO - Epoch 8
-------------------------------
2023-09-03 14:41:47,782 - root - INFO - Época 8/10
2023-09-03 14:41:47,782 - root - INFO - loss: 0.014881681679747998 - accuracy: 83.0025 - val_loss: 0.0294971112459898 - val_accuracy: 69.52000000000001
2023-09-03 14:41:47,782 - root - INFO - [Test] ---> accuracy: 69.64 - loss: 0.030151427832245826
2023-09-03 14:41:47,782 - root - INFO - test acc from best model : 71.05
2023-09-03 14:41:47,782 - root - INFO - Epoch 9
-------------------------------
2023-09-03 14:43:20,095 - root - INFO - Época 9/10
2023-09-03 14:43:20,095 - root - INFO - loss: 0.013046885550487787 - accuracy: 85.03 - val_loss: 0.03343661501556635 - val_accuracy: 69.44
2023-09-03 14:43:20,095 - root - INFO - [Test] ---> accuracy: 69.43 - loss: 0.033751385435461995
2023-09-03 14:43:20,095 - root - INFO - test acc from best model : 71.05
2023-09-03 14:43:20,095 - root - INFO - Epoch 10
-------------------------------
2023-09-03 14:44:52,693 - root - INFO - Época 10/10
2023-09-03 14:44:52,693 - root - INFO - loss: 0.011477630737423897 - accuracy: 86.6775 - val_loss: 0.033152069658041 - val_accuracy: 70.93
2023-09-03 14:44:52,693 - root - INFO - [Test] ---> accuracy: 70.73 - loss: 0.03326729589998722
2023-09-03 14:44:52,693 - root - INFO - test acc from best model : 71.05
2023-09-03 14:44:52,693 - root - INFO - Tempo treinamento:  921.81 seconds
2023-09-03 14:44:52,693 - root - INFO - Menor loss: 0.02744933885037899
2023-09-03 14:44:52,693 - root - INFO - Acurácia de teste do melhor modelo: 71.05
2023-09-03 14:44:52,693 - root - INFO - Métricas
2023-09-03 14:44:52,693 - root - INFO - ACC
2023-09-03 14:44:52,694 - root - INFO - {'epoch': [1, 2, 3, 4, 5, 6, 7, 8, 9, 10],
 'test_acc': [54.15,
              60.99,
              65.0,
              67.14,
              66.12,
              71.05,
              66.8,
              69.64,
              69.43,
              70.73],
 'train_acc': [49.075,
               62.645,
               68.405,
               72.4675,
               75.6125,
               78.235,
               80.4925,
               83.0025,
               85.03,
               86.6775],
 'val_acc': [54.13,
             61.18,
             64.49000000000001,
             66.86,
             65.63,
             70.83,
             66.41,
             69.52000000000001,
             69.44,
             70.93]}
2023-09-03 14:44:52,694 - root - INFO - LOSS
2023-09-03 14:44:52,694 - root - INFO - {'epoch': [1, 2, 3, 4, 5, 6, 7, 8, 9, 10],
 'test_loss': [0.04109659829735756,
               0.03476769809126854,
               0.03156448040604591,
               0.029827547124028207,
               0.030926949799060823,
               0.02727276817858219,
               0.03475979540944099,
               0.030151427832245826,
               0.033751385435461995,
               0.03326729589998722],
 'train_loss': [0.043391383424401284,
                0.0327228544563055,
                0.027852118790894748,
                0.02436721440553665,
                0.02159070530459285,
                0.019329396395385265,
                0.01709126661270857,
                0.014881681679747998,
                0.013046885550487787,
                0.011477630737423897],
 'val_loss': [0.041178647768497466,
              0.034954694578051566,
              0.031616901206970215,
              0.03014681819677353,
              0.03118321368396282,
              0.02744933885037899,
              0.03465153807401657,
              0.0294971112459898,
              0.03343661501556635,
              0.033152069658041]}
2023-09-03 17:41:20,691 - root - INFO - --------------------- Iniciando Novo Treinamento 3 ---------------------
2023-09-03 17:41:20,691 - root - INFO - Parametros
2023-09-03 17:41:20,691 - root - INFO - {'batch_size': 32,
 'dataset': 'CIFAR10',
 'epochs': 10,
 'learning_rate': 0.001,
 'network': 'LENET5',
 'num_workers': 1}
2023-09-03 17:41:20,691 - root - INFO - Construindo dataset para a rede LENET5
2023-09-03 17:41:21,988 - root - INFO - LeNet5(
  (layer1): Sequential(
    (0): Conv2d(3, 18, kernel_size=(5, 5), stride=(1, 1))
    (1): BatchNorm2d(18, eps=1e-05, momentum=0.1, affine=True, track_running_stats=True)
    (2): ReLU()
    (3): MaxPool2d(kernel_size=2, stride=2, padding=0, dilation=1, ceil_mode=False)
  )
  (layer2): Sequential(
    (0): Conv2d(18, 48, kernel_size=(5, 5), stride=(1, 1))
    (1): BatchNorm2d(48, eps=1e-05, momentum=0.1, affine=True, track_running_stats=True)
    (2): ReLU()
    (3): MaxPool2d(kernel_size=2, stride=2, padding=0, dilation=1, ceil_mode=False)
  )
  (fc): Linear(in_features=1200, out_features=360, bias=True)
  (relu): ReLU()
  (fc1): Linear(in_features=360, out_features=252, bias=True)
  (relu1): ReLU()
  (fc2): Linear(in_features=252, out_features=10, bias=True)
)
2023-09-03 17:41:21,988 - root - INFO - Iniciando treinamento
2023-09-03 17:41:21,988 - root - INFO - Epoch 1
-------------------------------
2023-09-03 17:42:53,157 - root - INFO - Validation loss decreased from : inf ----> 1.315524533843994 ----> Saving Model.......
2023-09-03 17:42:53,157 - root - INFO - Validation acc:  54.13
2023-09-03 17:42:53,157 - root - INFO - Best Test acc from 0 ----> 54.15
2023-09-03 17:42:53,157 - root - INFO - Época 1/10
2023-09-03 17:42:53,157 - root - INFO - loss: 1.388524269580841 - accuracy: 49.075 - val_loss: 1.315524533843994 - val_accuracy: 54.13
2023-09-03 17:42:53,157 - root - INFO - [Test] ---> accuracy: 54.15 - loss: 1.3124847143173217
2023-09-03 17:42:53,157 - root - INFO - test acc from best model : 54.15
2023-09-03 17:42:53,157 - root - INFO - Epoch 2
-------------------------------
2023-09-03 17:44:24,682 - root - INFO - Validation loss decreased from : 1.315524533843994 ----> 1.1167395937919617 ----> Saving Model.......
2023-09-03 17:44:24,682 - root - INFO - Validation acc:  61.18
2023-09-03 17:44:24,682 - root - INFO - Best Test acc from 54.15 ----> 60.99
2023-09-03 17:44:24,682 - root - INFO - Época 2/10
2023-09-03 17:44:24,682 - root - INFO - loss: 1.047131342601776 - accuracy: 62.645 - val_loss: 1.1167395937919617 - val_accuracy: 61.18
2023-09-03 17:44:24,682 - root - INFO - [Test] ---> accuracy: 60.99 - loss: 1.1100716478347779
2023-09-03 17:44:24,682 - root - INFO - test acc from best model : 60.99
2023-09-03 17:44:24,682 - root - INFO - Epoch 3
-------------------------------
2023-09-03 17:45:55,518 - root - INFO - Validation loss decreased from : 1.1167395937919617 ----> 1.0100506290435791 ----> Saving Model.......
2023-09-03 17:45:55,518 - root - INFO - Validation acc:  64.49000000000001
2023-09-03 17:45:55,518 - root - INFO - Best Test acc from 60.99 ----> 65.0
2023-09-03 17:45:55,518 - root - INFO - Época 3/10
2023-09-03 17:45:55,518 - root - INFO - loss: 0.8912678013086319 - accuracy: 68.405 - val_loss: 1.0100506290435791 - val_accuracy: 64.49000000000001
2023-09-03 17:45:55,518 - root - INFO - [Test] ---> accuracy: 65.0 - loss: 1.0084602024078368
2023-09-03 17:45:55,518 - root - INFO - test acc from best model : 65.0
2023-09-03 17:45:55,518 - root - INFO - Epoch 4
-------------------------------
2023-09-03 17:47:27,071 - root - INFO - Validation loss decreased from : 1.0100506290435791 ----> 0.9637047387123108 ----> Saving Model.......
2023-09-03 17:47:27,071 - root - INFO - Validation acc:  66.86
2023-09-03 17:47:27,071 - root - INFO - Best Test acc from 65.0 ----> 67.14
2023-09-03 17:47:27,071 - root - INFO - Época 4/10
2023-09-03 17:47:27,071 - root - INFO - loss: 0.7797508609771728 - accuracy: 72.4675 - val_loss: 0.9637047387123108 - val_accuracy: 66.86
2023-09-03 17:47:27,071 - root - INFO - [Test] ---> accuracy: 67.14 - loss: 0.952699483203888
2023-09-03 17:47:27,071 - root - INFO - test acc from best model : 67.14
2023-09-03 17:47:27,071 - root - INFO - Epoch 5
-------------------------------
2023-09-03 17:48:58,153 - root - INFO - Época 5/10
2023-09-03 17:48:58,153 - root - INFO - loss: 0.6909025697469712 - accuracy: 75.6125 - val_loss: 0.9966509260177613 - val_accuracy: 65.63
2023-09-03 17:48:58,153 - root - INFO - [Test] ---> accuracy: 66.12 - loss: 0.988296513080597
2023-09-03 17:48:58,153 - root - INFO - test acc from best model : 67.14
2023-09-03 17:48:58,153 - root - INFO - Epoch 6
-------------------------------
2023-09-03 17:50:29,662 - root - INFO - Validation loss decreased from : 0.9637047387123108 ----> 0.8768236289024353 ----> Saving Model.......
2023-09-03 17:50:29,662 - root - INFO - Validation acc:  70.83
2023-09-03 17:50:29,662 - root - INFO - Best Test acc from 67.14 ----> 71.05
2023-09-03 17:50:29,662 - root - INFO - Época 6/10
2023-09-03 17:50:29,662 - root - INFO - loss: 0.6185406846523285 - accuracy: 78.235 - val_loss: 0.8768236289024353 - val_accuracy: 70.83
2023-09-03 17:50:29,662 - root - INFO - [Test] ---> accuracy: 71.05 - loss: 0.8706800036430359
2023-09-03 17:50:29,662 - root - INFO - test acc from best model : 71.05
2023-09-03 17:50:29,662 - root - INFO - Epoch 7
-------------------------------
2023-09-03 17:52:00,182 - root - INFO - Época 7/10
2023-09-03 17:52:00,183 - root - INFO - loss: 0.5469205316066742 - accuracy: 80.4925 - val_loss: 1.1070147853851318 - val_accuracy: 66.41
2023-09-03 17:52:00,183 - root - INFO - [Test] ---> accuracy: 66.8 - loss: 1.110423483276367
2023-09-03 17:52:00,183 - root - INFO - test acc from best model : 71.05
2023-09-03 17:52:00,183 - root - INFO - Epoch 8
-------------------------------
2023-09-03 17:53:31,534 - root - INFO - Época 8/10
2023-09-03 17:53:31,534 - root - INFO - loss: 0.47621381375193594 - accuracy: 83.0025 - val_loss: 0.9431570800304413 - val_accuracy: 69.52000000000001
2023-09-03 17:53:31,534 - root - INFO - [Test] ---> accuracy: 69.64 - loss: 0.9625989747047424
2023-09-03 17:53:31,534 - root - INFO - test acc from best model : 71.05
2023-09-03 17:53:31,534 - root - INFO - Epoch 9
-------------------------------
2023-09-03 17:55:01,964 - root - INFO - Época 9/10
2023-09-03 17:55:01,964 - root - INFO - loss: 0.4175003376156092 - accuracy: 85.03 - val_loss: 1.0696390195131302 - val_accuracy: 69.44
2023-09-03 17:55:01,964 - root - INFO - [Test] ---> accuracy: 69.43 - loss: 1.0760724860191344
2023-09-03 17:55:01,964 - root - INFO - test acc from best model : 71.05
2023-09-03 17:55:01,964 - root - INFO - Epoch 10
-------------------------------
2023-09-03 17:56:33,623 - root - INFO - Época 10/10
2023-09-03 17:56:33,623 - root - INFO - loss: 0.3672841835975647 - accuracy: 86.6775 - val_loss: 1.0598886406898498 - val_accuracy: 70.93
2023-09-03 17:56:33,623 - root - INFO - [Test] ---> accuracy: 70.73 - loss: 1.0600994378089905
2023-09-03 17:56:33,623 - root - INFO - test acc from best model : 71.05
2023-09-03 17:56:33,623 - root - INFO - Tempo treinamento:  911.63 seconds
2023-09-03 17:56:33,623 - root - INFO - Menor loss: 0.8768236289024353
2023-09-03 17:56:33,623 - root - INFO - Acurácia de teste do melhor modelo: 71.05
2023-09-03 17:56:33,623 - root - INFO - Métricas
2023-09-03 17:56:33,623 - root - INFO - ACC
2023-09-03 17:56:33,623 - root - INFO - {'epoch': [1, 2, 3, 4, 5, 6, 7, 8, 9, 10],
 'test_acc': [54.15,
              60.99,
              65.0,
              67.14,
              66.12,
              71.05,
              66.8,
              69.64,
              69.43,
              70.73],
 'train_acc': [49.075,
               62.645,
               68.405,
               72.4675,
               75.6125,
               78.235,
               80.4925,
               83.0025,
               85.03,
               86.6775],
 'val_acc': [54.13,
             61.18,
             64.49000000000001,
             66.86,
             65.63,
             70.83,
             66.41,
             69.52000000000001,
             69.44,
             70.93]}
2023-09-03 17:56:33,623 - root - INFO - LOSS
2023-09-03 17:56:33,624 - root - INFO - {'epoch': [1, 2, 3, 4, 5, 6, 7, 8, 9, 10],
 'test_loss': [1.3124847143173217,
               1.1100716478347779,
               1.0084602024078368,
               0.952699483203888,
               0.988296513080597,
               0.8706800036430359,
               1.110423483276367,
               0.9625989747047424,
               1.0760724860191344,
               1.0600994378089905],
 'train_loss': [1.388524269580841,
                1.047131342601776,
                0.8912678013086319,
                0.7797508609771728,
                0.6909025697469712,
                0.6185406846523285,
                0.5469205316066742,
                0.47621381375193594,
                0.4175003376156092,
                0.3672841835975647],
 'val_loss': [1.315524533843994,
              1.1167395937919617,
              1.0100506290435791,
              0.9637047387123108,
              0.9966509260177613,
              0.8768236289024353,
              1.1070147853851318,
              0.9431570800304413,
              1.0696390195131302,
              1.0598886406898498]}
2023-09-05 12:43:24,220 - root - INFO - --------------------- Iniciando Novo Treinamento 3 ---------------------
2023-09-05 12:43:24,220 - root - INFO - Parametros
2023-09-05 12:43:24,220 - root - INFO - {'batch_size': 32,
 'dataset': 'CIFAR10',
 'epochs': 10,
 'learning_rate': 0.001,
 'network': 'LENET5',
 'num_workers': 1}
2023-09-05 12:43:24,220 - root - INFO - Construindo dataset para a rede LENET5
2023-09-05 12:43:29,144 - root - INFO - LeNet5(
  (layer1): Sequential(
    (0): Conv2d(1, 6, kernel_size=(5, 5), stride=(1, 1))
    (1): BatchNorm2d(6, eps=1e-05, momentum=0.1, affine=True, track_running_stats=True)
    (2): ReLU()
    (3): MaxPool2d(kernel_size=2, stride=2, padding=0, dilation=1, ceil_mode=False)
  )
  (layer2): Sequential(
    (0): Conv2d(6, 16, kernel_size=(5, 5), stride=(1, 1))
    (1): BatchNorm2d(16, eps=1e-05, momentum=0.1, affine=True, track_running_stats=True)
    (2): ReLU()
    (3): MaxPool2d(kernel_size=2, stride=2, padding=0, dilation=1, ceil_mode=False)
  )
  (fc): Linear(in_features=400, out_features=120, bias=True)
  (relu): ReLU()
  (fc1): Linear(in_features=120, out_features=84, bias=True)
  (relu1): ReLU()
  (fc2): Linear(in_features=84, out_features=10, bias=True)
)
2023-09-05 12:43:29,144 - root - INFO - Iniciando treinamento
2023-09-05 12:43:29,144 - root - INFO - Epoch 1
-------------------------------
2023-09-05 12:45:22,948 - root - INFO - Validation loss decreased from : inf ----> 1.5451950674057007 ----> Saving Model.......
2023-09-05 12:45:22,948 - root - INFO - Validation acc:  44.1
2023-09-05 12:45:22,948 - root - INFO - Best Test acc from 0 ----> 43.85
2023-09-05 12:45:22,948 - root - INFO - Época 1/10
2023-09-05 12:45:22,949 - root - INFO - loss: 1.5996464277267457 - accuracy: 42.035 - val_loss: 1.5451950674057007 - val_accuracy: 44.1
2023-09-05 12:45:22,949 - root - INFO - [Test] ---> accuracy: 43.85 - loss: 1.551630198287964
2023-09-05 12:45:22,949 - root - INFO - test acc from best model : 43.85
2023-09-05 12:45:22,949 - root - INFO - Epoch 2
-------------------------------
2023-09-05 12:47:15,262 - root - INFO - Validation loss decreased from : 1.5451950674057007 ----> 1.2886473724365235 ----> Saving Model.......
2023-09-05 12:47:15,262 - root - INFO - Validation acc:  54.510000000000005
2023-09-05 12:47:15,262 - root - INFO - Best Test acc from 43.85 ----> 54.54
2023-09-05 12:47:15,262 - root - INFO - Época 2/10
2023-09-05 12:47:15,262 - root - INFO - loss: 1.33139539270401 - accuracy: 52.665 - val_loss: 1.2886473724365235 - val_accuracy: 54.510000000000005
2023-09-05 12:47:15,262 - root - INFO - [Test] ---> accuracy: 54.54 - loss: 1.2833166500091553
2023-09-05 12:47:15,263 - root - INFO - test acc from best model : 54.54
2023-09-05 12:47:15,263 - root - INFO - Epoch 3
-------------------------------
2023-09-05 12:49:04,949 - root - INFO - Época 3/10
2023-09-05 12:49:04,949 - root - INFO - loss: 1.2203616236686707 - accuracy: 56.91 - val_loss: 1.3728099042892457 - val_accuracy: 51.31
2023-09-05 12:49:04,949 - root - INFO - [Test] ---> accuracy: 51.080000000000005 - loss: 1.3765340953826903
2023-09-05 12:49:04,949 - root - INFO - test acc from best model : 54.54
2023-09-05 12:49:04,949 - root - INFO - Epoch 4
-------------------------------
2023-09-05 12:50:57,092 - root - INFO - Época 4/10
2023-09-05 12:50:57,092 - root - INFO - loss: 1.1462673926353455 - accuracy: 59.53 - val_loss: 1.5798368434906005 - val_accuracy: 47.589999999999996
2023-09-05 12:50:57,092 - root - INFO - [Test] ---> accuracy: 48.02 - loss: 1.5651791408538818
2023-09-05 12:50:57,092 - root - INFO - test acc from best model : 54.54
2023-09-05 12:50:57,092 - root - INFO - Epoch 5
-------------------------------
2023-09-05 12:52:48,856 - root - INFO - Validation loss decreased from : 1.2886473724365235 ----> 1.172366991710663 ----> Saving Model.......
2023-09-05 12:52:48,856 - root - INFO - Validation acc:  58.589999999999996
2023-09-05 12:52:48,856 - root - INFO - Best Test acc from 54.54 ----> 59.21999999999999
2023-09-05 12:52:48,856 - root - INFO - Época 5/10
2023-09-05 12:52:48,856 - root - INFO - loss: 1.0822904059886933 - accuracy: 62.045 - val_loss: 1.172366991710663 - val_accuracy: 58.589999999999996
2023-09-05 12:52:48,856 - root - INFO - [Test] ---> accuracy: 59.21999999999999 - loss: 1.157578856086731
2023-09-05 12:52:48,856 - root - INFO - test acc from best model : 59.21999999999999
2023-09-05 12:52:49,404 - root - INFO - Epoch 6
-------------------------------
2023-09-05 12:54:47,843 - root - INFO - Validation loss decreased from : 1.172366991710663 ----> 1.1455239416122436 ----> Saving Model.......
2023-09-05 12:54:47,843 - root - INFO - Validation acc:  60.24
2023-09-05 12:54:47,843 - root - INFO - Best Test acc from 59.21999999999999 ----> 60.540000000000006
2023-09-05 12:54:47,843 - root - INFO - Época 6/10
2023-09-05 12:54:47,843 - root - INFO - loss: 1.0338358591079713 - accuracy: 63.5525 - val_loss: 1.1455239416122436 - val_accuracy: 60.24
2023-09-05 12:54:47,843 - root - INFO - [Test] ---> accuracy: 60.540000000000006 - loss: 1.1257890926361085
2023-09-05 12:54:47,843 - root - INFO - test acc from best model : 60.540000000000006
2023-09-05 12:54:47,843 - root - INFO - Epoch 7
-------------------------------
2023-09-05 12:56:44,597 - root - INFO - Época 7/10
2023-09-05 12:56:44,597 - root - INFO - loss: 0.9862107381820678 - accuracy: 65.3375 - val_loss: 1.5629485801696776 - val_accuracy: 49.69
2023-09-05 12:56:44,598 - root - INFO - [Test] ---> accuracy: 49.94 - loss: 1.5500919134140014
2023-09-05 12:56:44,598 - root - INFO - test acc from best model : 60.540000000000006
2023-09-05 12:56:44,598 - root - INFO - Epoch 8
-------------------------------
2023-09-05 12:58:42,650 - root - INFO - Validation loss decreased from : 1.1455239416122436 ----> 1.126477241039276 ----> Saving Model.......
2023-09-05 12:58:42,650 - root - INFO - Validation acc:  61.050000000000004
2023-09-05 12:58:42,650 - root - INFO - Best Test acc from 60.540000000000006 ----> 60.95
2023-09-05 12:58:42,650 - root - INFO - Época 8/10
2023-09-05 12:58:42,650 - root - INFO - loss: 0.9503907083511353 - accuracy: 66.44 - val_loss: 1.126477241039276 - val_accuracy: 61.050000000000004
2023-09-05 12:58:42,650 - root - INFO - [Test] ---> accuracy: 60.95 - loss: 1.1165928085327148
2023-09-05 12:58:42,650 - root - INFO - test acc from best model : 60.95
2023-09-05 12:58:42,650 - root - INFO - Epoch 9
-------------------------------
2023-09-05 13:00:40,810 - root - INFO - Validation loss decreased from : 1.126477241039276 ----> 1.1227369812011718 ----> Saving Model.......
2023-09-05 13:00:40,810 - root - INFO - Validation acc:  61.5
2023-09-05 13:00:40,810 - root - INFO - Best Test acc from 60.95 ----> 61.260000000000005
2023-09-05 13:00:40,810 - root - INFO - Época 9/10
2023-09-05 13:00:40,810 - root - INFO - loss: 0.9200652494192123 - accuracy: 67.3675 - val_loss: 1.1227369812011718 - val_accuracy: 61.5
2023-09-05 13:00:40,810 - root - INFO - [Test] ---> accuracy: 61.260000000000005 - loss: 1.1130141249656678
2023-09-05 13:00:40,810 - root - INFO - test acc from best model : 61.260000000000005
2023-09-05 13:00:40,810 - root - INFO - Epoch 10
-------------------------------
2023-09-05 13:02:39,200 - root - INFO - Época 10/10
2023-09-05 13:02:39,200 - root - INFO - loss: 0.8876544230222702 - accuracy: 68.5375 - val_loss: 1.5811339161872864 - val_accuracy: 51.349999999999994
2023-09-05 13:02:39,200 - root - INFO - [Test] ---> accuracy: 51.62 - loss: 1.5754060285568237
2023-09-05 13:02:39,200 - root - INFO - test acc from best model : 61.260000000000005
2023-09-05 13:02:39,637 - root - INFO - Tempo treinamento:  1150.49 seconds
2023-09-05 13:02:39,638 - root - INFO - Menor loss: 1.1227369812011718
2023-09-05 13:02:39,638 - root - INFO - Acurácia de teste do melhor modelo: 61.260000000000005
2023-09-05 13:02:39,638 - root - INFO - Métricas
2023-09-05 13:02:39,638 - root - INFO - ACC
2023-09-05 13:02:39,638 - root - INFO - {'epoch': [1, 2, 3, 4, 5, 6, 7, 8, 9, 10],
 'test_acc': [43.85,
              54.54,
              51.080000000000005,
              48.02,
              59.21999999999999,
              60.540000000000006,
              49.94,
              60.95,
              61.260000000000005,
              51.62],
 'train_acc': [42.035,
               52.665,
               56.91,
               59.53,
               62.045,
               63.5525,
               65.3375,
               66.44,
               67.3675,
               68.5375],
 'val_acc': [44.1,
             54.510000000000005,
             51.31,
             47.589999999999996,
             58.589999999999996,
             60.24,
             49.69,
             61.050000000000004,
             61.5,
             51.349999999999994]}
2023-09-05 13:02:39,638 - root - INFO - LOSS
2023-09-05 13:02:39,638 - root - INFO - {'epoch': [1, 2, 3, 4, 5, 6, 7, 8, 9, 10],
 'test_loss': [1.551630198287964,
               1.2833166500091553,
               1.3765340953826903,
               1.5651791408538818,
               1.157578856086731,
               1.1257890926361085,
               1.5500919134140014,
               1.1165928085327148,
               1.1130141249656678,
               1.5754060285568237],
 'train_loss': [1.5996464277267457,
                1.33139539270401,
                1.2203616236686707,
                1.1462673926353455,
                1.0822904059886933,
                1.0338358591079713,
                0.9862107381820678,
                0.9503907083511353,
                0.9200652494192123,
                0.8876544230222702],
 'val_loss': [1.5451950674057007,
              1.2886473724365235,
              1.3728099042892457,
              1.5798368434906005,
              1.172366991710663,
              1.1455239416122436,
              1.5629485801696776,
              1.126477241039276,
              1.1227369812011718,
              1.5811339161872864]}
2023-09-08 01:10:13,090 - root - INFO - --------------------- Iniciando Novo Treinamento 3 ---------------------
2023-09-08 01:10:13,090 - root - INFO - Parametros
2023-09-08 01:10:13,090 - root - INFO - {'batch_size': 32,
 'dataset': 'CIFAR10',
 'epochs': 10,
 'learning_rate': 0.001,
 'network': 'LENET5',
 'num_workers': 1}
2023-09-08 01:10:13,090 - root - INFO - Construindo dataset para a rede LENET5
2023-09-08 01:10:14,352 - root - INFO - LeNet5(
  (layer1): Sequential(
    (0): Conv2d(3, 18, kernel_size=(5, 5), stride=(1, 1))
    (1): BatchNorm2d(18, eps=1e-05, momentum=0.1, affine=True, track_running_stats=True)
    (2): ReLU()
    (3): MaxPool2d(kernel_size=2, stride=2, padding=0, dilation=1, ceil_mode=False)
  )
  (layer2): Sequential(
    (0): Conv2d(18, 48, kernel_size=(5, 5), stride=(1, 1))
    (1): BatchNorm2d(48, eps=1e-05, momentum=0.1, affine=True, track_running_stats=True)
    (2): ReLU()
    (3): MaxPool2d(kernel_size=2, stride=2, padding=0, dilation=1, ceil_mode=False)
  )
  (fc): Linear(in_features=1200, out_features=360, bias=True)
  (relu): ReLU()
  (fc1): Linear(in_features=360, out_features=252, bias=True)
  (relu1): ReLU()
  (fc2): Linear(in_features=252, out_features=10, bias=True)
)
2023-09-08 01:10:14,353 - root - INFO - Iniciando treinamento
2023-09-08 01:10:14,353 - root - INFO - Epoch 1
-------------------------------
2023-09-08 01:11:32,123 - root - INFO - Validation loss decreased from : inf ----> 1.315524533843994 ----> Saving Model.......
2023-09-08 01:11:32,123 - root - INFO - Validation acc:  54.13
2023-09-08 01:11:32,123 - root - INFO - Best Test acc from 0 ----> 54.15
2023-09-08 01:11:32,123 - root - INFO - Época 1/10
2023-09-08 01:11:32,123 - root - INFO - loss: 1.388524269580841 - accuracy: 49.075 - val_loss: 1.315524533843994 - val_accuracy: 54.13
2023-09-08 01:11:32,123 - root - INFO - [Test] ---> accuracy: 54.15 - loss: 1.3124847143173217
2023-09-08 01:11:32,123 - root - INFO - test acc from best model : 54.15
2023-09-08 01:11:32,123 - root - INFO - Epoch 2
-------------------------------
2023-09-08 01:12:50,127 - root - INFO - Validation loss decreased from : 1.315524533843994 ----> 1.1167395937919617 ----> Saving Model.......
2023-09-08 01:12:50,127 - root - INFO - Validation acc:  61.18
2023-09-08 01:12:50,127 - root - INFO - Best Test acc from 54.15 ----> 60.99
2023-09-08 01:12:50,127 - root - INFO - Época 2/10
2023-09-08 01:12:50,127 - root - INFO - loss: 1.047131342601776 - accuracy: 62.645 - val_loss: 1.1167395937919617 - val_accuracy: 61.18
2023-09-08 01:12:50,127 - root - INFO - [Test] ---> accuracy: 60.99 - loss: 1.1100716478347779
2023-09-08 01:12:50,127 - root - INFO - test acc from best model : 60.99
2023-09-08 01:12:50,127 - root - INFO - Epoch 3
-------------------------------
2023-09-08 01:14:07,329 - root - INFO - Validation loss decreased from : 1.1167395937919617 ----> 1.0100506290435791 ----> Saving Model.......
2023-09-08 01:14:07,329 - root - INFO - Validation acc:  64.49000000000001
2023-09-08 01:14:07,329 - root - INFO - Best Test acc from 60.99 ----> 65.0
2023-09-08 01:14:07,329 - root - INFO - Época 3/10
2023-09-08 01:14:07,329 - root - INFO - loss: 0.8912678013086319 - accuracy: 68.405 - val_loss: 1.0100506290435791 - val_accuracy: 64.49000000000001
2023-09-08 01:14:07,329 - root - INFO - [Test] ---> accuracy: 65.0 - loss: 1.0084602024078368
2023-09-08 01:14:07,329 - root - INFO - test acc from best model : 65.0
2023-09-08 01:14:07,329 - root - INFO - Epoch 4
-------------------------------
2023-09-08 01:15:25,111 - root - INFO - Validation loss decreased from : 1.0100506290435791 ----> 0.9637047387123108 ----> Saving Model.......
2023-09-08 01:15:25,111 - root - INFO - Validation acc:  66.86
2023-09-08 01:15:25,111 - root - INFO - Best Test acc from 65.0 ----> 67.14
2023-09-08 01:15:25,111 - root - INFO - Época 4/10
2023-09-08 01:15:25,111 - root - INFO - loss: 0.7797508609771728 - accuracy: 72.4675 - val_loss: 0.9637047387123108 - val_accuracy: 66.86
2023-09-08 01:15:25,111 - root - INFO - [Test] ---> accuracy: 67.14 - loss: 0.952699483203888
2023-09-08 01:15:25,111 - root - INFO - test acc from best model : 67.14
2023-09-08 01:15:25,111 - root - INFO - Epoch 5
-------------------------------
2023-09-08 01:16:42,603 - root - INFO - Época 5/10
2023-09-08 01:16:42,603 - root - INFO - loss: 0.6909025697469712 - accuracy: 75.6125 - val_loss: 0.9966509260177613 - val_accuracy: 65.63
2023-09-08 01:16:42,603 - root - INFO - [Test] ---> accuracy: 66.12 - loss: 0.988296513080597
2023-09-08 01:16:42,603 - root - INFO - test acc from best model : 67.14
2023-09-08 01:16:42,829 - root - INFO - Epoch 6
-------------------------------
2023-09-08 01:18:04,461 - root - INFO - Validation loss decreased from : 0.9637047387123108 ----> 0.8768236289024353 ----> Saving Model.......
2023-09-08 01:18:04,461 - root - INFO - Validation acc:  70.83
2023-09-08 01:18:04,461 - root - INFO - Best Test acc from 67.14 ----> 71.05
2023-09-08 01:18:04,461 - root - INFO - Época 6/10
2023-09-08 01:18:04,461 - root - INFO - loss: 0.6185406846523285 - accuracy: 78.235 - val_loss: 0.8768236289024353 - val_accuracy: 70.83
2023-09-08 01:18:04,461 - root - INFO - [Test] ---> accuracy: 71.05 - loss: 0.8706800036430359
2023-09-08 01:18:04,461 - root - INFO - test acc from best model : 71.05
2023-09-08 01:18:04,461 - root - INFO - Epoch 7
-------------------------------
2023-09-08 01:19:25,454 - root - INFO - Época 7/10
2023-09-08 01:19:25,454 - root - INFO - loss: 0.5469205316066742 - accuracy: 80.4925 - val_loss: 1.1070147853851318 - val_accuracy: 66.41
2023-09-08 01:19:25,454 - root - INFO - [Test] ---> accuracy: 66.8 - loss: 1.110423483276367
2023-09-08 01:19:25,454 - root - INFO - test acc from best model : 71.05
2023-09-08 01:19:25,454 - root - INFO - Epoch 8
-------------------------------
2023-09-08 01:20:46,876 - root - INFO - Época 8/10
2023-09-08 01:20:46,876 - root - INFO - loss: 0.47621381375193594 - accuracy: 83.0025 - val_loss: 0.9431570800304413 - val_accuracy: 69.52000000000001
2023-09-08 01:20:46,876 - root - INFO - [Test] ---> accuracy: 69.64 - loss: 0.9625989747047424
2023-09-08 01:20:46,876 - root - INFO - test acc from best model : 71.05
2023-09-08 01:20:46,876 - root - INFO - Epoch 9
-------------------------------
2023-09-08 01:22:07,837 - root - INFO - Época 9/10
2023-09-08 01:22:07,837 - root - INFO - loss: 0.4175003376156092 - accuracy: 85.03 - val_loss: 1.0696390195131302 - val_accuracy: 69.44
2023-09-08 01:22:07,837 - root - INFO - [Test] ---> accuracy: 69.43 - loss: 1.0760724860191344
2023-09-08 01:22:07,837 - root - INFO - test acc from best model : 71.05
2023-09-08 01:22:07,837 - root - INFO - Epoch 10
-------------------------------
2023-09-08 01:23:29,435 - root - INFO - Época 10/10
2023-09-08 01:23:29,435 - root - INFO - loss: 0.3672841835975647 - accuracy: 86.6775 - val_loss: 1.0598886406898498 - val_accuracy: 70.93
2023-09-08 01:23:29,435 - root - INFO - [Test] ---> accuracy: 70.73 - loss: 1.0600994378089905
2023-09-08 01:23:29,435 - root - INFO - test acc from best model : 71.05
2023-09-08 01:23:29,630 - root - INFO - Tempo treinamento:  795.28 seconds
2023-09-08 01:23:29,630 - root - INFO - Menor loss: 0.8768236289024353
2023-09-08 01:23:29,630 - root - INFO - Acurácia de teste do melhor modelo: 71.05
2023-09-08 01:23:29,630 - root - INFO - Métricas
2023-09-08 01:23:29,630 - root - INFO - ACC
2023-09-08 01:23:29,630 - root - INFO - {'epoch': [1, 2, 3, 4, 5, 6, 7, 8, 9, 10],
 'test_acc': [54.15,
              60.99,
              65.0,
              67.14,
              66.12,
              71.05,
              66.8,
              69.64,
              69.43,
              70.73],
 'train_acc': [49.075,
               62.645,
               68.405,
               72.4675,
               75.6125,
               78.235,
               80.4925,
               83.0025,
               85.03,
               86.6775],
 'val_acc': [54.13,
             61.18,
             64.49000000000001,
             66.86,
             65.63,
             70.83,
             66.41,
             69.52000000000001,
             69.44,
             70.93]}
2023-09-08 01:23:29,630 - root - INFO - LOSS
2023-09-08 01:23:29,630 - root - INFO - {'epoch': [1, 2, 3, 4, 5, 6, 7, 8, 9, 10],
 'test_loss': [1.3124847143173217,
               1.1100716478347779,
               1.0084602024078368,
               0.952699483203888,
               0.988296513080597,
               0.8706800036430359,
               1.110423483276367,
               0.9625989747047424,
               1.0760724860191344,
               1.0600994378089905],
 'train_loss': [1.388524269580841,
                1.047131342601776,
                0.8912678013086319,
                0.7797508609771728,
                0.6909025697469712,
                0.6185406846523285,
                0.5469205316066742,
                0.47621381375193594,
                0.4175003376156092,
                0.3672841835975647],
 'val_loss': [1.315524533843994,
              1.1167395937919617,
              1.0100506290435791,
              0.9637047387123108,
              0.9966509260177613,
              0.8768236289024353,
              1.1070147853851318,
              0.9431570800304413,
              1.0696390195131302,
              1.0598886406898498]}
2023-09-08 01:57:46,975 - root - INFO - --------------------- Iniciando Teste 3 ---------------------
2023-09-08 01:57:46,975 - root - INFO - Rodando evaluation
2023-09-08 01:57:46,975 - root - INFO - Construindo dataset para a rede LENET5
2023-09-08 01:58:24,069 - root - INFO - --------------------- Iniciando Teste 3 ---------------------
2023-09-08 01:58:24,069 - root - INFO - Rodando evaluation
2023-09-08 01:58:24,069 - root - INFO - Construindo dataset para a rede LENET5
2023-09-08 03:41:40,123 - root - INFO - --------------------- Iniciando Teste 3 ---------------------
2023-09-08 03:41:40,123 - root - INFO - Rodando evaluation
2023-09-08 03:41:40,127 - root - INFO - Construindo dataset para a rede LENET5
