2023-09-04 09:28:57,831 - root - INFO - --------------------- Iniciando Novo Treinamento 43 ---------------------
2023-09-04 09:28:57,831 - root - INFO - Parametros
2023-09-04 09:28:57,831 - root - INFO - {'batch_size': 32,
 'dataset': 'CIFAR10',
 'epochs': 10,
 'learning_rate': 0.0001,
 'network': 'VGG16',
 'num_workers': 1}
2023-09-04 09:28:57,831 - root - INFO - Construindo dataset para a rede VGG16
2023-09-04 09:29:03,533 - root - INFO - VGG16(
  (layer1): Sequential(
    (0): Conv2d(1, 64, kernel_size=(3, 3), stride=(1, 1), padding=(1, 1))
    (1): BatchNorm2d(64, eps=1e-05, momentum=0.1, affine=True, track_running_stats=True)
    (2): ReLU()
  )
  (layer2): Sequential(
    (0): Conv2d(64, 64, kernel_size=(3, 3), stride=(1, 1), padding=(1, 1))
    (1): BatchNorm2d(64, eps=1e-05, momentum=0.1, affine=True, track_running_stats=True)
    (2): ReLU()
    (3): MaxPool2d(kernel_size=2, stride=2, padding=0, dilation=1, ceil_mode=False)
  )
  (layer3): Sequential(
    (0): Conv2d(64, 128, kernel_size=(3, 3), stride=(1, 1), padding=(1, 1))
    (1): BatchNorm2d(128, eps=1e-05, momentum=0.1, affine=True, track_running_stats=True)
    (2): ReLU()
  )
  (layer4): Sequential(
    (0): Conv2d(128, 128, kernel_size=(3, 3), stride=(1, 1), padding=(1, 1))
    (1): BatchNorm2d(128, eps=1e-05, momentum=0.1, affine=True, track_running_stats=True)
    (2): ReLU()
    (3): MaxPool2d(kernel_size=2, stride=2, padding=0, dilation=1, ceil_mode=False)
  )
  (layer5): Sequential(
    (0): Conv2d(128, 256, kernel_size=(3, 3), stride=(1, 1), padding=(1, 1))
    (1): BatchNorm2d(256, eps=1e-05, momentum=0.1, affine=True, track_running_stats=True)
    (2): ReLU()
  )
  (layer6): Sequential(
    (0): Conv2d(256, 256, kernel_size=(3, 3), stride=(1, 1), padding=(1, 1))
    (1): BatchNorm2d(256, eps=1e-05, momentum=0.1, affine=True, track_running_stats=True)
    (2): ReLU()
  )
  (layer7): Sequential(
    (0): Conv2d(256, 256, kernel_size=(3, 3), stride=(1, 1), padding=(1, 1))
    (1): BatchNorm2d(256, eps=1e-05, momentum=0.1, affine=True, track_running_stats=True)
    (2): ReLU()
    (3): MaxPool2d(kernel_size=2, stride=2, padding=0, dilation=1, ceil_mode=False)
  )
  (layer8): Sequential(
    (0): Conv2d(256, 512, kernel_size=(3, 3), stride=(1, 1), padding=(1, 1))
    (1): BatchNorm2d(512, eps=1e-05, momentum=0.1, affine=True, track_running_stats=True)
    (2): ReLU()
  )
  (layer9): Sequential(
    (0): Conv2d(512, 512, kernel_size=(3, 3), stride=(1, 1), padding=(1, 1))
    (1): BatchNorm2d(512, eps=1e-05, momentum=0.1, affine=True, track_running_stats=True)
    (2): ReLU()
  )
  (layer10): Sequential(
    (0): Conv2d(512, 512, kernel_size=(3, 3), stride=(1, 1), padding=(1, 1))
    (1): BatchNorm2d(512, eps=1e-05, momentum=0.1, affine=True, track_running_stats=True)
    (2): ReLU()
    (3): MaxPool2d(kernel_size=2, stride=2, padding=0, dilation=1, ceil_mode=False)
  )
  (layer11): Sequential(
    (0): Conv2d(512, 512, kernel_size=(3, 3), stride=(1, 1), padding=(1, 1))
    (1): BatchNorm2d(512, eps=1e-05, momentum=0.1, affine=True, track_running_stats=True)
    (2): ReLU()
  )
  (layer12): Sequential(
    (0): Conv2d(512, 512, kernel_size=(3, 3), stride=(1, 1), padding=(1, 1))
    (1): BatchNorm2d(512, eps=1e-05, momentum=0.1, affine=True, track_running_stats=True)
    (2): ReLU()
  )
  (layer13): Sequential(
    (0): Conv2d(512, 512, kernel_size=(3, 3), stride=(1, 1), padding=(1, 1))
    (1): BatchNorm2d(512, eps=1e-05, momentum=0.1, affine=True, track_running_stats=True)
    (2): ReLU()
    (3): MaxPool2d(kernel_size=2, stride=2, padding=0, dilation=1, ceil_mode=False)
  )
  (fc): Sequential(
    (0): Linear(in_features=25088, out_features=4096, bias=True)
    (1): ReLU()
    (2): Dropout(p=0.5, inplace=False)
  )
  (fc1): Sequential(
    (0): Linear(in_features=4096, out_features=4096, bias=True)
    (1): ReLU()
    (2): Dropout(p=0.5, inplace=False)
  )
  (fc2): Sequential(
    (0): Linear(in_features=4096, out_features=10, bias=True)
  )
)
2023-09-04 09:29:03,533 - root - INFO - Iniciando treinamento
2023-09-04 09:29:03,533 - root - INFO - Epoch 1
-------------------------------
2023-09-04 09:37:46,890 - root - INFO - Validation loss decreased from : inf ----> 1.203269055747986 ----> Saving Model.......
2023-09-04 09:37:46,890 - root - INFO - Validation acc:  57.16
2023-09-04 09:37:46,890 - root - INFO - Best Test acc from 0 ----> 56.84
2023-09-04 09:37:46,890 - root - INFO - Época 1/10
2023-09-04 09:37:46,890 - root - INFO - loss: 1.6472557042598723 - accuracy: 39.7925 - val_loss: 1.203269055747986 - val_accuracy: 57.16
2023-09-04 09:37:46,890 - root - INFO - [Test] ---> accuracy: 56.84 - loss: 1.205436247253418
2023-09-04 09:37:46,890 - root - INFO - test acc from best model : 56.84
2023-09-04 09:37:46,890 - root - INFO - Epoch 2
-------------------------------
2023-09-04 09:46:31,176 - root - INFO - Validation loss decreased from : 1.203269055747986 ----> 1.0424858434677124 ----> Saving Model.......
2023-09-04 09:46:31,177 - root - INFO - Validation acc:  63.73
2023-09-04 09:46:31,177 - root - INFO - Best Test acc from 56.84 ----> 63.3
2023-09-04 09:46:31,177 - root - INFO - Época 2/10
2023-09-04 09:46:31,177 - root - INFO - loss: 1.0449927619695663 - accuracy: 63.275 - val_loss: 1.0424858434677124 - val_accuracy: 63.73
2023-09-04 09:46:31,177 - root - INFO - [Test] ---> accuracy: 63.3 - loss: 1.0470672907829284
2023-09-04 09:46:31,177 - root - INFO - test acc from best model : 63.3
2023-09-04 09:46:31,177 - root - INFO - Epoch 3
-------------------------------
2023-09-04 09:55:15,658 - root - INFO - Validation loss decreased from : 1.0424858434677124 ----> 0.7849188450813294 ----> Saving Model.......
2023-09-04 09:55:15,658 - root - INFO - Validation acc:  72.19
2023-09-04 09:55:15,658 - root - INFO - Best Test acc from 63.3 ----> 72.77
2023-09-04 09:55:15,658 - root - INFO - Época 3/10
2023-09-04 09:55:15,658 - root - INFO - loss: 0.8445199527740479 - accuracy: 70.6525 - val_loss: 0.7849188450813294 - val_accuracy: 72.19
2023-09-04 09:55:15,658 - root - INFO - [Test] ---> accuracy: 72.77 - loss: 0.7716489480972291
2023-09-04 09:55:15,658 - root - INFO - test acc from best model : 72.77
2023-09-04 09:55:15,658 - root - INFO - Epoch 4
-------------------------------
2023-09-04 10:04:03,261 - root - INFO - Validation loss decreased from : 0.7849188450813294 ----> 0.7253841770172119 ----> Saving Model.......
2023-09-04 10:04:03,261 - root - INFO - Validation acc:  74.65
2023-09-04 10:04:03,261 - root - INFO - Best Test acc from 72.77 ----> 74.8
2023-09-04 10:04:03,261 - root - INFO - Época 4/10
2023-09-04 10:04:03,261 - root - INFO - loss: 0.7292152369856835 - accuracy: 74.785 - val_loss: 0.7253841770172119 - val_accuracy: 74.65
2023-09-04 10:04:03,261 - root - INFO - [Test] ---> accuracy: 74.8 - loss: 0.7326834581375122
2023-09-04 10:04:03,261 - root - INFO - test acc from best model : 74.8
2023-09-04 10:04:03,261 - root - INFO - Epoch 5
-------------------------------
2023-09-04 10:12:54,911 - root - INFO - Validation loss decreased from : 0.7253841770172119 ----> 0.659725174331665 ----> Saving Model.......
2023-09-04 10:12:54,911 - root - INFO - Validation acc:  77.31
2023-09-04 10:12:54,911 - root - INFO - Best Test acc from 74.8 ----> 77.36
2023-09-04 10:12:54,911 - root - INFO - Época 5/10
2023-09-04 10:12:54,911 - root - INFO - loss: 0.6382209351301193 - accuracy: 78.015 - val_loss: 0.659725174331665 - val_accuracy: 77.31
2023-09-04 10:12:54,911 - root - INFO - [Test] ---> accuracy: 77.36 - loss: 0.6729374517917633
2023-09-04 10:12:54,911 - root - INFO - test acc from best model : 77.36
2023-09-04 10:12:54,911 - root - INFO - Epoch 6
-------------------------------
2023-09-04 10:21:46,956 - root - INFO - Validation loss decreased from : 0.659725174331665 ----> 0.5893959301471711 ----> Saving Model.......
2023-09-04 10:21:46,956 - root - INFO - Validation acc:  79.74
2023-09-04 10:21:46,956 - root - INFO - Best Test acc from 77.36 ----> 79.85
2023-09-04 10:21:46,956 - root - INFO - Época 6/10
2023-09-04 10:21:46,956 - root - INFO - loss: 0.567052472114563 - accuracy: 80.4725 - val_loss: 0.5893959301471711 - val_accuracy: 79.74
2023-09-04 10:21:46,956 - root - INFO - [Test] ---> accuracy: 79.85 - loss: 0.5935441482067109
2023-09-04 10:21:46,956 - root - INFO - test acc from best model : 79.85
2023-09-04 10:21:46,957 - root - INFO - Epoch 7
-------------------------------
2023-09-04 10:30:28,337 - root - INFO - Época 7/10
2023-09-04 10:30:28,337 - root - INFO - loss: 0.5075961481571197 - accuracy: 82.4175 - val_loss: 0.690220932340622 - val_accuracy: 77.34
2023-09-04 10:30:28,337 - root - INFO - [Test] ---> accuracy: 77.25 - loss: 0.6957600217342377
2023-09-04 10:30:28,337 - root - INFO - test acc from best model : 79.85
2023-09-04 10:30:28,337 - root - INFO - Epoch 8
-------------------------------
2023-09-04 10:39:14,143 - root - INFO - Época 8/10
2023-09-04 10:39:14,143 - root - INFO - loss: 0.45130513966679575 - accuracy: 84.44 - val_loss: 0.6028181359529495 - val_accuracy: 80.49
2023-09-04 10:39:14,144 - root - INFO - [Test] ---> accuracy: 79.65 - loss: 0.6237571205377579
2023-09-04 10:39:14,144 - root - INFO - test acc from best model : 79.85
2023-09-04 10:39:14,144 - root - INFO - Epoch 9
-------------------------------
2023-09-04 10:47:57,771 - root - INFO - Validation loss decreased from : 0.5893959301471711 ----> 0.5513315949916839 ----> Saving Model.......
2023-09-04 10:47:57,771 - root - INFO - Validation acc:  81.62
2023-09-04 10:47:57,771 - root - INFO - Best Test acc from 79.85 ----> 81.5
2023-09-04 10:47:57,771 - root - INFO - Época 9/10
2023-09-04 10:47:57,771 - root - INFO - loss: 0.4021662681996822 - accuracy: 86.17 - val_loss: 0.5513315949916839 - val_accuracy: 81.62
2023-09-04 10:47:57,771 - root - INFO - [Test] ---> accuracy: 81.5 - loss: 0.5490756643772126
2023-09-04 10:47:57,771 - root - INFO - test acc from best model : 81.5
2023-09-04 10:47:57,771 - root - INFO - Epoch 10
-------------------------------
2023-09-04 10:56:53,492 - root - INFO - Validation loss decreased from : 0.5513315949916839 ----> 0.531359473323822 ----> Saving Model.......
2023-09-04 10:56:53,492 - root - INFO - Validation acc:  82.43
2023-09-04 10:56:53,492 - root - INFO - Best Test acc from 81.5 ----> 81.86
2023-09-04 10:56:53,492 - root - INFO - Época 10/10
2023-09-04 10:56:53,492 - root - INFO - loss: 0.355751285007596 - accuracy: 87.51 - val_loss: 0.531359473323822 - val_accuracy: 82.43
2023-09-04 10:56:53,492 - root - INFO - [Test] ---> accuracy: 81.86 - loss: 0.5496727689027786
2023-09-04 10:56:53,492 - root - INFO - test acc from best model : 81.86
2023-09-04 10:56:53,492 - root - INFO - Tempo treinamento:  5269.96 seconds
2023-09-04 10:56:53,492 - root - INFO - Menor loss: 0.531359473323822
2023-09-04 10:56:53,492 - root - INFO - Acurácia de teste do melhor modelo: 81.86
2023-09-04 10:56:53,492 - root - INFO - Métricas
2023-09-04 10:56:53,492 - root - INFO - ACC
2023-09-04 10:56:53,493 - root - INFO - {'epoch': [1, 2, 3, 4, 5, 6, 7, 8, 9, 10],
 'test_acc': [56.84,
              63.3,
              72.77,
              74.8,
              77.36,
              79.85,
              77.25,
              79.65,
              81.5,
              81.86],
 'train_acc': [39.7925,
               63.275,
               70.6525,
               74.785,
               78.015,
               80.4725,
               82.4175,
               84.44,
               86.17,
               87.51],
 'val_acc': [57.16,
             63.73,
             72.19,
             74.65,
             77.31,
             79.74,
             77.34,
             80.49,
             81.62,
             82.43]}
2023-09-04 10:56:53,493 - root - INFO - LOSS
2023-09-04 10:56:53,493 - root - INFO - {'epoch': [1, 2, 3, 4, 5, 6, 7, 8, 9, 10],
 'test_loss': [1.205436247253418,
               1.0470672907829284,
               0.7716489480972291,
               0.7326834581375122,
               0.6729374517917633,
               0.5935441482067109,
               0.6957600217342377,
               0.6237571205377579,
               0.5490756643772126,
               0.5496727689027786],
 'train_loss': [1.6472557042598723,
                1.0449927619695663,
                0.8445199527740479,
                0.7292152369856835,
                0.6382209351301193,
                0.567052472114563,
                0.5075961481571197,
                0.45130513966679575,
                0.4021662681996822,
                0.355751285007596],
 'val_loss': [1.203269055747986,
              1.0424858434677124,
              0.7849188450813294,
              0.7253841770172119,
              0.659725174331665,
              0.5893959301471711,
              0.690220932340622,
              0.6028181359529495,
              0.5513315949916839,
              0.531359473323822]}
2023-09-08 02:01:23,865 - root - INFO - --------------------- Iniciando Teste 43 ---------------------
2023-09-08 02:01:23,868 - root - INFO - Rodando evaluation
2023-09-08 02:01:23,868 - root - INFO - Construindo dataset para a rede VGG16
