2023-09-03 23:25:47,759 - root - INFO - --------------------- Iniciando Novo Treinamento 63 ---------------------
2023-09-03 23:25:47,759 - root - INFO - Parametros
2023-09-03 23:25:47,760 - root - INFO - {'batch_size': 32,
 'dataset': 'CIFAR10',
 'epochs': 10,
 'learning_rate': 0.001,
 'network': 'VGG11',
 'num_workers': 1}
2023-09-03 23:25:47,760 - root - INFO - Construindo dataset para a rede VGG11
2023-09-03 23:25:49,651 - root - INFO - VGG11(
  (layer1): Sequential(
    (0): Conv2d(1, 64, kernel_size=(3, 3), stride=(1, 1), padding=(1, 1))
    (1): ReLU()
    (2): MaxPool2d(kernel_size=2, stride=2, padding=0, dilation=1, ceil_mode=False)
  )
  (layer2): Sequential(
    (0): Conv2d(64, 128, kernel_size=(3, 3), stride=(1, 1), padding=(1, 1))
    (1): ReLU()
    (2): MaxPool2d(kernel_size=2, stride=2, padding=0, dilation=1, ceil_mode=False)
  )
  (layer3): Sequential(
    (0): Conv2d(128, 256, kernel_size=(3, 3), stride=(1, 1), padding=(1, 1))
    (1): ReLU()
  )
  (layer4): Sequential(
    (0): Conv2d(256, 256, kernel_size=(3, 3), stride=(1, 1), padding=(1, 1))
    (1): ReLU()
    (2): MaxPool2d(kernel_size=2, stride=2, padding=0, dilation=1, ceil_mode=False)
  )
  (layer5): Sequential(
    (0): Conv2d(256, 512, kernel_size=(3, 3), stride=(1, 1), padding=(1, 1))
    (1): ReLU()
  )
  (layer6): Sequential(
    (0): Conv2d(512, 512, kernel_size=(3, 3), stride=(1, 1), padding=(1, 1))
    (1): ReLU()
    (2): MaxPool2d(kernel_size=2, stride=2, padding=0, dilation=1, ceil_mode=False)
  )
  (layer7): Sequential(
    (0): Conv2d(512, 512, kernel_size=(3, 3), stride=(1, 1), padding=(1, 1))
    (1): ReLU()
  )
  (layer8): Sequential(
    (0): Conv2d(512, 512, kernel_size=(3, 3), stride=(1, 1), padding=(1, 1))
    (1): ReLU()
    (2): MaxPool2d(kernel_size=2, stride=2, padding=0, dilation=1, ceil_mode=False)
  )
  (fc): Sequential(
    (0): Linear(in_features=25088, out_features=4096, bias=True)
    (1): ReLU()
    (2): Dropout(p=0.5, inplace=False)
  )
  (fc1): Sequential(
    (0): Linear(in_features=4096, out_features=4096, bias=True)
    (1): ReLU()
    (2): Dropout(p=0.5, inplace=False)
  )
  (fc2): Sequential(
    (0): Linear(in_features=4096, out_features=10, bias=True)
  )
)
2023-09-03 23:25:49,652 - root - INFO - Iniciando treinamento
2023-09-03 23:25:49,652 - root - INFO - Epoch 1
-------------------------------
2023-09-03 23:29:37,672 - root - INFO - Validation loss decreased from : inf ----> 2.3026444679260254 ----> Saving Model.......
2023-09-03 23:29:37,672 - root - INFO - Validation acc:  10.47
2023-09-03 23:29:37,672 - root - INFO - Best Test acc from 0 ----> 10.0
2023-09-03 23:29:37,672 - root - INFO - Época 1/10
2023-09-03 23:29:37,672 - root - INFO - loss: 2.3093157424926756 - accuracy: 9.7525 - val_loss: 2.3026444679260254 - val_accuracy: 10.47
2023-09-03 23:29:37,672 - root - INFO - [Test] ---> accuracy: 10.0 - loss: 2.3028629795074465
2023-09-03 23:29:37,672 - root - INFO - test acc from best model : 10.0
2023-09-03 23:29:37,672 - root - INFO - Epoch 2
-------------------------------
2023-09-03 23:33:27,852 - root - INFO - Época 2/10
2023-09-03 23:33:27,852 - root - INFO - loss: 2.30297802734375 - accuracy: 9.805 - val_loss: 2.302688109588623 - val_accuracy: 10.09
2023-09-03 23:33:27,852 - root - INFO - [Test] ---> accuracy: 10.0 - loss: 2.3026364406585693
2023-09-03 23:33:27,852 - root - INFO - test acc from best model : 10.0
2023-09-03 23:33:27,852 - root - INFO - Epoch 3
-------------------------------
2023-09-03 23:37:17,971 - root - INFO - Época 3/10
2023-09-03 23:37:17,971 - root - INFO - loss: 2.302813818359375 - accuracy: 9.84 - val_loss: 2.30287631149292 - val_accuracy: 9.75
2023-09-03 23:37:17,971 - root - INFO - [Test] ---> accuracy: 10.0 - loss: 2.3026703258514405
2023-09-03 23:37:17,971 - root - INFO - test acc from best model : 10.0
2023-09-03 23:37:17,971 - root - INFO - Epoch 4
-------------------------------
2023-09-03 23:41:08,643 - root - INFO - Época 4/10
2023-09-03 23:41:08,643 - root - INFO - loss: 2.302813427734375 - accuracy: 9.7425 - val_loss: 2.3026790016174314 - val_accuracy: 9.75
2023-09-03 23:41:08,643 - root - INFO - [Test] ---> accuracy: 10.0 - loss: 2.3026097557067873
2023-09-03 23:41:08,643 - root - INFO - test acc from best model : 10.0
2023-09-03 23:41:08,643 - root - INFO - Epoch 5
-------------------------------
2023-09-03 23:44:58,419 - root - INFO - Época 5/10
2023-09-03 23:44:58,419 - root - INFO - loss: 2.30277626953125 - accuracy: 9.76 - val_loss: 2.302802946090698 - val_accuracy: 9.64
2023-09-03 23:44:58,419 - root - INFO - [Test] ---> accuracy: 10.0 - loss: 2.3026343521118164
2023-09-03 23:44:58,419 - root - INFO - test acc from best model : 10.0
2023-09-03 23:44:58,419 - root - INFO - Epoch 6
-------------------------------
2023-09-03 23:48:48,309 - root - INFO - Época 6/10
2023-09-03 23:48:48,309 - root - INFO - loss: 2.302738134765625 - accuracy: 9.7625 - val_loss: 2.302726319885254 - val_accuracy: 9.83
2023-09-03 23:48:48,309 - root - INFO - [Test] ---> accuracy: 10.0 - loss: 2.302636517715454
2023-09-03 23:48:48,309 - root - INFO - test acc from best model : 10.0
2023-09-03 23:48:48,309 - root - INFO - Epoch 7
-------------------------------
2023-09-03 23:52:38,314 - root - INFO - Validation loss decreased from : 2.3026444679260254 ----> 2.302613919830322 ----> Saving Model.......
2023-09-03 23:52:38,314 - root - INFO - Validation acc:  9.950000000000001
2023-09-03 23:52:38,314 - root - INFO - Best Test acc from 10.0 ----> 10.0
2023-09-03 23:52:38,314 - root - INFO - Época 7/10
2023-09-03 23:52:38,314 - root - INFO - loss: 2.30274541015625 - accuracy: 10.0125 - val_loss: 2.302613919830322 - val_accuracy: 9.950000000000001
2023-09-03 23:52:38,314 - root - INFO - [Test] ---> accuracy: 10.0 - loss: 2.3026099323272704
2023-09-03 23:52:38,314 - root - INFO - test acc from best model : 10.0
2023-09-03 23:52:38,314 - root - INFO - Epoch 8
-------------------------------
2023-09-03 23:56:28,712 - root - INFO - Época 8/10
2023-09-03 23:56:28,713 - root - INFO - loss: 2.302732958984375 - accuracy: 9.77 - val_loss: 2.302930744934082 - val_accuracy: 9.75
2023-09-03 23:56:28,713 - root - INFO - [Test] ---> accuracy: 10.0 - loss: 2.302664881896973
2023-09-03 23:56:28,713 - root - INFO - test acc from best model : 10.0
2023-09-03 23:56:28,713 - root - INFO - Epoch 9
-------------------------------
2023-09-04 00:00:18,502 - root - INFO - Época 9/10
2023-09-04 00:00:18,502 - root - INFO - loss: 2.3027927734375 - accuracy: 9.815 - val_loss: 2.3028834106445313 - val_accuracy: 9.64
2023-09-04 00:00:18,502 - root - INFO - [Test] ---> accuracy: 10.0 - loss: 2.302658038711548
2023-09-04 00:00:18,502 - root - INFO - test acc from best model : 10.0
2023-09-04 00:00:18,502 - root - INFO - Epoch 10
-------------------------------
2023-09-04 00:04:08,183 - root - INFO - Época 10/10
2023-09-04 00:04:08,183 - root - INFO - loss: 2.30279345703125 - accuracy: 9.83 - val_loss: 2.302749006652832 - val_accuracy: 9.64
2023-09-04 00:04:08,183 - root - INFO - [Test] ---> accuracy: 10.0 - loss: 2.302616502380371
2023-09-04 00:04:08,183 - root - INFO - test acc from best model : 10.0
2023-09-04 00:04:08,183 - root - INFO - Tempo treinamento:  2298.53 seconds
2023-09-04 00:04:08,183 - root - INFO - Menor loss: 2.302613919830322
2023-09-04 00:04:08,183 - root - INFO - Acurácia de teste do melhor modelo: 10.0
2023-09-04 00:04:08,183 - root - INFO - Métricas
2023-09-04 00:04:08,183 - root - INFO - ACC
2023-09-04 00:04:08,183 - root - INFO - {'epoch': [1, 2, 3, 4, 5, 6, 7, 8, 9, 10],
 'test_acc': [10.0, 10.0, 10.0, 10.0, 10.0, 10.0, 10.0, 10.0, 10.0, 10.0],
 'train_acc': [9.7525,
               9.805,
               9.84,
               9.7425,
               9.76,
               9.7625,
               10.0125,
               9.77,
               9.815,
               9.83],
 'val_acc': [10.47,
             10.09,
             9.75,
             9.75,
             9.64,
             9.83,
             9.950000000000001,
             9.75,
             9.64,
             9.64]}
2023-09-04 00:04:08,184 - root - INFO - LOSS
2023-09-04 00:04:08,184 - root - INFO - {'epoch': [1, 2, 3, 4, 5, 6, 7, 8, 9, 10],
 'test_loss': [2.3028629795074465,
               2.3026364406585693,
               2.3026703258514405,
               2.3026097557067873,
               2.3026343521118164,
               2.302636517715454,
               2.3026099323272704,
               2.302664881896973,
               2.302658038711548,
               2.302616502380371],
 'train_loss': [2.3093157424926756,
                2.30297802734375,
                2.302813818359375,
                2.302813427734375,
                2.30277626953125,
                2.302738134765625,
                2.30274541015625,
                2.302732958984375,
                2.3027927734375,
                2.30279345703125],
 'val_loss': [2.3026444679260254,
              2.302688109588623,
              2.30287631149292,
              2.3026790016174314,
              2.302802946090698,
              2.302726319885254,
              2.302613919830322,
              2.302930744934082,
              2.3028834106445313,
              2.302749006652832]}
