2023-09-03 05:37:08,929 - root - INFO - --------------------- Iniciando Novo Treinamento 72 ---------------------
2023-09-03 05:37:08,930 - root - INFO - Parametros
2023-09-03 05:37:08,930 - root - INFO - {'batch_size': 64,
 'dataset': 'FASHIONMNIST',
 'epochs': 10,
 'learning_rate': 0.1,
 'network': 'VGG11',
 'num_workers': 1}
2023-09-03 05:37:08,930 - root - INFO - Construindo dataset para a rede VGG11
2023-09-03 05:37:09,883 - root - INFO - VGG11(
  (layer1): Sequential(
    (0): Conv2d(1, 64, kernel_size=(3, 3), stride=(1, 1), padding=(1, 1))
    (1): ReLU()
    (2): MaxPool2d(kernel_size=2, stride=2, padding=0, dilation=1, ceil_mode=False)
  )
  (layer2): Sequential(
    (0): Conv2d(64, 128, kernel_size=(3, 3), stride=(1, 1), padding=(1, 1))
    (1): ReLU()
    (2): MaxPool2d(kernel_size=2, stride=2, padding=0, dilation=1, ceil_mode=False)
  )
  (layer3): Sequential(
    (0): Conv2d(128, 256, kernel_size=(3, 3), stride=(1, 1), padding=(1, 1))
    (1): ReLU()
  )
  (layer4): Sequential(
    (0): Conv2d(256, 256, kernel_size=(3, 3), stride=(1, 1), padding=(1, 1))
    (1): ReLU()
    (2): MaxPool2d(kernel_size=2, stride=2, padding=0, dilation=1, ceil_mode=False)
  )
  (layer5): Sequential(
    (0): Conv2d(256, 512, kernel_size=(3, 3), stride=(1, 1), padding=(1, 1))
    (1): ReLU()
  )
  (layer6): Sequential(
    (0): Conv2d(512, 512, kernel_size=(3, 3), stride=(1, 1), padding=(1, 1))
    (1): ReLU()
    (2): MaxPool2d(kernel_size=2, stride=2, padding=0, dilation=1, ceil_mode=False)
  )
  (layer7): Sequential(
    (0): Conv2d(512, 512, kernel_size=(3, 3), stride=(1, 1), padding=(1, 1))
    (1): ReLU()
  )
  (layer8): Sequential(
    (0): Conv2d(512, 512, kernel_size=(3, 3), stride=(1, 1), padding=(1, 1))
    (1): ReLU()
    (2): MaxPool2d(kernel_size=2, stride=2, padding=0, dilation=1, ceil_mode=False)
  )
  (fc): Sequential(
    (0): Linear(in_features=25088, out_features=4096, bias=True)
    (1): ReLU()
    (2): Dropout(p=0.5, inplace=False)
  )
  (fc1): Sequential(
    (0): Linear(in_features=4096, out_features=4096, bias=True)
    (1): ReLU()
    (2): Dropout(p=0.5, inplace=False)
  )
  (fc2): Sequential(
    (0): Linear(in_features=4096, out_features=10, bias=True)
  )
)
2023-09-03 05:37:09,884 - root - INFO - Iniciando treinamento
2023-09-03 05:37:09,884 - root - INFO - Epoch 1
-------------------------------
2023-09-03 05:39:57,603 - root - INFO - Validation loss decreased from : inf ----> 3.2363194622562444e+16 ----> Saving Model.......
2023-09-03 05:39:57,603 - root - INFO - Validation acc:  10.158333333333333
2023-09-03 05:39:57,603 - root - INFO - Best Test acc from 0 ----> 10.0
2023-09-03 05:39:57,603 - root - INFO - Época 1/10
2023-09-03 05:39:57,603 - root - INFO - loss: nan - accuracy: 9.925 - val_loss: 3.2363194622562444e+16 - val_accuracy: 10.158333333333333
2023-09-03 05:39:57,603 - root - INFO - [Test] ---> accuracy: 10.0 - loss: 3.211977802680317e+16
2023-09-03 05:39:57,603 - root - INFO - Epoch 2
-------------------------------
2023-09-03 05:42:47,101 - root - INFO - Época 2/10
2023-09-03 05:42:47,101 - root - INFO - loss: nan - accuracy: 9.916666666666666 - val_loss: 3.2377136143671492e+16 - val_accuracy: 10.158333333333333
2023-09-03 05:42:47,101 - root - INFO - [Test] ---> accuracy: 10.0 - loss: 3.211977802680317e+16
2023-09-03 05:42:47,101 - root - INFO - Epoch 3
-------------------------------
2023-09-03 05:45:35,969 - root - INFO - Validation loss decreased from : 3.2363194622562444e+16 ----> 3.2342715313688676e+16 ----> Saving Model.......
2023-09-03 05:45:35,970 - root - INFO - Validation acc:  10.158333333333333
2023-09-03 05:45:35,970 - root - INFO - Best Test acc from 10.0 ----> 10.0
2023-09-03 05:45:35,970 - root - INFO - Época 3/10
2023-09-03 05:45:35,970 - root - INFO - loss: nan - accuracy: 9.916666666666666 - val_loss: 3.2342715313688676e+16 - val_accuracy: 10.158333333333333
2023-09-03 05:45:35,970 - root - INFO - [Test] ---> accuracy: 10.0 - loss: 3.211977802680317e+16
2023-09-03 05:45:35,970 - root - INFO - Epoch 4
-------------------------------
2023-09-03 05:48:25,687 - root - INFO - Época 4/10
2023-09-03 05:48:25,687 - root - INFO - loss: nan - accuracy: 9.916666666666666 - val_loss: 3.2360948102695224e+16 - val_accuracy: 10.158333333333333
2023-09-03 05:48:25,688 - root - INFO - [Test] ---> accuracy: 10.0 - loss: 3.211977802680317e+16
2023-09-03 05:48:25,688 - root - INFO - Epoch 5
-------------------------------
2023-09-03 05:51:14,474 - root - INFO - Época 5/10
2023-09-03 05:51:14,474 - root - INFO - loss: nan - accuracy: 9.916666666666666 - val_loss: 3.237474693926407e+16 - val_accuracy: 10.158333333333333
2023-09-03 05:51:14,474 - root - INFO - [Test] ---> accuracy: 10.0 - loss: 3.211977802680317e+16
2023-09-03 05:51:14,474 - root - INFO - Epoch 6
-------------------------------
2023-09-03 05:54:03,853 - root - INFO - Época 6/10
2023-09-03 05:54:03,853 - root - INFO - loss: nan - accuracy: 9.916666666666666 - val_loss: 3.2366949271519364e+16 - val_accuracy: 10.158333333333333
2023-09-03 05:54:03,853 - root - INFO - [Test] ---> accuracy: 10.0 - loss: 3.211977802680317e+16
2023-09-03 05:54:03,853 - root - INFO - Epoch 7
-------------------------------
2023-09-03 05:56:53,151 - root - INFO - Época 7/10
2023-09-03 05:56:53,152 - root - INFO - loss: nan - accuracy: 9.916666666666666 - val_loss: 3.2352355362057924e+16 - val_accuracy: 10.158333333333333
2023-09-03 05:56:53,152 - root - INFO - [Test] ---> accuracy: 10.0 - loss: 3.211977802680317e+16
2023-09-03 05:56:53,152 - root - INFO - Epoch 8
-------------------------------
2023-09-03 05:59:42,048 - root - INFO - Época 8/10
2023-09-03 05:59:42,048 - root - INFO - loss: nan - accuracy: 9.916666666666666 - val_loss: 3.236159844091656e+16 - val_accuracy: 10.158333333333333
2023-09-03 05:59:42,048 - root - INFO - [Test] ---> accuracy: 10.0 - loss: 3.211977802680317e+16
2023-09-03 05:59:42,048 - root - INFO - Epoch 9
-------------------------------
2023-09-03 06:02:30,834 - root - INFO - Época 9/10
2023-09-03 06:02:30,834 - root - INFO - loss: nan - accuracy: 9.916666666666666 - val_loss: 3.237527131468455e+16 - val_accuracy: 10.158333333333333
2023-09-03 06:02:30,834 - root - INFO - [Test] ---> accuracy: 10.0 - loss: 3.211977802680317e+16
2023-09-03 06:02:30,834 - root - INFO - Epoch 10
-------------------------------
2023-09-03 06:05:20,380 - root - INFO - Época 10/10
2023-09-03 06:05:20,380 - root - INFO - loss: nan - accuracy: 9.916666666666666 - val_loss: 3.2359894678929844e+16 - val_accuracy: 10.158333333333333
2023-09-03 06:05:20,380 - root - INFO - [Test] ---> accuracy: 10.0 - loss: 3.211977802680317e+16
2023-09-03 06:05:20,380 - root - INFO - Tempo treinamento:  1690.50 seconds
2023-09-03 06:05:20,380 - root - INFO - Menor loss: 3.2342715313688676e+16
2023-09-03 06:05:20,380 - root - INFO - Acurácia de teste do melhor modelo: 10.0
2023-09-03 06:05:20,380 - root - INFO - Métricas
2023-09-03 06:05:20,380 - root - INFO - ACC
2023-09-03 06:05:20,380 - root - INFO - {'epoch': [1, 2, 3, 4, 5, 6, 7, 8, 9, 10],
 'test_acc': [10.0, 10.0, 10.0, 10.0, 10.0, 10.0, 10.0, 10.0, 10.0, 10.0],
 'train_acc': [9.925,
               9.916666666666666,
               9.916666666666666,
               9.916666666666666,
               9.916666666666666,
               9.916666666666666,
               9.916666666666666,
               9.916666666666666,
               9.916666666666666,
               9.916666666666666],
 'val_acc': [10.158333333333333,
             10.158333333333333,
             10.158333333333333,
             10.158333333333333,
             10.158333333333333,
             10.158333333333333,
             10.158333333333333,
             10.158333333333333,
             10.158333333333333,
             10.158333333333333]}
2023-09-03 06:05:20,380 - root - INFO - LOSS
2023-09-03 06:05:20,380 - root - INFO - {'epoch': [1, 2, 3, 4, 5, 6, 7, 8, 9, 10],
 'test_loss': [3.211977802680317e+16,
               3.211977802680317e+16,
               3.211977802680317e+16,
               3.211977802680317e+16,
               3.211977802680317e+16,
               3.211977802680317e+16,
               3.211977802680317e+16,
               3.211977802680317e+16,
               3.211977802680317e+16,
               3.211977802680317e+16],
 'train_loss': [nan, nan, nan, nan, nan, nan, nan, nan, nan, nan],
 'val_loss': [3.2363194622562444e+16,
              3.2377136143671492e+16,
              3.2342715313688676e+16,
              3.2360948102695224e+16,
              3.237474693926407e+16,
              3.2366949271519364e+16,
              3.2352355362057924e+16,
              3.236159844091656e+16,
              3.237527131468455e+16,
              3.2359894678929844e+16]}
2023-09-08 02:04:06,897 - root - INFO - --------------------- Iniciando Teste 72 ---------------------
2023-09-08 02:04:06,901 - root - INFO - Rodando evaluation
2023-09-08 02:04:06,901 - root - INFO - Construindo dataset para a rede VGG11
