2023-09-01 14:55:25,932 - root - INFO - --------------------- Iniciando Experimento 7 ---------------------
2023-09-01 14:55:25,932 - root - INFO - Parametros
2023-09-01 14:55:25,932 - root - INFO - {'batch_size': 32,
 'dataset': 'FASHIONMNIST',
 'epochs': 10,
 'learning_rate': 0.001,
 'network': 'LENET5',
 'num_workers': 1}
2023-09-01 14:55:25,932 - root - INFO - Construindo dataset para a rede LENET5
2023-09-01 14:55:26,210 - root - INFO - Construindo modelo para a rede LENET5
2023-09-01 14:55:26,212 - root - INFO - LeNet5(
  (layer1): Sequential(
    (0): Conv2d(1, 6, kernel_size=(5, 5), stride=(1, 1))
    (1): BatchNorm2d(6, eps=1e-05, momentum=0.1, affine=True, track_running_stats=True)
    (2): ReLU()
    (3): MaxPool2d(kernel_size=2, stride=2, padding=0, dilation=1, ceil_mode=False)
  )
  (layer2): Sequential(
    (0): Conv2d(6, 16, kernel_size=(5, 5), stride=(1, 1))
    (1): BatchNorm2d(16, eps=1e-05, momentum=0.1, affine=True, track_running_stats=True)
    (2): ReLU()
    (3): MaxPool2d(kernel_size=2, stride=2, padding=0, dilation=1, ceil_mode=False)
  )
  (fc): Linear(in_features=400, out_features=120, bias=True)
  (relu): ReLU()
  (fc1): Linear(in_features=120, out_features=84, bias=True)
  (relu1): ReLU()
  (fc2): Linear(in_features=84, out_features=10, bias=True)
)
2023-09-01 14:55:26,212 - root - INFO - Iniciando treinamento
2023-09-01 14:55:26,212 - root - INFO - Epoch 1
-------------------------------
2023-09-01 14:55:26,212 - root - INFO - Treinando época 0
2023-09-01 14:56:58,728 - root - INFO - Testando época 0
2023-09-01 14:57:00,035 - root - INFO - Validando época 0
2023-09-01 14:57:01,599 - root - INFO - Epoch 2
-------------------------------
2023-09-01 14:57:01,599 - root - INFO - Treinando época 1
2023-09-01 14:58:31,075 - root - INFO - Testando época 1
2023-09-01 14:58:32,422 - root - INFO - Validando época 1
2023-09-01 14:58:34,130 - root - INFO - Epoch 3
-------------------------------
2023-09-01 14:58:34,130 - root - INFO - Treinando época 2
2023-09-01 15:00:03,703 - root - INFO - Testando época 2
2023-09-01 15:00:05,026 - root - INFO - Validando época 2
2023-09-01 15:00:06,529 - root - INFO - Epoch 4
-------------------------------
2023-09-01 15:00:06,529 - root - INFO - Treinando época 3
2023-09-01 15:01:36,336 - root - INFO - Testando época 3
2023-09-01 15:01:37,615 - root - INFO - Validando época 3
2023-09-01 15:01:39,191 - root - INFO - Epoch 5
-------------------------------
2023-09-01 15:01:39,191 - root - INFO - Treinando época 4
2023-09-01 15:03:10,742 - root - INFO - Testando época 4
2023-09-01 15:03:12,153 - root - INFO - Validando época 4
2023-09-01 15:03:13,789 - root - INFO - Epoch 6
-------------------------------
2023-09-01 15:03:13,789 - root - INFO - Treinando época 5
2023-09-01 15:04:44,917 - root - INFO - Testando época 5
2023-09-01 15:04:46,304 - root - INFO - Validando época 5
2023-09-01 15:04:47,917 - root - INFO - Epoch 7
-------------------------------
2023-09-01 15:04:47,917 - root - INFO - Treinando época 6
2023-09-01 15:06:20,166 - root - INFO - Testando época 6
2023-09-01 15:06:21,433 - root - INFO - Validando época 6
2023-09-01 15:06:23,033 - root - INFO - Epoch 8
-------------------------------
2023-09-01 15:06:23,033 - root - INFO - Treinando época 7
2023-09-01 15:07:53,679 - root - INFO - Testando época 7
2023-09-01 15:07:55,033 - root - INFO - Validando época 7
2023-09-01 15:07:56,768 - root - INFO - Epoch 9
-------------------------------
2023-09-01 15:07:56,768 - root - INFO - Treinando época 8
2023-09-01 15:09:27,835 - root - INFO - Testando época 8
2023-09-01 15:09:29,177 - root - INFO - Validando época 8
2023-09-01 15:09:30,818 - root - INFO - Epoch 10
-------------------------------
2023-09-01 15:09:30,818 - root - INFO - Treinando época 9
2023-09-01 15:11:00,098 - root - INFO - Testando época 9
2023-09-01 15:11:01,471 - root - INFO - Validando época 9
2023-09-01 15:11:03,105 - root - INFO - Tempo treinamento:  936.89 seconds
2023-09-01 15:11:03,106 - root - INFO - Métricas
2023-09-01 15:11:03,106 - root - INFO - ACC
2023-09-01 15:11:03,106 - root - INFO - {'test_acc': [85.54,
              88.37,
              86.35000000000001,
              88.11,
              89.3,
              88.75999999999999,
              89.01,
              89.96,
              90.03,
              89.49000000000001],
 'train_acc': [82.51458333333333,
               87.83125,
               89.06458333333333,
               90.05416666666666,
               90.72916666666667,
               91.12291666666667,
               91.80833333333334,
               92.33333333333333,
               92.71875,
               93.27291666666666],
 'val_acc': [86.45833333333334,
             88.38333333333334,
             86.86666666666667,
             88.65833333333333,
             89.65833333333333,
             89.65833333333333,
             89.25,
             90.17500000000001,
             90.425,
             90.20833333333333]}
2023-09-01 15:11:03,107 - root - INFO - LOSS
2023-09-01 15:11:03,107 - root - INFO - {'test_loss': [120.62199119478464,
               99.4296146593988,
               119.56909501180053,
               102.47570439428091,
               90.76459058001637,
               97.0191199220717,
               96.39415829256177,
               86.90543236956,
               88.79317887406796,
               94.76270486041903],
 'train_loss': [711.3619907647371,
                495.4474275894463,
                441.6946673616767,
                399.4122734963894,
                376.2357177771628,
                352.0426860060543,
                325.4542624987662,
                304.1010668929666,
                288.4769939808175,
                268.11090528871864],
 'val_loss': [139.92767199128866,
              112.31896265223622,
              135.86768753826618,
              116.42103547975421,
              103.85705979540944,
              106.88657492399216,
              113.38602765277028,
              100.63989908620715,
              102.7284421082586,
              107.34781308844686]}
2023-09-01 15:34:21,469 - root - INFO - --------------------- Iniciando Teste 7 ---------------------
2023-09-01 15:34:21,469 - root - INFO - Rodando evaluation
2023-09-01 15:34:21,470 - root - INFO - Construindo dataset para a rede LENET5
2023-09-01 15:34:23,427 - root - INFO - Testando época 0
2023-09-01 15:34:24,671 - root - INFO - Validando época 0
2023-09-01 18:35:52,199 - root - INFO - --------------------- Iniciando Experimento 7 ---------------------
2023-09-01 18:35:52,199 - root - INFO - Parametros
2023-09-01 18:35:52,199 - root - INFO - {'batch_size': 32,
 'dataset': 'FASHIONMNIST',
 'epochs': 10,
 'learning_rate': 0.001,
 'network': 'LENET5',
 'num_workers': 1}
2023-09-01 18:35:52,199 - root - INFO - Construindo dataset para a rede LENET5
2023-09-01 18:35:52,460 - root - INFO - Construindo modelo para a rede LENET5
2023-09-01 18:35:52,462 - root - INFO - LeNet5(
  (layer1): Sequential(
    (0): Conv2d(1, 6, kernel_size=(5, 5), stride=(1, 1))
    (1): BatchNorm2d(6, eps=1e-05, momentum=0.1, affine=True, track_running_stats=True)
    (2): ReLU()
    (3): MaxPool2d(kernel_size=2, stride=2, padding=0, dilation=1, ceil_mode=False)
  )
  (layer2): Sequential(
    (0): Conv2d(6, 16, kernel_size=(5, 5), stride=(1, 1))
    (1): BatchNorm2d(16, eps=1e-05, momentum=0.1, affine=True, track_running_stats=True)
    (2): ReLU()
    (3): MaxPool2d(kernel_size=2, stride=2, padding=0, dilation=1, ceil_mode=False)
  )
  (fc): Linear(in_features=400, out_features=120, bias=True)
  (relu): ReLU()
  (fc1): Linear(in_features=120, out_features=84, bias=True)
  (relu1): ReLU()
  (fc2): Linear(in_features=84, out_features=10, bias=True)
)
2023-09-01 18:35:52,462 - root - INFO - Iniciando treinamento
2023-09-01 18:35:52,462 - root - INFO - Epoch 1
-------------------------------
2023-09-01 18:35:52,462 - root - INFO - Treinando época 0
2023-09-01 18:37:18,246 - root - INFO - Testando época 0
2023-09-01 18:37:19,488 - root - INFO - Validando época 0
2023-09-01 18:37:21,008 - root - INFO - Validation loss decreased from : inf ----> 139.92767199128866 ----> Saving Model.......
2023-09-01 18:37:21,010 - root - INFO - Epoch 2
-------------------------------
2023-09-01 18:37:21,010 - root - INFO - Treinando época 1
2023-09-01 18:38:46,679 - root - INFO - Testando época 1
2023-09-01 18:38:47,984 - root - INFO - Validando época 1
2023-09-01 18:38:49,606 - root - INFO - Validation loss decreased from : 139.92767199128866 ----> 111.53290739655495 ----> Saving Model.......
2023-09-01 18:38:49,607 - root - INFO - Epoch 3
-------------------------------
2023-09-01 18:38:49,608 - root - INFO - Treinando época 2
2023-09-01 18:40:15,447 - root - INFO - Testando época 2
2023-09-01 18:40:16,771 - root - INFO - Validando época 2
2023-09-01 18:40:18,315 - root - INFO - Epoch 4
-------------------------------
2023-09-01 18:40:18,315 - root - INFO - Treinando época 3
2023-09-01 18:41:44,374 - root - INFO - Testando época 3
2023-09-01 18:41:45,626 - root - INFO - Validando época 3
2023-09-01 18:41:47,204 - root - INFO - Validation loss decreased from : 111.53290739655495 ----> 108.77263704687357 ----> Saving Model.......
2023-09-01 18:41:47,206 - root - INFO - Epoch 5
-------------------------------
2023-09-01 18:41:47,206 - root - INFO - Treinando época 4
2023-09-01 18:43:13,658 - root - INFO - Testando época 4
2023-09-01 18:43:15,069 - root - INFO - Validando época 4
2023-09-01 18:43:16,629 - root - INFO - Validation loss decreased from : 108.77263704687357 ----> 104.3405049033463 ----> Saving Model.......
2023-09-01 18:43:16,631 - root - INFO - Epoch 6
-------------------------------
2023-09-01 18:43:16,631 - root - INFO - Treinando época 5
2023-09-01 18:44:42,213 - root - INFO - Testando época 5
2023-09-01 18:44:43,530 - root - INFO - Validando época 5
2023-09-01 18:44:45,092 - root - INFO - Epoch 7
-------------------------------
2023-09-01 18:44:45,093 - root - INFO - Treinando época 6
2023-09-01 18:46:11,028 - root - INFO - Testando época 6
2023-09-01 18:46:12,301 - root - INFO - Validando época 6
2023-09-01 18:46:13,883 - root - INFO - Epoch 8
-------------------------------
2023-09-01 18:46:13,883 - root - INFO - Treinando época 7
2023-09-01 18:47:40,574 - root - INFO - Testando época 7
2023-09-01 18:47:41,920 - root - INFO - Validando época 7
2023-09-01 18:47:43,553 - root - INFO - Validation loss decreased from : 104.3405049033463 ----> 101.3526385165751 ----> Saving Model.......
2023-09-01 18:47:43,554 - root - INFO - Epoch 9
-------------------------------
2023-09-01 18:47:43,554 - root - INFO - Treinando época 8
2023-09-01 18:49:10,310 - root - INFO - Testando época 8
2023-09-01 18:49:11,576 - root - INFO - Validando época 8
2023-09-01 18:49:13,196 - root - INFO - Validation loss decreased from : 101.3526385165751 ----> 101.2710780762136 ----> Saving Model.......
2023-09-01 18:49:13,198 - root - INFO - Epoch 10
-------------------------------
2023-09-01 18:49:13,198 - root - INFO - Treinando época 9
2023-09-01 18:50:40,312 - root - INFO - Testando época 9
2023-09-01 18:50:41,624 - root - INFO - Validando época 9
2023-09-01 18:50:43,213 - root - INFO - Tempo treinamento:  890.75 seconds
2023-09-01 18:50:43,213 - root - INFO - Métricas
2023-09-01 18:50:43,213 - root - INFO - ACC
2023-09-01 18:50:43,213 - root - INFO - {'test_acc': [85.54,
              88.44999999999999,
              86.61999999999999,
              88.62,
              89.0,
              89.47,
              88.78,
              89.99000000000001,
              89.86,
              89.2],
 'train_acc': [82.51458333333333,
               87.85625,
               89.04583333333333,
               90.0625,
               90.74375,
               91.22291666666666,
               91.86875,
               92.28541666666666,
               92.79166666666667,
               93.17083333333333],
 'val_acc': [86.45833333333334,
             88.73333333333333,
             87.15833333333333,
             89.375,
             89.59166666666667,
             90.13333333333333,
             88.86666666666667,
             90.00833333333334,
             90.25833333333333,
             90.05833333333332]}
2023-09-01 18:50:43,213 - root - INFO - LOSS
2023-09-01 18:50:43,213 - root - INFO - {'test_loss': [120.62199119478464,
               99.00427585840225,
               118.60662821680307,
               97.53869284689426,
               92.8516873344779,
               94.57516113109887,
               99.11567862704396,
               90.11628846079111,
               89.52039466425776,
               93.56497274711728],
 'train_loss': [711.3619907647371,
                496.11426063627005,
                441.6251827739179,
                400.62979130633175,
                373.6211171373725,
                349.1219325615093,
                324.32124179042876,
                303.95765148848295,
                286.5328044127673,
                269.3305950453505],
 'val_loss': [139.92767199128866,
              111.53290739655495,
              134.126208640635,
              108.77263704687357,
              104.3405049033463,
              105.52960194274783,
              115.38321799784899,
              101.3526385165751,
              101.2710780762136,
              105.9877592753619]}
2023-09-01 18:50:44,980 - root - INFO - Rodando evaluation
2023-09-01 18:50:44,980 - root - INFO - Construindo dataset para a rede LENET5
2023-09-01 18:50:46,730 - root - INFO - Testando época 0
2023-09-01 18:50:47,988 - root - INFO - Validando época 0
2023-09-03 14:26:16,351 - root - INFO - --------------------- Iniciando Novo Treinamento 7 ---------------------
2023-09-03 14:26:16,355 - root - INFO - Parametros
2023-09-03 14:26:16,355 - root - INFO - {'batch_size': 32,
 'dataset': 'FASHIONMNIST',
 'epochs': 10,
 'learning_rate': 0.001,
 'network': 'LENET5',
 'num_workers': 1}
2023-09-03 14:26:16,355 - root - INFO - Construindo dataset para a rede LENET5
2023-09-03 14:26:16,565 - root - INFO - LeNet5(
  (layer1): Sequential(
    (0): Conv2d(1, 6, kernel_size=(5, 5), stride=(1, 1))
    (1): BatchNorm2d(6, eps=1e-05, momentum=0.1, affine=True, track_running_stats=True)
    (2): ReLU()
    (3): MaxPool2d(kernel_size=2, stride=2, padding=0, dilation=1, ceil_mode=False)
  )
  (layer2): Sequential(
    (0): Conv2d(6, 16, kernel_size=(5, 5), stride=(1, 1))
    (1): BatchNorm2d(16, eps=1e-05, momentum=0.1, affine=True, track_running_stats=True)
    (2): ReLU()
    (3): MaxPool2d(kernel_size=2, stride=2, padding=0, dilation=1, ceil_mode=False)
  )
  (fc): Linear(in_features=400, out_features=120, bias=True)
  (relu): ReLU()
  (fc1): Linear(in_features=120, out_features=84, bias=True)
  (relu1): ReLU()
  (fc2): Linear(in_features=84, out_features=10, bias=True)
)
2023-09-03 14:26:16,566 - root - INFO - Iniciando treinamento
2023-09-03 14:26:16,566 - root - INFO - Epoch 1
-------------------------------
2023-09-03 14:27:50,281 - root - INFO - Validation loss decreased from : inf ----> 0.01153294173379739 ----> Saving Model.......
2023-09-03 14:27:50,281 - root - INFO - Validation acc:  86.46666666666667
2023-09-03 14:27:50,281 - root - INFO - Best Test acc from 0 ----> 85.34
2023-09-03 14:27:50,281 - root - INFO - Época 1/10
2023-09-03 14:27:50,281 - root - INFO - loss: 0.014870242579684903 - accuracy: 82.54583333333333 - val_loss: 0.01153294173379739 - val_accuracy: 86.46666666666667
2023-09-03 14:27:50,281 - root - INFO - [Test] ---> accuracy: 85.34 - loss: 0.012034182406961918
2023-09-03 14:27:50,281 - root - INFO - test acc from best model : 85.34
2023-09-03 14:27:50,281 - root - INFO - Epoch 2
-------------------------------
2023-09-03 14:29:24,384 - root - INFO - Validation loss decreased from : 0.01153294173379739 ----> 0.00946804848810037 ----> Saving Model.......
2023-09-03 14:29:24,384 - root - INFO - Validation acc:  88.59166666666667
2023-09-03 14:29:24,384 - root - INFO - Best Test acc from 85.34 ----> 88.22
2023-09-03 14:29:24,384 - root - INFO - Época 2/10
2023-09-03 14:29:24,384 - root - INFO - loss: 0.010332602211274206 - accuracy: 87.85416666666667 - val_loss: 0.00946804848810037 - val_accuracy: 88.59166666666667
2023-09-03 14:29:24,384 - root - INFO - [Test] ---> accuracy: 88.22 - loss: 0.010189384881034493
2023-09-03 14:29:24,384 - root - INFO - test acc from best model : 88.22
2023-09-03 14:29:24,384 - root - INFO - Epoch 3
-------------------------------
2023-09-03 14:30:57,522 - root - INFO - Época 3/10
2023-09-03 14:30:57,522 - root - INFO - loss: 0.00918632877866427 - accuracy: 89.15 - val_loss: 0.010667428362648935 - val_accuracy: 87.63333333333333
2023-09-03 14:30:57,522 - root - INFO - [Test] ---> accuracy: 87.06 - loss: 0.011253062958270311
2023-09-03 14:30:57,522 - root - INFO - test acc from best model : 88.22
2023-09-03 14:30:57,522 - root - INFO - Epoch 4
-------------------------------
2023-09-03 14:32:32,851 - root - INFO - Época 4/10
2023-09-03 14:32:32,851 - root - INFO - loss: 0.008353598351435116 - accuracy: 90.05833333333334 - val_loss: 0.010173455152971049 - val_accuracy: 88.29166666666667
2023-09-03 14:32:32,851 - root - INFO - [Test] ---> accuracy: 87.83999999999999 - loss: 0.010672748634964228
2023-09-03 14:32:32,851 - root - INFO - test acc from best model : 88.22
2023-09-03 14:32:32,851 - root - INFO - Epoch 5
-------------------------------
2023-09-03 14:34:06,446 - root - INFO - Validation loss decreased from : 0.00946804848810037 ----> 0.00887406509804229 ----> Saving Model.......
2023-09-03 14:34:06,446 - root - INFO - Validation acc:  89.64166666666667
2023-09-03 14:34:06,446 - root - INFO - Best Test acc from 88.22 ----> 89.18
2023-09-03 14:34:06,446 - root - INFO - Época 5/10
2023-09-03 14:34:06,446 - root - INFO - loss: 0.007746466042085861 - accuracy: 90.80208333333333 - val_loss: 0.00887406509804229 - val_accuracy: 89.64166666666667
2023-09-03 14:34:06,446 - root - INFO - [Test] ---> accuracy: 89.18 - loss: 0.009376742828264832
2023-09-03 14:34:06,446 - root - INFO - test acc from best model : 89.18
2023-09-03 14:34:06,446 - root - INFO - Epoch 6
-------------------------------
2023-09-03 14:35:41,139 - root - INFO - Validation loss decreased from : 0.00887406509804229 ----> 0.008837356464161228 ----> Saving Model.......
2023-09-03 14:35:41,139 - root - INFO - Validation acc:  89.9
2023-09-03 14:35:41,139 - root - INFO - Best Test acc from 89.18 ----> 89.39
2023-09-03 14:35:41,139 - root - INFO - Época 6/10
2023-09-03 14:35:41,139 - root - INFO - loss: 0.007233973305672407 - accuracy: 91.26666666666667 - val_loss: 0.008837356464161228 - val_accuracy: 89.9
2023-09-03 14:35:41,139 - root - INFO - [Test] ---> accuracy: 89.39 - loss: 0.009497443021833897
2023-09-03 14:35:41,139 - root - INFO - test acc from best model : 89.39
2023-09-03 14:35:41,139 - root - INFO - Epoch 7
-------------------------------
2023-09-03 14:37:14,733 - root - INFO - Época 7/10
2023-09-03 14:37:14,733 - root - INFO - loss: 0.00674440425929303 - accuracy: 91.90416666666667 - val_loss: 0.008935093787498773 - val_accuracy: 89.68333333333334
2023-09-03 14:37:14,733 - root - INFO - [Test] ---> accuracy: 89.51 - loss: 0.009550478626973927
2023-09-03 14:37:14,733 - root - INFO - test acc from best model : 89.39
2023-09-03 14:37:14,733 - root - INFO - Epoch 8
-------------------------------
2023-09-03 14:38:49,191 - root - INFO - Época 8/10
2023-09-03 14:38:49,191 - root - INFO - loss: 0.006334216281228388 - accuracy: 92.38125 - val_loss: 0.00910154866396139 - val_accuracy: 89.66666666666666
2023-09-03 14:38:49,191 - root - INFO - [Test] ---> accuracy: 89.56 - loss: 0.0094777403883636
2023-09-03 14:38:49,191 - root - INFO - test acc from best model : 89.39
2023-09-03 14:38:49,191 - root - INFO - Epoch 9
-------------------------------
2023-09-03 14:40:23,925 - root - INFO - Validation loss decreased from : 0.008837356464161228 ----> 0.00819951640550668 ----> Saving Model.......
2023-09-03 14:40:23,925 - root - INFO - Validation acc:  90.8
2023-09-03 14:40:23,925 - root - INFO - Best Test acc from 89.39 ----> 90.27
2023-09-03 14:40:23,925 - root - INFO - Época 9/10
2023-09-03 14:40:23,925 - root - INFO - loss: 0.0059694649087420355 - accuracy: 92.7625 - val_loss: 0.00819951640550668 - val_accuracy: 90.8
2023-09-03 14:40:23,925 - root - INFO - [Test] ---> accuracy: 90.27 - loss: 0.00891408741120249
2023-09-03 14:40:23,925 - root - INFO - test acc from best model : 90.27
2023-09-03 14:40:23,925 - root - INFO - Epoch 10
-------------------------------
2023-09-03 14:41:58,967 - root - INFO - Época 10/10
2023-09-03 14:41:58,967 - root - INFO - loss: 0.005573626293955991 - accuracy: 93.20416666666667 - val_loss: 0.008582367836808165 - val_accuracy: 90.3
2023-09-03 14:41:58,967 - root - INFO - [Test] ---> accuracy: 89.53999999999999 - loss: 0.009262312087975443
2023-09-03 14:41:58,967 - root - INFO - test acc from best model : 90.27
2023-09-03 14:41:58,967 - root - INFO - Tempo treinamento:  942.40 seconds
2023-09-03 14:41:58,967 - root - INFO - Menor loss: 0.00819951640550668
2023-09-03 14:41:58,967 - root - INFO - Acurácia de teste do melhor modelo: 90.27
2023-09-03 14:41:58,967 - root - INFO - Métricas
2023-09-03 14:41:58,967 - root - INFO - ACC
2023-09-03 14:41:58,967 - root - INFO - {'epoch': [1, 2, 3, 4, 5, 6, 7, 8, 9, 10],
 'test_acc': [85.34,
              88.22,
              87.06,
              87.83999999999999,
              89.18,
              89.39,
              89.51,
              89.56,
              90.27,
              89.53999999999999],
 'train_acc': [82.54583333333333,
               87.85416666666667,
               89.15,
               90.05833333333334,
               90.80208333333333,
               91.26666666666667,
               91.90416666666667,
               92.38125,
               92.7625,
               93.20416666666667],
 'val_acc': [86.46666666666667,
             88.59166666666667,
             87.63333333333333,
             88.29166666666667,
             89.64166666666667,
             89.9,
             89.68333333333334,
             89.66666666666666,
             90.8,
             90.3]}
2023-09-03 14:41:58,967 - root - INFO - LOSS
2023-09-03 14:41:58,967 - root - INFO - {'epoch': [1, 2, 3, 4, 5, 6, 7, 8, 9, 10],
 'test_loss': [0.012034182406961918,
               0.010189384881034493,
               0.011253062958270311,
               0.010672748634964228,
               0.009376742828264832,
               0.009497443021833897,
               0.009550478626973927,
               0.0094777403883636,
               0.00891408741120249,
               0.009262312087975443],
 'train_loss': [0.014870242579684903,
                0.010332602211274206,
                0.00918632877866427,
                0.008353598351435116,
                0.007746466042085861,
                0.007233973305672407,
                0.00674440425929303,
                0.006334216281228388,
                0.0059694649087420355,
                0.005573626293955991],
 'val_loss': [0.01153294173379739,
              0.00946804848810037,
              0.010667428362648935,
              0.010173455152971049,
              0.00887406509804229,
              0.008837356464161228,
              0.008935093787498773,
              0.00910154866396139,
              0.00819951640550668,
              0.008582367836808165]}
2023-09-03 17:58:48,134 - root - INFO - --------------------- Iniciando Novo Treinamento 7 ---------------------
2023-09-03 17:58:48,134 - root - INFO - Parametros
2023-09-03 17:58:48,134 - root - INFO - {'batch_size': 32,
 'dataset': 'FASHIONMNIST',
 'epochs': 10,
 'learning_rate': 0.001,
 'network': 'LENET5',
 'num_workers': 1}
2023-09-03 17:58:48,134 - root - INFO - Construindo dataset para a rede LENET5
2023-09-03 17:58:48,339 - root - INFO - LeNet5(
  (layer1): Sequential(
    (0): Conv2d(1, 6, kernel_size=(5, 5), stride=(1, 1))
    (1): BatchNorm2d(6, eps=1e-05, momentum=0.1, affine=True, track_running_stats=True)
    (2): ReLU()
    (3): MaxPool2d(kernel_size=2, stride=2, padding=0, dilation=1, ceil_mode=False)
  )
  (layer2): Sequential(
    (0): Conv2d(6, 16, kernel_size=(5, 5), stride=(1, 1))
    (1): BatchNorm2d(16, eps=1e-05, momentum=0.1, affine=True, track_running_stats=True)
    (2): ReLU()
    (3): MaxPool2d(kernel_size=2, stride=2, padding=0, dilation=1, ceil_mode=False)
  )
  (fc): Linear(in_features=400, out_features=120, bias=True)
  (relu): ReLU()
  (fc1): Linear(in_features=120, out_features=84, bias=True)
  (relu1): ReLU()
  (fc2): Linear(in_features=84, out_features=10, bias=True)
)
2023-09-03 17:58:48,339 - root - INFO - Iniciando treinamento
2023-09-03 17:58:48,339 - root - INFO - Epoch 1
-------------------------------
2023-09-03 18:00:22,461 - root - INFO - Validation loss decreased from : inf ----> 0.3690541354815165 ----> Saving Model.......
2023-09-03 18:00:22,462 - root - INFO - Validation acc:  86.46666666666667
2023-09-03 18:00:22,462 - root - INFO - Best Test acc from 0 ----> 85.34
2023-09-03 18:00:22,462 - root - INFO - Época 1/10
2023-09-03 18:00:22,462 - root - INFO - loss: 0.4758477625499169 - accuracy: 82.54583333333333 - val_loss: 0.3690541354815165 - val_accuracy: 86.46666666666667
2023-09-03 18:00:22,462 - root - INFO - [Test] ---> accuracy: 85.34 - loss: 0.3845793639659882
2023-09-03 18:00:22,462 - root - INFO - test acc from best model : 85.34
2023-09-03 18:00:22,462 - root - INFO - Epoch 2
-------------------------------
2023-09-03 18:01:57,424 - root - INFO - Validation loss decreased from : 0.3690541354815165 ----> 0.30297755161921186 ----> Saving Model.......
2023-09-03 18:01:57,424 - root - INFO - Validation acc:  88.59166666666667
2023-09-03 18:01:57,424 - root - INFO - Best Test acc from 85.34 ----> 88.22
2023-09-03 18:01:57,424 - root - INFO - Época 2/10
2023-09-03 18:01:57,425 - root - INFO - loss: 0.3306432707607746 - accuracy: 87.85416666666667 - val_loss: 0.30297755161921186 - val_accuracy: 88.59166666666667
2023-09-03 18:01:57,425 - root - INFO - [Test] ---> accuracy: 88.22 - loss: 0.3256124770760536
2023-09-03 18:01:57,425 - root - INFO - test acc from best model : 88.22
2023-09-03 18:01:57,425 - root - INFO - Epoch 3
-------------------------------
2023-09-03 18:03:31,594 - root - INFO - Época 3/10
2023-09-03 18:03:31,594 - root - INFO - loss: 0.29396252091725666 - accuracy: 89.15 - val_loss: 0.3413577076047659 - val_accuracy: 87.63333333333333
2023-09-03 18:03:31,594 - root - INFO - [Test] ---> accuracy: 87.06 - loss: 0.359374223446846
2023-09-03 18:03:31,594 - root - INFO - test acc from best model : 88.22
2023-09-03 18:03:31,594 - root - INFO - Epoch 4
-------------------------------
2023-09-03 18:05:06,181 - root - INFO - Época 4/10
2023-09-03 18:05:06,181 - root - INFO - loss: 0.2673151472459237 - accuracy: 90.05833333333334 - val_loss: 0.32555056489507356 - val_accuracy: 88.29166666666667
2023-09-03 18:05:06,181 - root - INFO - [Test] ---> accuracy: 87.83999999999999 - loss: 0.3411021989583969
2023-09-03 18:05:06,181 - root - INFO - test acc from best model : 88.22
2023-09-03 18:05:06,181 - root - INFO - Epoch 5
-------------------------------
2023-09-03 18:06:39,952 - root - INFO - Validation loss decreased from : 0.30297755161921186 ----> 0.2839700831373533 ----> Saving Model.......
2023-09-03 18:06:39,952 - root - INFO - Validation acc:  89.64166666666667
2023-09-03 18:06:39,952 - root - INFO - Best Test acc from 88.22 ----> 89.18
2023-09-03 18:06:39,952 - root - INFO - Época 5/10
2023-09-03 18:06:39,952 - root - INFO - loss: 0.24788691334674756 - accuracy: 90.80208333333333 - val_loss: 0.2839700831373533 - val_accuracy: 89.64166666666667
2023-09-03 18:06:39,952 - root - INFO - [Test] ---> accuracy: 89.18 - loss: 0.2997065559744835
2023-09-03 18:06:39,952 - root - INFO - test acc from best model : 89.18
2023-09-03 18:06:39,952 - root - INFO - Epoch 6
-------------------------------
2023-09-03 18:08:14,783 - root - INFO - Validation loss decreased from : 0.2839700831373533 ----> 0.2827954068531593 ----> Saving Model.......
2023-09-03 18:08:14,784 - root - INFO - Validation acc:  89.9
2023-09-03 18:08:14,784 - root - INFO - Best Test acc from 89.18 ----> 89.39
2023-09-03 18:08:14,784 - root - INFO - Época 6/10
2023-09-03 18:08:14,784 - root - INFO - loss: 0.23148714578151702 - accuracy: 91.26666666666667 - val_loss: 0.2827954068531593 - val_accuracy: 89.9
2023-09-03 18:08:14,784 - root - INFO - [Test] ---> accuracy: 89.39 - loss: 0.3032957959651947
2023-09-03 18:08:14,784 - root - INFO - test acc from best model : 89.39
2023-09-03 18:08:14,784 - root - INFO - Epoch 7
-------------------------------
2023-09-03 18:09:48,414 - root - INFO - Época 7/10
2023-09-03 18:09:48,414 - root - INFO - loss: 0.21582093629737695 - accuracy: 91.90416666666667 - val_loss: 0.2859230011999607 - val_accuracy: 89.68333333333334
2023-09-03 18:09:48,414 - root - INFO - [Test] ---> accuracy: 89.51 - loss: 0.30484749398827554
2023-09-03 18:09:48,414 - root - INFO - test acc from best model : 89.39
2023-09-03 18:09:48,414 - root - INFO - Epoch 8
-------------------------------
2023-09-03 18:11:23,390 - root - INFO - Época 8/10
2023-09-03 18:11:23,390 - root - INFO - loss: 0.20269492099930841 - accuracy: 92.38125 - val_loss: 0.2912495572467645 - val_accuracy: 89.66666666666666
2023-09-03 18:11:23,390 - root - INFO - [Test] ---> accuracy: 89.56 - loss: 0.3027427604436874
2023-09-03 18:11:23,390 - root - INFO - test acc from best model : 89.39
2023-09-03 18:11:23,390 - root - INFO - Epoch 9
-------------------------------
2023-09-03 18:12:56,956 - root - INFO - Validation loss decreased from : 0.2827954068531593 ----> 0.2623845249762138 ----> Saving Model.......
2023-09-03 18:12:56,956 - root - INFO - Validation acc:  90.8
2023-09-03 18:12:56,956 - root - INFO - Best Test acc from 89.39 ----> 90.27
2023-09-03 18:12:56,956 - root - INFO - Época 9/10
2023-09-03 18:12:56,956 - root - INFO - loss: 0.19102287707974513 - accuracy: 92.7625 - val_loss: 0.2623845249762138 - val_accuracy: 90.8
2023-09-03 18:12:56,956 - root - INFO - [Test] ---> accuracy: 90.27 - loss: 0.28484133003354073
2023-09-03 18:12:56,956 - root - INFO - test acc from best model : 90.27
2023-09-03 18:12:56,956 - root - INFO - Epoch 10
-------------------------------
2023-09-03 18:14:31,669 - root - INFO - Época 10/10
2023-09-03 18:14:31,669 - root - INFO - loss: 0.17835604140659173 - accuracy: 93.20416666666667 - val_loss: 0.2746357707778613 - val_accuracy: 90.3
2023-09-03 18:14:31,669 - root - INFO - [Test] ---> accuracy: 89.53999999999999 - loss: 0.29607501263022423
2023-09-03 18:14:31,669 - root - INFO - test acc from best model : 90.27
2023-09-03 18:14:31,669 - root - INFO - Tempo treinamento:  943.33 seconds
2023-09-03 18:14:31,669 - root - INFO - Menor loss: 0.2623845249762138
2023-09-03 18:14:31,669 - root - INFO - Acurácia de teste do melhor modelo: 90.27
2023-09-03 18:14:31,669 - root - INFO - Métricas
2023-09-03 18:14:31,669 - root - INFO - ACC
2023-09-03 18:14:31,669 - root - INFO - {'epoch': [1, 2, 3, 4, 5, 6, 7, 8, 9, 10],
 'test_acc': [85.34,
              88.22,
              87.06,
              87.83999999999999,
              89.18,
              89.39,
              89.51,
              89.56,
              90.27,
              89.53999999999999],
 'train_acc': [82.54583333333333,
               87.85416666666667,
               89.15,
               90.05833333333334,
               90.80208333333333,
               91.26666666666667,
               91.90416666666667,
               92.38125,
               92.7625,
               93.20416666666667],
 'val_acc': [86.46666666666667,
             88.59166666666667,
             87.63333333333333,
             88.29166666666667,
             89.64166666666667,
             89.9,
             89.68333333333334,
             89.66666666666666,
             90.8,
             90.3]}
2023-09-03 18:14:31,669 - root - INFO - LOSS
2023-09-03 18:14:31,670 - root - INFO - {'epoch': [1, 2, 3, 4, 5, 6, 7, 8, 9, 10],
 'test_loss': [0.3845793639659882,
               0.3256124770760536,
               0.359374223446846,
               0.3411021989583969,
               0.2997065559744835,
               0.3032957959651947,
               0.30484749398827554,
               0.3027427604436874,
               0.28484133003354073,
               0.29607501263022423],
 'train_loss': [0.4758477625499169,
                0.3306432707607746,
                0.29396252091725666,
                0.2673151472459237,
                0.24788691334674756,
                0.23148714578151702,
                0.21582093629737695,
                0.20269492099930841,
                0.19102287707974513,
                0.17835604140659173],
 'val_loss': [0.3690541354815165,
              0.30297755161921186,
              0.3413577076047659,
              0.32555056489507356,
              0.2839700831373533,
              0.2827954068531593,
              0.2859230011999607,
              0.2912495572467645,
              0.2623845249762138,
              0.2746357707778613]}
2023-09-08 01:58:44,715 - root - INFO - --------------------- Iniciando Teste 7 ---------------------
2023-09-08 01:58:44,715 - root - INFO - Rodando evaluation
2023-09-08 01:58:44,715 - root - INFO - Construindo dataset para a rede LENET5
2023-09-08 03:41:51,318 - root - INFO - --------------------- Iniciando Teste 7 ---------------------
2023-09-08 03:41:51,318 - root - INFO - Rodando evaluation
2023-09-08 03:41:51,322 - root - INFO - Construindo dataset para a rede LENET5
