2023-09-02 11:37:53,022 - root - INFO - --------------------- Iniciando Novo Treinamento 37 ---------------------
2023-09-02 11:37:53,022 - root - INFO - Parametros
2023-09-02 11:37:53,022 - root - INFO - {'batch_size': 32,
 'dataset': 'CIFAR10',
 'epochs': 25,
 'learning_rate': 0.001,
 'network': 'ALEXNET',
 'num_workers': 1}
2023-09-02 11:37:53,022 - root - INFO - Construindo dataset para a rede ALEXNET
2023-09-02 11:37:57,129 - root - INFO - Construindo modelo para a rede ALEXNET
2023-09-02 11:38:00,030 - root - INFO - AlexNet(
  (layer1): Sequential(
    (0): Conv2d(3, 288, kernel_size=(11, 11), stride=(4, 4))
    (1): BatchNorm2d(288, eps=1e-05, momentum=0.1, affine=True, track_running_stats=True)
    (2): ReLU()
    (3): MaxPool2d(kernel_size=3, stride=2, padding=0, dilation=1, ceil_mode=False)
  )
  (layer2): Sequential(
    (0): Conv2d(288, 768, kernel_size=(5, 5), stride=(1, 1), padding=(2, 2))
    (1): BatchNorm2d(768, eps=1e-05, momentum=0.1, affine=True, track_running_stats=True)
    (2): ReLU()
    (3): MaxPool2d(kernel_size=3, stride=2, padding=0, dilation=1, ceil_mode=False)
  )
  (layer3): Sequential(
    (0): Conv2d(768, 1152, kernel_size=(3, 3), stride=(1, 1), padding=(1, 1))
    (1): BatchNorm2d(1152, eps=1e-05, momentum=0.1, affine=True, track_running_stats=True)
    (2): ReLU()
  )
  (layer4): Sequential(
    (0): Conv2d(1152, 1152, kernel_size=(3, 3), stride=(1, 1), padding=(1, 1))
    (1): BatchNorm2d(1152, eps=1e-05, momentum=0.1, affine=True, track_running_stats=True)
    (2): ReLU()
  )
  (layer5): Sequential(
    (0): Conv2d(1152, 768, kernel_size=(3, 3), stride=(1, 1), padding=(1, 1))
    (1): BatchNorm2d(768, eps=1e-05, momentum=0.1, affine=True, track_running_stats=True)
    (2): ReLU()
    (3): MaxPool2d(kernel_size=3, stride=2, padding=0, dilation=1, ceil_mode=False)
  )
  (fc): Sequential(
    (0): Dropout(p=0.5, inplace=False)
    (1): Linear(in_features=27648, out_features=12288, bias=True)
    (2): ReLU()
  )
  (fc1): Sequential(
    (0): Dropout(p=0.5, inplace=False)
    (1): Linear(in_features=12288, out_features=12288, bias=True)
    (2): ReLU()
  )
  (fc2): Sequential(
    (0): Linear(in_features=12288, out_features=10, bias=True)
  )
)
2023-09-02 11:38:00,031 - root - INFO - Iniciando treinamento
2023-09-02 11:38:00,031 - root - INFO - Epoch 1
-------------------------------
2023-09-02 11:47:09,379 - root - INFO - Validation loss decreased from : inf ----> 2.0753208772062113 ----> Saving Model.......
2023-09-02 11:47:09,379 - root - INFO - Validation acc:  18.55
2023-09-02 11:47:15,242 - root - INFO - Época: 1 - Test Acc: 18.62 - Val Acc: 18.55
2023-09-02 11:47:15,723 - root - INFO - Epoch 2
-------------------------------
2023-09-02 11:56:21,597 - root - INFO - Validation loss decreased from : 2.0753208772062113 ----> 2.0339904680800514 ----> Saving Model.......
2023-09-02 11:56:21,603 - root - INFO - Validation acc:  17.98
2023-09-02 11:56:38,810 - root - INFO - Época: 2 - Test Acc: 17.78 - Val Acc: 17.98
2023-09-02 11:56:38,848 - root - INFO - Epoch 3
-------------------------------
2023-09-02 12:05:50,251 - root - INFO - Validation loss decreased from : 2.0339904680800514 ----> 1.9433567184990588 ----> Saving Model.......
2023-09-02 12:05:50,251 - root - INFO - Validation acc:  19.05
2023-09-02 12:06:07,732 - root - INFO - Época: 3 - Test Acc: 19.0 - Val Acc: 19.05
2023-09-02 12:06:07,819 - root - INFO - Epoch 4
-------------------------------
2023-09-02 12:15:16,962 - root - INFO - Época: 4 - Test Acc: 18.029999999999998 - Val Acc: 17.48
2023-09-02 12:15:16,962 - root - INFO - Epoch 5
-------------------------------
2023-09-02 12:24:28,346 - root - INFO - Validation loss decreased from : 1.9433567184990588 ----> 1.9121485362037682 ----> Saving Model.......
2023-09-02 12:24:28,346 - root - INFO - Validation acc:  18.87
2023-09-02 12:24:45,997 - root - INFO - Época: 5 - Test Acc: 18.82 - Val Acc: 18.87
2023-09-02 12:24:46,036 - root - INFO - Epoch 6
-------------------------------
2023-09-02 12:33:56,017 - root - INFO - Época: 6 - Test Acc: 17.77 - Val Acc: 18.32
2023-09-02 12:33:56,017 - root - INFO - Epoch 7
-------------------------------
2023-09-02 12:43:06,359 - root - INFO - Época: 7 - Test Acc: 17.43 - Val Acc: 17.47
2023-09-02 12:43:06,359 - root - INFO - Epoch 8
-------------------------------
2023-09-02 12:52:15,348 - root - INFO - Época: 8 - Test Acc: 21.09 - Val Acc: 20.57
2023-09-02 12:52:15,348 - root - INFO - Epoch 9
-------------------------------
2023-09-02 13:01:25,562 - root - INFO - Época: 9 - Test Acc: 20.66 - Val Acc: 21.62
2023-09-02 13:01:25,563 - root - INFO - Epoch 10
-------------------------------
2023-09-02 13:10:35,967 - root - INFO - Validation loss decreased from : 1.9121485362037682 ----> 1.9077215308960254 ----> Saving Model.......
2023-09-02 13:10:35,968 - root - INFO - Validation acc:  20.79
2023-09-02 13:10:53,425 - root - INFO - Época: 10 - Test Acc: 20.22 - Val Acc: 20.79
2023-09-02 13:10:53,453 - root - INFO - Epoch 11
-------------------------------
2023-09-02 13:20:02,886 - root - INFO - Época: 11 - Test Acc: 18.67 - Val Acc: 18.709999999999997
2023-09-02 13:20:02,886 - root - INFO - Epoch 12
-------------------------------
2023-09-02 13:29:12,314 - root - INFO - Validation loss decreased from : 1.9077215308960254 ----> 1.9035048755213095 ----> Saving Model.......
2023-09-02 13:29:12,314 - root - INFO - Validation acc:  22.25
2023-09-02 13:29:30,223 - root - INFO - Época: 12 - Test Acc: 21.85 - Val Acc: 22.25
2023-09-02 13:29:30,254 - root - INFO - Epoch 13
-------------------------------
2023-09-02 13:38:40,596 - root - INFO - Época: 13 - Test Acc: 19.869999999999997 - Val Acc: 20.349999999999998
2023-09-02 13:38:40,596 - root - INFO - Epoch 14
-------------------------------
2023-09-02 13:47:49,723 - root - INFO - Época: 14 - Test Acc: 20.45 - Val Acc: 21.09
2023-09-02 13:47:49,723 - root - INFO - Epoch 15
-------------------------------
2023-09-02 13:56:58,263 - root - INFO - Validation loss decreased from : 1.9035048755213095 ----> 1.8983926510277647 ----> Saving Model.......
2023-09-02 13:56:58,263 - root - INFO - Validation acc:  21.990000000000002
2023-09-02 13:57:15,437 - root - INFO - Época: 15 - Test Acc: 21.2 - Val Acc: 21.990000000000002
2023-09-02 13:57:15,484 - root - INFO - Epoch 16
-------------------------------
2023-09-02 14:06:23,869 - root - INFO - Validation loss decreased from : 1.8983926510277647 ----> 1.885830509396026 ----> Saving Model.......
2023-09-02 14:06:23,869 - root - INFO - Validation acc:  23.41
2023-09-02 14:06:41,155 - root - INFO - Época: 16 - Test Acc: 22.66 - Val Acc: 23.41
2023-09-02 14:06:41,191 - root - INFO - Epoch 17
-------------------------------
2023-09-02 14:15:48,888 - root - INFO - Época: 17 - Test Acc: 22.05 - Val Acc: 22.939999999999998
2023-09-02 14:15:48,888 - root - INFO - Epoch 18
-------------------------------
2023-09-02 14:24:58,703 - root - INFO - Época: 18 - Test Acc: 21.67 - Val Acc: 21.88
2023-09-02 14:24:58,703 - root - INFO - Epoch 19
-------------------------------
2023-09-02 14:34:09,014 - root - INFO - Validation loss decreased from : 1.885830509396026 ----> 1.84659817310187 ----> Saving Model.......
2023-09-02 14:34:09,014 - root - INFO - Validation acc:  25.19
2023-09-02 14:34:28,103 - root - INFO - Época: 19 - Test Acc: 24.740000000000002 - Val Acc: 25.19
2023-09-02 14:34:28,170 - root - INFO - Epoch 20
-------------------------------
2023-09-02 14:43:38,463 - root - INFO - Validation loss decreased from : 1.84659817310187 ----> 1.8313692575826432 ----> Saving Model.......
2023-09-02 14:43:38,464 - root - INFO - Validation acc:  25.71
2023-09-02 14:43:55,923 - root - INFO - Época: 20 - Test Acc: 25.650000000000002 - Val Acc: 25.71
2023-09-02 14:43:55,972 - root - INFO - Epoch 21
-------------------------------
2023-09-02 14:53:06,977 - root - INFO - Época: 21 - Test Acc: 22.96 - Val Acc: 23.14
2023-09-02 14:53:06,977 - root - INFO - Epoch 22
-------------------------------
2023-09-02 15:02:17,026 - root - INFO - Época: 22 - Test Acc: 24.54 - Val Acc: 25.080000000000002
2023-09-02 15:02:17,026 - root - INFO - Epoch 23
-------------------------------
2023-09-02 15:11:41,033 - root - INFO - Validation loss decreased from : 1.8313692575826432 ----> 1.782971185998033 ----> Saving Model.......
2023-09-02 15:11:41,033 - root - INFO - Validation acc:  25.1
2023-09-02 15:11:59,192 - root - INFO - Época: 23 - Test Acc: 24.84 - Val Acc: 25.1
2023-09-02 15:11:59,499 - root - INFO - Epoch 24
-------------------------------
2023-09-02 15:21:47,669 - root - INFO - Época: 24 - Test Acc: 23.39 - Val Acc: 24.36
2023-09-02 15:21:47,669 - root - INFO - Epoch 25
-------------------------------
2023-09-02 15:31:36,198 - root - INFO - Época: 25 - Test Acc: 23.76 - Val Acc: 24.54
2023-09-02 15:31:36,199 - root - INFO - Tempo treinamento:  14016.17 seconds
2023-09-02 15:31:36,199 - root - INFO - Métricas
2023-09-02 15:31:36,199 - root - INFO - ACC
2023-09-02 15:31:36,199 - root - INFO - {'epoch': [1,
           2,
           3,
           4,
           5,
           6,
           7,
           8,
           9,
           10,
           11,
           12,
           13,
           14,
           15,
           16,
           17,
           18,
           19,
           20,
           21,
           22,
           23,
           24,
           25],
 'test_acc': [18.62,
              17.78,
              19.0,
              18.029999999999998,
              18.82,
              17.77,
              17.43,
              21.09,
              20.66,
              20.22,
              18.67,
              21.85,
              19.869999999999997,
              20.45,
              21.2,
              22.66,
              22.05,
              21.67,
              24.740000000000002,
              25.650000000000002,
              22.96,
              24.54,
              24.84,
              23.39,
              23.76],
 'train_acc': [17.07,
               17.4375,
               17.665,
               17.34,
               18.32,
               18.4375,
               18.63,
               18.89,
               19.4875,
               19.9925,
               20.475,
               20.3425,
               19.8825,
               20.435,
               20.9875,
               22.0775,
               22.445,
               22.2575,
               23.02,
               23.4275,
               23.37,
               23.5975,
               23.9375,
               23.775,
               23.86],
 'val_acc': [18.55,
             17.98,
             19.05,
             17.48,
             18.87,
             18.32,
             17.47,
             20.57,
             21.62,
             20.79,
             18.709999999999997,
             22.25,
             20.349999999999998,
             21.09,
             21.990000000000002,
             23.41,
             22.939999999999998,
             21.88,
             25.19,
             25.71,
             23.14,
             25.080000000000002,
             25.1,
             24.36,
             24.54]}
2023-09-02 15:31:36,199 - root - INFO - LOSS
2023-09-02 15:31:36,199 - root - INFO - {'epoch': [1,
           2,
           3,
           4,
           5,
           6,
           7,
           8,
           9,
           10,
           11,
           12,
           13,
           14,
           15,
           16,
           17,
           18,
           19,
           20,
           21,
           22,
           23,
           24,
           25],
 'test_loss': [2.0817006098957487,
               2.0348166212106285,
               1.9435232325483816,
               2.054973531454897,
               1.917397922601182,
               1.9923737978402036,
               2.0502245502350047,
               1.9902255089519123,
               1.9715674083453778,
               1.9156444423114911,
               1.9977365419887507,
               1.9069240660713123,
               1.974177683885105,
               1.9576491365036643,
               1.9027294198545024,
               1.8960922510860065,
               1.9082162258343194,
               1.9222611668772591,
               1.8515578215114605,
               1.8354678203503545,
               1.885612341161734,
               1.8526017258342462,
               1.788230633964173,
               1.835789500714872,
               1.8428382058494008],
 'train_loss': [2.9272556353569033,
                2.0512788500785826,
                2.043689407157898,
                2.058790460109711,
                2.0281006229400633,
                2.0175791175842286,
                2.0238845556259157,
                2.0091362678527833,
                2.014420714664459,
                1.9669961524009705,
                1.9776085480690002,
                1.9913282594680786,
                2.001939867401123,
                1.9725437476158143,
                1.9675341012954712,
                1.9346004870414735,
                1.9228591940879822,
                1.9209261240959168,
                1.9036805352211,
                1.8826414417266846,
                1.887779561519623,
                1.9003766925811767,
                1.8789618923187257,
                1.8615445292472839,
                1.858484105682373],
 'val_loss': [2.0753208772062113,
              2.0339904680800514,
              1.9433567184990588,
              2.051957975180385,
              1.9121485362037682,
              1.9871770440579983,
              2.046973125241435,
              1.991491306323213,
              1.969440465537123,
              1.9077215308960254,
              2.001279600131245,
              1.9035048755213095,
              1.9710329272114813,
              1.9482342553214904,
              1.8983926510277647,
              1.885830509396026,
              1.89754327912681,
              1.9198346328430664,
              1.84659817310187,
              1.8313692575826432,
              1.883964025174467,
              1.843939557243079,
              1.782971185998033,
              1.8273653911706358,
              1.8308686284592357]}
2023-09-02 15:31:58,366 - root - INFO - Rodando evaluation
2023-09-02 15:31:58,366 - root - INFO - Construindo dataset para a rede ALEXNET
