2023-09-04 01:04:44,993 - root - INFO - --------------------- Iniciando Novo Treinamento 70 ---------------------
2023-09-04 01:04:44,993 - root - INFO - Parametros
2023-09-04 01:04:44,993 - root - INFO - {'batch_size': 32,
 'dataset': 'CIFAR10',
 'epochs': 10,
 'learning_rate': 0.01,
 'network': 'VGG11',
 'num_workers': 1}
2023-09-04 01:04:44,993 - root - INFO - Construindo dataset para a rede VGG11
2023-09-04 01:04:46,906 - root - INFO - VGG11(
  (layer1): Sequential(
    (0): Conv2d(1, 64, kernel_size=(3, 3), stride=(1, 1), padding=(1, 1))
    (1): ReLU()
    (2): MaxPool2d(kernel_size=2, stride=2, padding=0, dilation=1, ceil_mode=False)
  )
  (layer2): Sequential(
    (0): Conv2d(64, 128, kernel_size=(3, 3), stride=(1, 1), padding=(1, 1))
    (1): ReLU()
    (2): MaxPool2d(kernel_size=2, stride=2, padding=0, dilation=1, ceil_mode=False)
  )
  (layer3): Sequential(
    (0): Conv2d(128, 256, kernel_size=(3, 3), stride=(1, 1), padding=(1, 1))
    (1): ReLU()
  )
  (layer4): Sequential(
    (0): Conv2d(256, 256, kernel_size=(3, 3), stride=(1, 1), padding=(1, 1))
    (1): ReLU()
    (2): MaxPool2d(kernel_size=2, stride=2, padding=0, dilation=1, ceil_mode=False)
  )
  (layer5): Sequential(
    (0): Conv2d(256, 512, kernel_size=(3, 3), stride=(1, 1), padding=(1, 1))
    (1): ReLU()
  )
  (layer6): Sequential(
    (0): Conv2d(512, 512, kernel_size=(3, 3), stride=(1, 1), padding=(1, 1))
    (1): ReLU()
    (2): MaxPool2d(kernel_size=2, stride=2, padding=0, dilation=1, ceil_mode=False)
  )
  (layer7): Sequential(
    (0): Conv2d(512, 512, kernel_size=(3, 3), stride=(1, 1), padding=(1, 1))
    (1): ReLU()
  )
  (layer8): Sequential(
    (0): Conv2d(512, 512, kernel_size=(3, 3), stride=(1, 1), padding=(1, 1))
    (1): ReLU()
    (2): MaxPool2d(kernel_size=2, stride=2, padding=0, dilation=1, ceil_mode=False)
  )
  (fc): Sequential(
    (0): Linear(in_features=25088, out_features=4096, bias=True)
    (1): ReLU()
    (2): Dropout(p=0.5, inplace=False)
  )
  (fc1): Sequential(
    (0): Linear(in_features=4096, out_features=4096, bias=True)
    (1): ReLU()
    (2): Dropout(p=0.5, inplace=False)
  )
  (fc2): Sequential(
    (0): Linear(in_features=4096, out_features=10, bias=True)
  )
)
2023-09-04 01:04:46,906 - root - INFO - Iniciando treinamento
2023-09-04 01:04:46,906 - root - INFO - Epoch 1
-------------------------------
2023-09-04 01:08:09,429 - root - INFO - Validation loss decreased from : inf ----> 275270099.0976 ----> Saving Model.......
2023-09-04 01:08:09,429 - root - INFO - Validation acc:  9.75
2023-09-04 01:08:09,429 - root - INFO - Best Test acc from 0 ----> 10.0
2023-09-04 01:08:09,429 - root - INFO - Época 1/10
2023-09-04 01:08:09,429 - root - INFO - loss: nan - accuracy: 9.8825 - val_loss: 275270099.0976 - val_accuracy: 9.75
2023-09-04 01:08:09,429 - root - INFO - [Test] ---> accuracy: 10.0 - loss: 274002774.5792
2023-09-04 01:08:09,429 - root - INFO - test acc from best model : 10.0
2023-09-04 01:08:09,429 - root - INFO - Epoch 2
-------------------------------
2023-09-04 01:11:31,353 - root - INFO - Validation loss decreased from : 275270099.0976 ----> 275270098.9696 ----> Saving Model.......
2023-09-04 01:11:31,353 - root - INFO - Validation acc:  9.75
2023-09-04 01:11:31,353 - root - INFO - Best Test acc from 10.0 ----> 10.0
2023-09-04 01:11:31,353 - root - INFO - Época 2/10
2023-09-04 01:11:31,353 - root - INFO - loss: nan - accuracy: 9.8825 - val_loss: 275270098.9696 - val_accuracy: 9.75
2023-09-04 01:11:31,354 - root - INFO - [Test] ---> accuracy: 10.0 - loss: 274002774.5792
2023-09-04 01:11:31,354 - root - INFO - test acc from best model : 10.0
2023-09-04 01:11:31,354 - root - INFO - Epoch 3
-------------------------------
2023-09-04 01:14:52,724 - root - INFO - Época 3/10
2023-09-04 01:14:52,724 - root - INFO - loss: nan - accuracy: 9.8825 - val_loss: 275270100.5824 - val_accuracy: 9.75
2023-09-04 01:14:52,724 - root - INFO - [Test] ---> accuracy: 10.0 - loss: 274002774.5792
2023-09-04 01:14:52,724 - root - INFO - test acc from best model : 10.0
2023-09-04 01:14:52,724 - root - INFO - Epoch 4
-------------------------------
2023-09-04 01:18:14,162 - root - INFO - Época 4/10
2023-09-04 01:18:14,162 - root - INFO - loss: nan - accuracy: 9.8825 - val_loss: 275270099.2256 - val_accuracy: 9.75
2023-09-04 01:18:14,162 - root - INFO - [Test] ---> accuracy: 10.0 - loss: 274002774.5792
2023-09-04 01:18:14,162 - root - INFO - test acc from best model : 10.0
2023-09-04 01:18:14,162 - root - INFO - Epoch 5
-------------------------------
2023-09-04 01:21:35,235 - root - INFO - Época 5/10
2023-09-04 01:21:35,235 - root - INFO - loss: nan - accuracy: 9.8825 - val_loss: 275270100.48 - val_accuracy: 9.75
2023-09-04 01:21:35,235 - root - INFO - [Test] ---> accuracy: 10.0 - loss: 274002774.5792
2023-09-04 01:21:35,235 - root - INFO - test acc from best model : 10.0
2023-09-04 01:21:35,235 - root - INFO - Epoch 6
-------------------------------
2023-09-04 01:24:56,775 - root - INFO - Validation loss decreased from : 275270098.9696 ----> 275270098.944 ----> Saving Model.......
2023-09-04 01:24:56,775 - root - INFO - Validation acc:  9.75
2023-09-04 01:24:56,775 - root - INFO - Best Test acc from 10.0 ----> 10.0
2023-09-04 01:24:56,775 - root - INFO - Época 6/10
2023-09-04 01:24:56,775 - root - INFO - loss: nan - accuracy: 9.8825 - val_loss: 275270098.944 - val_accuracy: 9.75
2023-09-04 01:24:56,775 - root - INFO - [Test] ---> accuracy: 10.0 - loss: 274002774.5792
2023-09-04 01:24:56,775 - root - INFO - test acc from best model : 10.0
2023-09-04 01:24:56,775 - root - INFO - Epoch 7
-------------------------------
2023-09-04 01:28:17,893 - root - INFO - Validation loss decreased from : 275270098.944 ----> 275270098.6368 ----> Saving Model.......
2023-09-04 01:28:17,893 - root - INFO - Validation acc:  9.75
2023-09-04 01:28:17,893 - root - INFO - Best Test acc from 10.0 ----> 10.0
2023-09-04 01:28:17,893 - root - INFO - Época 7/10
2023-09-04 01:28:17,893 - root - INFO - loss: nan - accuracy: 9.8825 - val_loss: 275270098.6368 - val_accuracy: 9.75
2023-09-04 01:28:17,893 - root - INFO - [Test] ---> accuracy: 10.0 - loss: 274002774.5792
2023-09-04 01:28:17,893 - root - INFO - test acc from best model : 10.0
2023-09-04 01:28:17,893 - root - INFO - Epoch 8
-------------------------------
2023-09-04 01:31:39,364 - root - INFO - Época 8/10
2023-09-04 01:31:39,364 - root - INFO - loss: nan - accuracy: 9.8825 - val_loss: 275270100.736 - val_accuracy: 9.75
2023-09-04 01:31:39,364 - root - INFO - [Test] ---> accuracy: 10.0 - loss: 274002774.5792
2023-09-04 01:31:39,364 - root - INFO - test acc from best model : 10.0
2023-09-04 01:31:39,364 - root - INFO - Epoch 9
-------------------------------
2023-09-04 01:35:00,728 - root - INFO - Validation loss decreased from : 275270098.6368 ----> 275270098.6368 ----> Saving Model.......
2023-09-04 01:35:00,728 - root - INFO - Validation acc:  9.75
2023-09-04 01:35:00,728 - root - INFO - Best Test acc from 10.0 ----> 10.0
2023-09-04 01:35:00,728 - root - INFO - Época 9/10
2023-09-04 01:35:00,728 - root - INFO - loss: nan - accuracy: 9.8825 - val_loss: 275270098.6368 - val_accuracy: 9.75
2023-09-04 01:35:00,728 - root - INFO - [Test] ---> accuracy: 10.0 - loss: 274002774.5792
2023-09-04 01:35:00,728 - root - INFO - test acc from best model : 10.0
2023-09-04 01:35:00,728 - root - INFO - Epoch 10
-------------------------------
2023-09-04 01:38:22,140 - root - INFO - Época 10/10
2023-09-04 01:38:22,140 - root - INFO - loss: nan - accuracy: 9.8825 - val_loss: 275270099.6096 - val_accuracy: 9.75
2023-09-04 01:38:22,140 - root - INFO - [Test] ---> accuracy: 10.0 - loss: 274002774.5792
2023-09-04 01:38:22,140 - root - INFO - test acc from best model : 10.0
2023-09-04 01:38:22,140 - root - INFO - Tempo treinamento:  2015.23 seconds
2023-09-04 01:38:22,140 - root - INFO - Menor loss: 275270098.6368
2023-09-04 01:38:22,140 - root - INFO - Acurácia de teste do melhor modelo: 10.0
2023-09-04 01:38:22,140 - root - INFO - Métricas
2023-09-04 01:38:22,141 - root - INFO - ACC
2023-09-04 01:38:22,141 - root - INFO - {'epoch': [1, 2, 3, 4, 5, 6, 7, 8, 9, 10],
 'test_acc': [10.0, 10.0, 10.0, 10.0, 10.0, 10.0, 10.0, 10.0, 10.0, 10.0],
 'train_acc': [9.8825,
               9.8825,
               9.8825,
               9.8825,
               9.8825,
               9.8825,
               9.8825,
               9.8825,
               9.8825,
               9.8825],
 'val_acc': [9.75, 9.75, 9.75, 9.75, 9.75, 9.75, 9.75, 9.75, 9.75, 9.75]}
2023-09-04 01:38:22,141 - root - INFO - LOSS
2023-09-04 01:38:22,141 - root - INFO - {'epoch': [1, 2, 3, 4, 5, 6, 7, 8, 9, 10],
 'test_loss': [274002774.5792,
               274002774.5792,
               274002774.5792,
               274002774.5792,
               274002774.5792,
               274002774.5792,
               274002774.5792,
               274002774.5792,
               274002774.5792,
               274002774.5792],
 'train_loss': [nan, nan, nan, nan, nan, nan, nan, nan, nan, nan],
 'val_loss': [275270099.0976,
              275270098.9696,
              275270100.5824,
              275270099.2256,
              275270100.48,
              275270098.944,
              275270098.6368,
              275270100.736,
              275270098.6368,
              275270099.6096]}
