2023-09-02 03:37:34,406 - root - INFO - --------------------- Iniciando Novo Treinamento 31 ---------------------
2023-09-02 03:37:34,407 - root - INFO - Parametros
2023-09-02 03:37:34,407 - root - INFO - {'batch_size': 32,
 'dataset': 'CIFAR10',
 'epochs': 10,
 'learning_rate': 0.0001,
 'network': 'ALEXNET',
 'num_workers': 1}
2023-09-02 03:37:34,407 - root - INFO - Construindo dataset para a rede ALEXNET
2023-09-02 03:37:39,338 - root - INFO - Construindo modelo para a rede ALEXNET
2023-09-02 03:37:43,364 - root - INFO - AlexNet(
  (layer1): Sequential(
    (0): Conv2d(3, 288, kernel_size=(11, 11), stride=(4, 4))
    (1): BatchNorm2d(288, eps=1e-05, momentum=0.1, affine=True, track_running_stats=True)
    (2): ReLU()
    (3): MaxPool2d(kernel_size=3, stride=2, padding=0, dilation=1, ceil_mode=False)
  )
  (layer2): Sequential(
    (0): Conv2d(288, 768, kernel_size=(5, 5), stride=(1, 1), padding=(2, 2))
    (1): BatchNorm2d(768, eps=1e-05, momentum=0.1, affine=True, track_running_stats=True)
    (2): ReLU()
    (3): MaxPool2d(kernel_size=3, stride=2, padding=0, dilation=1, ceil_mode=False)
  )
  (layer3): Sequential(
    (0): Conv2d(768, 1152, kernel_size=(3, 3), stride=(1, 1), padding=(1, 1))
    (1): BatchNorm2d(1152, eps=1e-05, momentum=0.1, affine=True, track_running_stats=True)
    (2): ReLU()
  )
  (layer4): Sequential(
    (0): Conv2d(1152, 1152, kernel_size=(3, 3), stride=(1, 1), padding=(1, 1))
    (1): BatchNorm2d(1152, eps=1e-05, momentum=0.1, affine=True, track_running_stats=True)
    (2): ReLU()
  )
  (layer5): Sequential(
    (0): Conv2d(1152, 768, kernel_size=(3, 3), stride=(1, 1), padding=(1, 1))
    (1): BatchNorm2d(768, eps=1e-05, momentum=0.1, affine=True, track_running_stats=True)
    (2): ReLU()
    (3): MaxPool2d(kernel_size=3, stride=2, padding=0, dilation=1, ceil_mode=False)
  )
  (fc): Sequential(
    (0): Dropout(p=0.5, inplace=False)
    (1): Linear(in_features=27648, out_features=12288, bias=True)
    (2): ReLU()
  )
  (fc1): Sequential(
    (0): Dropout(p=0.5, inplace=False)
    (1): Linear(in_features=12288, out_features=12288, bias=True)
    (2): ReLU()
  )
  (fc2): Sequential(
    (0): Linear(in_features=12288, out_features=10, bias=True)
  )
)
2023-09-02 03:37:43,364 - root - INFO - Iniciando treinamento
2023-09-02 03:37:43,364 - root - INFO - Epoch 1
-------------------------------
2023-09-02 03:47:07,507 - root - INFO - Validation loss decreased from : inf ----> 1.2220501953039686 ----> Saving Model.......
2023-09-02 03:47:07,507 - root - INFO - Validation acc:  57.19
2023-09-02 03:47:10,321 - root - INFO - Época: 1 - Test Acc: 57.69 - Val Acc: 57.19
2023-09-02 03:47:10,321 - root - INFO - Epoch 2
-------------------------------
2023-09-02 03:56:33,339 - root - INFO - Validation loss decreased from : 1.2220501953039686 ----> 1.1248071597407039 ----> Saving Model.......
2023-09-02 03:56:33,354 - root - INFO - Validation acc:  59.309999999999995
2023-09-02 03:56:50,742 - root - INFO - Época: 2 - Test Acc: 59.419999999999995 - Val Acc: 59.309999999999995
2023-09-02 03:56:50,770 - root - INFO - Epoch 3
-------------------------------
2023-09-02 04:06:15,416 - root - INFO - Validation loss decreased from : 1.1248071597407039 ----> 0.9115495671289036 ----> Saving Model.......
2023-09-02 04:06:15,416 - root - INFO - Validation acc:  67.58999999999999
2023-09-02 04:06:32,433 - root - INFO - Época: 3 - Test Acc: 67.7 - Val Acc: 67.58999999999999
2023-09-02 04:06:32,467 - root - INFO - Epoch 4
-------------------------------
2023-09-02 04:15:58,147 - root - INFO - Validation loss decreased from : 0.9115495671289036 ----> 0.882691567888656 ----> Saving Model.......
2023-09-02 04:15:58,147 - root - INFO - Validation acc:  68.89999999999999
2023-09-02 04:16:16,067 - root - INFO - Época: 4 - Test Acc: 68.94 - Val Acc: 68.89999999999999
2023-09-02 04:16:16,123 - root - INFO - Epoch 5
-------------------------------
2023-09-02 04:25:41,574 - root - INFO - Validation loss decreased from : 0.882691567888656 ----> 0.8188256349045628 ----> Saving Model.......
2023-09-02 04:25:41,574 - root - INFO - Validation acc:  71.63000000000001
2023-09-02 04:25:58,941 - root - INFO - Época: 5 - Test Acc: 71.38 - Val Acc: 71.63000000000001
2023-09-02 04:25:58,941 - root - INFO - Epoch 6
-------------------------------
2023-09-02 04:35:24,942 - root - INFO - Validation loss decreased from : 0.8188256349045628 ----> 0.724988559088387 ----> Saving Model.......
2023-09-02 04:35:24,942 - root - INFO - Validation acc:  75.16000000000001
2023-09-02 04:35:42,527 - root - INFO - Época: 6 - Test Acc: 75.13 - Val Acc: 75.16000000000001
2023-09-02 04:35:42,592 - root - INFO - Epoch 7
-------------------------------
2023-09-02 04:45:07,388 - root - INFO - Validation loss decreased from : 0.724988559088387 ----> 0.6245835112116207 ----> Saving Model.......
2023-09-02 04:45:07,388 - root - INFO - Validation acc:  79.12
2023-09-02 04:45:24,766 - root - INFO - Época: 7 - Test Acc: 79.25 - Val Acc: 79.12
2023-09-02 04:45:24,766 - root - INFO - Epoch 8
-------------------------------
2023-09-02 04:54:48,920 - root - INFO - Época: 8 - Test Acc: 78.67 - Val Acc: 78.64999999999999
2023-09-02 04:54:48,921 - root - INFO - Epoch 9
-------------------------------
2023-09-02 05:04:16,810 - root - INFO - Validation loss decreased from : 0.6245835112116207 ----> 0.5815322919965933 ----> Saving Model.......
2023-09-02 05:04:16,810 - root - INFO - Validation acc:  80.9
2023-09-02 05:04:33,924 - root - INFO - Época: 9 - Test Acc: 80.78 - Val Acc: 80.9
2023-09-02 05:04:33,924 - root - INFO - Epoch 10
-------------------------------
2023-09-02 05:13:57,112 - root - INFO - Época: 10 - Test Acc: 77.25 - Val Acc: 77.16
2023-09-02 05:13:57,112 - root - INFO - Tempo treinamento:  5773.75 seconds
2023-09-02 05:13:57,112 - root - INFO - Métricas
2023-09-02 05:13:57,112 - root - INFO - ACC
2023-09-02 05:13:57,112 - root - INFO - {'epoch': [1, 2, 3, 4, 5, 6, 7, 8, 9, 10],
 'test_acc': [57.69,
              59.419999999999995,
              67.7,
              68.94,
              71.38,
              75.13,
              79.25,
              78.67,
              80.78,
              77.25],
 'train_acc': [44.4175,
               60.1075,
               66.8875,
               71.745,
               74.59,
               77.025,
               79.255,
               80.965,
               82.2275,
               83.7875],
 'val_acc': [57.19,
             59.309999999999995,
             67.58999999999999,
             68.89999999999999,
             71.63000000000001,
             75.16000000000001,
             79.12,
             78.64999999999999,
             80.9,
             77.16]}
2023-09-02 05:13:57,112 - root - INFO - LOSS
2023-09-02 05:13:57,113 - root - INFO - {'epoch': [1, 2, 3, 4, 5, 6, 7, 8, 9, 10],
 'test_loss': [1.2148393961949089,
               1.1190275142368036,
               0.9178847939061662,
               0.8818316252086871,
               0.8296902156866397,
               0.7184757881652052,
               0.6246111535321409,
               0.6445642358388383,
               0.582186123576408,
               0.6883271721224434],
 'train_loss': [1.5280823939800263,
                1.1114884322166443,
                0.9351802881002426,
                0.8120203025817871,
                0.7279161985635757,
                0.6593487075567246,
                0.5998428475916385,
                0.55076218983531,
                0.5150569909930229,
                0.4649699473321438],
 'val_loss': [1.2220501953039686,
              1.1248071597407039,
              0.9115495671289036,
              0.882691567888656,
              0.8188256349045628,
              0.724988559088387,
              0.6245835112116207,
              0.6415453607948444,
              0.5815322919965933,
              0.6871139331461903]}
2023-09-02 05:14:18,877 - root - INFO - Rodando evaluation
2023-09-02 05:14:18,878 - root - INFO - Construindo dataset para a rede ALEXNET
