2023-09-01 12:28:04,337 - root - INFO - --------------------- Iniciando Experimento 2 ---------------------
2023-09-01 12:28:04,338 - root - INFO - Parametros
2023-09-01 12:28:04,338 - root - INFO - {'batch_size': 16,
 'dataset': 'CIFAR10',
 'epochs': 10,
 'learning_rate': 0.001,
 'network': 'LENET5',
 'num_workers': 1}
2023-09-01 12:28:04,338 - root - INFO - Construindo dataset para a rede LENET5
2023-09-01 12:28:05,734 - root - INFO - Construindo modelo para a rede LENET5
2023-09-01 12:28:05,738 - root - INFO - LeNet5(
  (layer1): Sequential(
    (0): Conv2d(3, 18, kernel_size=(5, 5), stride=(1, 1))
    (1): BatchNorm2d(18, eps=1e-05, momentum=0.1, affine=True, track_running_stats=True)
    (2): ReLU()
    (3): MaxPool2d(kernel_size=2, stride=2, padding=0, dilation=1, ceil_mode=False)
  )
  (layer2): Sequential(
    (0): Conv2d(18, 48, kernel_size=(5, 5), stride=(1, 1))
    (1): BatchNorm2d(48, eps=1e-05, momentum=0.1, affine=True, track_running_stats=True)
    (2): ReLU()
    (3): MaxPool2d(kernel_size=2, stride=2, padding=0, dilation=1, ceil_mode=False)
  )
  (fc): Linear(in_features=1200, out_features=360, bias=True)
  (relu): ReLU()
  (fc1): Linear(in_features=360, out_features=252, bias=True)
  (relu1): ReLU()
  (fc2): Linear(in_features=252, out_features=10, bias=True)
)
2023-09-01 12:28:05,738 - root - INFO - Iniciando treinamento
2023-09-01 12:28:05,738 - root - INFO - Epoch 1
-------------------------------
2023-09-01 12:28:05,738 - root - INFO - Treinando época 0
