2023-09-02 03:10:01,719 - root - INFO - --------------------- Iniciando Novo Treinamento 40 ---------------------
2023-09-02 03:10:01,719 - root - INFO - Parametros
2023-09-02 03:10:01,719 - root - INFO - {'batch_size': 64,
 'dataset': 'FASHIONMNIST',
 'epochs': 25,
 'learning_rate': 0.001,
 'network': 'ALEXNET',
 'num_workers': 1}
2023-09-02 03:10:01,719 - root - INFO - Construindo dataset para a rede ALEXNET
2023-09-02 03:10:02,303 - root - INFO - Construindo modelo para a rede ALEXNET
2023-09-02 03:10:02,599 - root - INFO - AlexNet(
  (layer1): Sequential(
    (0): Conv2d(1, 96, kernel_size=(11, 11), stride=(4, 4))
    (1): BatchNorm2d(96, eps=1e-05, momentum=0.1, affine=True, track_running_stats=True)
    (2): ReLU()
    (3): MaxPool2d(kernel_size=3, stride=2, padding=0, dilation=1, ceil_mode=False)
  )
  (layer2): Sequential(
    (0): Conv2d(96, 256, kernel_size=(5, 5), stride=(1, 1), padding=(2, 2))
    (1): BatchNorm2d(256, eps=1e-05, momentum=0.1, affine=True, track_running_stats=True)
    (2): ReLU()
    (3): MaxPool2d(kernel_size=3, stride=2, padding=0, dilation=1, ceil_mode=False)
  )
  (layer3): Sequential(
    (0): Conv2d(256, 384, kernel_size=(3, 3), stride=(1, 1), padding=(1, 1))
    (1): BatchNorm2d(384, eps=1e-05, momentum=0.1, affine=True, track_running_stats=True)
    (2): ReLU()
  )
  (layer4): Sequential(
    (0): Conv2d(384, 384, kernel_size=(3, 3), stride=(1, 1), padding=(1, 1))
    (1): BatchNorm2d(384, eps=1e-05, momentum=0.1, affine=True, track_running_stats=True)
    (2): ReLU()
  )
  (layer5): Sequential(
    (0): Conv2d(384, 256, kernel_size=(3, 3), stride=(1, 1), padding=(1, 1))
    (1): BatchNorm2d(256, eps=1e-05, momentum=0.1, affine=True, track_running_stats=True)
    (2): ReLU()
    (3): MaxPool2d(kernel_size=3, stride=2, padding=0, dilation=1, ceil_mode=False)
  )
  (fc): Sequential(
    (0): Dropout(p=0.5, inplace=False)
    (1): Linear(in_features=9216, out_features=4096, bias=True)
    (2): ReLU()
  )
  (fc1): Sequential(
    (0): Dropout(p=0.5, inplace=False)
    (1): Linear(in_features=4096, out_features=4096, bias=True)
    (2): ReLU()
  )
  (fc2): Sequential(
    (0): Linear(in_features=4096, out_features=10, bias=True)
  )
)
2023-09-02 03:10:02,599 - root - INFO - Iniciando treinamento
2023-09-02 03:10:02,600 - root - INFO - Epoch 1
-------------------------------
2023-09-02 03:12:07,541 - root - INFO - Validation loss decreased from : inf ----> 0.5329386853474252 ----> Saving Model.......
2023-09-02 03:12:07,839 - root - INFO - Época: 1 - Test Acc: 79.86999999999999 - Val Acc: 80.89166666666667
2023-09-02 03:12:07,839 - root - INFO - Epoch 2
-------------------------------
2023-09-02 03:14:13,743 - root - INFO - Validation loss decreased from : 0.5329386853474252 ----> 0.4926616205496991 ----> Saving Model.......
2023-09-02 03:14:14,204 - root - INFO - Época: 2 - Test Acc: 83.24000000000001 - Val Acc: 84.59166666666667
2023-09-02 03:14:14,205 - root - INFO - Epoch 3
-------------------------------
2023-09-02 03:16:19,235 - root - INFO - Validation loss decreased from : 0.4926616205496991 ----> 0.4326169194376215 ----> Saving Model.......
2023-09-02 03:16:19,698 - root - INFO - Época: 3 - Test Acc: 85.92999999999999 - Val Acc: 86.38333333333334
2023-09-02 03:16:19,698 - root - INFO - Epoch 4
-------------------------------
2023-09-02 03:18:25,972 - root - INFO - Validation loss decreased from : 0.4326169194376215 ----> 0.3903241938257471 ----> Saving Model.......
2023-09-02 03:18:26,986 - root - INFO - Época: 4 - Test Acc: 86.36 - Val Acc: 86.75
2023-09-02 03:18:26,986 - root - INFO - Epoch 5
-------------------------------
2023-09-02 03:20:32,799 - root - INFO - Época: 5 - Test Acc: 83.88 - Val Acc: 84.60833333333333
2023-09-02 03:20:32,799 - root - INFO - Epoch 6
-------------------------------
2023-09-02 03:23:00,830 - root - INFO - Validation loss decreased from : 0.3903241938257471 ----> 0.34814699342910277 ----> Saving Model.......
2023-09-02 03:23:01,410 - root - INFO - Época: 6 - Test Acc: 87.87 - Val Acc: 88.28333333333333
2023-09-02 03:23:01,410 - root - INFO - Epoch 7
-------------------------------
2023-09-02 03:26:05,725 - root - INFO - Validation loss decreased from : 0.34814699342910277 ----> 0.3183356351516348 ----> Saving Model.......
2023-09-02 03:26:06,311 - root - INFO - Época: 7 - Test Acc: 88.98 - Val Acc: 89.44166666666666
2023-09-02 03:26:06,311 - root - INFO - Epoch 8
-------------------------------
2023-09-02 03:29:09,988 - root - INFO - Validation loss decreased from : 0.3183356351516348 ----> 0.30875949601226665 ----> Saving Model.......
2023-09-02 03:29:10,942 - root - INFO - Época: 8 - Test Acc: 89.73 - Val Acc: 89.95
2023-09-02 03:29:10,943 - root - INFO - Epoch 9
-------------------------------
2023-09-02 03:32:15,157 - root - INFO - Validation loss decreased from : 0.30875949601226665 ----> 0.28601799857743243 ----> Saving Model.......
2023-09-02 03:32:15,741 - root - INFO - Época: 9 - Test Acc: 90.0 - Val Acc: 90.125
2023-09-02 03:32:15,741 - root - INFO - Epoch 10
-------------------------------
2023-09-02 03:35:21,605 - root - INFO - Validation loss decreased from : 0.28601799857743243 ----> 0.28561491511286574 ----> Saving Model.......
2023-09-02 03:35:22,190 - root - INFO - Época: 10 - Test Acc: 90.41 - Val Acc: 90.55833333333332
2023-09-02 03:35:22,191 - root - INFO - Epoch 11
-------------------------------
2023-09-02 03:38:26,178 - root - INFO - Validation loss decreased from : 0.28561491511286574 ----> 0.2855038988463422 ----> Saving Model.......
2023-09-02 03:38:26,768 - root - INFO - Época: 11 - Test Acc: 89.64999999999999 - Val Acc: 90.45
2023-09-02 03:38:26,769 - root - INFO - Epoch 12
-------------------------------
2023-09-02 03:41:31,099 - root - INFO - Época: 12 - Test Acc: 90.09 - Val Acc: 90.51666666666667
2023-09-02 03:41:31,099 - root - INFO - Epoch 13
-------------------------------
2023-09-02 03:44:34,927 - root - INFO - Validation loss decreased from : 0.2855038988463422 ----> 0.24820372779318628 ----> Saving Model.......
2023-09-02 03:44:35,515 - root - INFO - Época: 13 - Test Acc: 91.49000000000001 - Val Acc: 91.84166666666667
2023-09-02 03:44:35,515 - root - INFO - Epoch 14
-------------------------------
2023-09-02 03:47:39,551 - root - INFO - Validation loss decreased from : 0.24820372779318628 ----> 0.2322596974987933 ----> Saving Model.......
2023-09-02 03:47:40,605 - root - INFO - Época: 14 - Test Acc: 92.07 - Val Acc: 92.43333333333334
2023-09-02 03:47:40,605 - root - INFO - Epoch 15
-------------------------------
2023-09-02 03:50:44,702 - root - INFO - Época: 15 - Test Acc: 89.11 - Val Acc: 89.40833333333333
2023-09-02 03:50:44,702 - root - INFO - Epoch 16
-------------------------------
2023-09-02 03:53:48,326 - root - INFO - Época: 16 - Test Acc: 89.7 - Val Acc: 89.59166666666667
2023-09-02 03:53:48,326 - root - INFO - Epoch 17
-------------------------------
2023-09-02 03:56:52,514 - root - INFO - Validation loss decreased from : 0.2322596974987933 ----> 0.22910713111149503 ----> Saving Model.......
2023-09-02 03:56:53,150 - root - INFO - Época: 17 - Test Acc: 91.85 - Val Acc: 92.25833333333333
2023-09-02 03:56:53,150 - root - INFO - Epoch 18
-------------------------------
2023-09-02 03:59:58,154 - root - INFO - Validation loss decreased from : 0.22910713111149503 ----> 0.2020299511545516 ----> Saving Model.......
2023-09-02 03:59:58,735 - root - INFO - Época: 18 - Test Acc: 92.44 - Val Acc: 92.66666666666666
2023-09-02 03:59:58,735 - root - INFO - Epoch 19
-------------------------------
2023-09-02 04:03:02,645 - root - INFO - Época: 19 - Test Acc: 91.86 - Val Acc: 92.07499999999999
2023-09-02 04:03:02,645 - root - INFO - Epoch 20
-------------------------------
2023-09-02 04:06:06,486 - root - INFO - Época: 20 - Test Acc: 92.54 - Val Acc: 92.425
2023-09-02 04:06:06,486 - root - INFO - Epoch 21
-------------------------------
2023-09-02 04:09:10,281 - root - INFO - Época: 21 - Test Acc: 92.74 - Val Acc: 92.525
2023-09-02 04:09:10,281 - root - INFO - Epoch 22
-------------------------------
2023-09-02 04:12:13,705 - root - INFO - Época: 22 - Test Acc: 92.04 - Val Acc: 92.24166666666666
2023-09-02 04:12:13,705 - root - INFO - Epoch 23
-------------------------------
2023-09-02 04:15:17,930 - root - INFO - Validation loss decreased from : 0.2020299511545516 ----> 0.19491369055306657 ----> Saving Model.......
2023-09-02 04:15:18,514 - root - INFO - Época: 23 - Test Acc: 92.88 - Val Acc: 93.0
2023-09-02 04:15:18,514 - root - INFO - Epoch 24
-------------------------------
2023-09-02 04:18:22,495 - root - INFO - Época: 24 - Test Acc: 93.14 - Val Acc: 93.39166666666667
2023-09-02 04:18:22,495 - root - INFO - Epoch 25
-------------------------------
2023-09-02 04:21:26,440 - root - INFO - Época: 25 - Test Acc: 93.02 - Val Acc: 93.30000000000001
2023-09-02 04:21:26,440 - root - INFO - Tempo treinamento:  4283.84 seconds
2023-09-02 04:21:26,440 - root - INFO - Métricas
2023-09-02 04:21:26,440 - root - INFO - ACC
2023-09-02 04:21:26,440 - root - INFO - {'epoch': [1,
           2,
           3,
           4,
           5,
           6,
           7,
           8,
           9,
           10,
           11,
           12,
           13,
           14,
           15,
           16,
           17,
           18,
           19,
           20,
           21,
           22,
           23,
           24,
           25],
 'test_acc': [79.86999999999999,
              83.24000000000001,
              85.92999999999999,
              86.36,
              83.88,
              87.87,
              88.98,
              89.73,
              90.0,
              90.41,
              89.64999999999999,
              90.09,
              91.49000000000001,
              92.07,
              89.11,
              89.7,
              91.85,
              92.44,
              91.86,
              92.54,
              92.74,
              92.04,
              92.88,
              93.14,
              93.02],
 'train_acc': [69.34166666666667,
               78.56041666666667,
               82.175,
               84.45208333333333,
               85.8625,
               87.06875,
               88.17708333333333,
               89.07916666666667,
               89.75208333333333,
               90.35833333333333,
               90.925,
               91.36875,
               92.03125,
               92.11041666666667,
               92.52708333333334,
               93.13958333333333,
               93.17708333333333,
               93.51666666666667,
               93.83541666666666,
               94.19583333333334,
               94.27083333333333,
               94.44166666666666,
               94.9125,
               95.17291666666667,
               95.30208333333333],
 'val_acc': [80.89166666666667,
             84.59166666666667,
             86.38333333333334,
             86.75,
             84.60833333333333,
             88.28333333333333,
             89.44166666666666,
             89.95,
             90.125,
             90.55833333333332,
             90.45,
             90.51666666666667,
             91.84166666666667,
             92.43333333333334,
             89.40833333333333,
             89.59166666666667,
             92.25833333333333,
             92.66666666666666,
             92.07499999999999,
             92.425,
             92.525,
             92.24166666666666,
             93.0,
             93.39166666666667,
             93.30000000000001]}
2023-09-02 04:21:26,440 - root - INFO - LOSS
2023-09-02 04:21:26,441 - root - INFO - {'epoch': [1,
           2,
           3,
           4,
           5,
           6,
           7,
           8,
           9,
           10,
           11,
           12,
           13,
           14,
           15,
           16,
           17,
           18,
           19,
           20,
           21,
           22,
           23,
           24,
           25],
 'test_loss': [0.5577774588849135,
               0.5086354036240062,
               0.44418338130993446,
               0.4066945944622064,
               0.4186243825847176,
               0.3584295177155999,
               0.3298966326531331,
               0.3226448118117205,
               0.29704565588076404,
               0.2967334986682151,
               0.29502071240904987,
               0.3051833525584762,
               0.25279285981776606,
               0.24587642358746498,
               0.28571777093182704,
               0.27639146576261825,
               0.23738332595794823,
               0.2154152884984472,
               0.2303416315157702,
               0.23277534852931453,
               0.2163918903868669,
               0.2219977798830172,
               0.20844397399645703,
               0.21524598769796122,
               0.20977814082696938],
 'train_loss': [0.9174179398616155,
                0.5741056005160013,
                0.4881989923119545,
                0.4306572027802467,
                0.389975142121315,
                0.3553276744484901,
                0.33062197285890577,
                0.3109115605702003,
                0.28954177084068455,
                0.2714041669269403,
                0.2561884648601214,
                0.24127379782001177,
                0.225844838231802,
                0.21966026713947456,
                0.2108290190398693,
                0.19276738277822733,
                0.19291832339266937,
                0.18347113787879546,
                0.17117060535152753,
                0.16225470704585312,
                0.15985270343720914,
                0.15716656506930787,
                0.14292038148393232,
                0.1358079898568491,
                0.13280492165933053],
 'val_loss': [0.5329386853474252,
              0.4926616205496991,
              0.4326169194376215,
              0.3903241938257471,
              0.40455234161716824,
              0.34814699342910277,
              0.3183356351516348,
              0.30875949601226665,
              0.28601799857743243,
              0.28561491511286574,
              0.2855038988463422,
              0.29295647350397513,
              0.24820372779318628,
              0.2322596974987933,
              0.2771361987007425,
              0.2724946656046396,
              0.22910713111149503,
              0.2020299511545516,
              0.22397971541640607,
              0.22622923136867107,
              0.20921200137347618,
              0.2141980859351919,
              0.19491369055306657,
              0.19664193026008123,
              0.20128360396607758]}
2023-09-02 04:21:30,379 - root - INFO - Rodando evaluation
2023-09-02 04:21:30,379 - root - INFO - Construindo dataset para a rede ALEXNET
2023-09-08 02:01:04,323 - root - INFO - --------------------- Iniciando Teste 40 ---------------------
2023-09-08 02:01:04,323 - root - INFO - Rodando evaluation
2023-09-08 02:01:04,324 - root - INFO - Construindo dataset para a rede ALEXNET
