2023-09-02 06:09:47,323 - root - INFO - --------------------- Iniciando Novo Treinamento 37 ---------------------
2023-09-02 06:09:47,323 - root - INFO - Parametros
2023-09-02 06:09:47,323 - root - INFO - {'batch_size': 32,
 'dataset': 'CIFAR10',
 'epochs': 25,
 'learning_rate': 0.001,
 'network': 'ALEXNET',
 'num_workers': 1}
2023-09-02 06:09:47,323 - root - INFO - Construindo dataset para a rede ALEXNET
2023-09-02 06:10:43,963 - root - INFO - Construindo modelo para a rede ALEXNET
2023-09-02 06:10:46,867 - root - INFO - AlexNet(
  (layer1): Sequential(
    (0): Conv2d(3, 288, kernel_size=(11, 11), stride=(4, 4))
    (1): BatchNorm2d(288, eps=1e-05, momentum=0.1, affine=True, track_running_stats=True)
    (2): ReLU()
    (3): MaxPool2d(kernel_size=3, stride=2, padding=0, dilation=1, ceil_mode=False)
  )
  (layer2): Sequential(
    (0): Conv2d(288, 768, kernel_size=(5, 5), stride=(1, 1), padding=(2, 2))
    (1): BatchNorm2d(768, eps=1e-05, momentum=0.1, affine=True, track_running_stats=True)
    (2): ReLU()
    (3): MaxPool2d(kernel_size=3, stride=2, padding=0, dilation=1, ceil_mode=False)
  )
  (layer3): Sequential(
    (0): Conv2d(768, 1152, kernel_size=(3, 3), stride=(1, 1), padding=(1, 1))
    (1): BatchNorm2d(1152, eps=1e-05, momentum=0.1, affine=True, track_running_stats=True)
    (2): ReLU()
  )
  (layer4): Sequential(
    (0): Conv2d(1152, 1152, kernel_size=(3, 3), stride=(1, 1), padding=(1, 1))
    (1): BatchNorm2d(1152, eps=1e-05, momentum=0.1, affine=True, track_running_stats=True)
    (2): ReLU()
  )
  (layer5): Sequential(
    (0): Conv2d(1152, 768, kernel_size=(3, 3), stride=(1, 1), padding=(1, 1))
    (1): BatchNorm2d(768, eps=1e-05, momentum=0.1, affine=True, track_running_stats=True)
    (2): ReLU()
    (3): MaxPool2d(kernel_size=3, stride=2, padding=0, dilation=1, ceil_mode=False)
  )
  (fc): Sequential(
    (0): Dropout(p=0.5, inplace=False)
    (1): Linear(in_features=27648, out_features=12288, bias=True)
    (2): ReLU()
  )
  (fc1): Sequential(
    (0): Dropout(p=0.5, inplace=False)
    (1): Linear(in_features=12288, out_features=12288, bias=True)
    (2): ReLU()
  )
  (fc2): Sequential(
    (0): Linear(in_features=12288, out_features=10, bias=True)
  )
)
2023-09-02 06:10:46,867 - root - INFO - Iniciando treinamento
2023-09-02 06:10:46,867 - root - INFO - Epoch 1
-------------------------------
2023-09-02 06:19:10,830 - root - INFO - Validation loss decreased from : inf ----> 1.9983717427847865 ----> Saving Model.......
2023-09-02 06:19:10,830 - root - INFO - Validation acc:  17.94
2023-09-02 06:19:14,389 - root - INFO - Época: 1 - Test Acc: 18.23 - Val Acc: 17.94
2023-09-02 06:19:14,389 - root - INFO - Epoch 2
-------------------------------
2023-09-02 06:27:39,050 - root - INFO - Época: 2 - Test Acc: 19.689999999999998 - Val Acc: 18.91
2023-09-02 06:27:39,050 - root - INFO - Epoch 3
-------------------------------
2023-09-02 06:36:03,007 - root - INFO - Época: 3 - Test Acc: 14.99 - Val Acc: 14.7
2023-09-02 06:36:03,007 - root - INFO - Epoch 4
-------------------------------
2023-09-02 06:44:27,006 - root - INFO - Validation loss decreased from : 1.9983717427847865 ----> 1.9403250373590488 ----> Saving Model.......
2023-09-02 06:44:27,006 - root - INFO - Validation acc:  19.89
2023-09-02 06:44:40,909 - root - INFO - Época: 4 - Test Acc: 20.89 - Val Acc: 19.89
2023-09-02 06:44:40,909 - root - INFO - Epoch 5
-------------------------------
2023-09-02 06:53:05,060 - root - INFO - Validation loss decreased from : 1.9403250373590488 ----> 1.9209957088525302 ----> Saving Model.......
2023-09-02 06:53:05,060 - root - INFO - Validation acc:  24.42
2023-09-02 06:53:15,285 - root - INFO - Época: 5 - Test Acc: 24.69 - Val Acc: 24.42
2023-09-02 06:53:15,285 - root - INFO - Epoch 6
-------------------------------
2023-09-02 07:01:40,119 - root - INFO - Época: 6 - Test Acc: 15.09 - Val Acc: 14.78
2023-09-02 07:01:40,119 - root - INFO - Epoch 7
-------------------------------
2023-09-02 07:10:06,050 - root - INFO - Validation loss decreased from : 1.9209957088525302 ----> 1.8715128571080704 ----> Saving Model.......
2023-09-02 07:10:06,051 - root - INFO - Validation acc:  22.74
2023-09-02 07:10:18,023 - root - INFO - Época: 7 - Test Acc: 22.64 - Val Acc: 22.74
2023-09-02 07:10:18,023 - root - INFO - Epoch 8
-------------------------------
2023-09-02 07:18:41,685 - root - INFO - Época: 8 - Test Acc: 18.86 - Val Acc: 18.5
2023-09-02 07:18:41,685 - root - INFO - Epoch 9
-------------------------------
2023-09-02 07:27:06,797 - root - INFO - Validation loss decreased from : 1.8715128571080704 ----> 1.8479981361486661 ----> Saving Model.......
2023-09-02 07:27:06,797 - root - INFO - Validation acc:  25.7
2023-09-02 07:27:17,966 - root - INFO - Época: 9 - Test Acc: 26.369999999999997 - Val Acc: 25.7
2023-09-02 07:27:17,966 - root - INFO - Epoch 10
-------------------------------
2023-09-02 07:35:42,170 - root - INFO - Época: 10 - Test Acc: 19.56 - Val Acc: 19.56
2023-09-02 07:35:42,170 - root - INFO - Epoch 11
-------------------------------
2023-09-02 07:44:06,799 - root - INFO - Época: 11 - Test Acc: 26.040000000000003 - Val Acc: 25.419999999999998
2023-09-02 07:44:06,799 - root - INFO - Epoch 12
-------------------------------
2023-09-02 07:52:31,417 - root - INFO - Época: 12 - Test Acc: 20.24 - Val Acc: 20.9
2023-09-02 07:52:31,417 - root - INFO - Epoch 13
-------------------------------
2023-09-02 08:00:55,727 - root - INFO - Validation loss decreased from : 1.8479981361486661 ----> 1.8338415199956193 ----> Saving Model.......
2023-09-02 08:00:55,727 - root - INFO - Validation acc:  25.990000000000002
2023-09-02 08:01:06,930 - root - INFO - Época: 13 - Test Acc: 25.6 - Val Acc: 25.990000000000002
2023-09-02 08:01:06,930 - root - INFO - Epoch 14
-------------------------------
2023-09-02 08:09:31,236 - root - INFO - Época: 14 - Test Acc: 22.470000000000002 - Val Acc: 22.1
2023-09-02 08:09:31,236 - root - INFO - Epoch 15
-------------------------------
2023-09-02 08:17:56,067 - root - INFO - Validation loss decreased from : 1.8338415199956193 ----> 1.7794878882721972 ----> Saving Model.......
2023-09-02 08:17:56,068 - root - INFO - Validation acc:  29.060000000000002
2023-09-02 08:18:07,381 - root - INFO - Época: 15 - Test Acc: 28.68 - Val Acc: 29.060000000000002
2023-09-02 08:18:07,381 - root - INFO - Epoch 16
-------------------------------
2023-09-02 08:26:31,408 - root - INFO - Época: 16 - Test Acc: 25.080000000000002 - Val Acc: 25.35
2023-09-02 08:26:31,408 - root - INFO - Epoch 17
-------------------------------
2023-09-02 08:34:55,588 - root - INFO - Época: 17 - Test Acc: 19.98 - Val Acc: 20.26
2023-09-02 08:34:55,589 - root - INFO - Epoch 18
-------------------------------
2023-09-02 08:43:20,617 - root - INFO - Validation loss decreased from : 1.7794878882721972 ----> 1.7708143087240835 ----> Saving Model.......
2023-09-02 08:43:20,617 - root - INFO - Validation acc:  27.88
2023-09-02 08:43:33,462 - root - INFO - Época: 18 - Test Acc: 27.73 - Val Acc: 27.88
2023-09-02 08:43:33,463 - root - INFO - Epoch 19
-------------------------------
2023-09-02 08:51:58,679 - root - INFO - Validation loss decreased from : 1.7708143087240835 ----> 1.7376700826346303 ----> Saving Model.......
2023-09-02 08:51:58,680 - root - INFO - Validation acc:  28.799999999999997
2023-09-02 08:52:12,522 - root - INFO - Época: 19 - Test Acc: 29.189999999999998 - Val Acc: 28.799999999999997
2023-09-02 08:52:12,522 - root - INFO - Epoch 20
-------------------------------
2023-09-02 09:00:37,525 - root - INFO - Época: 20 - Test Acc: 20.02 - Val Acc: 20.66
2023-09-02 09:00:37,525 - root - INFO - Epoch 21
-------------------------------
2023-09-02 09:09:02,582 - root - INFO - Época: 21 - Test Acc: 25.180000000000003 - Val Acc: 25.45
2023-09-02 09:09:02,582 - root - INFO - Epoch 22
-------------------------------
2023-09-02 09:17:27,451 - root - INFO - Época: 22 - Test Acc: 28.26 - Val Acc: 28.18
2023-09-02 09:17:27,451 - root - INFO - Epoch 23
-------------------------------
2023-09-02 09:25:51,404 - root - INFO - Época: 23 - Test Acc: 26.16 - Val Acc: 25.979999999999997
2023-09-02 09:25:51,405 - root - INFO - Epoch 24
-------------------------------
2023-09-02 09:34:16,304 - root - INFO - Época: 24 - Test Acc: 24.01 - Val Acc: 23.44
2023-09-02 09:34:16,304 - root - INFO - Epoch 25
-------------------------------
2023-09-02 09:42:40,855 - root - INFO - Época: 25 - Test Acc: 26.400000000000002 - Val Acc: 27.310000000000002
2023-09-02 09:42:40,855 - root - INFO - Tempo treinamento:  12713.99 seconds
2023-09-02 09:42:40,855 - root - INFO - Métricas
2023-09-02 09:42:40,855 - root - INFO - ACC
2023-09-02 09:42:40,856 - root - INFO - {'epoch': [1,
           2,
           3,
           4,
           5,
           6,
           7,
           8,
           9,
           10,
           11,
           12,
           13,
           14,
           15,
           16,
           17,
           18,
           19,
           20,
           21,
           22,
           23,
           24,
           25],
 'test_acc': [18.23,
              19.689999999999998,
              14.99,
              20.89,
              24.69,
              15.09,
              22.64,
              18.86,
              26.369999999999997,
              19.56,
              26.040000000000003,
              20.24,
              25.6,
              22.470000000000002,
              28.68,
              25.080000000000002,
              19.98,
              27.73,
              29.189999999999998,
              20.02,
              25.180000000000003,
              28.26,
              26.16,
              24.01,
              26.400000000000002],
 'train_acc': [15.18,
               16.6775,
               17.2025,
               17.2025,
               17.875,
               19.135,
               19.57,
               19.6125,
               20.8,
               21.265,
               22.0325,
               22.345,
               22.4875,
               23.1,
               23.9175,
               24.7525,
               22.17,
               24.6325,
               25.76,
               25.93,
               25.545,
               25.415,
               26.3025,
               27.055,
               26.335],
 'val_acc': [17.94,
             18.91,
             14.7,
             19.89,
             24.42,
             14.78,
             22.74,
             18.5,
             25.7,
             19.56,
             25.419999999999998,
             20.9,
             25.990000000000002,
             22.1,
             29.060000000000002,
             25.35,
             20.26,
             27.88,
             28.799999999999997,
             20.66,
             25.45,
             28.18,
             25.979999999999997,
             23.44,
             27.310000000000002]}
2023-09-02 09:42:40,856 - root - INFO - LOSS
2023-09-02 09:42:40,856 - root - INFO - {'epoch': [1,
           2,
           3,
           4,
           5,
           6,
           7,
           8,
           9,
           10,
           11,
           12,
           13,
           14,
           15,
           16,
           17,
           18,
           19,
           20,
           21,
           22,
           23,
           24,
           25],
 'test_loss': [2.0022214910092826,
               2.0121571423527533,
               2.1986978438715585,
               1.9383870188039714,
               1.9226702352682241,
               2.176190313820641,
               1.8721893492598123,
               2.018191211139813,
               1.8458343584316608,
               1.944218054366188,
               1.8607785553216172,
               1.9963099510905842,
               1.8313050631897898,
               1.8759343532708506,
               1.7826092117510663,
               1.793724384551612,
               1.9100663006876986,
               1.7732268213844908,
               1.7417631476831894,
               1.9011478991554187,
               1.8031289985004706,
               1.8341987487226248,
               1.786382300404314,
               1.8343199632419185,
               1.7624591882236469],
 'train_loss': [2.9962241707801818,
                2.067595265483856,
                2.045531034851074,
                2.0430279922485353,
                2.0350678539276124,
                2.0109569353103636,
                2.0313916120529174,
                2.0449803089141847,
                1.9971744585037232,
                1.9832487287521363,
                1.982853081893921,
                1.9777802387237549,
                1.9690927948951722,
                1.9478875791549684,
                1.9289395250320434,
                1.9191157530784606,
                2.0042433634757995,
                1.9000257434844972,
                1.8880729349136351,
                1.8808435193061828,
                1.8979608733177185,
                1.8991374117851256,
                1.8790010747909547,
                1.8511168731689454,
                1.8796225568771363],
 'val_loss': [1.9983717427847865,
              2.010634984832983,
              2.188935838568325,
              1.9403250373590488,
              1.9209957088525302,
              2.176313729331897,
              1.8715128571080704,
              2.0197288373026985,
              1.8479981361486661,
              1.940616990049807,
              1.856671844427578,
              1.982552601506535,
              1.8338415199956193,
              1.8717666342616461,
              1.7794878882721972,
              1.7901534794237668,
              1.905010861329758,
              1.7708143087240835,
              1.7376700826346303,
              1.900021783079202,
              1.80373214570859,
              1.8246724666497958,
              1.786247883741848,
              1.8270762195221533,
              1.756308621491868]}
2023-09-02 09:42:52,033 - root - INFO - Rodando evaluation
2023-09-02 09:42:52,034 - root - INFO - Construindo dataset para a rede ALEXNET
