2023-09-02 05:00:49,816 - root - INFO - --------------------- Iniciando Novo Treinamento 29 ---------------------
2023-09-02 05:00:49,816 - root - INFO - Parametros
2023-09-02 05:00:49,817 - root - INFO - {'batch_size': 32,
 'dataset': 'CIFAR10',
 'epochs': 10,
 'learning_rate': 0.1,
 'network': 'ALEXNET',
 'num_workers': 1}
2023-09-02 05:00:49,817 - root - INFO - Construindo dataset para a rede ALEXNET
2023-09-02 05:00:51,275 - root - INFO - Construindo modelo para a rede ALEXNET
2023-09-02 05:00:53,556 - root - INFO - AlexNet(
  (layer1): Sequential(
    (0): Conv2d(3, 288, kernel_size=(11, 11), stride=(4, 4))
    (1): BatchNorm2d(288, eps=1e-05, momentum=0.1, affine=True, track_running_stats=True)
    (2): ReLU()
    (3): MaxPool2d(kernel_size=3, stride=2, padding=0, dilation=1, ceil_mode=False)
  )
  (layer2): Sequential(
    (0): Conv2d(288, 768, kernel_size=(5, 5), stride=(1, 1), padding=(2, 2))
    (1): BatchNorm2d(768, eps=1e-05, momentum=0.1, affine=True, track_running_stats=True)
    (2): ReLU()
    (3): MaxPool2d(kernel_size=3, stride=2, padding=0, dilation=1, ceil_mode=False)
  )
  (layer3): Sequential(
    (0): Conv2d(768, 1152, kernel_size=(3, 3), stride=(1, 1), padding=(1, 1))
    (1): BatchNorm2d(1152, eps=1e-05, momentum=0.1, affine=True, track_running_stats=True)
    (2): ReLU()
  )
  (layer4): Sequential(
    (0): Conv2d(1152, 1152, kernel_size=(3, 3), stride=(1, 1), padding=(1, 1))
    (1): BatchNorm2d(1152, eps=1e-05, momentum=0.1, affine=True, track_running_stats=True)
    (2): ReLU()
  )
  (layer5): Sequential(
    (0): Conv2d(1152, 768, kernel_size=(3, 3), stride=(1, 1), padding=(1, 1))
    (1): BatchNorm2d(768, eps=1e-05, momentum=0.1, affine=True, track_running_stats=True)
    (2): ReLU()
    (3): MaxPool2d(kernel_size=3, stride=2, padding=0, dilation=1, ceil_mode=False)
  )
  (fc): Sequential(
    (0): Dropout(p=0.5, inplace=False)
    (1): Linear(in_features=27648, out_features=12288, bias=True)
    (2): ReLU()
  )
  (fc1): Sequential(
    (0): Dropout(p=0.5, inplace=False)
    (1): Linear(in_features=12288, out_features=12288, bias=True)
    (2): ReLU()
  )
  (fc2): Sequential(
    (0): Linear(in_features=12288, out_features=10, bias=True)
  )
)
2023-09-02 05:00:53,556 - root - INFO - Iniciando treinamento
2023-09-02 05:00:53,556 - root - INFO - Epoch 1
-------------------------------
2023-09-02 05:06:38,215 - root - INFO - Validation loss decreased from : inf ----> 2.3137339921043325 ----> Saving Model.......
2023-09-02 05:06:38,215 - root - INFO - Validation acc:  9.76
2023-09-02 13:24:48,840 - root - INFO - --------------------- Iniciando Novo Treinamento 29 ---------------------
2023-09-02 13:24:48,840 - root - INFO - Parametros
2023-09-02 13:24:48,840 - root - INFO - {'batch_size': 32,
 'dataset': 'CIFAR10',
 'epochs': 10,
 'learning_rate': 0.1,
 'network': 'ALEXNET',
 'num_workers': 1}
2023-09-02 13:24:48,840 - root - INFO - Construindo dataset para a rede ALEXNET
2023-09-02 13:24:50,257 - root - INFO - Construindo modelo para a rede ALEXNET
2023-09-02 13:24:52,476 - root - INFO - AlexNet(
  (layer1): Sequential(
    (0): Conv2d(3, 288, kernel_size=(11, 11), stride=(4, 4))
    (1): BatchNorm2d(288, eps=1e-05, momentum=0.1, affine=True, track_running_stats=True)
    (2): ReLU()
    (3): MaxPool2d(kernel_size=3, stride=2, padding=0, dilation=1, ceil_mode=False)
  )
  (layer2): Sequential(
    (0): Conv2d(288, 768, kernel_size=(5, 5), stride=(1, 1), padding=(2, 2))
    (1): BatchNorm2d(768, eps=1e-05, momentum=0.1, affine=True, track_running_stats=True)
    (2): ReLU()
    (3): MaxPool2d(kernel_size=3, stride=2, padding=0, dilation=1, ceil_mode=False)
  )
  (layer3): Sequential(
    (0): Conv2d(768, 1152, kernel_size=(3, 3), stride=(1, 1), padding=(1, 1))
    (1): BatchNorm2d(1152, eps=1e-05, momentum=0.1, affine=True, track_running_stats=True)
    (2): ReLU()
  )
  (layer4): Sequential(
    (0): Conv2d(1152, 1152, kernel_size=(3, 3), stride=(1, 1), padding=(1, 1))
    (1): BatchNorm2d(1152, eps=1e-05, momentum=0.1, affine=True, track_running_stats=True)
    (2): ReLU()
  )
  (layer5): Sequential(
    (0): Conv2d(1152, 768, kernel_size=(3, 3), stride=(1, 1), padding=(1, 1))
    (1): BatchNorm2d(768, eps=1e-05, momentum=0.1, affine=True, track_running_stats=True)
    (2): ReLU()
    (3): MaxPool2d(kernel_size=3, stride=2, padding=0, dilation=1, ceil_mode=False)
  )
  (fc): Sequential(
    (0): Dropout(p=0.5, inplace=False)
    (1): Linear(in_features=27648, out_features=12288, bias=True)
    (2): ReLU()
  )
  (fc1): Sequential(
    (0): Dropout(p=0.5, inplace=False)
    (1): Linear(in_features=12288, out_features=12288, bias=True)
    (2): ReLU()
  )
  (fc2): Sequential(
    (0): Linear(in_features=12288, out_features=10, bias=True)
  )
)
2023-09-02 13:24:52,477 - root - INFO - Iniciando treinamento
2023-09-02 13:24:52,480 - root - INFO - Epoch 1
-------------------------------
2023-09-02 13:30:36,079 - root - INFO - Validation loss decreased from : inf ----> 4.07225997684101 ----> Saving Model.......
2023-09-02 13:30:36,079 - root - INFO - Validation acc:  9.71
2023-09-02 13:30:36,079 - root - INFO - Época: 1 - Test Acc: 9.9 - Val Acc: 9.71
2023-09-02 13:30:36,080 - root - INFO - Epoch 2
-------------------------------
2023-09-02 13:36:20,639 - root - INFO - Validation loss decreased from : 4.07225997684101 ----> 2.314816265441358 ----> Saving Model.......
2023-09-02 13:36:20,639 - root - INFO - Validation acc:  10.09
2023-09-02 13:36:20,639 - root - INFO - Época: 2 - Test Acc: 10.0 - Val Acc: 10.09
2023-09-02 13:36:20,639 - root - INFO - Epoch 3
-------------------------------
2023-09-02 13:42:04,942 - root - INFO - Validation loss decreased from : 2.314816265441358 ----> 2.3134786069583586 ----> Saving Model.......
2023-09-02 13:42:04,942 - root - INFO - Validation acc:  9.83
2023-09-02 13:42:04,942 - root - INFO - Época: 3 - Test Acc: 10.0 - Val Acc: 9.83
2023-09-02 13:42:04,942 - root - INFO - Epoch 4
-------------------------------
2023-09-02 13:47:49,346 - root - INFO - Época: 4 - Test Acc: 10.0 - Val Acc: 9.950000000000001
2023-09-02 13:47:49,346 - root - INFO - Epoch 5
-------------------------------
2023-09-02 13:53:33,958 - root - INFO - Validation loss decreased from : 2.3134786069583586 ----> 2.311555544027505 ----> Saving Model.......
2023-09-02 13:53:33,958 - root - INFO - Validation acc:  9.91
2023-09-02 13:53:33,958 - root - INFO - Época: 5 - Test Acc: 10.0 - Val Acc: 9.91
2023-09-02 13:53:33,958 - root - INFO - Epoch 6
-------------------------------
2023-09-02 13:59:18,379 - root - INFO - Validation loss decreased from : 2.311555544027505 ----> 2.3113670699512614 ----> Saving Model.......
2023-09-02 13:59:18,380 - root - INFO - Validation acc:  9.91
2023-09-02 13:59:18,380 - root - INFO - Época: 6 - Test Acc: 10.0 - Val Acc: 9.91
2023-09-02 13:59:18,380 - root - INFO - Epoch 7
-------------------------------
2023-09-02 14:05:02,881 - root - INFO - Época: 7 - Test Acc: 10.0 - Val Acc: 10.25
2023-09-02 14:05:02,881 - root - INFO - Epoch 8
-------------------------------
2023-09-02 14:10:47,162 - root - INFO - Validation loss decreased from : 2.3113670699512614 ----> 2.30885572555347 ----> Saving Model.......
2023-09-02 14:10:47,162 - root - INFO - Validation acc:  9.91
2023-09-02 14:10:47,162 - root - INFO - Época: 8 - Test Acc: 10.0 - Val Acc: 9.91
2023-09-02 14:10:47,162 - root - INFO - Epoch 9
-------------------------------
2023-09-02 14:16:31,749 - root - INFO - Época: 9 - Test Acc: 10.0 - Val Acc: 9.64
2023-09-02 14:16:31,749 - root - INFO - Epoch 10
-------------------------------
2023-09-02 14:22:16,302 - root - INFO - Época: 10 - Test Acc: 10.0 - Val Acc: 10.09
2023-09-02 14:22:16,302 - root - INFO - Tempo treinamento:  3443.82 seconds
2023-09-02 14:22:16,302 - root - INFO - Métricas
2023-09-02 14:22:16,302 - root - INFO - ACC
2023-09-02 14:22:16,302 - root - INFO - {'epoch': [1, 2, 3, 4, 5, 6, 7, 8, 9, 10],
 'test_acc': [9.9, 10.0, 10.0, 10.0, 10.0, 10.0, 10.0, 10.0, 10.0, 10.0],
 'train_acc': [10.1225,
               9.9175,
               9.665,
               9.7325,
               10.0975,
               10.015,
               9.83,
               10.125,
               9.9525,
               10.0125],
 'val_acc': [9.71,
             10.09,
             9.83,
             9.950000000000001,
             9.91,
             9.91,
             10.25,
             9.91,
             9.64,
             10.09]}
2023-09-02 14:22:16,302 - root - INFO - LOSS
2023-09-02 14:22:16,302 - root - INFO - {'epoch': [1, 2, 3, 4, 5, 6, 7, 8, 9, 10],
 'test_loss': [3.978009275734996,
               2.316207044040814,
               2.3135203728660607,
               2.322933149794801,
               2.310490059776428,
               2.310081716543569,
               2.3127666456630815,
               2.307725904848629,
               2.3115710854149474,
               2.316283836913185],
 'train_loss': [94741.7089816246,
                8.88939603767395,
                6.752175883293152,
                12.070396711921692,
                4.539791212654114,
                2.6211156341552733,
                2.48182776222229,
                2.6301010568618772,
                2.6385785234451293,
                2.8629138879776],
 'val_loss': [4.07225997684101,
              2.314816265441358,
              2.3134786069583586,
              2.323089131912865,
              2.311555544027505,
              2.3113670699512614,
              2.312768815805356,
              2.30885572555347,
              2.3106477908052194,
              2.315549297454639]}
2023-09-02 14:22:26,312 - root - INFO - Rodando evaluation
2023-09-02 14:22:26,315 - root - INFO - Construindo dataset para a rede ALEXNET
