2023-09-04 16:13:37,661 - root - INFO - --------------------- Iniciando Novo Treinamento 57 ---------------------
2023-09-04 16:13:37,661 - root - INFO - Parametros
2023-09-04 16:13:37,661 - root - INFO - {'batch_size': 32,
 'dataset': 'CIFAR10',
 'epochs': 25,
 'learning_rate': 0.0001,
 'network': 'VGG16',
 'num_workers': 1}
2023-09-04 16:13:37,661 - root - INFO - Construindo dataset para a rede VGG16
2023-09-04 16:13:44,172 - root - INFO - VGG16(
  (layer1): Sequential(
    (0): Conv2d(1, 64, kernel_size=(3, 3), stride=(1, 1), padding=(1, 1))
    (1): BatchNorm2d(64, eps=1e-05, momentum=0.1, affine=True, track_running_stats=True)
    (2): ReLU()
  )
  (layer2): Sequential(
    (0): Conv2d(64, 64, kernel_size=(3, 3), stride=(1, 1), padding=(1, 1))
    (1): BatchNorm2d(64, eps=1e-05, momentum=0.1, affine=True, track_running_stats=True)
    (2): ReLU()
    (3): MaxPool2d(kernel_size=2, stride=2, padding=0, dilation=1, ceil_mode=False)
  )
  (layer3): Sequential(
    (0): Conv2d(64, 128, kernel_size=(3, 3), stride=(1, 1), padding=(1, 1))
    (1): BatchNorm2d(128, eps=1e-05, momentum=0.1, affine=True, track_running_stats=True)
    (2): ReLU()
  )
  (layer4): Sequential(
    (0): Conv2d(128, 128, kernel_size=(3, 3), stride=(1, 1), padding=(1, 1))
    (1): BatchNorm2d(128, eps=1e-05, momentum=0.1, affine=True, track_running_stats=True)
    (2): ReLU()
    (3): MaxPool2d(kernel_size=2, stride=2, padding=0, dilation=1, ceil_mode=False)
  )
  (layer5): Sequential(
    (0): Conv2d(128, 256, kernel_size=(3, 3), stride=(1, 1), padding=(1, 1))
    (1): BatchNorm2d(256, eps=1e-05, momentum=0.1, affine=True, track_running_stats=True)
    (2): ReLU()
  )
  (layer6): Sequential(
    (0): Conv2d(256, 256, kernel_size=(3, 3), stride=(1, 1), padding=(1, 1))
    (1): BatchNorm2d(256, eps=1e-05, momentum=0.1, affine=True, track_running_stats=True)
    (2): ReLU()
  )
  (layer7): Sequential(
    (0): Conv2d(256, 256, kernel_size=(3, 3), stride=(1, 1), padding=(1, 1))
    (1): BatchNorm2d(256, eps=1e-05, momentum=0.1, affine=True, track_running_stats=True)
    (2): ReLU()
    (3): MaxPool2d(kernel_size=2, stride=2, padding=0, dilation=1, ceil_mode=False)
  )
  (layer8): Sequential(
    (0): Conv2d(256, 512, kernel_size=(3, 3), stride=(1, 1), padding=(1, 1))
    (1): BatchNorm2d(512, eps=1e-05, momentum=0.1, affine=True, track_running_stats=True)
    (2): ReLU()
  )
  (layer9): Sequential(
    (0): Conv2d(512, 512, kernel_size=(3, 3), stride=(1, 1), padding=(1, 1))
    (1): BatchNorm2d(512, eps=1e-05, momentum=0.1, affine=True, track_running_stats=True)
    (2): ReLU()
  )
  (layer10): Sequential(
    (0): Conv2d(512, 512, kernel_size=(3, 3), stride=(1, 1), padding=(1, 1))
    (1): BatchNorm2d(512, eps=1e-05, momentum=0.1, affine=True, track_running_stats=True)
    (2): ReLU()
    (3): MaxPool2d(kernel_size=2, stride=2, padding=0, dilation=1, ceil_mode=False)
  )
  (layer11): Sequential(
    (0): Conv2d(512, 512, kernel_size=(3, 3), stride=(1, 1), padding=(1, 1))
    (1): BatchNorm2d(512, eps=1e-05, momentum=0.1, affine=True, track_running_stats=True)
    (2): ReLU()
  )
  (layer12): Sequential(
    (0): Conv2d(512, 512, kernel_size=(3, 3), stride=(1, 1), padding=(1, 1))
    (1): BatchNorm2d(512, eps=1e-05, momentum=0.1, affine=True, track_running_stats=True)
    (2): ReLU()
  )
  (layer13): Sequential(
    (0): Conv2d(512, 512, kernel_size=(3, 3), stride=(1, 1), padding=(1, 1))
    (1): BatchNorm2d(512, eps=1e-05, momentum=0.1, affine=True, track_running_stats=True)
    (2): ReLU()
    (3): MaxPool2d(kernel_size=2, stride=2, padding=0, dilation=1, ceil_mode=False)
  )
  (fc): Sequential(
    (0): Linear(in_features=25088, out_features=4096, bias=True)
    (1): ReLU()
    (2): Dropout(p=0.5, inplace=False)
  )
  (fc1): Sequential(
    (0): Linear(in_features=4096, out_features=4096, bias=True)
    (1): ReLU()
    (2): Dropout(p=0.5, inplace=False)
  )
  (fc2): Sequential(
    (0): Linear(in_features=4096, out_features=10, bias=True)
  )
)
2023-09-04 16:13:44,173 - root - INFO - Iniciando treinamento
2023-09-04 16:13:44,173 - root - INFO - Epoch 1
-------------------------------
2023-09-04 16:22:41,946 - root - INFO - Validation loss decreased from : inf ----> 1.203269055747986 ----> Saving Model.......
2023-09-04 16:22:41,946 - root - INFO - Validation acc:  57.16
2023-09-04 16:22:41,946 - root - INFO - Best Test acc from 0 ----> 56.84
2023-09-04 16:22:41,946 - root - INFO - Época 1/25
2023-09-04 16:22:41,946 - root - INFO - loss: 1.6472557042598723 - accuracy: 39.7925 - val_loss: 1.203269055747986 - val_accuracy: 57.16
2023-09-04 16:22:41,946 - root - INFO - [Test] ---> accuracy: 56.84 - loss: 1.205436247253418
2023-09-04 16:22:41,946 - root - INFO - test acc from best model : 56.84
2023-09-04 16:22:41,947 - root - INFO - Epoch 2
-------------------------------
2023-09-04 16:31:39,112 - root - INFO - Validation loss decreased from : 1.203269055747986 ----> 1.0424858434677124 ----> Saving Model.......
2023-09-04 16:31:39,112 - root - INFO - Validation acc:  63.73
2023-09-04 16:31:39,112 - root - INFO - Best Test acc from 56.84 ----> 63.3
2023-09-04 16:31:39,112 - root - INFO - Época 2/25
2023-09-04 16:31:39,112 - root - INFO - loss: 1.0449927619695663 - accuracy: 63.275 - val_loss: 1.0424858434677124 - val_accuracy: 63.73
2023-09-04 16:31:39,112 - root - INFO - [Test] ---> accuracy: 63.3 - loss: 1.0470672907829284
2023-09-04 16:31:39,113 - root - INFO - test acc from best model : 63.3
2023-09-04 16:31:39,113 - root - INFO - Epoch 3
-------------------------------
2023-09-04 16:40:35,339 - root - INFO - Validation loss decreased from : 1.0424858434677124 ----> 0.7849188450813294 ----> Saving Model.......
2023-09-04 16:40:35,339 - root - INFO - Validation acc:  72.19
2023-09-04 16:40:35,339 - root - INFO - Best Test acc from 63.3 ----> 72.77
2023-09-04 16:40:35,339 - root - INFO - Época 3/25
2023-09-04 16:40:35,339 - root - INFO - loss: 0.8445199527740479 - accuracy: 70.6525 - val_loss: 0.7849188450813294 - val_accuracy: 72.19
2023-09-04 16:40:35,339 - root - INFO - [Test] ---> accuracy: 72.77 - loss: 0.7716489480972291
2023-09-04 16:40:35,339 - root - INFO - test acc from best model : 72.77
2023-09-04 16:40:35,339 - root - INFO - Epoch 4
-------------------------------
2023-09-04 16:49:32,524 - root - INFO - Validation loss decreased from : 0.7849188450813294 ----> 0.7253841770172119 ----> Saving Model.......
2023-09-04 16:49:32,524 - root - INFO - Validation acc:  74.65
2023-09-04 16:49:32,524 - root - INFO - Best Test acc from 72.77 ----> 74.8
2023-09-04 16:49:32,524 - root - INFO - Época 4/25
2023-09-04 16:49:32,524 - root - INFO - loss: 0.7292152369856835 - accuracy: 74.785 - val_loss: 0.7253841770172119 - val_accuracy: 74.65
2023-09-04 16:49:32,524 - root - INFO - [Test] ---> accuracy: 74.8 - loss: 0.7326834581375122
2023-09-04 16:49:32,524 - root - INFO - test acc from best model : 74.8
2023-09-04 16:49:32,524 - root - INFO - Epoch 5
-------------------------------
2023-09-04 16:58:29,029 - root - INFO - Validation loss decreased from : 0.7253841770172119 ----> 0.659725174331665 ----> Saving Model.......
2023-09-04 16:58:29,029 - root - INFO - Validation acc:  77.31
2023-09-04 16:58:29,029 - root - INFO - Best Test acc from 74.8 ----> 77.36
2023-09-04 16:58:29,029 - root - INFO - Época 5/25
2023-09-04 16:58:29,029 - root - INFO - loss: 0.6382209351301193 - accuracy: 78.015 - val_loss: 0.659725174331665 - val_accuracy: 77.31
2023-09-04 16:58:29,029 - root - INFO - [Test] ---> accuracy: 77.36 - loss: 0.6729374517917633
2023-09-04 16:58:29,029 - root - INFO - test acc from best model : 77.36
2023-09-04 16:58:29,029 - root - INFO - Epoch 6
-------------------------------
2023-09-04 17:07:25,265 - root - INFO - Validation loss decreased from : 0.659725174331665 ----> 0.5893959301471711 ----> Saving Model.......
2023-09-04 17:07:25,265 - root - INFO - Validation acc:  79.74
2023-09-04 17:07:25,265 - root - INFO - Best Test acc from 77.36 ----> 79.85
2023-09-04 17:07:25,265 - root - INFO - Época 6/25
2023-09-04 17:07:25,265 - root - INFO - loss: 0.567052472114563 - accuracy: 80.4725 - val_loss: 0.5893959301471711 - val_accuracy: 79.74
2023-09-04 17:07:25,266 - root - INFO - [Test] ---> accuracy: 79.85 - loss: 0.5935441482067109
2023-09-04 17:07:25,266 - root - INFO - test acc from best model : 79.85
2023-09-04 17:07:25,266 - root - INFO - Epoch 7
-------------------------------
2023-09-04 17:16:21,521 - root - INFO - Época 7/25
2023-09-04 17:16:21,521 - root - INFO - loss: 0.5075961481571197 - accuracy: 82.4175 - val_loss: 0.690220932340622 - val_accuracy: 77.34
2023-09-04 17:16:21,521 - root - INFO - [Test] ---> accuracy: 77.25 - loss: 0.6957600217342377
2023-09-04 17:16:21,521 - root - INFO - test acc from best model : 79.85
2023-09-04 17:16:21,522 - root - INFO - Epoch 8
-------------------------------
2023-09-04 17:25:18,267 - root - INFO - Época 8/25
2023-09-04 17:25:18,268 - root - INFO - loss: 0.45130513966679575 - accuracy: 84.44 - val_loss: 0.6028181359529495 - val_accuracy: 80.49
2023-09-04 17:25:18,268 - root - INFO - [Test] ---> accuracy: 79.65 - loss: 0.6237571205377579
2023-09-04 17:25:18,268 - root - INFO - test acc from best model : 79.85
2023-09-04 17:25:18,268 - root - INFO - Epoch 9
-------------------------------
2023-09-04 17:34:14,667 - root - INFO - Validation loss decreased from : 0.5893959301471711 ----> 0.5513315949916839 ----> Saving Model.......
2023-09-04 17:34:14,667 - root - INFO - Validation acc:  81.62
2023-09-04 17:34:14,667 - root - INFO - Best Test acc from 79.85 ----> 81.5
2023-09-04 17:34:14,667 - root - INFO - Época 9/25
2023-09-04 17:34:14,667 - root - INFO - loss: 0.4021662681996822 - accuracy: 86.17 - val_loss: 0.5513315949916839 - val_accuracy: 81.62
2023-09-04 17:34:14,667 - root - INFO - [Test] ---> accuracy: 81.5 - loss: 0.5490756643772126
2023-09-04 17:34:14,667 - root - INFO - test acc from best model : 81.5
2023-09-04 17:34:14,667 - root - INFO - Epoch 10
-------------------------------
2023-09-04 17:43:12,393 - root - INFO - Validation loss decreased from : 0.5513315949916839 ----> 0.531359473323822 ----> Saving Model.......
2023-09-04 17:43:12,393 - root - INFO - Validation acc:  82.43
2023-09-04 17:43:12,393 - root - INFO - Best Test acc from 81.5 ----> 81.86
2023-09-04 17:43:12,393 - root - INFO - Época 10/25
2023-09-04 17:43:12,393 - root - INFO - loss: 0.355751285007596 - accuracy: 87.51 - val_loss: 0.531359473323822 - val_accuracy: 82.43
2023-09-04 17:43:12,393 - root - INFO - [Test] ---> accuracy: 81.86 - loss: 0.5496727689027786
2023-09-04 17:43:12,393 - root - INFO - test acc from best model : 81.86
2023-09-04 17:43:12,393 - root - INFO - Epoch 11
-------------------------------
2023-09-04 17:52:09,676 - root - INFO - Validation loss decreased from : 0.531359473323822 ----> 0.5227738452434539 ----> Saving Model.......
2023-09-04 17:52:09,677 - root - INFO - Validation acc:  82.93
2023-09-04 17:52:09,677 - root - INFO - Best Test acc from 81.86 ----> 82.63000000000001
2023-09-04 17:52:09,677 - root - INFO - Época 11/25
2023-09-04 17:52:09,677 - root - INFO - loss: 0.31600753107368945 - accuracy: 88.8525 - val_loss: 0.5227738452434539 - val_accuracy: 82.93
2023-09-04 17:52:09,677 - root - INFO - [Test] ---> accuracy: 82.63000000000001 - loss: 0.5381984447956085
2023-09-04 17:52:09,677 - root - INFO - test acc from best model : 82.63000000000001
2023-09-04 17:52:09,677 - root - INFO - Epoch 12
-------------------------------
2023-09-04 18:01:06,720 - root - INFO - Validation loss decreased from : 0.5227738452434539 ----> 0.5007153013706207 ----> Saving Model.......
2023-09-04 18:01:06,720 - root - INFO - Validation acc:  84.21
2023-09-04 18:01:06,720 - root - INFO - Best Test acc from 82.63000000000001 ----> 83.78
2023-09-04 18:01:06,720 - root - INFO - Época 12/25
2023-09-04 18:01:06,720 - root - INFO - loss: 0.2855358211457729 - accuracy: 90.15 - val_loss: 0.5007153013706207 - val_accuracy: 84.21
2023-09-04 18:01:06,720 - root - INFO - [Test] ---> accuracy: 83.78 - loss: 0.5159552295446396
2023-09-04 18:01:06,720 - root - INFO - test acc from best model : 83.78
2023-09-04 18:01:06,720 - root - INFO - Epoch 13
-------------------------------
2023-09-04 18:10:03,741 - root - INFO - Época 13/25
2023-09-04 18:10:03,741 - root - INFO - loss: 0.2515452348560095 - accuracy: 91.2025 - val_loss: 0.5630774921655655 - val_accuracy: 82.92
2023-09-04 18:10:03,741 - root - INFO - [Test] ---> accuracy: 82.94 - loss: 0.5737166820526123
2023-09-04 18:10:03,741 - root - INFO - test acc from best model : 83.78
2023-09-04 18:10:03,742 - root - INFO - Epoch 14
-------------------------------
2023-09-04 18:18:59,960 - root - INFO - Época 14/25
2023-09-04 18:18:59,960 - root - INFO - loss: 0.225161570751667 - accuracy: 92.325 - val_loss: 0.5880902687311172 - val_accuracy: 82.69
2023-09-04 18:18:59,960 - root - INFO - [Test] ---> accuracy: 82.36 - loss: 0.5962218548297882
2023-09-04 18:18:59,960 - root - INFO - test acc from best model : 83.78
2023-09-04 18:18:59,960 - root - INFO - Epoch 15
-------------------------------
2023-09-04 18:27:57,579 - root - INFO - Época 15/25
2023-09-04 18:27:57,579 - root - INFO - loss: 0.20452358403801918 - accuracy: 92.7925 - val_loss: 0.6479685487747192 - val_accuracy: 81.78999999999999
2023-09-04 18:27:57,579 - root - INFO - [Test] ---> accuracy: 82.1 - loss: 0.6448037479877472
2023-09-04 18:27:57,579 - root - INFO - test acc from best model : 83.78
2023-09-04 18:27:57,579 - root - INFO - Epoch 16
-------------------------------
2023-09-04 18:36:54,084 - root - INFO - Época 16/25
2023-09-04 18:36:54,085 - root - INFO - loss: 0.18209341014027597 - accuracy: 93.57 - val_loss: 0.6235176809549332 - val_accuracy: 82.98
2023-09-04 18:36:54,085 - root - INFO - [Test] ---> accuracy: 82.63000000000001 - loss: 0.6450823767662048
2023-09-04 18:36:54,085 - root - INFO - test acc from best model : 83.78
2023-09-04 18:36:54,085 - root - INFO - Epoch 17
-------------------------------
2023-09-04 18:45:49,740 - root - INFO - Época 17/25
2023-09-04 18:45:49,740 - root - INFO - loss: 0.1603833224415779 - accuracy: 94.38 - val_loss: 0.5480684682548046 - val_accuracy: 84.53
2023-09-04 18:45:49,740 - root - INFO - [Test] ---> accuracy: 84.41 - loss: 0.5698607821285725
2023-09-04 18:45:49,740 - root - INFO - test acc from best model : 83.78
2023-09-04 18:45:49,740 - root - INFO - Epoch 18
-------------------------------
2023-09-04 18:54:46,742 - root - INFO - Época 18/25
2023-09-04 18:54:46,742 - root - INFO - loss: 0.15101873714327813 - accuracy: 94.805 - val_loss: 0.7351709824085235 - val_accuracy: 81.32000000000001
2023-09-04 18:54:46,742 - root - INFO - [Test] ---> accuracy: 80.97999999999999 - loss: 0.7684992176651955
2023-09-04 18:54:46,742 - root - INFO - test acc from best model : 83.78
2023-09-04 18:54:46,742 - root - INFO - Epoch 19
-------------------------------
2023-09-04 19:03:43,309 - root - INFO - Época 19/25
2023-09-04 19:03:43,309 - root - INFO - loss: 0.13541181466281413 - accuracy: 95.37 - val_loss: 0.632243593966961 - val_accuracy: 83.47
2023-09-04 19:03:43,309 - root - INFO - [Test] ---> accuracy: 83.43 - loss: 0.6490511832237243
2023-09-04 19:03:43,309 - root - INFO - test acc from best model : 83.78
2023-09-04 19:03:43,309 - root - INFO - Epoch 20
-------------------------------
2023-09-04 19:12:39,794 - root - INFO - Época 20/25
2023-09-04 19:12:39,794 - root - INFO - loss: 0.12782457960247995 - accuracy: 95.6575 - val_loss: 0.6842967062711716 - val_accuracy: 83.48
2023-09-04 19:12:39,794 - root - INFO - [Test] ---> accuracy: 83.73 - loss: 0.7000975550413132
2023-09-04 19:12:39,794 - root - INFO - test acc from best model : 83.78
2023-09-04 19:12:39,794 - root - INFO - Epoch 21
-------------------------------
2023-09-04 19:21:36,161 - root - INFO - Época 21/25
2023-09-04 19:21:36,161 - root - INFO - loss: 0.11371859264373779 - accuracy: 96.0675 - val_loss: 0.65936409740448 - val_accuracy: 84.03
2023-09-04 19:21:36,161 - root - INFO - [Test] ---> accuracy: 83.27 - loss: 0.7105313997268676
2023-09-04 19:21:36,162 - root - INFO - test acc from best model : 83.78
2023-09-04 19:21:36,162 - root - INFO - Epoch 22
-------------------------------
2023-09-04 19:30:32,866 - root - INFO - Época 22/25
2023-09-04 19:30:32,866 - root - INFO - loss: 0.10738130616843701 - accuracy: 96.3075 - val_loss: 0.6388715712189674 - val_accuracy: 84.74000000000001
2023-09-04 19:30:32,866 - root - INFO - [Test] ---> accuracy: 84.28 - loss: 0.6734968777179718
2023-09-04 19:30:32,866 - root - INFO - test acc from best model : 83.78
2023-09-04 19:30:32,866 - root - INFO - Epoch 23
-------------------------------
2023-09-04 19:39:29,201 - root - INFO - Época 23/25
2023-09-04 19:39:29,202 - root - INFO - loss: 0.09811109566688538 - accuracy: 96.6675 - val_loss: 0.7525742468059063 - val_accuracy: 82.61
2023-09-04 19:39:29,202 - root - INFO - [Test] ---> accuracy: 82.27 - loss: 0.7719989853858947
2023-09-04 19:39:29,202 - root - INFO - test acc from best model : 83.78
2023-09-04 19:39:29,202 - root - INFO - Epoch 24
-------------------------------
2023-09-04 19:48:26,259 - root - INFO - Época 24/25
2023-09-04 19:48:26,259 - root - INFO - loss: 0.09044574921429158 - accuracy: 96.8525 - val_loss: 0.6411401426553727 - val_accuracy: 85.38
2023-09-04 19:48:26,259 - root - INFO - [Test] ---> accuracy: 84.46000000000001 - loss: 0.6993688617229462
2023-09-04 19:48:26,259 - root - INFO - test acc from best model : 83.78
2023-09-04 19:48:26,259 - root - INFO - Epoch 25
-------------------------------
2023-09-04 19:57:23,215 - root - INFO - Época 25/25
2023-09-04 19:57:23,215 - root - INFO - loss: 0.08367219218611717 - accuracy: 97.1475 - val_loss: 0.8310856930047273 - val_accuracy: 82.92
2023-09-04 19:57:23,215 - root - INFO - [Test] ---> accuracy: 82.6 - loss: 0.8878995705336332
2023-09-04 19:57:23,215 - root - INFO - test acc from best model : 83.78
2023-09-04 19:57:23,215 - root - INFO - Tempo treinamento:  13419.04 seconds
2023-09-04 19:57:23,215 - root - INFO - Menor loss: 0.5007153013706207
2023-09-04 19:57:23,215 - root - INFO - Acurácia de teste do melhor modelo: 83.78
2023-09-04 19:57:23,215 - root - INFO - Métricas
2023-09-04 19:57:23,215 - root - INFO - ACC
2023-09-04 19:57:23,215 - root - INFO - {'epoch': [1,
           2,
           3,
           4,
           5,
           6,
           7,
           8,
           9,
           10,
           11,
           12,
           13,
           14,
           15,
           16,
           17,
           18,
           19,
           20,
           21,
           22,
           23,
           24,
           25],
 'test_acc': [56.84,
              63.3,
              72.77,
              74.8,
              77.36,
              79.85,
              77.25,
              79.65,
              81.5,
              81.86,
              82.63000000000001,
              83.78,
              82.94,
              82.36,
              82.1,
              82.63000000000001,
              84.41,
              80.97999999999999,
              83.43,
              83.73,
              83.27,
              84.28,
              82.27,
              84.46000000000001,
              82.6],
 'train_acc': [39.7925,
               63.275,
               70.6525,
               74.785,
               78.015,
               80.4725,
               82.4175,
               84.44,
               86.17,
               87.51,
               88.8525,
               90.15,
               91.2025,
               92.325,
               92.7925,
               93.57,
               94.38,
               94.805,
               95.37,
               95.6575,
               96.0675,
               96.3075,
               96.6675,
               96.8525,
               97.1475],
 'val_acc': [57.16,
             63.73,
             72.19,
             74.65,
             77.31,
             79.74,
             77.34,
             80.49,
             81.62,
             82.43,
             82.93,
             84.21,
             82.92,
             82.69,
             81.78999999999999,
             82.98,
             84.53,
             81.32000000000001,
             83.47,
             83.48,
             84.03,
             84.74000000000001,
             82.61,
             85.38,
             82.92]}
2023-09-04 19:57:23,215 - root - INFO - LOSS
2023-09-04 19:57:23,216 - root - INFO - {'epoch': [1,
           2,
           3,
           4,
           5,
           6,
           7,
           8,
           9,
           10,
           11,
           12,
           13,
           14,
           15,
           16,
           17,
           18,
           19,
           20,
           21,
           22,
           23,
           24,
           25],
 'test_loss': [1.205436247253418,
               1.0470672907829284,
               0.7716489480972291,
               0.7326834581375122,
               0.6729374517917633,
               0.5935441482067109,
               0.6957600217342377,
               0.6237571205377579,
               0.5490756643772126,
               0.5496727689027786,
               0.5381984447956085,
               0.5159552295446396,
               0.5737166820526123,
               0.5962218548297882,
               0.6448037479877472,
               0.6450823767662048,
               0.5698607821285725,
               0.7684992176651955,
               0.6490511832237243,
               0.7000975550413132,
               0.7105313997268676,
               0.6734968777179718,
               0.7719989853858947,
               0.6993688617229462,
               0.8878995705336332],
 'train_loss': [1.6472557042598723,
                1.0449927619695663,
                0.8445199527740479,
                0.7292152369856835,
                0.6382209351301193,
                0.567052472114563,
                0.5075961481571197,
                0.45130513966679575,
                0.4021662681996822,
                0.355751285007596,
                0.31600753107368945,
                0.2855358211457729,
                0.2515452348560095,
                0.225161570751667,
                0.20452358403801918,
                0.18209341014027597,
                0.1603833224415779,
                0.15101873714327813,
                0.13541181466281413,
                0.12782457960247995,
                0.11371859264373779,
                0.10738130616843701,
                0.09811109566688538,
                0.09044574921429158,
                0.08367219218611717],
 'val_loss': [1.203269055747986,
              1.0424858434677124,
              0.7849188450813294,
              0.7253841770172119,
              0.659725174331665,
              0.5893959301471711,
              0.690220932340622,
              0.6028181359529495,
              0.5513315949916839,
              0.531359473323822,
              0.5227738452434539,
              0.5007153013706207,
              0.5630774921655655,
              0.5880902687311172,
              0.6479685487747192,
              0.6235176809549332,
              0.5480684682548046,
              0.7351709824085235,
              0.632243593966961,
              0.6842967062711716,
              0.65936409740448,
              0.6388715712189674,
              0.7525742468059063,
              0.6411401426553727,
              0.8310856930047273]}
2023-09-08 02:02:41,959 - root - INFO - --------------------- Iniciando Teste 57 ---------------------
2023-09-08 02:02:41,962 - root - INFO - Rodando evaluation
2023-09-08 02:02:41,962 - root - INFO - Construindo dataset para a rede VGG16
