2023-09-03 23:14:34,413 - root - INFO - --------------------- Iniciando Novo Treinamento 55 ---------------------
2023-09-03 23:14:34,413 - root - INFO - Parametros
2023-09-03 23:14:34,413 - root - INFO - {'batch_size': 32,
 'dataset': 'CIFAR10',
 'epochs': 15,
 'learning_rate': 0.001,
 'network': 'VGG16',
 'num_workers': 1}
2023-09-03 23:14:34,413 - root - INFO - Construindo dataset para a rede VGG16
2023-09-03 23:14:36,339 - root - INFO - VGG16(
  (layer1): Sequential(
    (0): Conv2d(1, 64, kernel_size=(3, 3), stride=(1, 1), padding=(1, 1))
    (1): BatchNorm2d(64, eps=1e-05, momentum=0.1, affine=True, track_running_stats=True)
    (2): ReLU()
  )
  (layer2): Sequential(
    (0): Conv2d(64, 64, kernel_size=(3, 3), stride=(1, 1), padding=(1, 1))
    (1): BatchNorm2d(64, eps=1e-05, momentum=0.1, affine=True, track_running_stats=True)
    (2): ReLU()
    (3): MaxPool2d(kernel_size=2, stride=2, padding=0, dilation=1, ceil_mode=False)
  )
  (layer3): Sequential(
    (0): Conv2d(64, 128, kernel_size=(3, 3), stride=(1, 1), padding=(1, 1))
    (1): BatchNorm2d(128, eps=1e-05, momentum=0.1, affine=True, track_running_stats=True)
    (2): ReLU()
  )
  (layer4): Sequential(
    (0): Conv2d(128, 128, kernel_size=(3, 3), stride=(1, 1), padding=(1, 1))
    (1): BatchNorm2d(128, eps=1e-05, momentum=0.1, affine=True, track_running_stats=True)
    (2): ReLU()
    (3): MaxPool2d(kernel_size=2, stride=2, padding=0, dilation=1, ceil_mode=False)
  )
  (layer5): Sequential(
    (0): Conv2d(128, 256, kernel_size=(3, 3), stride=(1, 1), padding=(1, 1))
    (1): BatchNorm2d(256, eps=1e-05, momentum=0.1, affine=True, track_running_stats=True)
    (2): ReLU()
  )
  (layer6): Sequential(
    (0): Conv2d(256, 256, kernel_size=(3, 3), stride=(1, 1), padding=(1, 1))
    (1): BatchNorm2d(256, eps=1e-05, momentum=0.1, affine=True, track_running_stats=True)
    (2): ReLU()
  )
  (layer7): Sequential(
    (0): Conv2d(256, 256, kernel_size=(3, 3), stride=(1, 1), padding=(1, 1))
    (1): BatchNorm2d(256, eps=1e-05, momentum=0.1, affine=True, track_running_stats=True)
    (2): ReLU()
    (3): MaxPool2d(kernel_size=2, stride=2, padding=0, dilation=1, ceil_mode=False)
  )
  (layer8): Sequential(
    (0): Conv2d(256, 512, kernel_size=(3, 3), stride=(1, 1), padding=(1, 1))
    (1): BatchNorm2d(512, eps=1e-05, momentum=0.1, affine=True, track_running_stats=True)
    (2): ReLU()
  )
  (layer9): Sequential(
    (0): Conv2d(512, 512, kernel_size=(3, 3), stride=(1, 1), padding=(1, 1))
    (1): BatchNorm2d(512, eps=1e-05, momentum=0.1, affine=True, track_running_stats=True)
    (2): ReLU()
  )
  (layer10): Sequential(
    (0): Conv2d(512, 512, kernel_size=(3, 3), stride=(1, 1), padding=(1, 1))
    (1): BatchNorm2d(512, eps=1e-05, momentum=0.1, affine=True, track_running_stats=True)
    (2): ReLU()
    (3): MaxPool2d(kernel_size=2, stride=2, padding=0, dilation=1, ceil_mode=False)
  )
  (layer11): Sequential(
    (0): Conv2d(512, 512, kernel_size=(3, 3), stride=(1, 1), padding=(1, 1))
    (1): BatchNorm2d(512, eps=1e-05, momentum=0.1, affine=True, track_running_stats=True)
    (2): ReLU()
  )
  (layer12): Sequential(
    (0): Conv2d(512, 512, kernel_size=(3, 3), stride=(1, 1), padding=(1, 1))
    (1): BatchNorm2d(512, eps=1e-05, momentum=0.1, affine=True, track_running_stats=True)
    (2): ReLU()
  )
  (layer13): Sequential(
    (0): Conv2d(512, 512, kernel_size=(3, 3), stride=(1, 1), padding=(1, 1))
    (1): BatchNorm2d(512, eps=1e-05, momentum=0.1, affine=True, track_running_stats=True)
    (2): ReLU()
    (3): MaxPool2d(kernel_size=2, stride=2, padding=0, dilation=1, ceil_mode=False)
  )
  (fc): Sequential(
    (0): Linear(in_features=25088, out_features=4096, bias=True)
    (1): ReLU()
    (2): Dropout(p=0.5, inplace=False)
  )
  (fc1): Sequential(
    (0): Linear(in_features=4096, out_features=4096, bias=True)
    (1): ReLU()
    (2): Dropout(p=0.5, inplace=False)
  )
  (fc2): Sequential(
    (0): Linear(in_features=4096, out_features=10, bias=True)
  )
)
2023-09-03 23:14:36,339 - root - INFO - Iniciando treinamento
2023-09-03 23:14:36,339 - root - INFO - Epoch 1
-------------------------------
2023-09-03 23:20:02,705 - root - INFO - Validation loss decreased from : inf ----> 2.3030177360534667 ----> Saving Model.......
2023-09-03 23:20:02,706 - root - INFO - Validation acc:  9.64
2023-09-03 23:20:02,706 - root - INFO - Best Test acc from 0 ----> 10.0
2023-09-03 23:20:02,706 - root - INFO - Época 1/15
2023-09-03 23:20:02,706 - root - INFO - loss: 2.727283036804199 - accuracy: 10.1425 - val_loss: 2.3030177360534667 - val_accuracy: 9.64
2023-09-03 23:20:02,706 - root - INFO - [Test] ---> accuracy: 10.0 - loss: 2.302768111419678
2023-09-03 23:20:02,706 - root - INFO - test acc from best model : 10.0
2023-09-03 23:20:02,706 - root - INFO - Epoch 2
-------------------------------
2023-09-03 23:25:35,228 - root - INFO - Validation loss decreased from : 2.3030177360534667 ----> 2.3029777313232422 ----> Saving Model.......
2023-09-03 23:25:35,228 - root - INFO - Validation acc:  10.09
2023-09-03 23:25:35,228 - root - INFO - Best Test acc from 10.0 ----> 10.0
2023-09-03 23:25:35,228 - root - INFO - Época 2/15
2023-09-03 23:25:35,228 - root - INFO - loss: 2.30802131690979 - accuracy: 10.035 - val_loss: 2.3029777313232422 - val_accuracy: 10.09
2023-09-03 23:25:35,228 - root - INFO - [Test] ---> accuracy: 10.0 - loss: 2.3031590255737306
2023-09-03 23:25:35,228 - root - INFO - test acc from best model : 10.0
2023-09-03 23:25:35,228 - root - INFO - Epoch 3
-------------------------------
2023-09-03 23:31:06,606 - root - INFO - Validation loss decreased from : 2.3029777313232422 ----> 2.3027677951812744 ----> Saving Model.......
2023-09-03 23:31:06,606 - root - INFO - Validation acc:  9.91
2023-09-03 23:31:06,606 - root - INFO - Best Test acc from 10.0 ----> 10.0
2023-09-03 23:31:06,606 - root - INFO - Época 3/15
2023-09-03 23:31:06,606 - root - INFO - loss: 2.3035573974609376 - accuracy: 10.32 - val_loss: 2.3027677951812744 - val_accuracy: 9.91
2023-09-03 23:31:06,606 - root - INFO - [Test] ---> accuracy: 10.0 - loss: 2.3028518299102783
2023-09-03 23:31:06,606 - root - INFO - test acc from best model : 10.0
2023-09-03 23:31:06,606 - root - INFO - Epoch 4
-------------------------------
2023-09-03 23:36:38,868 - root - INFO - Época 4/15
2023-09-03 23:36:38,868 - root - INFO - loss: 2.303077197265625 - accuracy: 10.0275 - val_loss: 2.303011032104492 - val_accuracy: 9.950000000000001
2023-09-03 23:36:38,868 - root - INFO - [Test] ---> accuracy: 10.0 - loss: 2.302809838104248
2023-09-03 23:36:38,868 - root - INFO - test acc from best model : 10.0
2023-09-03 23:36:38,868 - root - INFO - Epoch 5
-------------------------------
2023-09-03 23:42:10,404 - root - INFO - Época 5/15
2023-09-03 23:42:10,404 - root - INFO - loss: 2.30296220703125 - accuracy: 9.9525 - val_loss: 2.3028220417022705 - val_accuracy: 9.64
2023-09-03 23:42:10,405 - root - INFO - [Test] ---> accuracy: 10.0 - loss: 2.3026550819396974
2023-09-03 23:42:10,405 - root - INFO - test acc from best model : 10.0
2023-09-03 23:42:10,405 - root - INFO - Epoch 6
-------------------------------
2023-09-03 23:47:42,574 - root - INFO - Época 6/15
2023-09-03 23:47:42,574 - root - INFO - loss: 2.302812353515625 - accuracy: 9.965 - val_loss: 2.302917342376709 - val_accuracy: 9.64
2023-09-03 23:47:42,574 - root - INFO - [Test] ---> accuracy: 10.0 - loss: 2.3027081020355227
2023-09-03 23:47:42,574 - root - INFO - test acc from best model : 10.0
2023-09-03 23:47:42,574 - root - INFO - Epoch 7
-------------------------------
2023-09-03 23:53:14,533 - root - INFO - Época 7/15
2023-09-03 23:53:14,534 - root - INFO - loss: 2.302854443359375 - accuracy: 9.8525 - val_loss: 2.302993399810791 - val_accuracy: 9.64
2023-09-03 23:53:14,534 - root - INFO - [Test] ---> accuracy: 10.0 - loss: 2.3026872829437255
2023-09-03 23:53:14,534 - root - INFO - test acc from best model : 10.0
2023-09-03 23:53:14,534 - root - INFO - Epoch 8
-------------------------------
2023-09-03 23:58:46,355 - root - INFO - Época 8/15
2023-09-03 23:58:46,355 - root - INFO - loss: 2.302793994140625 - accuracy: 9.615 - val_loss: 2.3029723209381103 - val_accuracy: 9.64
2023-09-03 23:58:46,355 - root - INFO - [Test] ---> accuracy: 10.0 - loss: 2.302676303482056
2023-09-03 23:58:46,355 - root - INFO - test acc from best model : 10.0
2023-09-03 23:58:46,355 - root - INFO - Epoch 9
-------------------------------
2023-09-04 00:04:18,492 - root - INFO - Validation loss decreased from : 2.3027677951812744 ----> 2.3027498474121093 ----> Saving Model.......
2023-09-04 00:04:18,493 - root - INFO - Validation acc:  9.950000000000001
2023-09-04 00:04:18,493 - root - INFO - Best Test acc from 10.0 ----> 10.0
2023-09-04 00:04:18,493 - root - INFO - Época 9/15
2023-09-04 00:04:18,493 - root - INFO - loss: 2.302814697265625 - accuracy: 9.655 - val_loss: 2.3027498474121093 - val_accuracy: 9.950000000000001
2023-09-04 00:04:18,493 - root - INFO - [Test] ---> accuracy: 10.0 - loss: 2.3026158222198485
2023-09-04 00:04:18,493 - root - INFO - test acc from best model : 10.0
2023-09-04 00:04:18,493 - root - INFO - Epoch 10
-------------------------------
2023-09-04 00:09:50,648 - root - INFO - Validation loss decreased from : 2.3027498474121093 ----> 2.3027031391143797 ----> Saving Model.......
2023-09-04 00:09:50,648 - root - INFO - Validation acc:  9.83
2023-09-04 00:09:50,648 - root - INFO - Best Test acc from 10.0 ----> 10.0
2023-09-04 00:09:50,648 - root - INFO - Época 10/15
2023-09-04 00:09:50,648 - root - INFO - loss: 2.302785693359375 - accuracy: 9.7725 - val_loss: 2.3027031391143797 - val_accuracy: 9.83
2023-09-04 00:09:50,648 - root - INFO - [Test] ---> accuracy: 10.0 - loss: 2.3026076484680176
2023-09-04 00:09:50,648 - root - INFO - test acc from best model : 10.0
2023-09-04 00:09:50,648 - root - INFO - Epoch 11
-------------------------------
2023-09-04 00:15:22,409 - root - INFO - Época 11/15
2023-09-04 00:15:22,409 - root - INFO - loss: 2.3027779296875 - accuracy: 9.8575 - val_loss: 2.3028322875976563 - val_accuracy: 9.950000000000001
2023-09-04 00:15:22,409 - root - INFO - [Test] ---> accuracy: 10.0 - loss: 2.3026650123596193
2023-09-04 00:15:22,409 - root - INFO - test acc from best model : 10.0
2023-09-04 00:15:22,409 - root - INFO - Epoch 12
-------------------------------
2023-09-04 00:20:54,333 - root - INFO - Época 12/15
2023-09-04 00:20:54,333 - root - INFO - loss: 2.30278408203125 - accuracy: 9.91 - val_loss: 2.302788371658325 - val_accuracy: 9.64
2023-09-04 00:20:54,333 - root - INFO - [Test] ---> accuracy: 10.0 - loss: 2.3026259128570556
2023-09-04 00:20:54,333 - root - INFO - test acc from best model : 10.0
2023-09-04 00:20:54,333 - root - INFO - Epoch 13
-------------------------------
2023-09-04 00:26:26,492 - root - INFO - Época 13/15
2023-09-04 00:26:26,492 - root - INFO - loss: 2.302763330078125 - accuracy: 9.5475 - val_loss: 2.302993940734863 - val_accuracy: 9.64
2023-09-04 00:26:26,492 - root - INFO - [Test] ---> accuracy: 10.0 - loss: 2.302685580444336
2023-09-04 00:26:26,492 - root - INFO - test acc from best model : 10.0
2023-09-04 00:26:26,492 - root - INFO - Epoch 14
-------------------------------
2023-09-04 00:31:58,993 - root - INFO - Época 14/15
2023-09-04 00:31:58,993 - root - INFO - loss: 2.3027439453125 - accuracy: 9.945 - val_loss: 2.302728894805908 - val_accuracy: 9.91
2023-09-04 00:31:58,993 - root - INFO - [Test] ---> accuracy: 10.0 - loss: 2.3026264751434327
2023-09-04 00:31:58,993 - root - INFO - test acc from best model : 10.0
2023-09-04 00:31:58,993 - root - INFO - Epoch 15
-------------------------------
2023-09-04 00:37:31,036 - root - INFO - Validation loss decreased from : 2.3027031391143797 ----> 2.3026378406524657 ----> Saving Model.......
2023-09-04 00:37:31,036 - root - INFO - Validation acc:  9.91
2023-09-04 00:37:31,036 - root - INFO - Best Test acc from 10.0 ----> 10.0
2023-09-04 00:37:31,036 - root - INFO - Época 15/15
2023-09-04 00:37:31,036 - root - INFO - loss: 2.302771484375 - accuracy: 10.0775 - val_loss: 2.3026378406524657 - val_accuracy: 9.91
2023-09-04 00:37:31,036 - root - INFO - [Test] ---> accuracy: 10.0 - loss: 2.302630871963501
2023-09-04 00:37:31,036 - root - INFO - test acc from best model : 10.0
2023-09-04 00:37:31,036 - root - INFO - Tempo treinamento:  4974.70 seconds
2023-09-04 00:37:31,036 - root - INFO - Menor loss: 2.3026378406524657
2023-09-04 00:37:31,036 - root - INFO - Acurácia de teste do melhor modelo: 10.0
2023-09-04 00:37:31,036 - root - INFO - Métricas
2023-09-04 00:37:31,036 - root - INFO - ACC
2023-09-04 00:37:31,037 - root - INFO - {'epoch': [1, 2, 3, 4, 5, 6, 7, 8, 9, 10, 11, 12, 13, 14, 15],
 'test_acc': [10.0,
              10.0,
              10.0,
              10.0,
              10.0,
              10.0,
              10.0,
              10.0,
              10.0,
              10.0,
              10.0,
              10.0,
              10.0,
              10.0,
              10.0],
 'train_acc': [10.1425,
               10.035,
               10.32,
               10.0275,
               9.9525,
               9.965,
               9.8525,
               9.615,
               9.655,
               9.7725,
               9.8575,
               9.91,
               9.5475,
               9.945,
               10.0775],
 'val_acc': [9.64,
             10.09,
             9.91,
             9.950000000000001,
             9.64,
             9.64,
             9.64,
             9.64,
             9.950000000000001,
             9.83,
             9.950000000000001,
             9.64,
             9.64,
             9.91,
             9.91]}
2023-09-04 00:37:31,037 - root - INFO - LOSS
2023-09-04 00:37:31,037 - root - INFO - {'epoch': [1, 2, 3, 4, 5, 6, 7, 8, 9, 10, 11, 12, 13, 14, 15],
 'test_loss': [2.302768111419678,
               2.3031590255737306,
               2.3028518299102783,
               2.302809838104248,
               2.3026550819396974,
               2.3027081020355227,
               2.3026872829437255,
               2.302676303482056,
               2.3026158222198485,
               2.3026076484680176,
               2.3026650123596193,
               2.3026259128570556,
               2.302685580444336,
               2.3026264751434327,
               2.302630871963501],
 'train_loss': [2.727283036804199,
                2.30802131690979,
                2.3035573974609376,
                2.303077197265625,
                2.30296220703125,
                2.302812353515625,
                2.302854443359375,
                2.302793994140625,
                2.302814697265625,
                2.302785693359375,
                2.3027779296875,
                2.30278408203125,
                2.302763330078125,
                2.3027439453125,
                2.302771484375],
 'val_loss': [2.3030177360534667,
              2.3029777313232422,
              2.3027677951812744,
              2.303011032104492,
              2.3028220417022705,
              2.302917342376709,
              2.302993399810791,
              2.3029723209381103,
              2.3027498474121093,
              2.3027031391143797,
              2.3028322875976563,
              2.302788371658325,
              2.302993940734863,
              2.302728894805908,
              2.3026378406524657]}
2023-09-04 10:57:36,801 - root - INFO - --------------------- Iniciando Novo Treinamento 55 ---------------------
2023-09-04 10:57:36,801 - root - INFO - Parametros
2023-09-04 10:57:36,801 - root - INFO - {'batch_size': 32,
 'dataset': 'CIFAR10',
 'epochs': 15,
 'learning_rate': 0.0001,
 'network': 'VGG16',
 'num_workers': 1}
2023-09-04 10:57:36,801 - root - INFO - Construindo dataset para a rede VGG16
2023-09-04 10:57:43,133 - root - INFO - VGG16(
  (layer1): Sequential(
    (0): Conv2d(1, 64, kernel_size=(3, 3), stride=(1, 1), padding=(1, 1))
    (1): BatchNorm2d(64, eps=1e-05, momentum=0.1, affine=True, track_running_stats=True)
    (2): ReLU()
  )
  (layer2): Sequential(
    (0): Conv2d(64, 64, kernel_size=(3, 3), stride=(1, 1), padding=(1, 1))
    (1): BatchNorm2d(64, eps=1e-05, momentum=0.1, affine=True, track_running_stats=True)
    (2): ReLU()
    (3): MaxPool2d(kernel_size=2, stride=2, padding=0, dilation=1, ceil_mode=False)
  )
  (layer3): Sequential(
    (0): Conv2d(64, 128, kernel_size=(3, 3), stride=(1, 1), padding=(1, 1))
    (1): BatchNorm2d(128, eps=1e-05, momentum=0.1, affine=True, track_running_stats=True)
    (2): ReLU()
  )
  (layer4): Sequential(
    (0): Conv2d(128, 128, kernel_size=(3, 3), stride=(1, 1), padding=(1, 1))
    (1): BatchNorm2d(128, eps=1e-05, momentum=0.1, affine=True, track_running_stats=True)
    (2): ReLU()
    (3): MaxPool2d(kernel_size=2, stride=2, padding=0, dilation=1, ceil_mode=False)
  )
  (layer5): Sequential(
    (0): Conv2d(128, 256, kernel_size=(3, 3), stride=(1, 1), padding=(1, 1))
    (1): BatchNorm2d(256, eps=1e-05, momentum=0.1, affine=True, track_running_stats=True)
    (2): ReLU()
  )
  (layer6): Sequential(
    (0): Conv2d(256, 256, kernel_size=(3, 3), stride=(1, 1), padding=(1, 1))
    (1): BatchNorm2d(256, eps=1e-05, momentum=0.1, affine=True, track_running_stats=True)
    (2): ReLU()
  )
  (layer7): Sequential(
    (0): Conv2d(256, 256, kernel_size=(3, 3), stride=(1, 1), padding=(1, 1))
    (1): BatchNorm2d(256, eps=1e-05, momentum=0.1, affine=True, track_running_stats=True)
    (2): ReLU()
    (3): MaxPool2d(kernel_size=2, stride=2, padding=0, dilation=1, ceil_mode=False)
  )
  (layer8): Sequential(
    (0): Conv2d(256, 512, kernel_size=(3, 3), stride=(1, 1), padding=(1, 1))
    (1): BatchNorm2d(512, eps=1e-05, momentum=0.1, affine=True, track_running_stats=True)
    (2): ReLU()
  )
  (layer9): Sequential(
    (0): Conv2d(512, 512, kernel_size=(3, 3), stride=(1, 1), padding=(1, 1))
    (1): BatchNorm2d(512, eps=1e-05, momentum=0.1, affine=True, track_running_stats=True)
    (2): ReLU()
  )
  (layer10): Sequential(
    (0): Conv2d(512, 512, kernel_size=(3, 3), stride=(1, 1), padding=(1, 1))
    (1): BatchNorm2d(512, eps=1e-05, momentum=0.1, affine=True, track_running_stats=True)
    (2): ReLU()
    (3): MaxPool2d(kernel_size=2, stride=2, padding=0, dilation=1, ceil_mode=False)
  )
  (layer11): Sequential(
    (0): Conv2d(512, 512, kernel_size=(3, 3), stride=(1, 1), padding=(1, 1))
    (1): BatchNorm2d(512, eps=1e-05, momentum=0.1, affine=True, track_running_stats=True)
    (2): ReLU()
  )
  (layer12): Sequential(
    (0): Conv2d(512, 512, kernel_size=(3, 3), stride=(1, 1), padding=(1, 1))
    (1): BatchNorm2d(512, eps=1e-05, momentum=0.1, affine=True, track_running_stats=True)
    (2): ReLU()
  )
  (layer13): Sequential(
    (0): Conv2d(512, 512, kernel_size=(3, 3), stride=(1, 1), padding=(1, 1))
    (1): BatchNorm2d(512, eps=1e-05, momentum=0.1, affine=True, track_running_stats=True)
    (2): ReLU()
    (3): MaxPool2d(kernel_size=2, stride=2, padding=0, dilation=1, ceil_mode=False)
  )
  (fc): Sequential(
    (0): Linear(in_features=25088, out_features=4096, bias=True)
    (1): ReLU()
    (2): Dropout(p=0.5, inplace=False)
  )
  (fc1): Sequential(
    (0): Linear(in_features=4096, out_features=4096, bias=True)
    (1): ReLU()
    (2): Dropout(p=0.5, inplace=False)
  )
  (fc2): Sequential(
    (0): Linear(in_features=4096, out_features=10, bias=True)
  )
)
2023-09-04 10:57:43,134 - root - INFO - Iniciando treinamento
2023-09-04 10:57:43,134 - root - INFO - Epoch 1
-------------------------------
2023-09-04 11:06:44,438 - root - INFO - Validation loss decreased from : inf ----> 1.203269055747986 ----> Saving Model.......
2023-09-04 11:06:44,439 - root - INFO - Validation acc:  57.16
2023-09-04 11:06:44,439 - root - INFO - Best Test acc from 0 ----> 56.84
2023-09-04 11:06:44,439 - root - INFO - Época 1/15
2023-09-04 11:06:44,439 - root - INFO - loss: 1.6472557042598723 - accuracy: 39.7925 - val_loss: 1.203269055747986 - val_accuracy: 57.16
2023-09-04 11:06:44,439 - root - INFO - [Test] ---> accuracy: 56.84 - loss: 1.205436247253418
2023-09-04 11:06:44,439 - root - INFO - test acc from best model : 56.84
2023-09-04 11:06:44,439 - root - INFO - Epoch 2
-------------------------------
2023-09-04 11:15:44,556 - root - INFO - Validation loss decreased from : 1.203269055747986 ----> 1.0424858434677124 ----> Saving Model.......
2023-09-04 11:15:44,557 - root - INFO - Validation acc:  63.73
2023-09-04 11:15:44,557 - root - INFO - Best Test acc from 56.84 ----> 63.3
2023-09-04 11:15:44,557 - root - INFO - Época 2/15
2023-09-04 11:15:44,557 - root - INFO - loss: 1.0449927619695663 - accuracy: 63.275 - val_loss: 1.0424858434677124 - val_accuracy: 63.73
2023-09-04 11:15:44,557 - root - INFO - [Test] ---> accuracy: 63.3 - loss: 1.0470672907829284
2023-09-04 11:15:44,557 - root - INFO - test acc from best model : 63.3
2023-09-04 11:15:44,557 - root - INFO - Epoch 3
-------------------------------
2023-09-04 11:24:42,655 - root - INFO - Validation loss decreased from : 1.0424858434677124 ----> 0.7849188450813294 ----> Saving Model.......
2023-09-04 11:24:42,655 - root - INFO - Validation acc:  72.19
2023-09-04 11:24:42,655 - root - INFO - Best Test acc from 63.3 ----> 72.77
2023-09-04 11:24:42,656 - root - INFO - Época 3/15
2023-09-04 11:24:42,656 - root - INFO - loss: 0.8445199527740479 - accuracy: 70.6525 - val_loss: 0.7849188450813294 - val_accuracy: 72.19
2023-09-04 11:24:42,656 - root - INFO - [Test] ---> accuracy: 72.77 - loss: 0.7716489480972291
2023-09-04 11:24:42,656 - root - INFO - test acc from best model : 72.77
2023-09-04 11:24:42,656 - root - INFO - Epoch 4
-------------------------------
2023-09-04 11:33:41,809 - root - INFO - Validation loss decreased from : 0.7849188450813294 ----> 0.7253841770172119 ----> Saving Model.......
2023-09-04 11:33:41,809 - root - INFO - Validation acc:  74.65
2023-09-04 11:33:41,809 - root - INFO - Best Test acc from 72.77 ----> 74.8
2023-09-04 11:33:41,809 - root - INFO - Época 4/15
2023-09-04 11:33:41,809 - root - INFO - loss: 0.7292152369856835 - accuracy: 74.785 - val_loss: 0.7253841770172119 - val_accuracy: 74.65
2023-09-04 11:33:41,809 - root - INFO - [Test] ---> accuracy: 74.8 - loss: 0.7326834581375122
2023-09-04 11:33:41,809 - root - INFO - test acc from best model : 74.8
2023-09-04 11:33:41,809 - root - INFO - Epoch 5
-------------------------------
2023-09-04 11:42:41,370 - root - INFO - Validation loss decreased from : 0.7253841770172119 ----> 0.659725174331665 ----> Saving Model.......
2023-09-04 11:42:41,370 - root - INFO - Validation acc:  77.31
2023-09-04 11:42:41,370 - root - INFO - Best Test acc from 74.8 ----> 77.36
2023-09-04 11:42:41,370 - root - INFO - Época 5/15
2023-09-04 11:42:41,370 - root - INFO - loss: 0.6382209351301193 - accuracy: 78.015 - val_loss: 0.659725174331665 - val_accuracy: 77.31
2023-09-04 11:42:41,370 - root - INFO - [Test] ---> accuracy: 77.36 - loss: 0.6729374517917633
2023-09-04 11:42:41,370 - root - INFO - test acc from best model : 77.36
2023-09-04 11:42:41,370 - root - INFO - Epoch 6
-------------------------------
2023-09-04 11:51:39,686 - root - INFO - Validation loss decreased from : 0.659725174331665 ----> 0.5893959301471711 ----> Saving Model.......
2023-09-04 11:51:39,686 - root - INFO - Validation acc:  79.74
2023-09-04 11:51:39,686 - root - INFO - Best Test acc from 77.36 ----> 79.85
2023-09-04 11:51:39,686 - root - INFO - Época 6/15
2023-09-04 11:51:39,686 - root - INFO - loss: 0.567052472114563 - accuracy: 80.4725 - val_loss: 0.5893959301471711 - val_accuracy: 79.74
2023-09-04 11:51:39,686 - root - INFO - [Test] ---> accuracy: 79.85 - loss: 0.5935441482067109
2023-09-04 11:51:39,686 - root - INFO - test acc from best model : 79.85
2023-09-04 11:51:39,686 - root - INFO - Epoch 7
-------------------------------
2023-09-04 12:00:38,840 - root - INFO - Época 7/15
2023-09-04 12:00:38,841 - root - INFO - loss: 0.5075961481571197 - accuracy: 82.4175 - val_loss: 0.690220932340622 - val_accuracy: 77.34
2023-09-04 12:00:38,841 - root - INFO - [Test] ---> accuracy: 77.25 - loss: 0.6957600217342377
2023-09-04 12:00:38,841 - root - INFO - test acc from best model : 79.85
2023-09-04 12:00:38,841 - root - INFO - Epoch 8
-------------------------------
2023-09-04 12:09:38,831 - root - INFO - Época 8/15
2023-09-04 12:09:38,831 - root - INFO - loss: 0.45130513966679575 - accuracy: 84.44 - val_loss: 0.6028181359529495 - val_accuracy: 80.49
2023-09-04 12:09:38,831 - root - INFO - [Test] ---> accuracy: 79.65 - loss: 0.6237571205377579
2023-09-04 12:09:38,831 - root - INFO - test acc from best model : 79.85
2023-09-04 12:09:38,831 - root - INFO - Epoch 9
-------------------------------
2023-09-04 12:18:37,945 - root - INFO - Validation loss decreased from : 0.5893959301471711 ----> 0.5513315949916839 ----> Saving Model.......
2023-09-04 12:18:37,945 - root - INFO - Validation acc:  81.62
2023-09-04 12:18:37,945 - root - INFO - Best Test acc from 79.85 ----> 81.5
2023-09-04 12:18:37,945 - root - INFO - Época 9/15
2023-09-04 12:18:37,945 - root - INFO - loss: 0.4021662681996822 - accuracy: 86.17 - val_loss: 0.5513315949916839 - val_accuracy: 81.62
2023-09-04 12:18:37,945 - root - INFO - [Test] ---> accuracy: 81.5 - loss: 0.5490756643772126
2023-09-04 12:18:37,945 - root - INFO - test acc from best model : 81.5
2023-09-04 12:18:37,945 - root - INFO - Epoch 10
-------------------------------
2023-09-04 12:27:36,087 - root - INFO - Validation loss decreased from : 0.5513315949916839 ----> 0.531359473323822 ----> Saving Model.......
2023-09-04 12:27:36,087 - root - INFO - Validation acc:  82.43
2023-09-04 12:27:36,087 - root - INFO - Best Test acc from 81.5 ----> 81.86
2023-09-04 12:27:36,087 - root - INFO - Época 10/15
2023-09-04 12:27:36,087 - root - INFO - loss: 0.355751285007596 - accuracy: 87.51 - val_loss: 0.531359473323822 - val_accuracy: 82.43
2023-09-04 12:27:36,087 - root - INFO - [Test] ---> accuracy: 81.86 - loss: 0.5496727689027786
2023-09-04 12:27:36,087 - root - INFO - test acc from best model : 81.86
2023-09-04 12:27:36,087 - root - INFO - Epoch 11
-------------------------------
2023-09-04 12:36:34,152 - root - INFO - Validation loss decreased from : 0.531359473323822 ----> 0.5227738452434539 ----> Saving Model.......
2023-09-04 12:36:34,152 - root - INFO - Validation acc:  82.93
2023-09-04 12:36:34,153 - root - INFO - Best Test acc from 81.86 ----> 82.63000000000001
2023-09-04 12:36:34,153 - root - INFO - Época 11/15
2023-09-04 12:36:34,153 - root - INFO - loss: 0.31600753107368945 - accuracy: 88.8525 - val_loss: 0.5227738452434539 - val_accuracy: 82.93
2023-09-04 12:36:34,153 - root - INFO - [Test] ---> accuracy: 82.63000000000001 - loss: 0.5381984447956085
2023-09-04 12:36:34,153 - root - INFO - test acc from best model : 82.63000000000001
2023-09-04 12:36:34,153 - root - INFO - Epoch 12
-------------------------------
2023-09-04 12:45:33,463 - root - INFO - Validation loss decreased from : 0.5227738452434539 ----> 0.5007153013706207 ----> Saving Model.......
2023-09-04 12:45:33,463 - root - INFO - Validation acc:  84.21
2023-09-04 12:45:33,463 - root - INFO - Best Test acc from 82.63000000000001 ----> 83.78
2023-09-04 12:45:33,463 - root - INFO - Época 12/15
2023-09-04 12:45:33,463 - root - INFO - loss: 0.2855358211457729 - accuracy: 90.15 - val_loss: 0.5007153013706207 - val_accuracy: 84.21
2023-09-04 12:45:33,463 - root - INFO - [Test] ---> accuracy: 83.78 - loss: 0.5159552295446396
2023-09-04 12:45:33,463 - root - INFO - test acc from best model : 83.78
2023-09-04 12:45:33,464 - root - INFO - Epoch 13
-------------------------------
2023-09-04 12:54:33,246 - root - INFO - Época 13/15
2023-09-04 12:54:33,246 - root - INFO - loss: 0.2515452348560095 - accuracy: 91.2025 - val_loss: 0.5630774921655655 - val_accuracy: 82.92
2023-09-04 12:54:33,246 - root - INFO - [Test] ---> accuracy: 82.94 - loss: 0.5737166820526123
2023-09-04 12:54:33,246 - root - INFO - test acc from best model : 83.78
2023-09-04 12:54:33,246 - root - INFO - Epoch 14
-------------------------------
2023-09-04 13:03:31,103 - root - INFO - Época 14/15
2023-09-04 13:03:31,104 - root - INFO - loss: 0.225161570751667 - accuracy: 92.325 - val_loss: 0.5880902687311172 - val_accuracy: 82.69
2023-09-04 13:03:31,104 - root - INFO - [Test] ---> accuracy: 82.36 - loss: 0.5962218548297882
2023-09-04 13:03:31,104 - root - INFO - test acc from best model : 83.78
2023-09-04 13:03:31,104 - root - INFO - Epoch 15
-------------------------------
2023-09-04 13:12:29,459 - root - INFO - Época 15/15
2023-09-04 13:12:29,459 - root - INFO - loss: 0.20452358403801918 - accuracy: 92.7925 - val_loss: 0.6479685487747192 - val_accuracy: 81.78999999999999
2023-09-04 13:12:29,460 - root - INFO - [Test] ---> accuracy: 82.1 - loss: 0.6448037479877472
2023-09-04 13:12:29,460 - root - INFO - test acc from best model : 83.78
2023-09-04 13:12:29,460 - root - INFO - Tempo treinamento:  8086.33 seconds
2023-09-04 13:12:29,460 - root - INFO - Menor loss: 0.5007153013706207
2023-09-04 13:12:29,460 - root - INFO - Acurácia de teste do melhor modelo: 83.78
2023-09-04 13:12:29,460 - root - INFO - Métricas
2023-09-04 13:12:29,460 - root - INFO - ACC
2023-09-04 13:12:29,460 - root - INFO - {'epoch': [1, 2, 3, 4, 5, 6, 7, 8, 9, 10, 11, 12, 13, 14, 15],
 'test_acc': [56.84,
              63.3,
              72.77,
              74.8,
              77.36,
              79.85,
              77.25,
              79.65,
              81.5,
              81.86,
              82.63000000000001,
              83.78,
              82.94,
              82.36,
              82.1],
 'train_acc': [39.7925,
               63.275,
               70.6525,
               74.785,
               78.015,
               80.4725,
               82.4175,
               84.44,
               86.17,
               87.51,
               88.8525,
               90.15,
               91.2025,
               92.325,
               92.7925],
 'val_acc': [57.16,
             63.73,
             72.19,
             74.65,
             77.31,
             79.74,
             77.34,
             80.49,
             81.62,
             82.43,
             82.93,
             84.21,
             82.92,
             82.69,
             81.78999999999999]}
2023-09-04 13:12:29,460 - root - INFO - LOSS
2023-09-04 13:12:29,460 - root - INFO - {'epoch': [1, 2, 3, 4, 5, 6, 7, 8, 9, 10, 11, 12, 13, 14, 15],
 'test_loss': [1.205436247253418,
               1.0470672907829284,
               0.7716489480972291,
               0.7326834581375122,
               0.6729374517917633,
               0.5935441482067109,
               0.6957600217342377,
               0.6237571205377579,
               0.5490756643772126,
               0.5496727689027786,
               0.5381984447956085,
               0.5159552295446396,
               0.5737166820526123,
               0.5962218548297882,
               0.6448037479877472],
 'train_loss': [1.6472557042598723,
                1.0449927619695663,
                0.8445199527740479,
                0.7292152369856835,
                0.6382209351301193,
                0.567052472114563,
                0.5075961481571197,
                0.45130513966679575,
                0.4021662681996822,
                0.355751285007596,
                0.31600753107368945,
                0.2855358211457729,
                0.2515452348560095,
                0.225161570751667,
                0.20452358403801918],
 'val_loss': [1.203269055747986,
              1.0424858434677124,
              0.7849188450813294,
              0.7253841770172119,
              0.659725174331665,
              0.5893959301471711,
              0.690220932340622,
              0.6028181359529495,
              0.5513315949916839,
              0.531359473323822,
              0.5227738452434539,
              0.5007153013706207,
              0.5630774921655655,
              0.5880902687311172,
              0.6479685487747192]}
2023-09-08 02:02:25,154 - root - INFO - --------------------- Iniciando Teste 55 ---------------------
2023-09-08 02:02:25,155 - root - INFO - Rodando evaluation
2023-09-08 02:02:25,155 - root - INFO - Construindo dataset para a rede VGG16
2023-09-08 03:45:08,748 - root - INFO - --------------------- Iniciando Teste 55 ---------------------
2023-09-08 03:45:08,749 - root - INFO - Rodando evaluation
2023-09-08 03:45:08,749 - root - INFO - Construindo dataset para a rede VGG16
2023-09-08 12:47:39,333 - root - INFO - --------------------- Iniciando Novo Treinamento 55 ---------------------
2023-09-08 12:47:39,334 - root - INFO - Parametros
2023-09-08 12:47:39,334 - root - INFO - {'batch_size': 32,
 'dataset': 'CIFAR10',
 'epochs': 15,
 'learning_rate': 0.0001,
 'network': 'VGG16',
 'num_workers': 1}
2023-09-08 12:47:39,334 - root - INFO - Construindo dataset para a rede VGG16
2023-09-08 12:47:41,238 - root - INFO - VGG16(
  (layer1): Sequential(
    (0): Conv2d(1, 64, kernel_size=(3, 3), stride=(1, 1), padding=(1, 1))
    (1): BatchNorm2d(64, eps=1e-05, momentum=0.1, affine=True, track_running_stats=True)
    (2): ReLU()
  )
  (layer2): Sequential(
    (0): Conv2d(64, 64, kernel_size=(3, 3), stride=(1, 1), padding=(1, 1))
    (1): BatchNorm2d(64, eps=1e-05, momentum=0.1, affine=True, track_running_stats=True)
    (2): ReLU()
    (3): MaxPool2d(kernel_size=2, stride=2, padding=0, dilation=1, ceil_mode=False)
  )
  (layer3): Sequential(
    (0): Conv2d(64, 128, kernel_size=(3, 3), stride=(1, 1), padding=(1, 1))
    (1): BatchNorm2d(128, eps=1e-05, momentum=0.1, affine=True, track_running_stats=True)
    (2): ReLU()
  )
  (layer4): Sequential(
    (0): Conv2d(128, 128, kernel_size=(3, 3), stride=(1, 1), padding=(1, 1))
    (1): BatchNorm2d(128, eps=1e-05, momentum=0.1, affine=True, track_running_stats=True)
    (2): ReLU()
    (3): MaxPool2d(kernel_size=2, stride=2, padding=0, dilation=1, ceil_mode=False)
  )
  (layer5): Sequential(
    (0): Conv2d(128, 256, kernel_size=(3, 3), stride=(1, 1), padding=(1, 1))
    (1): BatchNorm2d(256, eps=1e-05, momentum=0.1, affine=True, track_running_stats=True)
    (2): ReLU()
  )
  (layer6): Sequential(
    (0): Conv2d(256, 256, kernel_size=(3, 3), stride=(1, 1), padding=(1, 1))
    (1): BatchNorm2d(256, eps=1e-05, momentum=0.1, affine=True, track_running_stats=True)
    (2): ReLU()
  )
  (layer7): Sequential(
    (0): Conv2d(256, 256, kernel_size=(3, 3), stride=(1, 1), padding=(1, 1))
    (1): BatchNorm2d(256, eps=1e-05, momentum=0.1, affine=True, track_running_stats=True)
    (2): ReLU()
    (3): MaxPool2d(kernel_size=2, stride=2, padding=0, dilation=1, ceil_mode=False)
  )
  (layer8): Sequential(
    (0): Conv2d(256, 512, kernel_size=(3, 3), stride=(1, 1), padding=(1, 1))
    (1): BatchNorm2d(512, eps=1e-05, momentum=0.1, affine=True, track_running_stats=True)
    (2): ReLU()
  )
  (layer9): Sequential(
    (0): Conv2d(512, 512, kernel_size=(3, 3), stride=(1, 1), padding=(1, 1))
    (1): BatchNorm2d(512, eps=1e-05, momentum=0.1, affine=True, track_running_stats=True)
    (2): ReLU()
  )
  (layer10): Sequential(
    (0): Conv2d(512, 512, kernel_size=(3, 3), stride=(1, 1), padding=(1, 1))
    (1): BatchNorm2d(512, eps=1e-05, momentum=0.1, affine=True, track_running_stats=True)
    (2): ReLU()
    (3): MaxPool2d(kernel_size=2, stride=2, padding=0, dilation=1, ceil_mode=False)
  )
  (layer11): Sequential(
    (0): Conv2d(512, 512, kernel_size=(3, 3), stride=(1, 1), padding=(1, 1))
    (1): BatchNorm2d(512, eps=1e-05, momentum=0.1, affine=True, track_running_stats=True)
    (2): ReLU()
  )
  (layer12): Sequential(
    (0): Conv2d(512, 512, kernel_size=(3, 3), stride=(1, 1), padding=(1, 1))
    (1): BatchNorm2d(512, eps=1e-05, momentum=0.1, affine=True, track_running_stats=True)
    (2): ReLU()
  )
  (layer13): Sequential(
    (0): Conv2d(512, 512, kernel_size=(3, 3), stride=(1, 1), padding=(1, 1))
    (1): BatchNorm2d(512, eps=1e-05, momentum=0.1, affine=True, track_running_stats=True)
    (2): ReLU()
    (3): MaxPool2d(kernel_size=2, stride=2, padding=0, dilation=1, ceil_mode=False)
  )
  (fc): Sequential(
    (0): Linear(in_features=25088, out_features=4096, bias=True)
    (1): ReLU()
    (2): Dropout(p=0.5, inplace=False)
  )
  (fc1): Sequential(
    (0): Linear(in_features=4096, out_features=4096, bias=True)
    (1): ReLU()
    (2): Dropout(p=0.5, inplace=False)
  )
  (fc2): Sequential(
    (0): Linear(in_features=4096, out_features=10, bias=True)
  )
)
2023-09-08 12:47:41,239 - root - INFO - Iniciando treinamento
2023-09-08 12:47:41,239 - root - INFO - Epoch 1
-------------------------------
2023-09-08 12:53:09,004 - root - INFO - Validation loss decreased from : inf ----> 1.16663203830719 ----> Saving Model.......
2023-09-08 12:53:09,004 - root - INFO - Validation acc:  58.76
2023-09-08 12:53:09,004 - root - INFO - Best Test acc from 0 ----> 59.489999999999995
2023-09-08 12:53:29,482 - root - INFO - Época 1/15
2023-09-08 12:53:29,483 - root - INFO - loss: 1.6817484701633454 - accuracy: 38.5275 - val_loss: 1.16663203830719 - val_accuracy: 58.76
2023-09-08 12:53:29,483 - root - INFO - [Test] ---> accuracy: 59.489999999999995 - loss: 1.151896011543274
2023-09-08 12:53:29,483 - root - INFO - test acc from best model : 59.489999999999995
2023-09-08 12:53:29,483 - root - INFO - Epoch 2
-------------------------------
2023-09-08 12:59:01,482 - root - INFO - Validation loss decreased from : 1.16663203830719 ----> 0.9067608708381653 ----> Saving Model.......
2023-09-08 12:59:01,482 - root - INFO - Validation acc:  68.27
2023-09-08 12:59:01,482 - root - INFO - Best Test acc from 59.489999999999995 ----> 69.12
2023-09-08 12:59:21,962 - root - INFO - Época 2/15
2023-09-08 12:59:21,962 - root - INFO - loss: 1.05886721701622 - accuracy: 62.6825 - val_loss: 0.9067608708381653 - val_accuracy: 68.27
2023-09-08 12:59:21,962 - root - INFO - [Test] ---> accuracy: 69.12 - loss: 0.9055498907089233
2023-09-08 12:59:21,962 - root - INFO - test acc from best model : 69.12
2023-09-08 12:59:21,962 - root - INFO - Epoch 3
-------------------------------
2023-09-08 13:04:54,019 - root - INFO - Validation loss decreased from : 0.9067608708381653 ----> 0.8254431749343872 ----> Saving Model.......
2023-09-08 13:04:54,019 - root - INFO - Validation acc:  70.57
2023-09-08 13:04:54,020 - root - INFO - Best Test acc from 69.12 ----> 71.22
2023-09-08 13:05:14,507 - root - INFO - Época 3/15
2023-09-08 13:05:14,507 - root - INFO - loss: 0.8478426037549972 - accuracy: 70.5375 - val_loss: 0.8254431749343872 - val_accuracy: 70.57
2023-09-08 13:05:14,507 - root - INFO - [Test] ---> accuracy: 71.22 - loss: 0.815505289554596
2023-09-08 13:05:14,507 - root - INFO - test acc from best model : 71.22
2023-09-08 13:05:14,507 - root - INFO - Epoch 4
-------------------------------
2023-09-08 13:10:46,558 - root - INFO - Validation loss decreased from : 0.8254431749343872 ----> 0.7942495209693908 ----> Saving Model.......
2023-09-08 13:10:46,558 - root - INFO - Validation acc:  72.57000000000001
2023-09-08 13:10:46,558 - root - INFO - Best Test acc from 71.22 ----> 73.06
2023-09-08 13:11:07,041 - root - INFO - Época 4/15
2023-09-08 13:11:07,041 - root - INFO - loss: 0.7304570548534394 - accuracy: 74.625 - val_loss: 0.7942495209693908 - val_accuracy: 72.57000000000001
2023-09-08 13:11:07,041 - root - INFO - [Test] ---> accuracy: 73.06 - loss: 0.7870308350563049
2023-09-08 13:11:07,041 - root - INFO - test acc from best model : 73.06
2023-09-08 13:11:07,041 - root - INFO - Epoch 5
-------------------------------
2023-09-08 13:16:39,341 - root - INFO - Validation loss decreased from : 0.7942495209693908 ----> 0.6581980330467224 ----> Saving Model.......
2023-09-08 13:16:39,341 - root - INFO - Validation acc:  77.86999999999999
2023-09-08 13:16:39,341 - root - INFO - Best Test acc from 73.06 ----> 77.66
2023-09-08 13:16:59,824 - root - INFO - Época 5/15
2023-09-08 13:16:59,824 - root - INFO - loss: 0.6404085114836693 - accuracy: 77.9325 - val_loss: 0.6581980330467224 - val_accuracy: 77.86999999999999
2023-09-08 13:16:59,824 - root - INFO - [Test] ---> accuracy: 77.66 - loss: 0.6528699222564698
2023-09-08 13:16:59,824 - root - INFO - test acc from best model : 77.66
2023-09-08 13:17:00,048 - root - INFO - Epoch 6
-------------------------------
2023-09-08 13:22:36,229 - root - INFO - Época 6/15
2023-09-08 13:22:36,229 - root - INFO - loss: 0.566030519580841 - accuracy: 80.5625 - val_loss: 0.7010297339439392 - val_accuracy: 76.55
2023-09-08 13:22:36,229 - root - INFO - [Test] ---> accuracy: 75.85 - loss: 0.717517885017395
2023-09-08 13:22:36,229 - root - INFO - test acc from best model : 77.66
2023-09-08 13:22:36,229 - root - INFO - Epoch 7
-------------------------------
2023-09-08 13:28:12,204 - root - INFO - Época 7/15
2023-09-08 13:28:12,204 - root - INFO - loss: 0.5061411276340485 - accuracy: 82.6075 - val_loss: 0.6675042006969452 - val_accuracy: 78.42
2023-09-08 13:28:12,204 - root - INFO - [Test] ---> accuracy: 78.24 - loss: 0.6807075727462768
2023-09-08 13:28:12,204 - root - INFO - test acc from best model : 77.66
2023-09-08 13:28:12,204 - root - INFO - Epoch 8
-------------------------------
2023-09-08 13:33:48,308 - root - INFO - Validation loss decreased from : 0.6581980330467224 ----> 0.6115995050907135 ----> Saving Model.......
2023-09-08 13:33:48,308 - root - INFO - Validation acc:  79.79
2023-09-08 13:33:48,308 - root - INFO - Best Test acc from 77.66 ----> 79.79
2023-09-08 13:34:08,793 - root - INFO - Época 8/15
2023-09-08 13:34:08,793 - root - INFO - loss: 0.4493647639453411 - accuracy: 84.575 - val_loss: 0.6115995050907135 - val_accuracy: 79.79
2023-09-08 13:34:08,793 - root - INFO - [Test] ---> accuracy: 79.79 - loss: 0.6153835323333741
2023-09-08 13:34:08,793 - root - INFO - test acc from best model : 79.79
2023-09-08 13:34:08,793 - root - INFO - Epoch 9
-------------------------------
2023-09-08 13:39:45,257 - root - INFO - Época 9/15
2023-09-08 13:39:45,257 - root - INFO - loss: 0.39991137670874594 - accuracy: 86.2275 - val_loss: 0.6134061805248261 - val_accuracy: 79.94
2023-09-08 13:39:45,257 - root - INFO - [Test] ---> accuracy: 79.85 - loss: 0.6098377473831177
2023-09-08 13:39:45,257 - root - INFO - test acc from best model : 79.79
2023-09-08 13:39:45,258 - root - INFO - Epoch 10
-------------------------------
2023-09-08 13:45:21,306 - root - INFO - Época 10/15
2023-09-08 13:45:21,306 - root - INFO - loss: 0.3563293114602566 - accuracy: 87.6425 - val_loss: 0.6344602931499481 - val_accuracy: 79.82000000000001
2023-09-08 13:45:21,306 - root - INFO - [Test] ---> accuracy: 79.74 - loss: 0.6459651693344116
2023-09-08 13:45:21,306 - root - INFO - test acc from best model : 79.79
2023-09-08 13:45:21,498 - root - INFO - Epoch 11
-------------------------------
2023-09-08 13:51:01,192 - root - INFO - Validation loss decreased from : 0.6115995050907135 ----> 0.5638364795923233 ----> Saving Model.......
2023-09-08 13:51:01,192 - root - INFO - Validation acc:  81.77
2023-09-08 13:51:01,192 - root - INFO - Best Test acc from 79.79 ----> 81.82000000000001
2023-09-08 13:51:21,675 - root - INFO - Época 11/15
2023-09-08 13:51:21,675 - root - INFO - loss: 0.3144857095450163 - accuracy: 89.09 - val_loss: 0.5638364795923233 - val_accuracy: 81.77
2023-09-08 13:51:21,675 - root - INFO - [Test] ---> accuracy: 81.82000000000001 - loss: 0.5632086052894593
2023-09-08 13:51:21,675 - root - INFO - test acc from best model : 81.82000000000001
2023-09-08 13:51:21,675 - root - INFO - Epoch 12
-------------------------------
2023-09-08 13:57:01,474 - root - INFO - Validation loss decreased from : 0.5638364795923233 ----> 0.5579752090930938 ----> Saving Model.......
2023-09-08 13:57:01,474 - root - INFO - Validation acc:  82.48
2023-09-08 13:57:01,474 - root - INFO - Best Test acc from 81.82000000000001 ----> 82.11
2023-09-08 13:57:21,958 - root - INFO - Época 12/15
2023-09-08 13:57:21,958 - root - INFO - loss: 0.27904873627722265 - accuracy: 90.265 - val_loss: 0.5579752090930938 - val_accuracy: 82.48
2023-09-08 13:57:21,958 - root - INFO - [Test] ---> accuracy: 82.11 - loss: 0.5812216350317001
2023-09-08 13:57:21,958 - root - INFO - test acc from best model : 82.11
2023-09-08 13:57:21,958 - root - INFO - Epoch 13
-------------------------------
2023-09-08 14:03:01,919 - root - INFO - Validation loss decreased from : 0.5579752090930938 ----> 0.494504020857811 ----> Saving Model.......
2023-09-08 14:03:01,919 - root - INFO - Validation acc:  83.91
2023-09-08 14:03:01,919 - root - INFO - Best Test acc from 82.11 ----> 83.88
2023-09-08 14:03:22,408 - root - INFO - Época 13/15
2023-09-08 14:03:22,408 - root - INFO - loss: 0.25315966590046884 - accuracy: 91.18 - val_loss: 0.494504020857811 - val_accuracy: 83.91
2023-09-08 14:03:22,408 - root - INFO - [Test] ---> accuracy: 83.88 - loss: 0.505875910282135
2023-09-08 14:03:22,408 - root - INFO - test acc from best model : 83.88
2023-09-08 14:03:22,408 - root - INFO - Epoch 14
-------------------------------
2023-09-08 14:09:02,312 - root - INFO - Época 14/15
2023-09-08 14:09:02,313 - root - INFO - loss: 0.2225421443015337 - accuracy: 92.1625 - val_loss: 0.5572469000101089 - val_accuracy: 83.37
2023-09-08 14:09:02,313 - root - INFO - [Test] ---> accuracy: 83.23 - loss: 0.5839145917892457
2023-09-08 14:09:02,313 - root - INFO - test acc from best model : 83.88
2023-09-08 14:09:02,313 - root - INFO - Epoch 15
-------------------------------
2023-09-08 14:14:42,158 - root - INFO - Época 15/15
2023-09-08 14:14:42,158 - root - INFO - loss: 0.1950760949254036 - accuracy: 93.3075 - val_loss: 0.5480437376022339 - val_accuracy: 83.5
2023-09-08 14:14:42,158 - root - INFO - [Test] ---> accuracy: 83.43 - loss: 0.5703507544279098
2023-09-08 14:14:42,158 - root - INFO - test acc from best model : 83.88
2023-09-08 14:14:42,364 - root - INFO - Tempo treinamento:  5221.12 seconds
2023-09-08 14:14:42,364 - root - INFO - Menor loss: 0.494504020857811
2023-09-08 14:14:42,364 - root - INFO - Acurácia de teste do melhor modelo: 83.88
2023-09-08 14:14:42,364 - root - INFO - Métricas
2023-09-08 14:14:42,364 - root - INFO - ACC
2023-09-08 14:14:42,364 - root - INFO - {'epoch': [1, 2, 3, 4, 5, 6, 7, 8, 9, 10, 11, 12, 13, 14, 15],
 'test_acc': [59.489999999999995,
              69.12,
              71.22,
              73.06,
              77.66,
              75.85,
              78.24,
              79.79,
              79.85,
              79.74,
              81.82000000000001,
              82.11,
              83.88,
              83.23,
              83.43],
 'train_acc': [38.5275,
               62.6825,
               70.5375,
               74.625,
               77.9325,
               80.5625,
               82.6075,
               84.575,
               86.2275,
               87.6425,
               89.09,
               90.265,
               91.18,
               92.1625,
               93.3075],
 'val_acc': [58.76,
             68.27,
             70.57,
             72.57000000000001,
             77.86999999999999,
             76.55,
             78.42,
             79.79,
             79.94,
             79.82000000000001,
             81.77,
             82.48,
             83.91,
             83.37,
             83.5]}
2023-09-08 14:14:42,364 - root - INFO - LOSS
2023-09-08 14:14:42,364 - root - INFO - {'epoch': [1, 2, 3, 4, 5, 6, 7, 8, 9, 10, 11, 12, 13, 14, 15],
 'test_loss': [1.151896011543274,
               0.9055498907089233,
               0.815505289554596,
               0.7870308350563049,
               0.6528699222564698,
               0.717517885017395,
               0.6807075727462768,
               0.6153835323333741,
               0.6098377473831177,
               0.6459651693344116,
               0.5632086052894593,
               0.5812216350317001,
               0.505875910282135,
               0.5839145917892457,
               0.5703507544279098],
 'train_loss': [1.6817484701633454,
                1.05886721701622,
                0.8478426037549972,
                0.7304570548534394,
                0.6404085114836693,
                0.566030519580841,
                0.5061411276340485,
                0.4493647639453411,
                0.39991137670874594,
                0.3563293114602566,
                0.3144857095450163,
                0.27904873627722265,
                0.25315966590046884,
                0.2225421443015337,
                0.1950760949254036],
 'val_loss': [1.16663203830719,
              0.9067608708381653,
              0.8254431749343872,
              0.7942495209693908,
              0.6581980330467224,
              0.7010297339439392,
              0.6675042006969452,
              0.6115995050907135,
              0.6134061805248261,
              0.6344602931499481,
              0.5638364795923233,
              0.5579752090930938,
              0.494504020857811,
              0.5572469000101089,
              0.5480437376022339]}
