2023-09-02 16:31:53,063 - root - INFO - --------------------- Iniciando Novo Treinamento 25 ---------------------
2023-09-02 16:31:53,064 - root - INFO - Parametros
2023-09-02 16:31:53,064 - root - INFO - {'batch_size': 8,
 'dataset': 'FASHIONMNIST',
 'epochs': 10,
 'learning_rate': 0.001,
 'network': 'ALEXNET',
 'num_workers': 1}
2023-09-02 16:31:53,064 - root - INFO - Construindo dataset para a rede ALEXNET
2023-09-02 16:31:53,283 - root - INFO - Construindo modelo para a rede ALEXNET
2023-09-02 16:31:53,537 - root - INFO - AlexNet(
  (layer1): Sequential(
    (0): Conv2d(1, 96, kernel_size=(11, 11), stride=(4, 4))
    (1): BatchNorm2d(96, eps=1e-05, momentum=0.1, affine=True, track_running_stats=True)
    (2): ReLU()
    (3): MaxPool2d(kernel_size=3, stride=2, padding=0, dilation=1, ceil_mode=False)
  )
  (layer2): Sequential(
    (0): Conv2d(96, 256, kernel_size=(5, 5), stride=(1, 1), padding=(2, 2))
    (1): BatchNorm2d(256, eps=1e-05, momentum=0.1, affine=True, track_running_stats=True)
    (2): ReLU()
    (3): MaxPool2d(kernel_size=3, stride=2, padding=0, dilation=1, ceil_mode=False)
  )
  (layer3): Sequential(
    (0): Conv2d(256, 384, kernel_size=(3, 3), stride=(1, 1), padding=(1, 1))
    (1): BatchNorm2d(384, eps=1e-05, momentum=0.1, affine=True, track_running_stats=True)
    (2): ReLU()
  )
  (layer4): Sequential(
    (0): Conv2d(384, 384, kernel_size=(3, 3), stride=(1, 1), padding=(1, 1))
    (1): BatchNorm2d(384, eps=1e-05, momentum=0.1, affine=True, track_running_stats=True)
    (2): ReLU()
  )
  (layer5): Sequential(
    (0): Conv2d(384, 256, kernel_size=(3, 3), stride=(1, 1), padding=(1, 1))
    (1): BatchNorm2d(256, eps=1e-05, momentum=0.1, affine=True, track_running_stats=True)
    (2): ReLU()
    (3): MaxPool2d(kernel_size=3, stride=2, padding=0, dilation=1, ceil_mode=False)
  )
  (fc): Sequential(
    (0): Dropout(p=0.5, inplace=False)
    (1): Linear(in_features=9216, out_features=4096, bias=True)
    (2): ReLU()
  )
  (fc1): Sequential(
    (0): Dropout(p=0.5, inplace=False)
    (1): Linear(in_features=4096, out_features=4096, bias=True)
    (2): ReLU()
  )
  (fc2): Sequential(
    (0): Linear(in_features=4096, out_features=10, bias=True)
  )
)
2023-09-02 16:31:53,537 - root - INFO - Iniciando treinamento
2023-09-02 16:31:53,537 - root - INFO - Epoch 1
-------------------------------
2023-09-02 16:39:46,204 - root - INFO - Validation loss decreased from : inf ----> 0.484212459632506 ----> Saving Model.......
2023-09-02 16:39:46,204 - root - INFO - Validation acc:  81.34166666666667
2023-09-02 16:39:46,204 - root - INFO - Época: 1 - Test Acc: 80.66 - Val Acc: 81.34166666666667
2023-09-02 16:39:46,204 - root - INFO - Epoch 2
-------------------------------
2023-09-02 16:47:39,899 - root - INFO - Validation loss decreased from : 0.484212459632506 ----> 0.3898642798316742 ----> Saving Model.......
2023-09-02 16:47:39,899 - root - INFO - Validation acc:  84.91666666666666
2023-09-02 16:47:39,899 - root - INFO - Época: 2 - Test Acc: 84.21 - Val Acc: 84.91666666666666
2023-09-02 16:47:39,899 - root - INFO - Epoch 3
-------------------------------
2023-09-02 16:55:32,187 - root - INFO - Validation loss decreased from : 0.3898642798316742 ----> 0.325162921445289 ----> Saving Model.......
2023-09-02 16:55:32,187 - root - INFO - Validation acc:  88.41666666666667
2023-09-02 16:55:32,187 - root - INFO - Época: 3 - Test Acc: 87.63 - Val Acc: 88.41666666666667
2023-09-02 16:55:32,187 - root - INFO - Epoch 4
-------------------------------
2023-09-02 17:03:24,210 - root - INFO - Validation loss decreased from : 0.325162921445289 ----> 0.29166054184147105 ----> Saving Model.......
2023-09-02 17:03:24,210 - root - INFO - Validation acc:  89.85
2023-09-02 17:03:24,210 - root - INFO - Época: 4 - Test Acc: 88.92 - Val Acc: 89.85
2023-09-02 17:03:24,210 - root - INFO - Epoch 5
-------------------------------
2023-09-02 17:11:17,560 - root - INFO - Validation loss decreased from : 0.29166054184147105 ----> 0.2681543510519647 ----> Saving Model.......
2023-09-02 17:11:17,560 - root - INFO - Validation acc:  90.21666666666667
2023-09-02 17:11:17,560 - root - INFO - Época: 5 - Test Acc: 89.81 - Val Acc: 90.21666666666667
2023-09-02 17:11:17,560 - root - INFO - Epoch 6
-------------------------------
2023-09-02 17:19:11,859 - root - INFO - Validation loss decreased from : 0.2681543510519647 ----> 0.26426696382666703 ----> Saving Model.......
2023-09-02 17:19:11,859 - root - INFO - Validation acc:  90.5
2023-09-02 17:19:11,859 - root - INFO - Época: 6 - Test Acc: 89.7 - Val Acc: 90.5
2023-09-02 17:19:11,859 - root - INFO - Epoch 7
-------------------------------
2023-09-02 17:27:04,134 - root - INFO - Validation loss decreased from : 0.26426696382666703 ----> 0.26198277101430967 ----> Saving Model.......
2023-09-02 17:27:04,134 - root - INFO - Validation acc:  90.725
2023-09-02 17:27:04,134 - root - INFO - Época: 7 - Test Acc: 90.25 - Val Acc: 90.725
2023-09-02 17:27:04,134 - root - INFO - Epoch 8
-------------------------------
2023-09-02 17:34:55,944 - root - INFO - Validation loss decreased from : 0.26198277101430967 ----> 0.2606637555410461 ----> Saving Model.......
2023-09-02 17:34:55,944 - root - INFO - Validation acc:  90.41666666666667
2023-09-02 17:34:55,944 - root - INFO - Época: 8 - Test Acc: 89.3 - Val Acc: 90.41666666666667
2023-09-02 17:34:55,944 - root - INFO - Epoch 9
-------------------------------
2023-09-02 17:42:47,284 - root - INFO - Validation loss decreased from : 0.2606637555410461 ----> 0.259929861654844 ----> Saving Model.......
2023-09-02 17:42:47,284 - root - INFO - Validation acc:  90.44166666666666
2023-09-02 17:42:47,284 - root - INFO - Época: 9 - Test Acc: 89.92 - Val Acc: 90.44166666666666
2023-09-02 17:42:47,284 - root - INFO - Epoch 10
-------------------------------
2023-09-02 17:50:40,020 - root - INFO - Época: 10 - Test Acc: 89.64 - Val Acc: 90.05
2023-09-02 17:50:40,020 - root - INFO - Tempo treinamento:  4726.48 seconds
2023-09-02 17:50:40,021 - root - INFO - Métricas
2023-09-02 17:50:40,021 - root - INFO - ACC
2023-09-02 17:50:40,021 - root - INFO - {'epoch': [1, 2, 3, 4, 5, 6, 7, 8, 9, 10],
 'test_acc': [80.66,
              84.21,
              87.63,
              88.92,
              89.81,
              89.7,
              90.25,
              89.3,
              89.92,
              89.64],
 'train_acc': [69.40416666666667,
               82.41458333333334,
               85.51458333333333,
               86.79166666666667,
               87.58125,
               88.09375,
               88.36875,
               88.97083333333333,
               89.0375,
               89.325],
 'val_acc': [81.34166666666667,
             84.91666666666666,
             88.41666666666667,
             89.85,
             90.21666666666667,
             90.5,
             90.725,
             90.41666666666667,
             90.44166666666666,
             90.05]}
2023-09-02 17:50:40,021 - root - INFO - LOSS
2023-09-02 17:50:40,021 - root - INFO - {'epoch': [1, 2, 3, 4, 5, 6, 7, 8, 9, 10],
 'test_loss': [0.5040267799589783,
               0.4072118050707504,
               0.3450662257581949,
               0.31064932583984917,
               0.28810236456025157,
               0.2842952639728843,
               0.27975168267320843,
               0.27779260778565656,
               0.28014731832849793,
               0.28648531456650234],
 'train_loss': [0.8298091795925672,
                0.49247421595971536,
                0.40540758422721235,
                0.37190956040877526,
                0.35422985553342634,
                0.3372540942218887,
                0.3256223803395732,
                0.3140795032083992,
                0.3106959177969118,
                0.3043057259270914],
 'val_loss': [0.484212459632506,
              0.3898642798316742,
              0.325162921445289,
              0.29166054184147105,
              0.2681543510519647,
              0.26426696382666703,
              0.26198277101430967,
              0.2606637555410461,
              0.259929861654844,
              0.26626002666160153]}
2023-09-02 17:50:43,080 - root - INFO - Rodando evaluation
2023-09-02 17:50:43,081 - root - INFO - Construindo dataset para a rede ALEXNET
