2023-09-02 02:38:25,496 - root - INFO - --------------------- Iniciando Novo Treinamento 18 ---------------------
2023-09-02 02:38:25,496 - root - INFO - Parametros
2023-09-02 02:38:25,496 - root - INFO - {'batch_size': 64,
 'dataset': 'FASHIONMNIST',
 'epochs': 15,
 'learning_rate': 0.001,
 'network': 'LENET5',
 'num_workers': 1}
2023-09-02 02:38:25,496 - root - INFO - Construindo dataset para a rede LENET5
2023-09-02 02:38:28,963 - root - INFO - Construindo modelo para a rede LENET5
2023-09-02 02:38:28,966 - root - INFO - LeNet5(
  (layer1): Sequential(
    (0): Conv2d(1, 6, kernel_size=(5, 5), stride=(1, 1))
    (1): BatchNorm2d(6, eps=1e-05, momentum=0.1, affine=True, track_running_stats=True)
    (2): ReLU()
    (3): MaxPool2d(kernel_size=2, stride=2, padding=0, dilation=1, ceil_mode=False)
  )
  (layer2): Sequential(
    (0): Conv2d(6, 16, kernel_size=(5, 5), stride=(1, 1))
    (1): BatchNorm2d(16, eps=1e-05, momentum=0.1, affine=True, track_running_stats=True)
    (2): ReLU()
    (3): MaxPool2d(kernel_size=2, stride=2, padding=0, dilation=1, ceil_mode=False)
  )
  (fc): Linear(in_features=400, out_features=120, bias=True)
  (relu): ReLU()
  (fc1): Linear(in_features=120, out_features=84, bias=True)
  (relu1): ReLU()
  (fc2): Linear(in_features=84, out_features=10, bias=True)
)
2023-09-02 02:38:28,966 - root - INFO - Iniciando treinamento
2023-09-02 02:38:28,966 - root - INFO - Epoch 1
-------------------------------
2023-09-02 02:39:30,656 - root - INFO - Validation loss decreased from : inf ----> 0.38914001051415786 ----> Saving Model.......
2023-09-02 02:39:30,660 - root - INFO - Época: 1 - Test Acc: 84.8 - Val Acc: 85.225
2023-09-02 02:39:30,660 - root - INFO - Epoch 2
-------------------------------
2023-09-02 02:40:32,513 - root - INFO - Validation loss decreased from : 0.38914001051415786 ----> 0.3177842094384609 ----> Saving Model.......
2023-09-02 02:40:32,535 - root - INFO - Época: 2 - Test Acc: 87.49 - Val Acc: 87.93333333333334
2023-09-02 02:40:32,535 - root - INFO - Epoch 3
-------------------------------
2023-09-02 02:41:34,816 - root - INFO - Época: 3 - Test Acc: 86.87 - Val Acc: 87.73333333333333
2023-09-02 02:41:34,816 - root - INFO - Epoch 4
-------------------------------
2023-09-02 02:42:36,957 - root - INFO - Época: 4 - Test Acc: 87.29 - Val Acc: 87.76666666666667
2023-09-02 02:42:36,957 - root - INFO - Epoch 5
-------------------------------
2023-09-02 02:43:36,962 - root - INFO - Validation loss decreased from : 0.3177842094384609 ----> 0.28771020995175584 ----> Saving Model.......
2023-09-02 02:43:36,983 - root - INFO - Época: 5 - Test Acc: 88.86 - Val Acc: 89.21666666666667
2023-09-02 02:43:36,983 - root - INFO - Epoch 6
-------------------------------
2023-09-02 02:44:38,816 - root - INFO - Época: 6 - Test Acc: 89.03 - Val Acc: 89.53333333333333
2023-09-02 02:44:38,816 - root - INFO - Epoch 7
-------------------------------
2023-09-02 02:45:41,771 - root - INFO - Época: 7 - Test Acc: 89.12 - Val Acc: 89.26666666666667
2023-09-02 02:45:41,771 - root - INFO - Epoch 8
-------------------------------
2023-09-02 02:46:40,561 - root - INFO - Validation loss decreased from : 0.28771020995175584 ----> 0.28355851692167366 ----> Saving Model.......
2023-09-02 02:46:40,585 - root - INFO - Época: 8 - Test Acc: 89.55 - Val Acc: 89.83333333333333
2023-09-02 02:46:40,585 - root - INFO - Epoch 9
-------------------------------
2023-09-02 02:47:43,819 - root - INFO - Validation loss decreased from : 0.28355851692167366 ----> 0.260416924438261 ----> Saving Model.......
2023-09-02 02:47:43,836 - root - INFO - Época: 9 - Test Acc: 90.25999999999999 - Val Acc: 90.51666666666667
2023-09-02 02:47:43,836 - root - INFO - Epoch 10
-------------------------------
2023-09-02 02:48:46,922 - root - INFO - Época: 10 - Test Acc: 89.63 - Val Acc: 90.25
2023-09-02 02:48:46,922 - root - INFO - Epoch 11
-------------------------------
2023-09-02 02:49:50,420 - root - INFO - Época: 11 - Test Acc: 90.16999999999999 - Val Acc: 90.54166666666667
2023-09-02 02:49:50,420 - root - INFO - Epoch 12
-------------------------------
2023-09-02 02:50:54,121 - root - INFO - Época: 12 - Test Acc: 89.94 - Val Acc: 90.46666666666667
2023-09-02 02:50:54,121 - root - INFO - Epoch 13
-------------------------------
2023-09-02 02:51:54,083 - root - INFO - Época: 13 - Test Acc: 90.33 - Val Acc: 90.28333333333333
2023-09-02 02:51:54,083 - root - INFO - Epoch 14
-------------------------------
2023-09-02 02:52:55,586 - root - INFO - Época: 14 - Test Acc: 89.75 - Val Acc: 90.48333333333333
2023-09-02 02:52:55,586 - root - INFO - Epoch 15
-------------------------------
2023-09-02 02:53:58,936 - root - INFO - Época: 15 - Test Acc: 90.12 - Val Acc: 90.69166666666668
2023-09-02 02:53:58,936 - root - INFO - Tempo treinamento:  929.97 seconds
2023-09-02 02:53:58,936 - root - INFO - Métricas
2023-09-02 02:53:58,936 - root - INFO - ACC
2023-09-02 02:53:58,936 - root - INFO - {'epoch': [1, 2, 3, 4, 5, 6, 7, 8, 9, 10, 11, 12, 13, 14, 15],
 'test_acc': [84.8,
              87.49,
              86.87,
              87.29,
              88.86,
              89.03,
              89.12,
              89.55,
              90.25999999999999,
              89.63,
              90.16999999999999,
              89.94,
              90.33,
              89.75,
              90.12],
 'train_acc': [81.51041666666667,
               87.38333333333334,
               88.99375,
               89.78333333333333,
               90.41666666666667,
               90.99583333333334,
               91.75208333333333,
               92.04583333333333,
               92.31666666666666,
               92.87083333333334,
               93.21666666666667,
               93.50416666666666,
               94.02916666666667,
               94.16875,
               94.57708333333333],
 'val_acc': [85.225,
             87.93333333333334,
             87.73333333333333,
             87.76666666666667,
             89.21666666666667,
             89.53333333333333,
             89.26666666666667,
             89.83333333333333,
             90.51666666666667,
             90.25,
             90.54166666666667,
             90.46666666666667,
             90.28333333333333,
             90.48333333333333,
             90.69166666666668]}
2023-09-02 02:53:58,936 - root - INFO - LOSS
2023-09-02 02:53:58,936 - root - INFO - {'epoch': [1, 2, 3, 4, 5, 6, 7, 8, 9, 10, 11, 12, 13, 14, 15],
 'test_loss': [0.40404797207777665,
               0.33473900359147674,
               0.35717310035114835,
               0.35521748927748126,
               0.3016027766428176,
               0.32217886170763876,
               0.3189904758599913,
               0.2956100326434822,
               0.2755615979812707,
               0.29507851073886177,
               0.2840360906805582,
               0.2924209245640761,
               0.2949692549741572,
               0.3178506385368906,
               0.29954881944758877],
 'train_loss': [0.5088810097972551,
                0.3432323879996936,
                0.2992671433786551,
                0.27421864461898804,
                0.2573660043229659,
                0.23969172445933024,
                0.22060075083871683,
                0.2122424939374129,
                0.2008427549302578,
                0.18780415516595045,
                0.17865725688636303,
                0.1694695859303077,
                0.15811996987958749,
                0.15253394175320864,
                0.1431622631351153],
 'val_loss': [0.38914001051415786,
              0.3177842094384609,
              0.33635127734630665,
              0.3406671100949987,
              0.28771020995175584,
              0.3017303103065871,
              0.3070242054601933,
              0.28355851692167366,
              0.260416924438261,
              0.2815241612335469,
              0.26487588583234145,
              0.2756797417681268,
              0.28407234857057,
              0.29723830729168144,
              0.27783970937053576]}
2023-09-02 02:54:00,882 - root - INFO - Rodando evaluation
2023-09-02 02:54:00,883 - root - INFO - Construindo dataset para a rede LENET5
