2023-09-08 02:05:10,077 - root - INFO - --------------------- Iniciando Teste 90 ---------------------
2023-09-08 02:05:10,077 - root - INFO - Rodando evaluation
2023-09-08 02:05:10,077 - root - INFO - Construindo dataset para a rede LENET5
2023-09-08 03:47:53,760 - root - INFO - --------------------- Iniciando Teste 90 ---------------------
2023-09-08 03:47:53,764 - root - INFO - Rodando evaluation
2023-09-08 03:47:53,764 - root - INFO - Construindo dataset para a rede LENET5
2023-09-08 04:30:10,185 - root - INFO - --------------------- Iniciando Novo Treinamento 90 ---------------------
2023-09-08 04:30:10,185 - root - INFO - Parametros
2023-09-08 04:30:10,185 - root - INFO - {'batch_size': 32,
 'dataset': 'CIFAR10',
 'epochs': 20,
 'learning_rate': 0.001,
 'network': 'LENET5',
 'num_workers': 1}
2023-09-08 04:30:10,185 - root - INFO - Construindo dataset para a rede LENET5
2023-09-08 04:30:11,716 - root - INFO - LeNet5(
  (layer1): Sequential(
    (0): Conv2d(1, 6, kernel_size=(5, 5), stride=(1, 1))
    (1): BatchNorm2d(6, eps=1e-05, momentum=0.1, affine=True, track_running_stats=True)
    (2): ReLU()
    (3): MaxPool2d(kernel_size=2, stride=2, padding=0, dilation=1, ceil_mode=False)
  )
  (layer2): Sequential(
    (0): Conv2d(6, 16, kernel_size=(5, 5), stride=(1, 1))
    (1): BatchNorm2d(16, eps=1e-05, momentum=0.1, affine=True, track_running_stats=True)
    (2): ReLU()
    (3): MaxPool2d(kernel_size=2, stride=2, padding=0, dilation=1, ceil_mode=False)
  )
  (fc): Linear(in_features=400, out_features=120, bias=True)
  (relu): ReLU()
  (fc1): Linear(in_features=120, out_features=84, bias=True)
  (relu1): ReLU()
  (fc2): Linear(in_features=84, out_features=10, bias=True)
)
2023-09-08 04:30:11,716 - root - INFO - Iniciando treinamento
2023-09-08 04:30:11,716 - root - INFO - Epoch 1
-------------------------------
2023-09-08 04:31:32,973 - root - INFO - Validation loss decreased from : inf ----> 1.5364089906692504 ----> Saving Model.......
2023-09-08 04:31:32,973 - root - INFO - Validation acc:  45.32
2023-09-08 04:31:32,973 - root - INFO - Best Test acc from 0 ----> 44.529999999999994
2023-09-08 04:31:34,573 - root - INFO - Época 1/20
2023-09-08 04:31:34,573 - root - INFO - loss: 1.6013564482212066 - accuracy: 42.1925 - val_loss: 1.5364089906692504 - val_accuracy: 45.32
2023-09-08 04:31:34,573 - root - INFO - [Test] ---> accuracy: 44.529999999999994 - loss: 1.5470249029159546
2023-09-08 04:31:34,573 - root - INFO - test acc from best model : 44.529999999999994
2023-09-08 04:31:34,573 - root - INFO - Epoch 2
-------------------------------
2023-09-08 04:32:55,909 - root - INFO - Época 2/20
2023-09-08 04:32:55,909 - root - INFO - loss: 1.3282356437683105 - accuracy: 52.96 - val_loss: 1.7066252769470214 - val_accuracy: 42.65
2023-09-08 04:32:55,909 - root - INFO - [Test] ---> accuracy: 43.03 - loss: 1.7226752372741698
2023-09-08 04:32:55,910 - root - INFO - test acc from best model : 44.529999999999994
2023-09-08 04:32:55,910 - root - INFO - Epoch 3
-------------------------------
2023-09-08 04:34:16,193 - root - INFO - Época 3/20
2023-09-08 04:34:16,193 - root - INFO - loss: 1.217574667263031 - accuracy: 56.9875 - val_loss: 1.5742410758972167 - val_accuracy: 45.87
2023-09-08 04:34:16,193 - root - INFO - [Test] ---> accuracy: 45.379999999999995 - loss: 1.5721593900680542
2023-09-08 04:34:16,193 - root - INFO - test acc from best model : 44.529999999999994
2023-09-08 04:34:16,193 - root - INFO - Epoch 4
-------------------------------
2023-09-08 04:35:35,783 - root - INFO - Validation loss decreased from : 1.5364089906692504 ----> 1.382063691329956 ----> Saving Model.......
2023-09-08 04:35:35,783 - root - INFO - Validation acc:  52.580000000000005
2023-09-08 04:35:35,783 - root - INFO - Best Test acc from 44.529999999999994 ----> 53.49
2023-09-08 04:35:37,218 - root - INFO - Época 4/20
2023-09-08 04:35:37,218 - root - INFO - loss: 1.13600543923378 - accuracy: 59.88 - val_loss: 1.382063691329956 - val_accuracy: 52.580000000000005
2023-09-08 04:35:37,218 - root - INFO - [Test] ---> accuracy: 53.49 - loss: 1.3743653650283814
2023-09-08 04:35:37,218 - root - INFO - test acc from best model : 53.49
2023-09-08 04:35:37,218 - root - INFO - Epoch 5
-------------------------------
2023-09-08 04:36:57,741 - root - INFO - Validation loss decreased from : 1.382063691329956 ----> 1.240184794998169 ----> Saving Model.......
2023-09-08 04:36:57,741 - root - INFO - Validation acc:  57.56
2023-09-08 04:36:57,741 - root - INFO - Best Test acc from 53.49 ----> 57.550000000000004
2023-09-08 04:36:59,172 - root - INFO - Época 5/20
2023-09-08 04:36:59,172 - root - INFO - loss: 1.0799332210063934 - accuracy: 61.84 - val_loss: 1.240184794998169 - val_accuracy: 57.56
2023-09-08 04:36:59,172 - root - INFO - [Test] ---> accuracy: 57.550000000000004 - loss: 1.2359356552124023
2023-09-08 04:36:59,172 - root - INFO - test acc from best model : 57.550000000000004
2023-09-08 04:36:59,577 - root - INFO - Epoch 6
-------------------------------
2023-09-08 04:38:24,672 - root - INFO - Época 6/20
2023-09-08 04:38:24,672 - root - INFO - loss: 1.029367632341385 - accuracy: 63.7925 - val_loss: 1.2440222141265869 - val_accuracy: 57.46
2023-09-08 04:38:24,672 - root - INFO - [Test] ---> accuracy: 58.050000000000004 - loss: 1.2449432401657103
2023-09-08 04:38:24,672 - root - INFO - test acc from best model : 57.550000000000004
2023-09-08 04:38:24,672 - root - INFO - Epoch 7
-------------------------------
2023-09-08 04:39:50,285 - root - INFO - Validation loss decreased from : 1.240184794998169 ----> 1.1353432005882262 ----> Saving Model.......
2023-09-08 04:39:50,285 - root - INFO - Validation acc:  60.68
2023-09-08 04:39:50,285 - root - INFO - Best Test acc from 57.550000000000004 ----> 60.51
2023-09-08 04:39:51,760 - root - INFO - Época 7/20
2023-09-08 04:39:51,760 - root - INFO - loss: 0.989100248837471 - accuracy: 65.14 - val_loss: 1.1353432005882262 - val_accuracy: 60.68
2023-09-08 04:39:51,760 - root - INFO - [Test] ---> accuracy: 60.51 - loss: 1.113523509979248
2023-09-08 04:39:51,760 - root - INFO - test acc from best model : 60.51
2023-09-08 04:39:51,760 - root - INFO - Epoch 8
-------------------------------
2023-09-08 04:41:16,690 - root - INFO - Época 8/20
2023-09-08 04:41:16,690 - root - INFO - loss: 0.9486658708572387 - accuracy: 66.3625 - val_loss: 1.3790232486724854 - val_accuracy: 53.94
2023-09-08 04:41:16,690 - root - INFO - [Test] ---> accuracy: 54.63 - loss: 1.3592812520980835
2023-09-08 04:41:16,690 - root - INFO - test acc from best model : 60.51
2023-09-08 04:41:16,690 - root - INFO - Epoch 9
-------------------------------
2023-09-08 04:42:41,215 - root - INFO - Época 9/20
2023-09-08 04:42:41,215 - root - INFO - loss: 0.9226513323545456 - accuracy: 67.3475 - val_loss: 1.4323634000778198 - val_accuracy: 54.43
2023-09-08 04:42:41,215 - root - INFO - [Test] ---> accuracy: 55.2 - loss: 1.428372864341736
2023-09-08 04:42:41,215 - root - INFO - test acc from best model : 60.51
2023-09-08 04:42:41,215 - root - INFO - Epoch 10
-------------------------------
2023-09-08 04:44:06,651 - root - INFO - Época 10/20
2023-09-08 04:44:06,651 - root - INFO - loss: 0.8884954238414764 - accuracy: 68.5625 - val_loss: 1.184573275089264 - val_accuracy: 59.88
2023-09-08 04:44:06,651 - root - INFO - [Test] ---> accuracy: 59.919999999999995 - loss: 1.1900446451187134
2023-09-08 04:44:06,651 - root - INFO - test acc from best model : 60.51
2023-09-08 04:44:07,000 - root - INFO - Epoch 11
-------------------------------
2023-09-08 04:45:36,339 - root - INFO - Época 11/20
2023-09-08 04:45:36,339 - root - INFO - loss: 0.8642390919685363 - accuracy: 69.395 - val_loss: 1.171831587791443 - val_accuracy: 59.74
2023-09-08 04:45:36,339 - root - INFO - [Test] ---> accuracy: 60.67 - loss: 1.1553990423202514
2023-09-08 04:45:36,339 - root - INFO - test acc from best model : 60.51
2023-09-08 04:45:36,339 - root - INFO - Epoch 12
-------------------------------
2023-09-08 04:47:06,107 - root - INFO - Época 12/20
2023-09-08 04:47:06,108 - root - INFO - loss: 0.8367760203838348 - accuracy: 70.34 - val_loss: 1.193864109802246 - val_accuracy: 59.730000000000004
2023-09-08 04:47:06,108 - root - INFO - [Test] ---> accuracy: 59.489999999999995 - loss: 1.1949560522079468
2023-09-08 04:47:06,108 - root - INFO - test acc from best model : 60.51
2023-09-08 04:47:06,108 - root - INFO - Epoch 13
-------------------------------
2023-09-08 04:48:34,204 - root - INFO - Época 13/20
2023-09-08 04:48:34,204 - root - INFO - loss: 0.8138979679346084 - accuracy: 71.1675 - val_loss: 1.2039887550354005 - val_accuracy: 59.61
2023-09-08 04:48:34,204 - root - INFO - [Test] ---> accuracy: 59.940000000000005 - loss: 1.2028232858657837
2023-09-08 04:48:34,204 - root - INFO - test acc from best model : 60.51
2023-09-08 04:48:34,204 - root - INFO - Epoch 14
-------------------------------
2023-09-08 04:50:02,058 - root - INFO - Validation loss decreased from : 1.1353432005882262 ----> 1.130003398323059 ----> Saving Model.......
2023-09-08 04:50:02,059 - root - INFO - Validation acc:  62.61
2023-09-08 04:50:02,059 - root - INFO - Best Test acc from 60.51 ----> 62.13999999999999
2023-09-08 04:50:03,550 - root - INFO - Época 14/20
2023-09-08 04:50:03,550 - root - INFO - loss: 0.7920182620048523 - accuracy: 71.87 - val_loss: 1.130003398323059 - val_accuracy: 62.61
2023-09-08 04:50:03,550 - root - INFO - [Test] ---> accuracy: 62.13999999999999 - loss: 1.1321195346832276
2023-09-08 04:50:03,550 - root - INFO - test acc from best model : 62.13999999999999
2023-09-08 04:50:03,550 - root - INFO - Epoch 15
-------------------------------
2023-09-08 04:51:32,281 - root - INFO - Época 15/20
2023-09-08 04:51:32,281 - root - INFO - loss: 0.7669491386890411 - accuracy: 73.0825 - val_loss: 1.153698464679718 - val_accuracy: 62.39
2023-09-08 04:51:32,281 - root - INFO - [Test] ---> accuracy: 62.160000000000004 - loss: 1.1739345914840698
2023-09-08 04:51:32,281 - root - INFO - test acc from best model : 62.13999999999999
2023-09-08 04:51:32,635 - root - INFO - Epoch 16
-------------------------------
2023-09-08 04:53:05,170 - root - INFO - Época 16/20
2023-09-08 04:53:05,171 - root - INFO - loss: 0.7481313170433045 - accuracy: 73.6475 - val_loss: 1.1439606420516968 - val_accuracy: 62.660000000000004
2023-09-08 04:53:05,171 - root - INFO - [Test] ---> accuracy: 61.99 - loss: 1.1446476224899291
2023-09-08 04:53:05,171 - root - INFO - test acc from best model : 62.13999999999999
2023-09-08 04:53:05,171 - root - INFO - Epoch 17
-------------------------------
2023-09-08 04:54:37,347 - root - INFO - Época 17/20
2023-09-08 04:54:37,347 - root - INFO - loss: 0.7329356589317322 - accuracy: 74.15 - val_loss: 1.2039315454483033 - val_accuracy: 60.95
2023-09-08 04:54:37,347 - root - INFO - [Test] ---> accuracy: 61.35 - loss: 1.2183563249588012
2023-09-08 04:54:37,347 - root - INFO - test acc from best model : 62.13999999999999
2023-09-08 04:54:37,347 - root - INFO - Epoch 18
-------------------------------
2023-09-08 04:56:09,292 - root - INFO - Época 18/20
2023-09-08 04:56:09,292 - root - INFO - loss: 0.7163941758394241 - accuracy: 74.45 - val_loss: 1.2736409427642823 - val_accuracy: 58.98
2023-09-08 04:56:09,292 - root - INFO - [Test] ---> accuracy: 59.31999999999999 - loss: 1.2616499114990234
2023-09-08 04:56:09,292 - root - INFO - test acc from best model : 62.13999999999999
2023-09-08 04:56:09,292 - root - INFO - Epoch 19
-------------------------------
2023-09-08 04:57:41,941 - root - INFO - Época 19/20
2023-09-08 04:57:41,941 - root - INFO - loss: 0.6974470165967941 - accuracy: 75.155 - val_loss: 1.3184555646896363 - val_accuracy: 58.86
2023-09-08 04:57:41,941 - root - INFO - [Test] ---> accuracy: 59.36 - loss: 1.3193932954788208
2023-09-08 04:57:41,941 - root - INFO - test acc from best model : 62.13999999999999
2023-09-08 04:57:41,941 - root - INFO - Epoch 20
-------------------------------
2023-09-08 04:59:16,015 - root - INFO - Época 20/20
2023-09-08 04:59:16,015 - root - INFO - loss: 0.6869439457774162 - accuracy: 75.6525 - val_loss: 1.3519428813934327 - val_accuracy: 58.730000000000004
2023-09-08 04:59:16,015 - root - INFO - [Test] ---> accuracy: 58.58 - loss: 1.373002677345276
2023-09-08 04:59:16,015 - root - INFO - test acc from best model : 62.13999999999999
2023-09-08 04:59:16,381 - root - INFO - Tempo treinamento:  1744.66 seconds
2023-09-08 04:59:16,381 - root - INFO - Menor loss: 1.130003398323059
2023-09-08 04:59:16,381 - root - INFO - Acurácia de teste do melhor modelo: 62.13999999999999
2023-09-08 04:59:16,381 - root - INFO - Métricas
2023-09-08 04:59:16,381 - root - INFO - ACC
2023-09-08 04:59:16,381 - root - INFO - {'epoch': [1,
           2,
           3,
           4,
           5,
           6,
           7,
           8,
           9,
           10,
           11,
           12,
           13,
           14,
           15,
           16,
           17,
           18,
           19,
           20],
 'test_acc': [44.529999999999994,
              43.03,
              45.379999999999995,
              53.49,
              57.550000000000004,
              58.050000000000004,
              60.51,
              54.63,
              55.2,
              59.919999999999995,
              60.67,
              59.489999999999995,
              59.940000000000005,
              62.13999999999999,
              62.160000000000004,
              61.99,
              61.35,
              59.31999999999999,
              59.36,
              58.58],
 'train_acc': [42.1925,
               52.96,
               56.9875,
               59.88,
               61.84,
               63.7925,
               65.14,
               66.3625,
               67.3475,
               68.5625,
               69.395,
               70.34,
               71.1675,
               71.87,
               73.0825,
               73.6475,
               74.15,
               74.45,
               75.155,
               75.6525],
 'val_acc': [45.32,
             42.65,
             45.87,
             52.580000000000005,
             57.56,
             57.46,
             60.68,
             53.94,
             54.43,
             59.88,
             59.74,
             59.730000000000004,
             59.61,
             62.61,
             62.39,
             62.660000000000004,
             60.95,
             58.98,
             58.86,
             58.730000000000004]}
2023-09-08 04:59:16,381 - root - INFO - LOSS
2023-09-08 04:59:16,382 - root - INFO - {'epoch': [1,
           2,
           3,
           4,
           5,
           6,
           7,
           8,
           9,
           10,
           11,
           12,
           13,
           14,
           15,
           16,
           17,
           18,
           19,
           20],
 'test_loss': [1.5470249029159546,
               1.7226752372741698,
               1.5721593900680542,
               1.3743653650283814,
               1.2359356552124023,
               1.2449432401657103,
               1.113523509979248,
               1.3592812520980835,
               1.428372864341736,
               1.1900446451187134,
               1.1553990423202514,
               1.1949560522079468,
               1.2028232858657837,
               1.1321195346832276,
               1.1739345914840698,
               1.1446476224899291,
               1.2183563249588012,
               1.2616499114990234,
               1.3193932954788208,
               1.373002677345276],
 'train_loss': [1.6013564482212066,
                1.3282356437683105,
                1.217574667263031,
                1.13600543923378,
                1.0799332210063934,
                1.029367632341385,
                0.989100248837471,
                0.9486658708572387,
                0.9226513323545456,
                0.8884954238414764,
                0.8642390919685363,
                0.8367760203838348,
                0.8138979679346084,
                0.7920182620048523,
                0.7669491386890411,
                0.7481313170433045,
                0.7329356589317322,
                0.7163941758394241,
                0.6974470165967941,
                0.6869439457774162],
 'val_loss': [1.5364089906692504,
              1.7066252769470214,
              1.5742410758972167,
              1.382063691329956,
              1.240184794998169,
              1.2440222141265869,
              1.1353432005882262,
              1.3790232486724854,
              1.4323634000778198,
              1.184573275089264,
              1.171831587791443,
              1.193864109802246,
              1.2039887550354005,
              1.130003398323059,
              1.153698464679718,
              1.1439606420516968,
              1.2039315454483033,
              1.2736409427642823,
              1.3184555646896363,
              1.3519428813934327]}
2023-09-08 09:16:27,227 - root - INFO - --------------------- Iniciando Novo Treinamento 90 ---------------------
2023-09-08 09:16:27,228 - root - INFO - Parametros
2023-09-08 09:16:27,228 - root - INFO - {'batch_size': 32,
 'dataset': 'CIFAR10',
 'epochs': 20,
 'learning_rate': 0.001,
 'network': 'LENET5',
 'num_workers': 1}
2023-09-08 09:16:27,228 - root - INFO - Construindo dataset para a rede LENET5
2023-09-08 09:16:31,825 - root - INFO - LeNet5(
  (layer1): Sequential(
    (0): Conv2d(3, 18, kernel_size=(5, 5), stride=(1, 1))
    (1): BatchNorm2d(18, eps=1e-05, momentum=0.1, affine=True, track_running_stats=True)
    (2): ReLU()
    (3): MaxPool2d(kernel_size=2, stride=2, padding=0, dilation=1, ceil_mode=False)
  )
  (layer2): Sequential(
    (0): Conv2d(18, 48, kernel_size=(5, 5), stride=(1, 1))
    (1): BatchNorm2d(48, eps=1e-05, momentum=0.1, affine=True, track_running_stats=True)
    (2): ReLU()
    (3): MaxPool2d(kernel_size=2, stride=2, padding=0, dilation=1, ceil_mode=False)
  )
  (fc): Linear(in_features=1200, out_features=360, bias=True)
  (relu): ReLU()
  (fc1): Linear(in_features=360, out_features=252, bias=True)
  (relu1): ReLU()
  (fc2): Linear(in_features=252, out_features=10, bias=True)
)
2023-09-08 09:16:31,826 - root - INFO - Iniciando treinamento
2023-09-08 09:16:31,826 - root - INFO - Epoch 1
-------------------------------
2023-09-08 09:18:16,384 - root - INFO - Validation loss decreased from : inf ----> 1.5354920240402221 ----> Saving Model.......
2023-09-08 09:18:16,385 - root - INFO - Validation acc:  49.059999999999995
2023-09-08 09:18:16,385 - root - INFO - Best Test acc from 0 ----> 49.04
2023-09-08 09:18:18,428 - root - INFO - Época 1/20
2023-09-08 09:18:18,428 - root - INFO - loss: 1.3869180564403534 - accuracy: 49.1575 - val_loss: 1.5354920240402221 - val_accuracy: 49.059999999999995
2023-09-08 09:18:18,428 - root - INFO - [Test] ---> accuracy: 49.04 - loss: 1.5329818262100219
2023-09-08 09:18:18,428 - root - INFO - test acc from best model : 49.04
2023-09-08 09:18:18,428 - root - INFO - Epoch 2
-------------------------------
2023-09-08 09:20:01,944 - root - INFO - Validation loss decreased from : 1.5354920240402221 ----> 1.2055536524772643 ----> Saving Model.......
2023-09-08 09:20:01,944 - root - INFO - Validation acc:  58.35
2023-09-08 09:20:01,944 - root - INFO - Best Test acc from 49.04 ----> 58.15
2023-09-08 09:20:04,175 - root - INFO - Época 2/20
2023-09-08 09:20:04,176 - root - INFO - loss: 1.0656700459957122 - accuracy: 61.7975 - val_loss: 1.2055536524772643 - val_accuracy: 58.35
2023-09-08 09:20:04,176 - root - INFO - [Test] ---> accuracy: 58.15 - loss: 1.2097302883148193
2023-09-08 09:20:04,176 - root - INFO - test acc from best model : 58.15
2023-09-08 09:20:04,176 - root - INFO - Epoch 3
-------------------------------
2023-09-08 09:21:47,523 - root - INFO - Validation loss decreased from : 1.2055536524772643 ----> 0.9271549476623535 ----> Saving Model.......
2023-09-08 09:21:47,523 - root - INFO - Validation acc:  67.66
2023-09-08 09:21:47,523 - root - INFO - Best Test acc from 58.15 ----> 67.83
2023-09-08 09:21:49,598 - root - INFO - Época 3/20
2023-09-08 09:21:49,598 - root - INFO - loss: 0.9052615823507308 - accuracy: 67.9 - val_loss: 0.9271549476623535 - val_accuracy: 67.66
2023-09-08 09:21:49,598 - root - INFO - [Test] ---> accuracy: 67.83 - loss: 0.9147768834114075
2023-09-08 09:21:49,598 - root - INFO - test acc from best model : 67.83
2023-09-08 09:21:49,598 - root - INFO - Epoch 4
-------------------------------
2023-09-08 09:23:33,547 - root - INFO - Época 4/20
2023-09-08 09:23:33,547 - root - INFO - loss: 0.7834763023614884 - accuracy: 72.595 - val_loss: 1.1945813513755799 - val_accuracy: 61.29
2023-09-08 09:23:33,547 - root - INFO - [Test] ---> accuracy: 61.29 - loss: 1.1863245267868041
2023-09-08 09:23:33,547 - root - INFO - test acc from best model : 67.83
2023-09-08 09:23:33,547 - root - INFO - Epoch 5
-------------------------------
2023-09-08 09:25:17,792 - root - INFO - Validation loss decreased from : 0.9271549476623535 ----> 0.8758128826618194 ----> Saving Model.......
2023-09-08 09:25:17,792 - root - INFO - Validation acc:  70.25
2023-09-08 09:25:17,792 - root - INFO - Best Test acc from 67.83 ----> 70.23
2023-09-08 09:25:19,917 - root - INFO - Época 5/20
2023-09-08 09:25:19,917 - root - INFO - loss: 0.6942979890346527 - accuracy: 75.19 - val_loss: 0.8758128826618194 - val_accuracy: 70.25
2023-09-08 09:25:19,917 - root - INFO - [Test] ---> accuracy: 70.23 - loss: 0.8768558589935302
2023-09-08 09:25:19,917 - root - INFO - test acc from best model : 70.23
2023-09-08 09:25:20,290 - root - INFO - Epoch 6
-------------------------------
2023-09-08 09:27:13,853 - root - INFO - Época 6/20
2023-09-08 09:27:13,854 - root - INFO - loss: 0.6154570294141769 - accuracy: 78.0 - val_loss: 0.8830865616798401 - val_accuracy: 70.24000000000001
2023-09-08 09:27:13,854 - root - INFO - [Test] ---> accuracy: 70.78999999999999 - loss: 0.8718065529823303
2023-09-08 09:27:13,854 - root - INFO - test acc from best model : 70.23
2023-09-08 09:27:13,854 - root - INFO - Epoch 7
-------------------------------
2023-09-08 09:29:04,470 - root - INFO - Época 7/20
2023-09-08 09:29:04,470 - root - INFO - loss: 0.548974649655819 - accuracy: 80.55 - val_loss: 0.9497580638885498 - val_accuracy: 69.98
2023-09-08 09:29:04,470 - root - INFO - [Test] ---> accuracy: 69.73 - loss: 0.941894766998291
2023-09-08 09:29:04,470 - root - INFO - test acc from best model : 70.23
2023-09-08 09:29:04,470 - root - INFO - Epoch 8
-------------------------------
2023-09-08 09:30:54,871 - root - INFO - Época 8/20
2023-09-08 09:30:54,872 - root - INFO - loss: 0.48257821236252785 - accuracy: 82.795 - val_loss: 1.0753906863212586 - val_accuracy: 67.67999999999999
2023-09-08 09:30:54,872 - root - INFO - [Test] ---> accuracy: 67.54 - loss: 1.080446368598938
2023-09-08 09:30:54,872 - root - INFO - test acc from best model : 70.23
2023-09-08 09:30:54,872 - root - INFO - Epoch 9
-------------------------------
2023-09-08 09:32:25,917 - root - INFO - Época 9/20
2023-09-08 09:32:25,917 - root - INFO - loss: 0.4233745162367821 - accuracy: 84.9425 - val_loss: 0.9984349029541015 - val_accuracy: 70.00999999999999
2023-09-08 09:32:25,917 - root - INFO - [Test] ---> accuracy: 70.21 - loss: 0.9839730351448059
2023-09-08 09:32:25,918 - root - INFO - test acc from best model : 70.23
2023-09-08 09:32:25,918 - root - INFO - Epoch 10
-------------------------------
2023-09-08 09:33:57,312 - root - INFO - Época 10/20
2023-09-08 09:33:57,312 - root - INFO - loss: 0.3667271386563778 - accuracy: 86.885 - val_loss: 1.1130680254936218 - val_accuracy: 67.82000000000001
2023-09-08 09:33:57,312 - root - INFO - [Test] ---> accuracy: 68.77 - loss: 1.0886005687713622
2023-09-08 09:33:57,312 - root - INFO - test acc from best model : 70.23
2023-09-08 09:33:57,648 - root - INFO - Epoch 11
-------------------------------
2023-09-08 09:35:34,838 - root - INFO - Época 11/20
2023-09-08 09:35:34,839 - root - INFO - loss: 0.31890474939644337 - accuracy: 88.5625 - val_loss: 1.0433131905555726 - val_accuracy: 71.07
2023-09-08 09:35:34,839 - root - INFO - [Test] ---> accuracy: 71.71 - loss: 1.0305375324249268
2023-09-08 09:35:34,839 - root - INFO - test acc from best model : 70.23
2023-09-08 09:35:34,839 - root - INFO - Epoch 12
-------------------------------
2023-09-08 09:37:12,212 - root - INFO - Época 12/20
2023-09-08 09:37:12,212 - root - INFO - loss: 0.2763291177392006 - accuracy: 90.1275 - val_loss: 1.2585265372276306 - val_accuracy: 68.37
2023-09-08 09:37:12,212 - root - INFO - [Test] ---> accuracy: 68.57 - loss: 1.236621739768982
2023-09-08 09:37:12,212 - root - INFO - test acc from best model : 70.23
2023-09-08 09:37:12,213 - root - INFO - Epoch 13
-------------------------------
2023-09-08 09:38:51,645 - root - INFO - Época 13/20
2023-09-08 09:38:51,645 - root - INFO - loss: 0.249448164370656 - accuracy: 91.09 - val_loss: 1.2093763264656068 - val_accuracy: 71.27
2023-09-08 09:38:51,645 - root - INFO - [Test] ---> accuracy: 71.59 - loss: 1.1865184915542601
2023-09-08 09:38:51,645 - root - INFO - test acc from best model : 70.23
2023-09-08 09:38:51,645 - root - INFO - Epoch 14
-------------------------------
2023-09-08 09:40:36,383 - root - INFO - Época 14/20
2023-09-08 09:40:36,383 - root - INFO - loss: 0.2176633352547884 - accuracy: 92.3075 - val_loss: 1.2403469968795777 - val_accuracy: 71.19
2023-09-08 09:40:36,384 - root - INFO - [Test] ---> accuracy: 71.61999999999999 - loss: 1.2157411571502685
2023-09-08 09:40:36,384 - root - INFO - test acc from best model : 70.23
2023-09-08 09:40:36,384 - root - INFO - Epoch 15
-------------------------------
2023-09-08 09:42:18,827 - root - INFO - Época 15/20
2023-09-08 09:42:18,827 - root - INFO - loss: 0.18926163820028305 - accuracy: 93.24 - val_loss: 1.2990959435462952 - val_accuracy: 70.97
2023-09-08 09:42:18,827 - root - INFO - [Test] ---> accuracy: 71.5 - loss: 1.2963807002067567
2023-09-08 09:42:18,827 - root - INFO - test acc from best model : 70.23
2023-09-08 09:42:19,212 - root - INFO - Epoch 16
-------------------------------
2023-09-08 09:44:02,461 - root - INFO - Época 16/20
2023-09-08 09:44:02,461 - root - INFO - loss: 0.17424785651564598 - accuracy: 93.7725 - val_loss: 1.3804871688842772 - val_accuracy: 70.81
2023-09-08 09:44:02,461 - root - INFO - [Test] ---> accuracy: 70.65 - loss: 1.3671079182624817
2023-09-08 09:44:02,461 - root - INFO - test acc from best model : 70.23
2023-09-08 09:44:02,461 - root - INFO - Epoch 17
-------------------------------
2023-09-08 09:45:45,681 - root - INFO - Época 17/20
2023-09-08 09:45:45,681 - root - INFO - loss: 0.15529600940644742 - accuracy: 94.43 - val_loss: 1.4900801206588745 - val_accuracy: 70.76
2023-09-08 09:45:45,681 - root - INFO - [Test] ---> accuracy: 70.30999999999999 - loss: 1.4745087635040284
2023-09-08 09:45:45,681 - root - INFO - test acc from best model : 70.23
2023-09-08 09:45:45,681 - root - INFO - Epoch 18
-------------------------------
2023-09-08 09:47:28,952 - root - INFO - Época 18/20
2023-09-08 09:47:28,952 - root - INFO - loss: 0.141319085675478 - accuracy: 95.005 - val_loss: 1.6392603872776033 - val_accuracy: 68.71000000000001
2023-09-08 09:47:28,952 - root - INFO - [Test] ---> accuracy: 69.73 - loss: 1.597869294643402
2023-09-08 09:47:28,952 - root - INFO - test acc from best model : 70.23
2023-09-08 09:47:28,952 - root - INFO - Epoch 19
-------------------------------
2023-09-08 09:49:12,226 - root - INFO - Época 19/20
2023-09-08 09:49:12,227 - root - INFO - loss: 0.13480696248710156 - accuracy: 95.3275 - val_loss: 1.7143154154777527 - val_accuracy: 68.04
2023-09-08 09:49:12,227 - root - INFO - [Test] ---> accuracy: 67.82000000000001 - loss: 1.7304223731994628
2023-09-08 09:49:12,227 - root - INFO - test acc from best model : 70.23
2023-09-08 09:49:12,227 - root - INFO - Epoch 20
-------------------------------
2023-09-08 09:50:55,042 - root - INFO - Época 20/20
2023-09-08 09:50:55,042 - root - INFO - loss: 0.1225620945096016 - accuracy: 95.7925 - val_loss: 1.686406048297882 - val_accuracy: 69.6
2023-09-08 09:50:55,042 - root - INFO - [Test] ---> accuracy: 70.1 - loss: 1.6793344944953918
2023-09-08 09:50:55,042 - root - INFO - test acc from best model : 70.23
2023-09-08 09:50:55,426 - root - INFO - Tempo treinamento:  2063.60 seconds
2023-09-08 09:50:55,426 - root - INFO - Menor loss: 0.8758128826618194
2023-09-08 09:50:55,426 - root - INFO - Acurácia de teste do melhor modelo: 70.23
2023-09-08 09:50:55,426 - root - INFO - Métricas
2023-09-08 09:50:55,426 - root - INFO - ACC
2023-09-08 09:50:55,427 - root - INFO - {'epoch': [1,
           2,
           3,
           4,
           5,
           6,
           7,
           8,
           9,
           10,
           11,
           12,
           13,
           14,
           15,
           16,
           17,
           18,
           19,
           20],
 'test_acc': [49.04,
              58.15,
              67.83,
              61.29,
              70.23,
              70.78999999999999,
              69.73,
              67.54,
              70.21,
              68.77,
              71.71,
              68.57,
              71.59,
              71.61999999999999,
              71.5,
              70.65,
              70.30999999999999,
              69.73,
              67.82000000000001,
              70.1],
 'train_acc': [49.1575,
               61.7975,
               67.9,
               72.595,
               75.19,
               78.0,
               80.55,
               82.795,
               84.9425,
               86.885,
               88.5625,
               90.1275,
               91.09,
               92.3075,
               93.24,
               93.7725,
               94.43,
               95.005,
               95.3275,
               95.7925],
 'val_acc': [49.059999999999995,
             58.35,
             67.66,
             61.29,
             70.25,
             70.24000000000001,
             69.98,
             67.67999999999999,
             70.00999999999999,
             67.82000000000001,
             71.07,
             68.37,
             71.27,
             71.19,
             70.97,
             70.81,
             70.76,
             68.71000000000001,
             68.04,
             69.6]}
2023-09-08 09:50:55,427 - root - INFO - LOSS
2023-09-08 09:50:55,427 - root - INFO - {'epoch': [1,
           2,
           3,
           4,
           5,
           6,
           7,
           8,
           9,
           10,
           11,
           12,
           13,
           14,
           15,
           16,
           17,
           18,
           19,
           20],
 'test_loss': [1.5329818262100219,
               1.2097302883148193,
               0.9147768834114075,
               1.1863245267868041,
               0.8768558589935302,
               0.8718065529823303,
               0.941894766998291,
               1.080446368598938,
               0.9839730351448059,
               1.0886005687713622,
               1.0305375324249268,
               1.236621739768982,
               1.1865184915542601,
               1.2157411571502685,
               1.2963807002067567,
               1.3671079182624817,
               1.4745087635040284,
               1.597869294643402,
               1.7304223731994628,
               1.6793344944953918],
 'train_loss': [1.3869180564403534,
                1.0656700459957122,
                0.9052615823507308,
                0.7834763023614884,
                0.6942979890346527,
                0.6154570294141769,
                0.548974649655819,
                0.48257821236252785,
                0.4233745162367821,
                0.3667271386563778,
                0.31890474939644337,
                0.2763291177392006,
                0.249448164370656,
                0.2176633352547884,
                0.18926163820028305,
                0.17424785651564598,
                0.15529600940644742,
                0.141319085675478,
                0.13480696248710156,
                0.1225620945096016],
 'val_loss': [1.5354920240402221,
              1.2055536524772643,
              0.9271549476623535,
              1.1945813513755799,
              0.8758128826618194,
              0.8830865616798401,
              0.9497580638885498,
              1.0753906863212586,
              0.9984349029541015,
              1.1130680254936218,
              1.0433131905555726,
              1.2585265372276306,
              1.2093763264656068,
              1.2403469968795777,
              1.2990959435462952,
              1.3804871688842772,
              1.4900801206588745,
              1.6392603872776033,
              1.7143154154777527,
              1.686406048297882]}
