2023-09-02 16:43:32,913 - root - INFO - --------------------- Iniciando Novo Treinamento 40 ---------------------
2023-09-02 16:43:32,914 - root - INFO - Parametros
2023-09-02 16:43:32,914 - root - INFO - {'batch_size': 64,
 'dataset': 'FASHIONMNIST',
 'epochs': 25,
 'learning_rate': 0.001,
 'network': 'ALEXNET',
 'num_workers': 1}
2023-09-02 16:43:32,914 - root - INFO - Construindo dataset para a rede ALEXNET
2023-09-02 16:43:36,951 - root - INFO - Construindo modelo para a rede ALEXNET
2023-09-02 16:43:37,471 - root - INFO - AlexNet(
  (layer1): Sequential(
    (0): Conv2d(1, 96, kernel_size=(11, 11), stride=(4, 4))
    (1): BatchNorm2d(96, eps=1e-05, momentum=0.1, affine=True, track_running_stats=True)
    (2): ReLU()
    (3): MaxPool2d(kernel_size=3, stride=2, padding=0, dilation=1, ceil_mode=False)
  )
  (layer2): Sequential(
    (0): Conv2d(96, 256, kernel_size=(5, 5), stride=(1, 1), padding=(2, 2))
    (1): BatchNorm2d(256, eps=1e-05, momentum=0.1, affine=True, track_running_stats=True)
    (2): ReLU()
    (3): MaxPool2d(kernel_size=3, stride=2, padding=0, dilation=1, ceil_mode=False)
  )
  (layer3): Sequential(
    (0): Conv2d(256, 384, kernel_size=(3, 3), stride=(1, 1), padding=(1, 1))
    (1): BatchNorm2d(384, eps=1e-05, momentum=0.1, affine=True, track_running_stats=True)
    (2): ReLU()
  )
  (layer4): Sequential(
    (0): Conv2d(384, 384, kernel_size=(3, 3), stride=(1, 1), padding=(1, 1))
    (1): BatchNorm2d(384, eps=1e-05, momentum=0.1, affine=True, track_running_stats=True)
    (2): ReLU()
  )
  (layer5): Sequential(
    (0): Conv2d(384, 256, kernel_size=(3, 3), stride=(1, 1), padding=(1, 1))
    (1): BatchNorm2d(256, eps=1e-05, momentum=0.1, affine=True, track_running_stats=True)
    (2): ReLU()
    (3): MaxPool2d(kernel_size=3, stride=2, padding=0, dilation=1, ceil_mode=False)
  )
  (fc): Sequential(
    (0): Dropout(p=0.5, inplace=False)
    (1): Linear(in_features=9216, out_features=4096, bias=True)
    (2): ReLU()
  )
  (fc1): Sequential(
    (0): Dropout(p=0.5, inplace=False)
    (1): Linear(in_features=4096, out_features=4096, bias=True)
    (2): ReLU()
  )
  (fc2): Sequential(
    (0): Linear(in_features=4096, out_features=10, bias=True)
  )
)
2023-09-02 16:43:37,472 - root - INFO - Iniciando treinamento
2023-09-02 16:43:37,472 - root - INFO - Epoch 1
-------------------------------
2023-09-02 16:45:40,513 - root - INFO - Validation loss decreased from : inf ----> 0.5711620286741155 ----> Saving Model.......
2023-09-02 16:45:40,513 - root - INFO - Validation acc:  81.27499999999999
2023-09-02 16:45:40,513 - root - INFO - Época: 1 - Test Acc: 80.30000000000001 - Val Acc: 81.27499999999999
2023-09-02 16:45:40,513 - root - INFO - Epoch 2
-------------------------------
2023-09-02 16:47:42,346 - root - INFO - Validation loss decreased from : 0.5711620286741155 ----> 0.5282868508328783 ----> Saving Model.......
2023-09-02 16:47:42,346 - root - INFO - Validation acc:  84.1
2023-09-02 16:47:42,346 - root - INFO - Época: 2 - Test Acc: 83.22 - Val Acc: 84.1
2023-09-02 16:47:42,346 - root - INFO - Epoch 3
-------------------------------
2023-09-02 16:49:44,515 - root - INFO - Época: 3 - Test Acc: 83.36 - Val Acc: 84.33333333333334
2023-09-02 16:49:44,515 - root - INFO - Epoch 4
-------------------------------
2023-09-02 16:51:45,200 - root - INFO - Validation loss decreased from : 0.5282868508328783 ----> 0.4293198699646808 ----> Saving Model.......
2023-09-02 16:51:45,200 - root - INFO - Validation acc:  86.52499999999999
2023-09-02 16:51:45,200 - root - INFO - Época: 4 - Test Acc: 85.9 - Val Acc: 86.52499999999999
2023-09-02 16:51:45,200 - root - INFO - Epoch 5
-------------------------------
2023-09-02 16:53:45,651 - root - INFO - Validation loss decreased from : 0.4293198699646808 ----> 0.3929397924307813 ----> Saving Model.......
2023-09-02 16:53:45,652 - root - INFO - Validation acc:  87.36666666666667
2023-09-02 16:53:45,652 - root - INFO - Época: 5 - Test Acc: 86.61999999999999 - Val Acc: 87.36666666666667
2023-09-02 16:53:45,652 - root - INFO - Epoch 6
-------------------------------
2023-09-02 16:55:47,644 - root - INFO - Época: 6 - Test Acc: 84.89999999999999 - Val Acc: 85.88333333333334
2023-09-02 16:55:47,644 - root - INFO - Epoch 7
-------------------------------
2023-09-02 16:57:48,475 - root - INFO - Validation loss decreased from : 0.3929397924307813 ----> 0.3778544432939367 ----> Saving Model.......
2023-09-02 16:57:48,475 - root - INFO - Validation acc:  89.13333333333333
2023-09-02 16:57:48,475 - root - INFO - Época: 7 - Test Acc: 88.58 - Val Acc: 89.13333333333333
2023-09-02 16:57:48,475 - root - INFO - Epoch 8
-------------------------------
2023-09-02 16:59:49,795 - root - INFO - Validation loss decreased from : 0.3778544432939367 ----> 0.3371463177844565 ----> Saving Model.......
2023-09-02 16:59:49,796 - root - INFO - Validation acc:  88.52499999999999
2023-09-02 16:59:49,796 - root - INFO - Época: 8 - Test Acc: 88.3 - Val Acc: 88.52499999999999
2023-09-02 16:59:49,796 - root - INFO - Epoch 9
-------------------------------
2023-09-02 17:01:50,805 - root - INFO - Época: 9 - Test Acc: 87.13 - Val Acc: 87.4
2023-09-02 17:01:50,805 - root - INFO - Epoch 10
-------------------------------
2023-09-02 17:03:51,629 - root - INFO - Validation loss decreased from : 0.3371463177844565 ----> 0.2978248397245052 ----> Saving Model.......
2023-09-02 17:03:51,630 - root - INFO - Validation acc:  90.91666666666667
2023-09-02 17:03:51,630 - root - INFO - Época: 10 - Test Acc: 90.35 - Val Acc: 90.91666666666667
2023-09-02 17:03:51,630 - root - INFO - Epoch 11
-------------------------------
2023-09-02 17:05:52,801 - root - INFO - Época: 11 - Test Acc: 90.71000000000001 - Val Acc: 91.10833333333333
2023-09-02 17:05:52,801 - root - INFO - Epoch 12
-------------------------------
2023-09-02 17:07:53,665 - root - INFO - Época: 12 - Test Acc: 88.34 - Val Acc: 88.70833333333333
2023-09-02 17:07:53,665 - root - INFO - Epoch 13
-------------------------------
2023-09-02 17:09:54,529 - root - INFO - Validation loss decreased from : 0.2978248397245052 ----> 0.27671538606444573 ----> Saving Model.......
2023-09-02 17:09:54,530 - root - INFO - Validation acc:  91.25833333333333
2023-09-02 17:09:54,530 - root - INFO - Época: 13 - Test Acc: 91.25 - Val Acc: 91.25833333333333
2023-09-02 17:09:54,530 - root - INFO - Epoch 14
-------------------------------
2023-09-02 17:11:55,115 - root - INFO - Validation loss decreased from : 0.27671538606444573 ----> 0.24613497437948875 ----> Saving Model.......
2023-09-02 17:11:55,116 - root - INFO - Validation acc:  92.45833333333333
2023-09-02 17:11:55,116 - root - INFO - Época: 14 - Test Acc: 91.92 - Val Acc: 92.45833333333333
2023-09-02 17:11:55,116 - root - INFO - Epoch 15
-------------------------------
2023-09-02 17:13:56,854 - root - INFO - Época: 15 - Test Acc: 91.53 - Val Acc: 92.05833333333334
2023-09-02 17:13:56,854 - root - INFO - Epoch 16
-------------------------------
2023-09-02 17:15:58,179 - root - INFO - Época: 16 - Test Acc: 91.83 - Val Acc: 91.75833333333333
2023-09-02 17:15:58,179 - root - INFO - Epoch 17
-------------------------------
2023-09-02 17:17:59,454 - root - INFO - Validation loss decreased from : 0.24613497437948875 ----> 0.2458665795782779 ----> Saving Model.......
2023-09-02 17:17:59,454 - root - INFO - Validation acc:  91.40833333333333
2023-09-02 17:17:59,454 - root - INFO - Época: 17 - Test Acc: 91.64 - Val Acc: 91.40833333333333
2023-09-02 17:17:59,454 - root - INFO - Epoch 18
-------------------------------
2023-09-02 17:20:01,840 - root - INFO - Validation loss decreased from : 0.2458665795782779 ----> 0.24373806553318145 ----> Saving Model.......
2023-09-02 17:20:01,841 - root - INFO - Validation acc:  91.83333333333333
2023-09-02 17:20:01,841 - root - INFO - Época: 18 - Test Acc: 90.99000000000001 - Val Acc: 91.83333333333333
2023-09-02 17:20:01,841 - root - INFO - Epoch 19
-------------------------------
2023-09-02 17:22:02,911 - root - INFO - Validation loss decreased from : 0.24373806553318145 ----> 0.2304580366991936 ----> Saving Model.......
2023-09-02 17:22:02,911 - root - INFO - Validation acc:  92.43333333333334
2023-09-02 17:22:02,911 - root - INFO - Época: 19 - Test Acc: 92.13 - Val Acc: 92.43333333333334
2023-09-02 17:22:02,911 - root - INFO - Epoch 20
-------------------------------
2023-09-02 17:24:04,526 - root - INFO - Época: 20 - Test Acc: 92.21000000000001 - Val Acc: 92.40833333333333
2023-09-02 17:24:04,526 - root - INFO - Epoch 21
-------------------------------
2023-09-02 17:26:05,993 - root - INFO - Validation loss decreased from : 0.2304580366991936 ----> 0.22240097967392586 ----> Saving Model.......
2023-09-02 17:26:05,993 - root - INFO - Validation acc:  92.68333333333332
2023-09-02 17:26:05,993 - root - INFO - Época: 21 - Test Acc: 92.15 - Val Acc: 92.68333333333332
2023-09-02 17:26:05,993 - root - INFO - Epoch 22
-------------------------------
2023-09-02 17:28:07,649 - root - INFO - Época: 22 - Test Acc: 91.39 - Val Acc: 91.2
2023-09-02 17:28:07,649 - root - INFO - Epoch 23
-------------------------------
2023-09-02 17:30:09,367 - root - INFO - Validation loss decreased from : 0.22240097967392586 ----> 0.20489175760365547 ----> Saving Model.......
2023-09-02 17:30:09,368 - root - INFO - Validation acc:  93.375
2023-09-02 17:30:09,368 - root - INFO - Época: 23 - Test Acc: 93.07 - Val Acc: 93.375
2023-09-02 17:30:09,368 - root - INFO - Epoch 24
-------------------------------
2023-09-02 17:32:11,564 - root - INFO - Época: 24 - Test Acc: 91.77 - Val Acc: 92.10000000000001
2023-09-02 17:32:11,564 - root - INFO - Epoch 25
-------------------------------
2023-09-02 17:34:12,970 - root - INFO - Época: 25 - Test Acc: 92.52 - Val Acc: 92.90833333333333
2023-09-02 17:34:12,970 - root - INFO - Tempo treinamento:  3035.50 seconds
2023-09-02 17:34:12,970 - root - INFO - Métricas
2023-09-02 17:34:12,970 - root - INFO - ACC
2023-09-02 17:34:12,970 - root - INFO - {'epoch': [1,
           2,
           3,
           4,
           5,
           6,
           7,
           8,
           9,
           10,
           11,
           12,
           13,
           14,
           15,
           16,
           17,
           18,
           19,
           20,
           21,
           22,
           23,
           24,
           25],
 'test_acc': [80.30000000000001,
              83.22,
              83.36,
              85.9,
              86.61999999999999,
              84.89999999999999,
              88.58,
              88.3,
              87.13,
              90.35,
              90.71000000000001,
              88.34,
              91.25,
              91.92,
              91.53,
              91.83,
              91.64,
              90.99000000000001,
              92.13,
              92.21000000000001,
              92.15,
              91.39,
              93.07,
              91.77,
              92.52],
 'train_acc': [65.6625,
               76.89375,
               80.25416666666666,
               83.1,
               85.07708333333333,
               86.73125,
               87.66041666666666,
               88.69791666666667,
               89.40625,
               90.06041666666667,
               90.60416666666667,
               91.35208333333334,
               91.7375,
               92.14583333333333,
               92.625,
               92.82083333333334,
               93.55625,
               93.74791666666667,
               93.76875,
               94.33541666666666,
               94.48333333333333,
               94.61458333333333,
               94.81666666666666,
               95.32291666666667,
               95.4],
 'val_acc': [81.27499999999999,
             84.1,
             84.33333333333334,
             86.52499999999999,
             87.36666666666667,
             85.88333333333334,
             89.13333333333333,
             88.52499999999999,
             87.4,
             90.91666666666667,
             91.10833333333333,
             88.70833333333333,
             91.25833333333333,
             92.45833333333333,
             92.05833333333334,
             91.75833333333333,
             91.40833333333333,
             91.83333333333333,
             92.43333333333334,
             92.40833333333333,
             92.68333333333332,
             91.2,
             93.375,
             92.10000000000001,
             92.90833333333333]}
2023-09-02 17:34:12,970 - root - INFO - LOSS
2023-09-02 17:34:12,971 - root - INFO - {'epoch': [1,
           2,
           3,
           4,
           5,
           6,
           7,
           8,
           9,
           10,
           11,
           12,
           13,
           14,
           15,
           16,
           17,
           18,
           19,
           20,
           21,
           22,
           23,
           24,
           25],
 'test_loss': [0.5881703389678031,
               0.5423152666942329,
               0.5441225121735008,
               0.4433704272956605,
               0.4056181667526816,
               0.4779615352867515,
               0.3862255867689278,
               0.343181749817672,
               0.4024472110400534,
               0.30402374618751987,
               0.3191186119416717,
               0.3367126619170426,
               0.2796994290154451,
               0.2546515412106635,
               0.2542856463770958,
               0.2558477596872172,
               0.2480731007589656,
               0.25121805845362366,
               0.23998912253007768,
               0.23523823081687756,
               0.23240129644893537,
               0.25454139244404567,
               0.21604871460396774,
               0.25061991511826304,
               0.21906962893476153],
 'train_loss': [1.0166291125218074,
                0.6266420941352844,
                0.5355110924442609,
                0.4637982352773348,
                0.4116140466531118,
                0.3690441123247147,
                0.34551877443989115,
                0.31691336614886917,
                0.2965225093563398,
                0.2763322167297204,
                0.26295889462033906,
                0.24629833801587422,
                0.23349592934548855,
                0.22279794951279958,
                0.20657639484107496,
                0.20121696504453818,
                0.18410542476425568,
                0.17835870230694612,
                0.17583602090428274,
                0.15887381312002738,
                0.15478028658901652,
                0.15251947546750308,
                0.14619176110625268,
                0.13390603042642277,
                0.13161095716183385],
 'val_loss': [0.5711620286741155,
              0.5282868508328783,
              0.536953848093114,
              0.4293198699646808,
              0.3929397924307813,
              0.4692963280893387,
              0.3778544432939367,
              0.3371463177844565,
              0.3990523580541002,
              0.2978248397245052,
              0.30765126962611017,
              0.3305092279977621,
              0.27671538606444573,
              0.24613497437948875,
              0.2484849015290433,
              0.25251643434959525,
              0.2458665795782779,
              0.24373806553318145,
              0.2304580366991936,
              0.23106866016825464,
              0.22240097967392586,
              0.24359465759009757,
              0.20489175760365547,
              0.24848882192151345,
              0.21124279158229523]}
2023-09-02 17:34:19,494 - root - INFO - Rodando evaluation
2023-09-02 17:34:19,495 - root - INFO - Construindo dataset para a rede ALEXNET
