2023-09-02 02:17:24,440 - root - INFO - --------------------- Iniciando Novo Treinamento 19 ---------------------
2023-09-02 02:17:24,440 - root - INFO - Parametros
2023-09-02 02:17:24,441 - root - INFO - {'batch_size': 64,
 'dataset': 'FASHIONMNIST',
 'epochs': 20,
 'learning_rate': 0.001,
 'network': 'LENET5',
 'num_workers': 1}
2023-09-02 02:17:24,441 - root - INFO - Construindo dataset para a rede LENET5
2023-09-02 02:17:27,959 - root - INFO - Construindo modelo para a rede LENET5
2023-09-02 02:17:27,962 - root - INFO - LeNet5(
  (layer1): Sequential(
    (0): Conv2d(1, 6, kernel_size=(5, 5), stride=(1, 1))
    (1): BatchNorm2d(6, eps=1e-05, momentum=0.1, affine=True, track_running_stats=True)
    (2): ReLU()
    (3): MaxPool2d(kernel_size=2, stride=2, padding=0, dilation=1, ceil_mode=False)
  )
  (layer2): Sequential(
    (0): Conv2d(6, 16, kernel_size=(5, 5), stride=(1, 1))
    (1): BatchNorm2d(16, eps=1e-05, momentum=0.1, affine=True, track_running_stats=True)
    (2): ReLU()
    (3): MaxPool2d(kernel_size=2, stride=2, padding=0, dilation=1, ceil_mode=False)
  )
  (fc): Linear(in_features=400, out_features=120, bias=True)
  (relu): ReLU()
  (fc1): Linear(in_features=120, out_features=84, bias=True)
  (relu1): ReLU()
  (fc2): Linear(in_features=84, out_features=10, bias=True)
)
2023-09-02 02:17:27,962 - root - INFO - Iniciando treinamento
2023-09-02 02:17:27,962 - root - INFO - Epoch 1
-------------------------------
2023-09-02 02:18:31,701 - root - INFO - Validation loss decreased from : inf ----> 0.38754530591850583 ----> Saving Model.......
2023-09-02 02:18:31,720 - root - INFO - Época: 1 - Test Acc: 84.89999999999999 - Val Acc: 85.39166666666667
2023-09-02 02:18:31,720 - root - INFO - Epoch 2
-------------------------------
2023-09-02 02:19:33,467 - root - INFO - Validation loss decreased from : 0.38754530591850583 ----> 0.32054010437841113 ----> Saving Model.......
2023-09-02 02:19:33,470 - root - INFO - Época: 2 - Test Acc: 87.37 - Val Acc: 87.85
2023-09-02 02:19:33,470 - root - INFO - Epoch 3
-------------------------------
2023-09-02 02:20:35,508 - root - INFO - Época: 3 - Test Acc: 86.64 - Val Acc: 87.24166666666666
2023-09-02 02:20:35,508 - root - INFO - Epoch 4
-------------------------------
2023-09-02 02:21:38,773 - root - INFO - Época: 4 - Test Acc: 87.38 - Val Acc: 87.83333333333333
2023-09-02 02:21:38,773 - root - INFO - Epoch 5
-------------------------------
2023-09-02 02:22:42,088 - root - INFO - Validation loss decreased from : 0.32054010437841113 ----> 0.2854684519165374 ----> Saving Model.......
2023-09-02 02:22:42,092 - root - INFO - Época: 5 - Test Acc: 88.7 - Val Acc: 89.47500000000001
2023-09-02 02:22:42,092 - root - INFO - Epoch 6
-------------------------------
2023-09-02 02:23:42,956 - root - INFO - Época: 6 - Test Acc: 88.53999999999999 - Val Acc: 89.05833333333332
2023-09-02 02:23:42,956 - root - INFO - Epoch 7
-------------------------------
2023-09-02 02:24:44,638 - root - INFO - Época: 7 - Test Acc: 88.97 - Val Acc: 89.33333333333333
2023-09-02 02:24:44,638 - root - INFO - Epoch 8
-------------------------------
2023-09-02 02:25:48,364 - root - INFO - Validation loss decreased from : 0.2854684519165374 ----> 0.27774805218932475 ----> Saving Model.......
2023-09-02 02:25:48,367 - root - INFO - Época: 8 - Test Acc: 89.72 - Val Acc: 89.825
2023-09-02 02:25:48,368 - root - INFO - Epoch 9
-------------------------------
2023-09-02 02:26:51,290 - root - INFO - Validation loss decreased from : 0.27774805218932475 ----> 0.26271666255482334 ----> Saving Model.......
2023-09-02 02:26:51,293 - root - INFO - Época: 9 - Test Acc: 89.72 - Val Acc: 90.5
2023-09-02 02:26:51,293 - root - INFO - Epoch 10
-------------------------------
2023-09-02 02:27:52,308 - root - INFO - Época: 10 - Test Acc: 89.9 - Val Acc: 90.69166666666668
2023-09-02 02:27:52,308 - root - INFO - Epoch 11
-------------------------------
2023-09-02 02:28:53,496 - root - INFO - Época: 11 - Test Acc: 90.41 - Val Acc: 90.84166666666667
2023-09-02 02:28:53,497 - root - INFO - Epoch 12
-------------------------------
2023-09-02 02:29:56,412 - root - INFO - Época: 12 - Test Acc: 90.12 - Val Acc: 90.75833333333333
2023-09-02 02:29:56,412 - root - INFO - Epoch 13
-------------------------------
2023-09-02 02:30:56,053 - root - INFO - Época: 13 - Test Acc: 90.35 - Val Acc: 90.23333333333333
2023-09-02 02:30:56,053 - root - INFO - Epoch 14
-------------------------------
2023-09-02 02:31:58,792 - root - INFO - Época: 14 - Test Acc: 89.60000000000001 - Val Acc: 90.075
2023-09-02 02:31:58,792 - root - INFO - Epoch 15
-------------------------------
2023-09-02 02:33:01,048 - root - INFO - Época: 15 - Test Acc: 89.97 - Val Acc: 90.675
2023-09-02 02:33:01,048 - root - INFO - Epoch 16
-------------------------------
2023-09-02 02:34:04,180 - root - INFO - Época: 16 - Test Acc: 89.82 - Val Acc: 90.50833333333334
2023-09-02 02:34:04,180 - root - INFO - Epoch 17
-------------------------------
2023-09-02 02:35:07,223 - root - INFO - Época: 17 - Test Acc: 89.84 - Val Acc: 89.85833333333333
2023-09-02 02:35:07,223 - root - INFO - Epoch 18
-------------------------------
2023-09-02 02:36:10,706 - root - INFO - Época: 18 - Test Acc: 89.91 - Val Acc: 89.83333333333333
2023-09-02 02:36:10,706 - root - INFO - Epoch 19
-------------------------------
2023-09-02 02:37:11,845 - root - INFO - Época: 19 - Test Acc: 90.19 - Val Acc: 90.25
2023-09-02 02:37:11,845 - root - INFO - Epoch 20
-------------------------------
2023-09-02 02:38:14,817 - root - INFO - Época: 20 - Test Acc: 90.02 - Val Acc: 90.05833333333332
2023-09-02 02:38:14,817 - root - INFO - Tempo treinamento:  1246.85 seconds
2023-09-02 02:38:14,817 - root - INFO - Métricas
2023-09-02 02:38:14,817 - root - INFO - ACC
2023-09-02 02:38:14,817 - root - INFO - {'epoch': [1,
           2,
           3,
           4,
           5,
           6,
           7,
           8,
           9,
           10,
           11,
           12,
           13,
           14,
           15,
           16,
           17,
           18,
           19,
           20],
 'test_acc': [84.89999999999999,
              87.37,
              86.64,
              87.38,
              88.7,
              88.53999999999999,
              88.97,
              89.72,
              89.72,
              89.9,
              90.41,
              90.12,
              90.35,
              89.60000000000001,
              89.97,
              89.82,
              89.84,
              89.91,
              90.19,
              90.02],
 'train_acc': [81.575,
               87.52708333333334,
               89.05208333333333,
               89.73958333333333,
               90.43125,
               91.05625,
               91.64375,
               92.06458333333333,
               92.44791666666667,
               92.82916666666667,
               93.2375,
               93.53958333333334,
               94.03333333333333,
               94.25833333333334,
               94.5875,
               95.03541666666666,
               95.25625,
               95.70208333333333,
               95.575,
               95.94583333333334],
 'val_acc': [85.39166666666667,
             87.85,
             87.24166666666666,
             87.83333333333333,
             89.47500000000001,
             89.05833333333332,
             89.33333333333333,
             89.825,
             90.5,
             90.69166666666668,
             90.84166666666667,
             90.75833333333333,
             90.23333333333333,
             90.075,
             90.675,
             90.50833333333334,
             89.85833333333333,
             89.83333333333333,
             90.25,
             90.05833333333332]}
2023-09-02 02:38:14,817 - root - INFO - LOSS
2023-09-02 02:38:14,818 - root - INFO - {'epoch': [1,
           2,
           3,
           4,
           5,
           6,
           7,
           8,
           9,
           10,
           11,
           12,
           13,
           14,
           15,
           16,
           17,
           18,
           19,
           20],
 'test_loss': [0.40248512253639807,
               0.3369727560858818,
               0.36237678800229056,
               0.3551334282205363,
               0.3036057611179959,
               0.3331222120364001,
               0.3180576215029522,
               0.28948376028780726,
               0.2835235517400845,
               0.2857295822850458,
               0.28169056671155485,
               0.2920185996658483,
               0.28800016598906486,
               0.3349389493180688,
               0.30798749098922035,
               0.31448903575444676,
               0.3394864412012753,
               0.3517456307627593,
               0.33316889974721675,
               0.3481486085920956],
 'train_loss': [0.5079112162788709,
                0.341456783970197,
                0.2978900557955106,
                0.27349370112021765,
                0.2559726583659649,
                0.2381803269882997,
                0.2217306143939495,
                0.21140621155003705,
                0.19803570409615834,
                0.18945533174276352,
                0.1780266607478261,
                0.1676100676804781,
                0.15705260546008745,
                0.14995361827810605,
                0.14248683323711156,
                0.13225466848661502,
                0.12648362391193707,
                0.11512043338517348,
                0.11515767970184485,
                0.10670939888929327],
 'val_loss': [0.38754530591850583,
              0.32054010437841113,
              0.3431217301082104,
              0.33695423769507005,
              0.2854684519165374,
              0.31263303090917305,
              0.3056679553491004,
              0.27774805218932475,
              0.26271666255482334,
              0.2719005796899821,
              0.26849943427170847,
              0.27702955109007815,
              0.28471145414291543,
              0.3183519235078959,
              0.2879461711668905,
              0.2957169799173766,
              0.33237424647395913,
              0.33832941241958675,
              0.320764267678432,
              0.328397345293234]}
2023-09-02 02:38:16,905 - root - INFO - Rodando evaluation
2023-09-02 02:38:16,936 - root - INFO - Construindo dataset para a rede LENET5
