2023-09-04 00:04:20,476 - root - INFO - --------------------- Iniciando Novo Treinamento 64 ---------------------
2023-09-04 00:04:20,476 - root - INFO - Parametros
2023-09-04 00:04:20,476 - root - INFO - {'batch_size': 64,
 'dataset': 'CIFAR10',
 'epochs': 10,
 'learning_rate': 0.001,
 'network': 'VGG11',
 'num_workers': 1}
2023-09-04 00:04:20,476 - root - INFO - Construindo dataset para a rede VGG11
2023-09-04 00:04:22,483 - root - INFO - VGG11(
  (layer1): Sequential(
    (0): Conv2d(1, 64, kernel_size=(3, 3), stride=(1, 1), padding=(1, 1))
    (1): ReLU()
    (2): MaxPool2d(kernel_size=2, stride=2, padding=0, dilation=1, ceil_mode=False)
  )
  (layer2): Sequential(
    (0): Conv2d(64, 128, kernel_size=(3, 3), stride=(1, 1), padding=(1, 1))
    (1): ReLU()
    (2): MaxPool2d(kernel_size=2, stride=2, padding=0, dilation=1, ceil_mode=False)
  )
  (layer3): Sequential(
    (0): Conv2d(128, 256, kernel_size=(3, 3), stride=(1, 1), padding=(1, 1))
    (1): ReLU()
  )
  (layer4): Sequential(
    (0): Conv2d(256, 256, kernel_size=(3, 3), stride=(1, 1), padding=(1, 1))
    (1): ReLU()
    (2): MaxPool2d(kernel_size=2, stride=2, padding=0, dilation=1, ceil_mode=False)
  )
  (layer5): Sequential(
    (0): Conv2d(256, 512, kernel_size=(3, 3), stride=(1, 1), padding=(1, 1))
    (1): ReLU()
  )
  (layer6): Sequential(
    (0): Conv2d(512, 512, kernel_size=(3, 3), stride=(1, 1), padding=(1, 1))
    (1): ReLU()
    (2): MaxPool2d(kernel_size=2, stride=2, padding=0, dilation=1, ceil_mode=False)
  )
  (layer7): Sequential(
    (0): Conv2d(512, 512, kernel_size=(3, 3), stride=(1, 1), padding=(1, 1))
    (1): ReLU()
  )
  (layer8): Sequential(
    (0): Conv2d(512, 512, kernel_size=(3, 3), stride=(1, 1), padding=(1, 1))
    (1): ReLU()
    (2): MaxPool2d(kernel_size=2, stride=2, padding=0, dilation=1, ceil_mode=False)
  )
  (fc): Sequential(
    (0): Linear(in_features=25088, out_features=4096, bias=True)
    (1): ReLU()
    (2): Dropout(p=0.5, inplace=False)
  )
  (fc1): Sequential(
    (0): Linear(in_features=4096, out_features=4096, bias=True)
    (1): ReLU()
    (2): Dropout(p=0.5, inplace=False)
  )
  (fc2): Sequential(
    (0): Linear(in_features=4096, out_features=10, bias=True)
  )
)
2023-09-04 00:04:22,483 - root - INFO - Iniciando treinamento
2023-09-04 00:04:22,483 - root - INFO - Epoch 1
-------------------------------
2023-09-04 00:07:02,664 - root - INFO - Validation loss decreased from : inf ----> 2.302676750946045 ----> Saving Model.......
2023-09-04 00:07:02,664 - root - INFO - Validation acc:  10.47
2023-09-04 00:07:02,664 - root - INFO - Best Test acc from 0 ----> 10.0
2023-09-04 00:07:02,664 - root - INFO - Época 1/10
2023-09-04 00:07:02,664 - root - INFO - loss: 2.3072101913452148 - accuracy: 9.8275 - val_loss: 2.302676750946045 - val_accuracy: 10.47
2023-09-04 00:07:02,664 - root - INFO - [Test] ---> accuracy: 10.0 - loss: 2.3028253650665285
2023-09-04 00:07:02,664 - root - INFO - test acc from best model : 10.0
2023-09-04 00:07:02,664 - root - INFO - Epoch 2
-------------------------------
2023-09-04 00:09:43,164 - root - INFO - Época 2/10
2023-09-04 00:09:43,164 - root - INFO - loss: 2.3029484375 - accuracy: 9.7975 - val_loss: 2.302705223083496 - val_accuracy: 10.09
2023-09-04 00:09:43,164 - root - INFO - [Test] ---> accuracy: 10.0 - loss: 2.302639532470703
2023-09-04 00:09:43,164 - root - INFO - test acc from best model : 10.0
2023-09-04 00:09:43,164 - root - INFO - Epoch 3
-------------------------------
2023-09-04 00:12:23,436 - root - INFO - Época 3/10
2023-09-04 00:12:23,436 - root - INFO - loss: 2.3028029296875 - accuracy: 9.88 - val_loss: 2.3028671546936037 - val_accuracy: 9.950000000000001
2023-09-04 00:12:23,436 - root - INFO - [Test] ---> accuracy: 10.0 - loss: 2.302666563796997
2023-09-04 00:12:23,436 - root - INFO - test acc from best model : 10.0
2023-09-04 00:12:23,436 - root - INFO - Epoch 4
-------------------------------
2023-09-04 00:15:04,457 - root - INFO - Validation loss decreased from : 2.302676750946045 ----> 2.302648484802246 ----> Saving Model.......
2023-09-04 00:15:04,457 - root - INFO - Validation acc:  9.75
2023-09-04 00:15:04,457 - root - INFO - Best Test acc from 10.0 ----> 10.0
2023-09-04 00:15:04,457 - root - INFO - Época 4/10
2023-09-04 00:15:04,457 - root - INFO - loss: 2.302759130859375 - accuracy: 9.88 - val_loss: 2.302648484802246 - val_accuracy: 9.75
2023-09-04 00:15:04,457 - root - INFO - [Test] ---> accuracy: 10.0 - loss: 2.3026076141357423
2023-09-04 00:15:04,457 - root - INFO - test acc from best model : 10.0
2023-09-04 00:15:04,457 - root - INFO - Epoch 5
-------------------------------
2023-09-04 00:17:44,871 - root - INFO - Época 5/10
2023-09-04 00:17:44,871 - root - INFO - loss: 2.302730810546875 - accuracy: 9.7375 - val_loss: 2.3028023864746094 - val_accuracy: 9.75
2023-09-04 00:17:44,871 - root - INFO - [Test] ---> accuracy: 10.0 - loss: 2.3026286636352538
2023-09-04 00:17:44,871 - root - INFO - test acc from best model : 10.0
2023-09-04 00:17:44,871 - root - INFO - Epoch 6
-------------------------------
2023-09-04 00:20:25,144 - root - INFO - Época 6/10
2023-09-04 00:20:25,144 - root - INFO - loss: 2.302735400390625 - accuracy: 9.84 - val_loss: 2.3027174053192137 - val_accuracy: 9.83
2023-09-04 00:20:25,144 - root - INFO - [Test] ---> accuracy: 10.0 - loss: 2.3026201229095458
2023-09-04 00:20:25,144 - root - INFO - test acc from best model : 10.0
2023-09-04 00:20:25,144 - root - INFO - Epoch 7
-------------------------------
2023-09-04 00:23:05,708 - root - INFO - Época 7/10
2023-09-04 00:23:05,708 - root - INFO - loss: 2.302718017578125 - accuracy: 9.9725 - val_loss: 2.3026486305236817 - val_accuracy: 9.950000000000001
2023-09-04 00:23:05,708 - root - INFO - [Test] ---> accuracy: 10.0 - loss: 2.3026027561187745
2023-09-04 00:23:05,708 - root - INFO - test acc from best model : 10.0
2023-09-04 00:23:05,708 - root - INFO - Epoch 8
-------------------------------
2023-09-04 00:25:46,747 - root - INFO - Época 8/10
2023-09-04 00:25:46,747 - root - INFO - loss: 2.30268056640625 - accuracy: 9.86 - val_loss: 2.3028827228546143 - val_accuracy: 9.75
2023-09-04 00:25:46,747 - root - INFO - [Test] ---> accuracy: 10.0 - loss: 2.302645463562012
2023-09-04 00:25:46,747 - root - INFO - test acc from best model : 10.0
2023-09-04 00:25:46,747 - root - INFO - Epoch 9
-------------------------------
2023-09-04 00:28:27,200 - root - INFO - Época 9/10
2023-09-04 00:28:27,200 - root - INFO - loss: 2.302750341796875 - accuracy: 9.805 - val_loss: 2.302814422607422 - val_accuracy: 9.64
2023-09-04 00:28:27,200 - root - INFO - [Test] ---> accuracy: 10.0 - loss: 2.3026298648834227
2023-09-04 00:28:27,200 - root - INFO - test acc from best model : 10.0
2023-09-04 00:28:27,200 - root - INFO - Epoch 10
-------------------------------
2023-09-04 00:31:07,961 - root - INFO - Época 10/10
2023-09-04 00:31:07,961 - root - INFO - loss: 2.302735400390625 - accuracy: 9.7375 - val_loss: 2.3027514545440675 - val_accuracy: 9.64
2023-09-04 00:31:07,961 - root - INFO - [Test] ---> accuracy: 10.0 - loss: 2.302610046005249
2023-09-04 00:31:07,961 - root - INFO - test acc from best model : 10.0
2023-09-04 00:31:07,961 - root - INFO - Tempo treinamento:  1605.48 seconds
2023-09-04 00:31:07,961 - root - INFO - Menor loss: 2.302648484802246
2023-09-04 00:31:07,961 - root - INFO - Acurácia de teste do melhor modelo: 10.0
2023-09-04 00:31:07,961 - root - INFO - Métricas
2023-09-04 00:31:07,961 - root - INFO - ACC
2023-09-04 00:31:07,961 - root - INFO - {'epoch': [1, 2, 3, 4, 5, 6, 7, 8, 9, 10],
 'test_acc': [10.0, 10.0, 10.0, 10.0, 10.0, 10.0, 10.0, 10.0, 10.0, 10.0],
 'train_acc': [9.8275,
               9.7975,
               9.88,
               9.88,
               9.7375,
               9.84,
               9.9725,
               9.86,
               9.805,
               9.7375],
 'val_acc': [10.47,
             10.09,
             9.950000000000001,
             9.75,
             9.75,
             9.83,
             9.950000000000001,
             9.75,
             9.64,
             9.64]}
2023-09-04 00:31:07,961 - root - INFO - LOSS
2023-09-04 00:31:07,961 - root - INFO - {'epoch': [1, 2, 3, 4, 5, 6, 7, 8, 9, 10],
 'test_loss': [2.3028253650665285,
               2.302639532470703,
               2.302666563796997,
               2.3026076141357423,
               2.3026286636352538,
               2.3026201229095458,
               2.3026027561187745,
               2.302645463562012,
               2.3026298648834227,
               2.302610046005249],
 'train_loss': [2.3072101913452148,
                2.3029484375,
                2.3028029296875,
                2.302759130859375,
                2.302730810546875,
                2.302735400390625,
                2.302718017578125,
                2.30268056640625,
                2.302750341796875,
                2.302735400390625],
 'val_loss': [2.302676750946045,
              2.302705223083496,
              2.3028671546936037,
              2.302648484802246,
              2.3028023864746094,
              2.3027174053192137,
              2.3026486305236817,
              2.3028827228546143,
              2.302814422607422,
              2.3027514545440675]}
2023-09-04 02:51:28,460 - root - INFO - --------------------- Iniciando Novo Treinamento 64 ---------------------
2023-09-04 02:51:28,460 - root - INFO - Parametros
2023-09-04 02:51:28,460 - root - INFO - {'batch_size': 64,
 'dataset': 'CIFAR10',
 'epochs': 10,
 'learning_rate': 0.0001,
 'network': 'VGG11',
 'num_workers': 1}
2023-09-04 02:51:28,460 - root - INFO - Construindo dataset para a rede VGG11
2023-09-04 02:51:30,451 - root - INFO - VGG11(
  (layer1): Sequential(
    (0): Conv2d(1, 64, kernel_size=(3, 3), stride=(1, 1), padding=(1, 1))
    (1): ReLU()
    (2): MaxPool2d(kernel_size=2, stride=2, padding=0, dilation=1, ceil_mode=False)
  )
  (layer2): Sequential(
    (0): Conv2d(64, 128, kernel_size=(3, 3), stride=(1, 1), padding=(1, 1))
    (1): ReLU()
    (2): MaxPool2d(kernel_size=2, stride=2, padding=0, dilation=1, ceil_mode=False)
  )
  (layer3): Sequential(
    (0): Conv2d(128, 256, kernel_size=(3, 3), stride=(1, 1), padding=(1, 1))
    (1): ReLU()
  )
  (layer4): Sequential(
    (0): Conv2d(256, 256, kernel_size=(3, 3), stride=(1, 1), padding=(1, 1))
    (1): ReLU()
    (2): MaxPool2d(kernel_size=2, stride=2, padding=0, dilation=1, ceil_mode=False)
  )
  (layer5): Sequential(
    (0): Conv2d(256, 512, kernel_size=(3, 3), stride=(1, 1), padding=(1, 1))
    (1): ReLU()
  )
  (layer6): Sequential(
    (0): Conv2d(512, 512, kernel_size=(3, 3), stride=(1, 1), padding=(1, 1))
    (1): ReLU()
    (2): MaxPool2d(kernel_size=2, stride=2, padding=0, dilation=1, ceil_mode=False)
  )
  (layer7): Sequential(
    (0): Conv2d(512, 512, kernel_size=(3, 3), stride=(1, 1), padding=(1, 1))
    (1): ReLU()
  )
  (layer8): Sequential(
    (0): Conv2d(512, 512, kernel_size=(3, 3), stride=(1, 1), padding=(1, 1))
    (1): ReLU()
    (2): MaxPool2d(kernel_size=2, stride=2, padding=0, dilation=1, ceil_mode=False)
  )
  (fc): Sequential(
    (0): Linear(in_features=25088, out_features=4096, bias=True)
    (1): ReLU()
    (2): Dropout(p=0.5, inplace=False)
  )
  (fc1): Sequential(
    (0): Linear(in_features=4096, out_features=4096, bias=True)
    (1): ReLU()
    (2): Dropout(p=0.5, inplace=False)
  )
  (fc2): Sequential(
    (0): Linear(in_features=4096, out_features=10, bias=True)
  )
)
2023-09-04 02:51:30,451 - root - INFO - Iniciando treinamento
2023-09-04 02:51:30,451 - root - INFO - Epoch 1
-------------------------------
2023-09-04 02:54:03,663 - root - INFO - Validation loss decreased from : inf ----> 1.3329778238296508 ----> Saving Model.......
2023-09-04 02:54:03,663 - root - INFO - Validation acc:  52.99
2023-09-04 02:54:03,663 - root - INFO - Best Test acc from 0 ----> 53.16
2023-09-04 02:54:03,663 - root - INFO - Época 1/10
2023-09-04 02:54:03,663 - root - INFO - loss: 1.8049780849456787 - accuracy: 33.7725 - val_loss: 1.3329778238296508 - val_accuracy: 52.99
2023-09-04 02:54:03,663 - root - INFO - [Test] ---> accuracy: 53.16 - loss: 1.3348571689605713
2023-09-04 02:54:03,663 - root - INFO - test acc from best model : 53.16
2023-09-04 02:54:03,663 - root - INFO - Epoch 2
-------------------------------
2023-09-04 02:56:38,157 - root - INFO - Validation loss decreased from : 1.3329778238296508 ----> 0.9860009548187256 ----> Saving Model.......
2023-09-04 02:56:38,157 - root - INFO - Validation acc:  65.49000000000001
2023-09-04 02:56:38,157 - root - INFO - Best Test acc from 53.16 ----> 66.0
2023-09-04 02:56:38,157 - root - INFO - Época 2/10
2023-09-04 02:56:38,157 - root - INFO - loss: 1.1688270256996154 - accuracy: 58.8 - val_loss: 0.9860009548187256 - val_accuracy: 65.49000000000001
2023-09-04 02:56:38,157 - root - INFO - [Test] ---> accuracy: 66.0 - loss: 0.9876904500007629
2023-09-04 02:56:38,157 - root - INFO - test acc from best model : 66.0
2023-09-04 02:56:38,157 - root - INFO - Epoch 3
-------------------------------
2023-09-04 02:59:12,460 - root - INFO - Validation loss decreased from : 0.9860009548187256 ----> 0.8342661138534546 ----> Saving Model.......
2023-09-04 02:59:12,460 - root - INFO - Validation acc:  71.63000000000001
2023-09-04 02:59:12,460 - root - INFO - Best Test acc from 66.0 ----> 70.35
2023-09-04 02:59:12,460 - root - INFO - Época 3/10
2023-09-04 02:59:12,460 - root - INFO - loss: 0.8381772393226623 - accuracy: 70.86 - val_loss: 0.8342661138534546 - val_accuracy: 71.63000000000001
2023-09-04 02:59:12,460 - root - INFO - [Test] ---> accuracy: 70.35 - loss: 0.8501484662055969
2023-09-04 02:59:12,460 - root - INFO - test acc from best model : 70.35
2023-09-04 02:59:12,460 - root - INFO - Epoch 4
-------------------------------
2023-09-04 03:01:47,183 - root - INFO - Época 4/10
2023-09-04 03:01:47,183 - root - INFO - loss: 0.5859691596508027 - accuracy: 79.82 - val_loss: 0.8436954359531402 - val_accuracy: 73.1
2023-09-04 03:01:47,183 - root - INFO - [Test] ---> accuracy: 72.28 - loss: 0.8643564302444458
2023-09-04 03:01:47,183 - root - INFO - test acc from best model : 70.35
2023-09-04 03:01:47,183 - root - INFO - Epoch 5
-------------------------------
2023-09-04 03:04:21,566 - root - INFO - Validation loss decreased from : 0.8342661138534546 ----> 0.8241510124921799 ----> Saving Model.......
2023-09-04 03:04:21,566 - root - INFO - Validation acc:  74.92999999999999
2023-09-04 03:04:21,566 - root - INFO - Best Test acc from 70.35 ----> 74.29
2023-09-04 03:04:21,566 - root - INFO - Época 5/10
2023-09-04 03:04:21,566 - root - INFO - loss: 0.33249276252985 - accuracy: 88.5175 - val_loss: 0.8241510124921799 - val_accuracy: 74.92999999999999
2023-09-04 03:04:21,566 - root - INFO - [Test] ---> accuracy: 74.29 - loss: 0.8291275341033936
2023-09-04 03:04:21,566 - root - INFO - test acc from best model : 74.29
2023-09-04 03:04:21,566 - root - INFO - Epoch 6
-------------------------------
2023-09-04 03:06:56,064 - root - INFO - Época 6/10
2023-09-04 03:06:56,064 - root - INFO - loss: 0.1682823976635933 - accuracy: 94.3375 - val_loss: 1.023223612499237 - val_accuracy: 74.56
2023-09-04 03:06:56,064 - root - INFO - [Test] ---> accuracy: 73.92 - loss: 1.0519762243270874
2023-09-04 03:06:56,064 - root - INFO - test acc from best model : 74.29
2023-09-04 03:06:56,064 - root - INFO - Epoch 7
-------------------------------
2023-09-04 03:09:30,569 - root - INFO - Época 7/10
2023-09-04 03:09:30,569 - root - INFO - loss: 0.10361616217494012 - accuracy: 96.53 - val_loss: 1.117808568763733 - val_accuracy: 74.92
2023-09-04 03:09:30,569 - root - INFO - [Test] ---> accuracy: 73.9 - loss: 1.140687358379364
2023-09-04 03:09:30,569 - root - INFO - test acc from best model : 74.29
2023-09-04 03:09:30,569 - root - INFO - Epoch 8
-------------------------------
2023-09-04 03:12:05,163 - root - INFO - Época 8/10
2023-09-04 03:12:05,163 - root - INFO - loss: 0.07554531529545784 - accuracy: 97.5525 - val_loss: 1.227878003692627 - val_accuracy: 75.66000000000001
2023-09-04 03:12:05,163 - root - INFO - [Test] ---> accuracy: 75.0 - loss: 1.2520066926956177
2023-09-04 03:12:05,163 - root - INFO - test acc from best model : 74.29
2023-09-04 03:12:05,163 - root - INFO - Epoch 9
-------------------------------
2023-09-04 03:14:39,629 - root - INFO - Época 9/10
2023-09-04 03:14:39,629 - root - INFO - loss: 0.06160882318019867 - accuracy: 98.0625 - val_loss: 1.33931732711792 - val_accuracy: 74.53
2023-09-04 03:14:39,629 - root - INFO - [Test] ---> accuracy: 73.76 - loss: 1.3789800115585327
2023-09-04 03:14:39,629 - root - INFO - test acc from best model : 74.29
2023-09-04 03:14:39,629 - root - INFO - Epoch 10
-------------------------------
2023-09-04 03:17:13,894 - root - INFO - Época 10/10
2023-09-04 03:17:13,894 - root - INFO - loss: 0.05243421723842621 - accuracy: 98.2625 - val_loss: 1.3258360258102417 - val_accuracy: 74.33
2023-09-04 03:17:13,894 - root - INFO - [Test] ---> accuracy: 74.37 - loss: 1.347663462638855
2023-09-04 03:17:13,894 - root - INFO - test acc from best model : 74.29
2023-09-04 03:17:13,894 - root - INFO - Tempo treinamento:  1543.44 seconds
2023-09-04 03:17:13,894 - root - INFO - Menor loss: 0.8241510124921799
2023-09-04 03:17:13,894 - root - INFO - Acurácia de teste do melhor modelo: 74.29
2023-09-04 03:17:13,894 - root - INFO - Métricas
2023-09-04 03:17:13,894 - root - INFO - ACC
2023-09-04 03:17:13,894 - root - INFO - {'epoch': [1, 2, 3, 4, 5, 6, 7, 8, 9, 10],
 'test_acc': [53.16,
              66.0,
              70.35,
              72.28,
              74.29,
              73.92,
              73.9,
              75.0,
              73.76,
              74.37],
 'train_acc': [33.7725,
               58.8,
               70.86,
               79.82,
               88.5175,
               94.3375,
               96.53,
               97.5525,
               98.0625,
               98.2625],
 'val_acc': [52.99,
             65.49000000000001,
             71.63000000000001,
             73.1,
             74.92999999999999,
             74.56,
             74.92,
             75.66000000000001,
             74.53,
             74.33]}
2023-09-04 03:17:13,894 - root - INFO - LOSS
2023-09-04 03:17:13,894 - root - INFO - {'epoch': [1, 2, 3, 4, 5, 6, 7, 8, 9, 10],
 'test_loss': [1.3348571689605713,
               0.9876904500007629,
               0.8501484662055969,
               0.8643564302444458,
               0.8291275341033936,
               1.0519762243270874,
               1.140687358379364,
               1.2520066926956177,
               1.3789800115585327,
               1.347663462638855],
 'train_loss': [1.8049780849456787,
                1.1688270256996154,
                0.8381772393226623,
                0.5859691596508027,
                0.33249276252985,
                0.1682823976635933,
                0.10361616217494012,
                0.07554531529545784,
                0.06160882318019867,
                0.05243421723842621],
 'val_loss': [1.3329778238296508,
              0.9860009548187256,
              0.8342661138534546,
              0.8436954359531402,
              0.8241510124921799,
              1.023223612499237,
              1.117808568763733,
              1.227878003692627,
              1.33931732711792,
              1.3258360258102417]}
2023-09-08 02:03:23,056 - root - INFO - --------------------- Iniciando Teste 64 ---------------------
2023-09-08 02:03:23,056 - root - INFO - Rodando evaluation
2023-09-08 02:03:23,057 - root - INFO - Construindo dataset para a rede VGG11
2023-09-08 03:46:06,621 - root - INFO - --------------------- Iniciando Teste 64 ---------------------
2023-09-08 03:46:06,625 - root - INFO - Rodando evaluation
2023-09-08 03:46:06,625 - root - INFO - Construindo dataset para a rede VGG11
2023-09-08 15:26:35,269 - root - INFO - --------------------- Iniciando Novo Treinamento 64 ---------------------
2023-09-08 15:26:35,270 - root - INFO - Parametros
2023-09-08 15:26:35,270 - root - INFO - {'batch_size': 64,
 'dataset': 'CIFAR10',
 'epochs': 10,
 'learning_rate': 0.0001,
 'network': 'VGG11',
 'num_workers': 1}
2023-09-08 15:26:35,270 - root - INFO - Construindo dataset para a rede VGG11
2023-09-08 15:26:37,300 - root - INFO - VGG11(
  (layer1): Sequential(
    (0): Conv2d(1, 64, kernel_size=(3, 3), stride=(1, 1), padding=(1, 1))
    (1): ReLU()
    (2): MaxPool2d(kernel_size=2, stride=2, padding=0, dilation=1, ceil_mode=False)
  )
  (layer2): Sequential(
    (0): Conv2d(64, 128, kernel_size=(3, 3), stride=(1, 1), padding=(1, 1))
    (1): ReLU()
    (2): MaxPool2d(kernel_size=2, stride=2, padding=0, dilation=1, ceil_mode=False)
  )
  (layer3): Sequential(
    (0): Conv2d(128, 256, kernel_size=(3, 3), stride=(1, 1), padding=(1, 1))
    (1): ReLU()
  )
  (layer4): Sequential(
    (0): Conv2d(256, 256, kernel_size=(3, 3), stride=(1, 1), padding=(1, 1))
    (1): ReLU()
    (2): MaxPool2d(kernel_size=2, stride=2, padding=0, dilation=1, ceil_mode=False)
  )
  (layer5): Sequential(
    (0): Conv2d(256, 512, kernel_size=(3, 3), stride=(1, 1), padding=(1, 1))
    (1): ReLU()
  )
  (layer6): Sequential(
    (0): Conv2d(512, 512, kernel_size=(3, 3), stride=(1, 1), padding=(1, 1))
    (1): ReLU()
    (2): MaxPool2d(kernel_size=2, stride=2, padding=0, dilation=1, ceil_mode=False)
  )
  (layer7): Sequential(
    (0): Conv2d(512, 512, kernel_size=(3, 3), stride=(1, 1), padding=(1, 1))
    (1): ReLU()
  )
  (layer8): Sequential(
    (0): Conv2d(512, 512, kernel_size=(3, 3), stride=(1, 1), padding=(1, 1))
    (1): ReLU()
    (2): MaxPool2d(kernel_size=2, stride=2, padding=0, dilation=1, ceil_mode=False)
  )
  (fc): Sequential(
    (0): Linear(in_features=25088, out_features=4096, bias=True)
    (1): ReLU()
    (2): Dropout(p=0.5, inplace=False)
  )
  (fc1): Sequential(
    (0): Linear(in_features=4096, out_features=4096, bias=True)
    (1): ReLU()
    (2): Dropout(p=0.5, inplace=False)
  )
  (fc2): Sequential(
    (0): Linear(in_features=4096, out_features=10, bias=True)
  )
)
2023-09-08 15:26:37,300 - root - INFO - Iniciando treinamento
2023-09-08 15:26:37,300 - root - INFO - Epoch 1
-------------------------------
2023-09-08 15:29:11,723 - root - INFO - Validation loss decreased from : inf ----> 1.3329778238296508 ----> Saving Model.......
2023-09-08 15:29:11,723 - root - INFO - Validation acc:  52.99
2023-09-08 15:29:11,723 - root - INFO - Best Test acc from 0 ----> 53.16
2023-09-08 15:29:21,314 - root - INFO - Época 1/10
2023-09-08 15:29:21,314 - root - INFO - loss: 1.8049780849456787 - accuracy: 33.7725 - val_loss: 1.3329778238296508 - val_accuracy: 52.99
2023-09-08 15:29:21,314 - root - INFO - [Test] ---> accuracy: 53.16 - loss: 1.3348571689605713
2023-09-08 15:29:21,314 - root - INFO - test acc from best model : 53.16
2023-09-08 15:29:21,314 - root - INFO - Epoch 2
-------------------------------
2023-09-08 15:31:56,627 - root - INFO - Validation loss decreased from : 1.3329778238296508 ----> 0.976743560218811 ----> Saving Model.......
2023-09-08 15:31:56,627 - root - INFO - Validation acc:  65.73
2023-09-08 15:31:56,627 - root - INFO - Best Test acc from 53.16 ----> 64.74
2023-09-08 15:32:06,212 - root - INFO - Época 2/10
2023-09-08 15:32:06,212 - root - INFO - loss: 1.174209069633484 - accuracy: 58.515 - val_loss: 0.976743560218811 - val_accuracy: 65.73
2023-09-08 15:32:06,212 - root - INFO - [Test] ---> accuracy: 64.74 - loss: 0.9876305374145508
2023-09-08 15:32:06,212 - root - INFO - test acc from best model : 64.74
2023-09-08 15:32:06,212 - root - INFO - Epoch 3
-------------------------------
2023-09-08 15:34:41,028 - root - INFO - Validation loss decreased from : 0.976743560218811 ----> 0.8209673340797424 ----> Saving Model.......
2023-09-08 15:34:41,028 - root - INFO - Validation acc:  71.16
2023-09-08 15:34:41,028 - root - INFO - Best Test acc from 64.74 ----> 71.28
2023-09-08 15:34:50,600 - root - INFO - Época 3/10
2023-09-08 15:34:50,600 - root - INFO - loss: 0.8468648995876312 - accuracy: 70.6225 - val_loss: 0.8209673340797424 - val_accuracy: 71.16
2023-09-08 15:34:50,601 - root - INFO - [Test] ---> accuracy: 71.28 - loss: 0.8274283647537232
2023-09-08 15:34:50,601 - root - INFO - test acc from best model : 71.28
2023-09-08 15:34:50,601 - root - INFO - Epoch 4
-------------------------------
2023-09-08 15:37:25,579 - root - INFO - Validation loss decreased from : 0.8209673340797424 ----> 0.765926449394226 ----> Saving Model.......
2023-09-08 15:37:25,579 - root - INFO - Validation acc:  74.0
2023-09-08 15:37:25,579 - root - INFO - Best Test acc from 71.28 ----> 73.25
2023-09-08 15:37:35,168 - root - INFO - Época 4/10
2023-09-08 15:37:35,168 - root - INFO - loss: 0.5854859303474427 - accuracy: 79.8425 - val_loss: 0.765926449394226 - val_accuracy: 74.0
2023-09-08 15:37:35,168 - root - INFO - [Test] ---> accuracy: 73.25 - loss: 0.7788264476776123
2023-09-08 15:37:35,168 - root - INFO - test acc from best model : 73.25
2023-09-08 15:37:35,168 - root - INFO - Epoch 5
-------------------------------
2023-09-08 15:40:09,710 - root - INFO - Época 5/10
2023-09-08 15:40:09,710 - root - INFO - loss: 0.3384587740778923 - accuracy: 88.48 - val_loss: 0.8719643297195434 - val_accuracy: 74.72999999999999
2023-09-08 15:40:09,710 - root - INFO - [Test] ---> accuracy: 73.57000000000001 - loss: 0.9072243566513062
2023-09-08 15:40:09,710 - root - INFO - test acc from best model : 73.25
2023-09-08 15:40:09,946 - root - INFO - Epoch 6
-------------------------------
2023-09-08 15:42:46,906 - root - INFO - Época 6/10
2023-09-08 15:42:46,906 - root - INFO - loss: 0.16782164344489575 - accuracy: 94.4725 - val_loss: 1.033847759437561 - val_accuracy: 74.33999999999999
2023-09-08 15:42:46,906 - root - INFO - [Test] ---> accuracy: 74.03999999999999 - loss: 1.0488594947814942
2023-09-08 15:42:46,906 - root - INFO - test acc from best model : 73.25
2023-09-08 15:42:46,906 - root - INFO - Epoch 7
-------------------------------
2023-09-08 15:45:23,921 - root - INFO - Época 7/10
2023-09-08 15:45:23,921 - root - INFO - loss: 0.09772609685957431 - accuracy: 96.77 - val_loss: 1.3636165157318114 - val_accuracy: 74.17
2023-09-08 15:45:23,921 - root - INFO - [Test] ---> accuracy: 73.4 - loss: 1.3799650226593017
2023-09-08 15:45:23,921 - root - INFO - test acc from best model : 73.25
2023-09-08 15:45:23,921 - root - INFO - Epoch 8
-------------------------------
2023-09-08 15:48:01,061 - root - INFO - Época 8/10
2023-09-08 15:48:01,061 - root - INFO - loss: 0.07306270088851452 - accuracy: 97.5975 - val_loss: 1.289195348930359 - val_accuracy: 74.9
2023-09-08 15:48:01,061 - root - INFO - [Test] ---> accuracy: 73.92999999999999 - loss: 1.3097171661376954
2023-09-08 15:48:01,061 - root - INFO - test acc from best model : 73.25
2023-09-08 15:48:01,061 - root - INFO - Epoch 9
-------------------------------
2023-09-08 15:50:38,128 - root - INFO - Época 9/10
2023-09-08 15:50:38,128 - root - INFO - loss: 0.06124671096801758 - accuracy: 97.9275 - val_loss: 1.1393522187232972 - val_accuracy: 72.91
2023-09-08 15:50:38,128 - root - INFO - [Test] ---> accuracy: 72.7 - loss: 1.150169206047058
2023-09-08 15:50:38,128 - root - INFO - test acc from best model : 73.25
2023-09-08 15:50:38,128 - root - INFO - Epoch 10
-------------------------------
2023-09-08 15:53:14,794 - root - INFO - Época 10/10
2023-09-08 15:53:14,794 - root - INFO - loss: 0.05202564008831978 - accuracy: 98.2725 - val_loss: 1.3369794719696044 - val_accuracy: 74.77000000000001
2023-09-08 15:53:14,794 - root - INFO - [Test] ---> accuracy: 74.39 - loss: 1.3611721603393554
2023-09-08 15:53:14,794 - root - INFO - test acc from best model : 73.25
2023-09-08 15:53:14,998 - root - INFO - Tempo treinamento:  1597.70 seconds
2023-09-08 15:53:14,998 - root - INFO - Menor loss: 0.765926449394226
2023-09-08 15:53:14,998 - root - INFO - Acurácia de teste do melhor modelo: 73.25
2023-09-08 15:53:14,998 - root - INFO - Métricas
2023-09-08 15:53:14,998 - root - INFO - ACC
2023-09-08 15:53:14,998 - root - INFO - {'epoch': [1, 2, 3, 4, 5, 6, 7, 8, 9, 10],
 'test_acc': [53.16,
              64.74,
              71.28,
              73.25,
              73.57000000000001,
              74.03999999999999,
              73.4,
              73.92999999999999,
              72.7,
              74.39],
 'train_acc': [33.7725,
               58.515,
               70.6225,
               79.8425,
               88.48,
               94.4725,
               96.77,
               97.5975,
               97.9275,
               98.2725],
 'val_acc': [52.99,
             65.73,
             71.16,
             74.0,
             74.72999999999999,
             74.33999999999999,
             74.17,
             74.9,
             72.91,
             74.77000000000001]}
2023-09-08 15:53:14,998 - root - INFO - LOSS
2023-09-08 15:53:14,998 - root - INFO - {'epoch': [1, 2, 3, 4, 5, 6, 7, 8, 9, 10],
 'test_loss': [1.3348571689605713,
               0.9876305374145508,
               0.8274283647537232,
               0.7788264476776123,
               0.9072243566513062,
               1.0488594947814942,
               1.3799650226593017,
               1.3097171661376954,
               1.150169206047058,
               1.3611721603393554],
 'train_loss': [1.8049780849456787,
                1.174209069633484,
                0.8468648995876312,
                0.5854859303474427,
                0.3384587740778923,
                0.16782164344489575,
                0.09772609685957431,
                0.07306270088851452,
                0.06124671096801758,
                0.05202564008831978],
 'val_loss': [1.3329778238296508,
              0.976743560218811,
              0.8209673340797424,
              0.765926449394226,
              0.8719643297195434,
              1.033847759437561,
              1.3636165157318114,
              1.289195348930359,
              1.1393522187232972,
              1.3369794719696044]}
