2023-09-08 02:05:13,401 - root - INFO - --------------------- Iniciando Teste 91 ---------------------
2023-09-08 02:05:13,404 - root - INFO - Rodando evaluation
2023-09-08 02:05:13,405 - root - INFO - Construindo dataset para a rede LENET5
2023-09-08 03:47:57,059 - root - INFO - --------------------- Iniciando Teste 91 ---------------------
2023-09-08 03:47:57,059 - root - INFO - Rodando evaluation
2023-09-08 03:47:57,060 - root - INFO - Construindo dataset para a rede LENET5
2023-09-08 04:59:19,096 - root - INFO - --------------------- Iniciando Novo Treinamento 91 ---------------------
2023-09-08 04:59:19,096 - root - INFO - Parametros
2023-09-08 04:59:19,096 - root - INFO - {'batch_size': 32,
 'dataset': 'CIFAR10',
 'epochs': 25,
 'learning_rate': 0.001,
 'network': 'LENET5',
 'num_workers': 1}
2023-09-08 04:59:19,097 - root - INFO - Construindo dataset para a rede LENET5
2023-09-08 04:59:20,467 - root - INFO - LeNet5(
  (layer1): Sequential(
    (0): Conv2d(1, 6, kernel_size=(5, 5), stride=(1, 1))
    (1): BatchNorm2d(6, eps=1e-05, momentum=0.1, affine=True, track_running_stats=True)
    (2): ReLU()
    (3): MaxPool2d(kernel_size=2, stride=2, padding=0, dilation=1, ceil_mode=False)
  )
  (layer2): Sequential(
    (0): Conv2d(6, 16, kernel_size=(5, 5), stride=(1, 1))
    (1): BatchNorm2d(16, eps=1e-05, momentum=0.1, affine=True, track_running_stats=True)
    (2): ReLU()
    (3): MaxPool2d(kernel_size=2, stride=2, padding=0, dilation=1, ceil_mode=False)
  )
  (fc): Linear(in_features=400, out_features=120, bias=True)
  (relu): ReLU()
  (fc1): Linear(in_features=120, out_features=84, bias=True)
  (relu1): ReLU()
  (fc2): Linear(in_features=84, out_features=10, bias=True)
)
2023-09-08 04:59:20,467 - root - INFO - Iniciando treinamento
2023-09-08 04:59:20,467 - root - INFO - Epoch 1
-------------------------------
2023-09-08 05:00:39,364 - root - INFO - Validation loss decreased from : inf ----> 1.5364089906692504 ----> Saving Model.......
2023-09-08 05:00:39,364 - root - INFO - Validation acc:  45.32
2023-09-08 05:00:39,364 - root - INFO - Best Test acc from 0 ----> 44.529999999999994
2023-09-08 05:00:40,792 - root - INFO - Época 1/25
2023-09-08 05:00:40,792 - root - INFO - loss: 1.6013564482212066 - accuracy: 42.1925 - val_loss: 1.5364089906692504 - val_accuracy: 45.32
2023-09-08 05:00:40,792 - root - INFO - [Test] ---> accuracy: 44.529999999999994 - loss: 1.5470249029159546
2023-09-08 05:00:40,792 - root - INFO - test acc from best model : 44.529999999999994
2023-09-08 05:00:40,792 - root - INFO - Epoch 2
-------------------------------
2023-09-08 05:02:00,493 - root - INFO - Época 2/25
2023-09-08 05:02:00,493 - root - INFO - loss: 1.3282356437683105 - accuracy: 52.96 - val_loss: 1.7066252769470214 - val_accuracy: 42.65
2023-09-08 05:02:00,493 - root - INFO - [Test] ---> accuracy: 43.03 - loss: 1.7226752372741698
2023-09-08 05:02:00,493 - root - INFO - test acc from best model : 44.529999999999994
2023-09-08 05:02:00,493 - root - INFO - Epoch 3
-------------------------------
2023-09-08 05:03:19,340 - root - INFO - Época 3/25
2023-09-08 05:03:19,340 - root - INFO - loss: 1.217574667263031 - accuracy: 56.9875 - val_loss: 1.5742410758972167 - val_accuracy: 45.87
2023-09-08 05:03:19,340 - root - INFO - [Test] ---> accuracy: 45.379999999999995 - loss: 1.5721593900680542
2023-09-08 05:03:19,340 - root - INFO - test acc from best model : 44.529999999999994
2023-09-08 05:03:19,340 - root - INFO - Epoch 4
-------------------------------
2023-09-08 05:04:38,647 - root - INFO - Validation loss decreased from : 1.5364089906692504 ----> 1.382063691329956 ----> Saving Model.......
2023-09-08 05:04:38,647 - root - INFO - Validation acc:  52.580000000000005
2023-09-08 05:04:38,647 - root - INFO - Best Test acc from 44.529999999999994 ----> 53.49
2023-09-08 05:04:40,101 - root - INFO - Época 4/25
2023-09-08 05:04:40,102 - root - INFO - loss: 1.13600543923378 - accuracy: 59.88 - val_loss: 1.382063691329956 - val_accuracy: 52.580000000000005
2023-09-08 05:04:40,102 - root - INFO - [Test] ---> accuracy: 53.49 - loss: 1.3743653650283814
2023-09-08 05:04:40,102 - root - INFO - test acc from best model : 53.49
2023-09-08 05:04:40,102 - root - INFO - Epoch 5
-------------------------------
2023-09-08 05:06:00,752 - root - INFO - Validation loss decreased from : 1.382063691329956 ----> 1.240184794998169 ----> Saving Model.......
2023-09-08 05:06:00,752 - root - INFO - Validation acc:  57.56
2023-09-08 05:06:00,752 - root - INFO - Best Test acc from 53.49 ----> 57.550000000000004
2023-09-08 05:06:02,305 - root - INFO - Época 5/25
2023-09-08 05:06:02,305 - root - INFO - loss: 1.0799332210063934 - accuracy: 61.84 - val_loss: 1.240184794998169 - val_accuracy: 57.56
2023-09-08 05:06:02,305 - root - INFO - [Test] ---> accuracy: 57.550000000000004 - loss: 1.2359356552124023
2023-09-08 05:06:02,305 - root - INFO - test acc from best model : 57.550000000000004
2023-09-08 05:06:02,708 - root - INFO - Epoch 6
-------------------------------
2023-09-08 05:07:26,628 - root - INFO - Época 6/25
2023-09-08 05:07:26,628 - root - INFO - loss: 1.029367632341385 - accuracy: 63.7925 - val_loss: 1.2440222141265869 - val_accuracy: 57.46
2023-09-08 05:07:26,628 - root - INFO - [Test] ---> accuracy: 58.050000000000004 - loss: 1.2449432401657103
2023-09-08 05:07:26,628 - root - INFO - test acc from best model : 57.550000000000004
2023-09-08 05:07:26,629 - root - INFO - Epoch 7
-------------------------------
2023-09-08 05:08:50,898 - root - INFO - Validation loss decreased from : 1.240184794998169 ----> 1.1353432005882262 ----> Saving Model.......
2023-09-08 05:08:50,898 - root - INFO - Validation acc:  60.68
2023-09-08 05:08:50,898 - root - INFO - Best Test acc from 57.550000000000004 ----> 60.51
2023-09-08 05:08:52,382 - root - INFO - Época 7/25
2023-09-08 05:08:52,382 - root - INFO - loss: 0.989100248837471 - accuracy: 65.14 - val_loss: 1.1353432005882262 - val_accuracy: 60.68
2023-09-08 05:08:52,382 - root - INFO - [Test] ---> accuracy: 60.51 - loss: 1.113523509979248
2023-09-08 05:08:52,382 - root - INFO - test acc from best model : 60.51
2023-09-08 05:08:52,382 - root - INFO - Epoch 8
-------------------------------
2023-09-08 05:10:17,629 - root - INFO - Época 8/25
2023-09-08 05:10:17,629 - root - INFO - loss: 0.9486658708572387 - accuracy: 66.3625 - val_loss: 1.3790232486724854 - val_accuracy: 53.94
2023-09-08 05:10:17,629 - root - INFO - [Test] ---> accuracy: 54.63 - loss: 1.3592812520980835
2023-09-08 05:10:17,629 - root - INFO - test acc from best model : 60.51
2023-09-08 05:10:17,629 - root - INFO - Epoch 9
-------------------------------
2023-09-08 05:11:42,871 - root - INFO - Época 9/25
2023-09-08 05:11:42,871 - root - INFO - loss: 0.9226513323545456 - accuracy: 67.3475 - val_loss: 1.4323634000778198 - val_accuracy: 54.43
2023-09-08 05:11:42,871 - root - INFO - [Test] ---> accuracy: 55.2 - loss: 1.428372864341736
2023-09-08 05:11:42,871 - root - INFO - test acc from best model : 60.51
2023-09-08 05:11:42,871 - root - INFO - Epoch 10
-------------------------------
2023-09-08 05:13:08,107 - root - INFO - Época 10/25
2023-09-08 05:13:08,107 - root - INFO - loss: 0.8884954238414764 - accuracy: 68.5625 - val_loss: 1.184573275089264 - val_accuracy: 59.88
2023-09-08 05:13:08,107 - root - INFO - [Test] ---> accuracy: 59.919999999999995 - loss: 1.1900446451187134
2023-09-08 05:13:08,107 - root - INFO - test acc from best model : 60.51
2023-09-08 05:13:08,451 - root - INFO - Epoch 11
-------------------------------
2023-09-08 05:14:36,185 - root - INFO - Época 11/25
2023-09-08 05:14:36,186 - root - INFO - loss: 0.8642390919685363 - accuracy: 69.395 - val_loss: 1.171831587791443 - val_accuracy: 59.74
2023-09-08 05:14:36,186 - root - INFO - [Test] ---> accuracy: 60.67 - loss: 1.1553990423202514
2023-09-08 05:14:36,186 - root - INFO - test acc from best model : 60.51
2023-09-08 05:14:36,186 - root - INFO - Epoch 12
-------------------------------
2023-09-08 05:16:03,962 - root - INFO - Época 12/25
2023-09-08 05:16:03,962 - root - INFO - loss: 0.8367760203838348 - accuracy: 70.34 - val_loss: 1.193864109802246 - val_accuracy: 59.730000000000004
2023-09-08 05:16:03,962 - root - INFO - [Test] ---> accuracy: 59.489999999999995 - loss: 1.1949560522079468
2023-09-08 05:16:03,962 - root - INFO - test acc from best model : 60.51
2023-09-08 05:16:03,962 - root - INFO - Epoch 13
-------------------------------
2023-09-08 05:17:32,208 - root - INFO - Época 13/25
2023-09-08 05:17:32,208 - root - INFO - loss: 0.8138979679346084 - accuracy: 71.1675 - val_loss: 1.2039887550354005 - val_accuracy: 59.61
2023-09-08 05:17:32,208 - root - INFO - [Test] ---> accuracy: 59.940000000000005 - loss: 1.2028232858657837
2023-09-08 05:17:32,208 - root - INFO - test acc from best model : 60.51
2023-09-08 05:17:32,208 - root - INFO - Epoch 14
-------------------------------
2023-09-08 05:19:00,569 - root - INFO - Validation loss decreased from : 1.1353432005882262 ----> 1.130003398323059 ----> Saving Model.......
2023-09-08 05:19:00,569 - root - INFO - Validation acc:  62.61
2023-09-08 05:19:00,569 - root - INFO - Best Test acc from 60.51 ----> 62.13999999999999
2023-09-08 05:19:02,044 - root - INFO - Época 14/25
2023-09-08 05:19:02,044 - root - INFO - loss: 0.7920182620048523 - accuracy: 71.87 - val_loss: 1.130003398323059 - val_accuracy: 62.61
2023-09-08 05:19:02,044 - root - INFO - [Test] ---> accuracy: 62.13999999999999 - loss: 1.1321195346832276
2023-09-08 05:19:02,044 - root - INFO - test acc from best model : 62.13999999999999
2023-09-08 05:19:02,044 - root - INFO - Epoch 15
-------------------------------
2023-09-08 05:20:30,442 - root - INFO - Época 15/25
2023-09-08 05:20:30,442 - root - INFO - loss: 0.7669491386890411 - accuracy: 73.0825 - val_loss: 1.153698464679718 - val_accuracy: 62.39
2023-09-08 05:20:30,443 - root - INFO - [Test] ---> accuracy: 62.160000000000004 - loss: 1.1739345914840698
2023-09-08 05:20:30,443 - root - INFO - test acc from best model : 62.13999999999999
2023-09-08 05:20:30,806 - root - INFO - Epoch 16
-------------------------------
2023-09-08 05:22:03,485 - root - INFO - Época 16/25
2023-09-08 05:22:03,485 - root - INFO - loss: 0.7481313170433045 - accuracy: 73.6475 - val_loss: 1.1439606420516968 - val_accuracy: 62.660000000000004
2023-09-08 05:22:03,485 - root - INFO - [Test] ---> accuracy: 61.99 - loss: 1.1446476224899291
2023-09-08 05:22:03,485 - root - INFO - test acc from best model : 62.13999999999999
2023-09-08 05:22:03,485 - root - INFO - Epoch 17
-------------------------------
2023-09-08 05:23:35,513 - root - INFO - Época 17/25
2023-09-08 05:23:35,513 - root - INFO - loss: 0.7329356589317322 - accuracy: 74.15 - val_loss: 1.2039315454483033 - val_accuracy: 60.95
2023-09-08 05:23:35,513 - root - INFO - [Test] ---> accuracy: 61.35 - loss: 1.2183563249588012
2023-09-08 05:23:35,513 - root - INFO - test acc from best model : 62.13999999999999
2023-09-08 05:23:35,513 - root - INFO - Epoch 18
-------------------------------
2023-09-08 05:25:10,833 - root - INFO - Época 18/25
2023-09-08 05:25:10,833 - root - INFO - loss: 0.7163941758394241 - accuracy: 74.45 - val_loss: 1.2736409427642823 - val_accuracy: 58.98
2023-09-08 05:25:10,833 - root - INFO - [Test] ---> accuracy: 59.31999999999999 - loss: 1.2616499114990234
2023-09-08 05:25:10,833 - root - INFO - test acc from best model : 62.13999999999999
2023-09-08 05:25:10,833 - root - INFO - Epoch 19
-------------------------------
2023-09-08 05:26:44,823 - root - INFO - Época 19/25
2023-09-08 05:26:44,823 - root - INFO - loss: 0.6974470165967941 - accuracy: 75.155 - val_loss: 1.3184555646896363 - val_accuracy: 58.86
2023-09-08 05:26:44,824 - root - INFO - [Test] ---> accuracy: 59.36 - loss: 1.3193932954788208
2023-09-08 05:26:44,824 - root - INFO - test acc from best model : 62.13999999999999
2023-09-08 05:26:44,824 - root - INFO - Epoch 20
-------------------------------
2023-09-08 05:28:18,725 - root - INFO - Época 20/25
2023-09-08 05:28:18,725 - root - INFO - loss: 0.6869439457774162 - accuracy: 75.6525 - val_loss: 1.3519428813934327 - val_accuracy: 58.730000000000004
2023-09-08 05:28:18,725 - root - INFO - [Test] ---> accuracy: 58.58 - loss: 1.373002677345276
2023-09-08 05:28:18,725 - root - INFO - test acc from best model : 62.13999999999999
2023-09-08 05:28:19,100 - root - INFO - Epoch 21
-------------------------------
2023-09-08 05:29:58,126 - root - INFO - Época 21/25
2023-09-08 05:29:58,127 - root - INFO - loss: 0.6688179175853729 - accuracy: 76.2625 - val_loss: 1.2735350439071655 - val_accuracy: 60.650000000000006
2023-09-08 05:29:58,127 - root - INFO - [Test] ---> accuracy: 60.38 - loss: 1.291400908279419
2023-09-08 05:29:58,127 - root - INFO - test acc from best model : 62.13999999999999
2023-09-08 05:29:58,127 - root - INFO - Epoch 22
-------------------------------
2023-09-08 05:31:41,233 - root - INFO - Época 22/25
2023-09-08 05:31:41,233 - root - INFO - loss: 0.649248223567009 - accuracy: 76.9325 - val_loss: 1.235988907623291 - val_accuracy: 61.67
2023-09-08 05:31:41,233 - root - INFO - [Test] ---> accuracy: 61.63999999999999 - loss: 1.242565651512146
2023-09-08 05:31:41,233 - root - INFO - test acc from best model : 62.13999999999999
2023-09-08 05:31:41,233 - root - INFO - Epoch 23
-------------------------------
2023-09-08 05:33:21,171 - root - INFO - Época 23/25
2023-09-08 05:33:21,171 - root - INFO - loss: 0.6421258377432824 - accuracy: 77.1575 - val_loss: 1.4479607845306397 - val_accuracy: 57.24
2023-09-08 05:33:21,171 - root - INFO - [Test] ---> accuracy: 57.38999999999999 - loss: 1.4635616537094116
2023-09-08 05:33:21,171 - root - INFO - test acc from best model : 62.13999999999999
2023-09-08 05:33:21,171 - root - INFO - Epoch 24
-------------------------------
2023-09-08 05:35:00,795 - root - INFO - Época 24/25
2023-09-08 05:35:00,795 - root - INFO - loss: 0.6278174570441246 - accuracy: 77.375 - val_loss: 1.3260988973617553 - val_accuracy: 60.49
2023-09-08 05:35:00,795 - root - INFO - [Test] ---> accuracy: 60.019999999999996 - loss: 1.342276969909668
2023-09-08 05:35:00,795 - root - INFO - test acc from best model : 62.13999999999999
2023-09-08 05:35:00,795 - root - INFO - Epoch 25
-------------------------------
2023-09-08 05:36:39,990 - root - INFO - Época 25/25
2023-09-08 05:36:39,990 - root - INFO - loss: 0.6136875734210014 - accuracy: 78.2025 - val_loss: 1.3038508857727051 - val_accuracy: 60.81999999999999
2023-09-08 05:36:39,990 - root - INFO - [Test] ---> accuracy: 60.75000000000001 - loss: 1.315410392189026
2023-09-08 05:36:39,990 - root - INFO - test acc from best model : 62.13999999999999
2023-09-08 05:36:40,395 - root - INFO - Tempo treinamento:  2239.93 seconds
2023-09-08 05:36:40,396 - root - INFO - Menor loss: 1.130003398323059
2023-09-08 05:36:40,396 - root - INFO - Acurácia de teste do melhor modelo: 62.13999999999999
2023-09-08 05:36:40,396 - root - INFO - Métricas
2023-09-08 05:36:40,396 - root - INFO - ACC
2023-09-08 05:36:40,396 - root - INFO - {'epoch': [1,
           2,
           3,
           4,
           5,
           6,
           7,
           8,
           9,
           10,
           11,
           12,
           13,
           14,
           15,
           16,
           17,
           18,
           19,
           20,
           21,
           22,
           23,
           24,
           25],
 'test_acc': [44.529999999999994,
              43.03,
              45.379999999999995,
              53.49,
              57.550000000000004,
              58.050000000000004,
              60.51,
              54.63,
              55.2,
              59.919999999999995,
              60.67,
              59.489999999999995,
              59.940000000000005,
              62.13999999999999,
              62.160000000000004,
              61.99,
              61.35,
              59.31999999999999,
              59.36,
              58.58,
              60.38,
              61.63999999999999,
              57.38999999999999,
              60.019999999999996,
              60.75000000000001],
 'train_acc': [42.1925,
               52.96,
               56.9875,
               59.88,
               61.84,
               63.7925,
               65.14,
               66.3625,
               67.3475,
               68.5625,
               69.395,
               70.34,
               71.1675,
               71.87,
               73.0825,
               73.6475,
               74.15,
               74.45,
               75.155,
               75.6525,
               76.2625,
               76.9325,
               77.1575,
               77.375,
               78.2025],
 'val_acc': [45.32,
             42.65,
             45.87,
             52.580000000000005,
             57.56,
             57.46,
             60.68,
             53.94,
             54.43,
             59.88,
             59.74,
             59.730000000000004,
             59.61,
             62.61,
             62.39,
             62.660000000000004,
             60.95,
             58.98,
             58.86,
             58.730000000000004,
             60.650000000000006,
             61.67,
             57.24,
             60.49,
             60.81999999999999]}
2023-09-08 05:36:40,396 - root - INFO - LOSS
2023-09-08 05:36:40,396 - root - INFO - {'epoch': [1,
           2,
           3,
           4,
           5,
           6,
           7,
           8,
           9,
           10,
           11,
           12,
           13,
           14,
           15,
           16,
           17,
           18,
           19,
           20,
           21,
           22,
           23,
           24,
           25],
 'test_loss': [1.5470249029159546,
               1.7226752372741698,
               1.5721593900680542,
               1.3743653650283814,
               1.2359356552124023,
               1.2449432401657103,
               1.113523509979248,
               1.3592812520980835,
               1.428372864341736,
               1.1900446451187134,
               1.1553990423202514,
               1.1949560522079468,
               1.2028232858657837,
               1.1321195346832276,
               1.1739345914840698,
               1.1446476224899291,
               1.2183563249588012,
               1.2616499114990234,
               1.3193932954788208,
               1.373002677345276,
               1.291400908279419,
               1.242565651512146,
               1.4635616537094116,
               1.342276969909668,
               1.315410392189026],
 'train_loss': [1.6013564482212066,
                1.3282356437683105,
                1.217574667263031,
                1.13600543923378,
                1.0799332210063934,
                1.029367632341385,
                0.989100248837471,
                0.9486658708572387,
                0.9226513323545456,
                0.8884954238414764,
                0.8642390919685363,
                0.8367760203838348,
                0.8138979679346084,
                0.7920182620048523,
                0.7669491386890411,
                0.7481313170433045,
                0.7329356589317322,
                0.7163941758394241,
                0.6974470165967941,
                0.6869439457774162,
                0.6688179175853729,
                0.649248223567009,
                0.6421258377432824,
                0.6278174570441246,
                0.6136875734210014],
 'val_loss': [1.5364089906692504,
              1.7066252769470214,
              1.5742410758972167,
              1.382063691329956,
              1.240184794998169,
              1.2440222141265869,
              1.1353432005882262,
              1.3790232486724854,
              1.4323634000778198,
              1.184573275089264,
              1.171831587791443,
              1.193864109802246,
              1.2039887550354005,
              1.130003398323059,
              1.153698464679718,
              1.1439606420516968,
              1.2039315454483033,
              1.2736409427642823,
              1.3184555646896363,
              1.3519428813934327,
              1.2735350439071655,
              1.235988907623291,
              1.4479607845306397,
              1.3260988973617553,
              1.3038508857727051]}
2023-09-08 09:50:58,842 - root - INFO - --------------------- Iniciando Novo Treinamento 91 ---------------------
2023-09-08 09:50:58,843 - root - INFO - Parametros
2023-09-08 09:50:58,843 - root - INFO - {'batch_size': 32,
 'dataset': 'CIFAR10',
 'epochs': 25,
 'learning_rate': 0.001,
 'network': 'LENET5',
 'num_workers': 1}
2023-09-08 09:50:58,843 - root - INFO - Construindo dataset para a rede LENET5
2023-09-08 09:51:03,452 - root - INFO - LeNet5(
  (layer1): Sequential(
    (0): Conv2d(3, 18, kernel_size=(5, 5), stride=(1, 1))
    (1): BatchNorm2d(18, eps=1e-05, momentum=0.1, affine=True, track_running_stats=True)
    (2): ReLU()
    (3): MaxPool2d(kernel_size=2, stride=2, padding=0, dilation=1, ceil_mode=False)
  )
  (layer2): Sequential(
    (0): Conv2d(18, 48, kernel_size=(5, 5), stride=(1, 1))
    (1): BatchNorm2d(48, eps=1e-05, momentum=0.1, affine=True, track_running_stats=True)
    (2): ReLU()
    (3): MaxPool2d(kernel_size=2, stride=2, padding=0, dilation=1, ceil_mode=False)
  )
  (fc): Linear(in_features=1200, out_features=360, bias=True)
  (relu): ReLU()
  (fc1): Linear(in_features=360, out_features=252, bias=True)
  (relu1): ReLU()
  (fc2): Linear(in_features=252, out_features=10, bias=True)
)
2023-09-08 09:51:03,452 - root - INFO - Iniciando treinamento
2023-09-08 09:51:03,452 - root - INFO - Epoch 1
-------------------------------
2023-09-08 09:52:28,983 - root - INFO - Validation loss decreased from : inf ----> 1.5354920240402221 ----> Saving Model.......
2023-09-08 09:52:28,983 - root - INFO - Validation acc:  49.059999999999995
2023-09-08 09:52:28,983 - root - INFO - Best Test acc from 0 ----> 49.04
2023-09-08 09:52:31,043 - root - INFO - Época 1/25
2023-09-08 09:52:31,044 - root - INFO - loss: 1.3869180564403534 - accuracy: 49.1575 - val_loss: 1.5354920240402221 - val_accuracy: 49.059999999999995
2023-09-08 09:52:31,044 - root - INFO - [Test] ---> accuracy: 49.04 - loss: 1.5329818262100219
2023-09-08 09:52:31,044 - root - INFO - test acc from best model : 49.04
2023-09-08 09:52:31,044 - root - INFO - Epoch 2
-------------------------------
2023-09-08 09:53:55,217 - root - INFO - Validation loss decreased from : 1.5354920240402221 ----> 1.2055536524772643 ----> Saving Model.......
2023-09-08 09:53:55,217 - root - INFO - Validation acc:  58.35
2023-09-08 09:53:55,217 - root - INFO - Best Test acc from 49.04 ----> 58.15
2023-09-08 09:53:57,249 - root - INFO - Época 2/25
2023-09-08 09:53:57,249 - root - INFO - loss: 1.0656700459957122 - accuracy: 61.7975 - val_loss: 1.2055536524772643 - val_accuracy: 58.35
2023-09-08 09:53:57,249 - root - INFO - [Test] ---> accuracy: 58.15 - loss: 1.2097302883148193
2023-09-08 09:53:57,249 - root - INFO - test acc from best model : 58.15
2023-09-08 09:53:57,249 - root - INFO - Epoch 3
-------------------------------
2023-09-08 09:55:21,576 - root - INFO - Validation loss decreased from : 1.2055536524772643 ----> 0.9271549476623535 ----> Saving Model.......
2023-09-08 09:55:21,577 - root - INFO - Validation acc:  67.66
2023-09-08 09:55:21,577 - root - INFO - Best Test acc from 58.15 ----> 67.83
2023-09-08 09:55:23,685 - root - INFO - Época 3/25
2023-09-08 09:55:23,685 - root - INFO - loss: 0.9052615823507308 - accuracy: 67.9 - val_loss: 0.9271549476623535 - val_accuracy: 67.66
2023-09-08 09:55:23,685 - root - INFO - [Test] ---> accuracy: 67.83 - loss: 0.9147768834114075
2023-09-08 09:55:23,685 - root - INFO - test acc from best model : 67.83
2023-09-08 09:55:23,685 - root - INFO - Epoch 4
-------------------------------
2023-09-08 09:56:47,685 - root - INFO - Época 4/25
2023-09-08 09:56:47,685 - root - INFO - loss: 0.7834763023614884 - accuracy: 72.595 - val_loss: 1.1945813513755799 - val_accuracy: 61.29
2023-09-08 09:56:47,685 - root - INFO - [Test] ---> accuracy: 61.29 - loss: 1.1863245267868041
2023-09-08 09:56:47,685 - root - INFO - test acc from best model : 67.83
2023-09-08 09:56:47,686 - root - INFO - Epoch 5
-------------------------------
2023-09-08 09:58:15,139 - root - INFO - Validation loss decreased from : 0.9271549476623535 ----> 0.8758128826618194 ----> Saving Model.......
2023-09-08 09:58:15,139 - root - INFO - Validation acc:  70.25
2023-09-08 09:58:15,139 - root - INFO - Best Test acc from 67.83 ----> 70.23
2023-09-08 09:58:17,187 - root - INFO - Época 5/25
2023-09-08 09:58:17,187 - root - INFO - loss: 0.6942979890346527 - accuracy: 75.19 - val_loss: 0.8758128826618194 - val_accuracy: 70.25
2023-09-08 09:58:17,187 - root - INFO - [Test] ---> accuracy: 70.23 - loss: 0.8768558589935302
2023-09-08 09:58:17,187 - root - INFO - test acc from best model : 70.23
2023-09-08 09:58:17,550 - root - INFO - Epoch 6
-------------------------------
2023-09-08 09:59:48,453 - root - INFO - Época 6/25
2023-09-08 09:59:48,454 - root - INFO - loss: 0.6154570294141769 - accuracy: 78.0 - val_loss: 0.8830865616798401 - val_accuracy: 70.24000000000001
2023-09-08 09:59:48,454 - root - INFO - [Test] ---> accuracy: 70.78999999999999 - loss: 0.8718065529823303
2023-09-08 09:59:48,454 - root - INFO - test acc from best model : 70.23
2023-09-08 09:59:48,454 - root - INFO - Epoch 7
-------------------------------
2023-09-08 10:01:19,883 - root - INFO - Época 7/25
2023-09-08 10:01:19,883 - root - INFO - loss: 0.548974649655819 - accuracy: 80.55 - val_loss: 0.9497580638885498 - val_accuracy: 69.98
2023-09-08 10:01:19,883 - root - INFO - [Test] ---> accuracy: 69.73 - loss: 0.941894766998291
2023-09-08 10:01:19,883 - root - INFO - test acc from best model : 70.23
2023-09-08 10:01:19,883 - root - INFO - Epoch 8
-------------------------------
2023-09-08 10:02:50,155 - root - INFO - Época 8/25
2023-09-08 10:02:50,155 - root - INFO - loss: 0.48257821236252785 - accuracy: 82.795 - val_loss: 1.0753906863212586 - val_accuracy: 67.67999999999999
2023-09-08 10:02:50,155 - root - INFO - [Test] ---> accuracy: 67.54 - loss: 1.080446368598938
2023-09-08 10:02:50,155 - root - INFO - test acc from best model : 70.23
2023-09-08 10:02:50,155 - root - INFO - Epoch 9
-------------------------------
2023-09-08 10:04:21,166 - root - INFO - Época 9/25
2023-09-08 10:04:21,166 - root - INFO - loss: 0.4233745162367821 - accuracy: 84.9425 - val_loss: 0.9984349029541015 - val_accuracy: 70.00999999999999
2023-09-08 10:04:21,166 - root - INFO - [Test] ---> accuracy: 70.21 - loss: 0.9839730351448059
2023-09-08 10:04:21,166 - root - INFO - test acc from best model : 70.23
2023-09-08 10:04:21,166 - root - INFO - Epoch 10
-------------------------------
2023-09-08 10:05:51,606 - root - INFO - Época 10/25
2023-09-08 10:05:51,606 - root - INFO - loss: 0.3667271386563778 - accuracy: 86.885 - val_loss: 1.1130680254936218 - val_accuracy: 67.82000000000001
2023-09-08 10:05:51,606 - root - INFO - [Test] ---> accuracy: 68.77 - loss: 1.0886005687713622
2023-09-08 10:05:51,606 - root - INFO - test acc from best model : 70.23
2023-09-08 10:05:51,944 - root - INFO - Epoch 11
-------------------------------
2023-09-08 10:07:29,013 - root - INFO - Época 11/25
2023-09-08 10:07:29,013 - root - INFO - loss: 0.31890474939644337 - accuracy: 88.5625 - val_loss: 1.0433131905555726 - val_accuracy: 71.07
2023-09-08 10:07:29,013 - root - INFO - [Test] ---> accuracy: 71.71 - loss: 1.0305375324249268
2023-09-08 10:07:29,013 - root - INFO - test acc from best model : 70.23
2023-09-08 10:07:29,013 - root - INFO - Epoch 12
-------------------------------
2023-09-08 10:09:05,603 - root - INFO - Época 12/25
2023-09-08 10:09:05,603 - root - INFO - loss: 0.2763291177392006 - accuracy: 90.1275 - val_loss: 1.2585265372276306 - val_accuracy: 68.37
2023-09-08 10:09:05,603 - root - INFO - [Test] ---> accuracy: 68.57 - loss: 1.236621739768982
2023-09-08 10:09:05,603 - root - INFO - test acc from best model : 70.23
2023-09-08 10:09:05,603 - root - INFO - Epoch 13
-------------------------------
2023-09-08 10:10:42,670 - root - INFO - Época 13/25
2023-09-08 10:10:42,671 - root - INFO - loss: 0.249448164370656 - accuracy: 91.09 - val_loss: 1.2093763264656068 - val_accuracy: 71.27
2023-09-08 10:10:42,671 - root - INFO - [Test] ---> accuracy: 71.59 - loss: 1.1865184915542601
2023-09-08 10:10:42,671 - root - INFO - test acc from best model : 70.23
2023-09-08 10:10:42,671 - root - INFO - Epoch 14
-------------------------------
2023-09-08 10:12:20,569 - root - INFO - Época 14/25
2023-09-08 10:12:20,569 - root - INFO - loss: 0.2176633352547884 - accuracy: 92.3075 - val_loss: 1.2403469968795777 - val_accuracy: 71.19
2023-09-08 10:12:20,569 - root - INFO - [Test] ---> accuracy: 71.61999999999999 - loss: 1.2157411571502685
2023-09-08 10:12:20,569 - root - INFO - test acc from best model : 70.23
2023-09-08 10:12:20,569 - root - INFO - Epoch 15
-------------------------------
2023-09-08 10:13:57,908 - root - INFO - Época 15/25
2023-09-08 10:13:57,908 - root - INFO - loss: 0.18926163820028305 - accuracy: 93.24 - val_loss: 1.2990959435462952 - val_accuracy: 70.97
2023-09-08 10:13:57,908 - root - INFO - [Test] ---> accuracy: 71.5 - loss: 1.2963807002067567
2023-09-08 10:13:57,908 - root - INFO - test acc from best model : 70.23
2023-09-08 10:13:58,271 - root - INFO - Epoch 16
-------------------------------
2023-09-08 10:15:42,099 - root - INFO - Época 16/25
2023-09-08 10:15:42,099 - root - INFO - loss: 0.17424785651564598 - accuracy: 93.7725 - val_loss: 1.3804871688842772 - val_accuracy: 70.81
2023-09-08 10:15:42,099 - root - INFO - [Test] ---> accuracy: 70.65 - loss: 1.3671079182624817
2023-09-08 10:15:42,099 - root - INFO - test acc from best model : 70.23
2023-09-08 10:15:42,100 - root - INFO - Epoch 17
-------------------------------
2023-09-08 10:17:25,812 - root - INFO - Época 17/25
2023-09-08 10:17:25,812 - root - INFO - loss: 0.15529600940644742 - accuracy: 94.43 - val_loss: 1.4900801206588745 - val_accuracy: 70.76
2023-09-08 10:17:25,812 - root - INFO - [Test] ---> accuracy: 70.30999999999999 - loss: 1.4745087635040284
2023-09-08 10:17:25,812 - root - INFO - test acc from best model : 70.23
2023-09-08 10:17:25,812 - root - INFO - Epoch 18
-------------------------------
2023-09-08 10:19:09,106 - root - INFO - Época 18/25
2023-09-08 10:19:09,106 - root - INFO - loss: 0.141319085675478 - accuracy: 95.005 - val_loss: 1.6392603872776033 - val_accuracy: 68.71000000000001
2023-09-08 10:19:09,106 - root - INFO - [Test] ---> accuracy: 69.73 - loss: 1.597869294643402
2023-09-08 10:19:09,106 - root - INFO - test acc from best model : 70.23
2023-09-08 10:19:09,106 - root - INFO - Epoch 19
-------------------------------
2023-09-08 10:20:52,365 - root - INFO - Época 19/25
2023-09-08 10:20:52,365 - root - INFO - loss: 0.13480696248710156 - accuracy: 95.3275 - val_loss: 1.7143154154777527 - val_accuracy: 68.04
2023-09-08 10:20:52,365 - root - INFO - [Test] ---> accuracy: 67.82000000000001 - loss: 1.7304223731994628
2023-09-08 10:20:52,365 - root - INFO - test acc from best model : 70.23
2023-09-08 10:20:52,365 - root - INFO - Epoch 20
-------------------------------
2023-09-08 10:22:35,704 - root - INFO - Época 20/25
2023-09-08 10:22:35,704 - root - INFO - loss: 0.1225620945096016 - accuracy: 95.7925 - val_loss: 1.686406048297882 - val_accuracy: 69.6
2023-09-08 10:22:35,704 - root - INFO - [Test] ---> accuracy: 70.1 - loss: 1.6793344944953918
2023-09-08 10:22:35,704 - root - INFO - test acc from best model : 70.23
2023-09-08 10:22:36,070 - root - INFO - Epoch 21
-------------------------------
2023-09-08 10:24:25,818 - root - INFO - Época 21/25
2023-09-08 10:24:25,818 - root - INFO - loss: 0.11891811328232288 - accuracy: 95.975 - val_loss: 1.7288404397010804 - val_accuracy: 68.60000000000001
2023-09-08 10:24:25,818 - root - INFO - [Test] ---> accuracy: 69.67999999999999 - loss: 1.7175279831886292
2023-09-08 10:24:25,819 - root - INFO - test acc from best model : 70.23
2023-09-08 10:24:25,819 - root - INFO - Epoch 22
-------------------------------
2023-09-08 10:26:15,858 - root - INFO - Época 22/25
2023-09-08 10:26:15,859 - root - INFO - loss: 0.10679241406321525 - accuracy: 96.2775 - val_loss: 1.734955733680725 - val_accuracy: 69.63000000000001
2023-09-08 10:26:15,859 - root - INFO - [Test] ---> accuracy: 70.46 - loss: 1.724137086582184
2023-09-08 10:26:15,859 - root - INFO - test acc from best model : 70.23
2023-09-08 10:26:15,859 - root - INFO - Epoch 23
-------------------------------
2023-09-08 10:28:06,167 - root - INFO - Época 23/25
2023-09-08 10:28:06,167 - root - INFO - loss: 0.10223284591138362 - accuracy: 96.445 - val_loss: 1.7839628553390503 - val_accuracy: 69.77
2023-09-08 10:28:06,167 - root - INFO - [Test] ---> accuracy: 70.43 - loss: 1.7773900853157043
2023-09-08 10:28:06,167 - root - INFO - test acc from best model : 70.23
2023-09-08 10:28:06,167 - root - INFO - Epoch 24
-------------------------------
2023-09-08 10:29:55,356 - root - INFO - Época 24/25
2023-09-08 10:29:55,357 - root - INFO - loss: 0.10133381258249283 - accuracy: 96.44 - val_loss: 1.854574315547943 - val_accuracy: 69.72
2023-09-08 10:29:55,357 - root - INFO - [Test] ---> accuracy: 68.89999999999999 - loss: 1.891787497997284
2023-09-08 10:29:55,357 - root - INFO - test acc from best model : 70.23
2023-09-08 10:29:55,357 - root - INFO - Epoch 25
-------------------------------
2023-09-08 10:31:45,768 - root - INFO - Época 25/25
2023-09-08 10:31:45,768 - root - INFO - loss: 0.09258108438253403 - accuracy: 96.875 - val_loss: 1.865599646615982 - val_accuracy: 69.81
2023-09-08 10:31:45,768 - root - INFO - [Test] ---> accuracy: 70.34 - loss: 1.8522443927764893
2023-09-08 10:31:45,768 - root - INFO - test acc from best model : 70.23
2023-09-08 10:31:46,126 - root - INFO - Tempo treinamento:  2442.67 seconds
2023-09-08 10:31:46,126 - root - INFO - Menor loss: 0.8758128826618194
2023-09-08 10:31:46,126 - root - INFO - Acurácia de teste do melhor modelo: 70.23
2023-09-08 10:31:46,126 - root - INFO - Métricas
2023-09-08 10:31:46,126 - root - INFO - ACC
2023-09-08 10:31:46,126 - root - INFO - {'epoch': [1,
           2,
           3,
           4,
           5,
           6,
           7,
           8,
           9,
           10,
           11,
           12,
           13,
           14,
           15,
           16,
           17,
           18,
           19,
           20,
           21,
           22,
           23,
           24,
           25],
 'test_acc': [49.04,
              58.15,
              67.83,
              61.29,
              70.23,
              70.78999999999999,
              69.73,
              67.54,
              70.21,
              68.77,
              71.71,
              68.57,
              71.59,
              71.61999999999999,
              71.5,
              70.65,
              70.30999999999999,
              69.73,
              67.82000000000001,
              70.1,
              69.67999999999999,
              70.46,
              70.43,
              68.89999999999999,
              70.34],
 'train_acc': [49.1575,
               61.7975,
               67.9,
               72.595,
               75.19,
               78.0,
               80.55,
               82.795,
               84.9425,
               86.885,
               88.5625,
               90.1275,
               91.09,
               92.3075,
               93.24,
               93.7725,
               94.43,
               95.005,
               95.3275,
               95.7925,
               95.975,
               96.2775,
               96.445,
               96.44,
               96.875],
 'val_acc': [49.059999999999995,
             58.35,
             67.66,
             61.29,
             70.25,
             70.24000000000001,
             69.98,
             67.67999999999999,
             70.00999999999999,
             67.82000000000001,
             71.07,
             68.37,
             71.27,
             71.19,
             70.97,
             70.81,
             70.76,
             68.71000000000001,
             68.04,
             69.6,
             68.60000000000001,
             69.63000000000001,
             69.77,
             69.72,
             69.81]}
2023-09-08 10:31:46,126 - root - INFO - LOSS
2023-09-08 10:31:46,127 - root - INFO - {'epoch': [1,
           2,
           3,
           4,
           5,
           6,
           7,
           8,
           9,
           10,
           11,
           12,
           13,
           14,
           15,
           16,
           17,
           18,
           19,
           20,
           21,
           22,
           23,
           24,
           25],
 'test_loss': [1.5329818262100219,
               1.2097302883148193,
               0.9147768834114075,
               1.1863245267868041,
               0.8768558589935302,
               0.8718065529823303,
               0.941894766998291,
               1.080446368598938,
               0.9839730351448059,
               1.0886005687713622,
               1.0305375324249268,
               1.236621739768982,
               1.1865184915542601,
               1.2157411571502685,
               1.2963807002067567,
               1.3671079182624817,
               1.4745087635040284,
               1.597869294643402,
               1.7304223731994628,
               1.6793344944953918,
               1.7175279831886292,
               1.724137086582184,
               1.7773900853157043,
               1.891787497997284,
               1.8522443927764893],
 'train_loss': [1.3869180564403534,
                1.0656700459957122,
                0.9052615823507308,
                0.7834763023614884,
                0.6942979890346527,
                0.6154570294141769,
                0.548974649655819,
                0.48257821236252785,
                0.4233745162367821,
                0.3667271386563778,
                0.31890474939644337,
                0.2763291177392006,
                0.249448164370656,
                0.2176633352547884,
                0.18926163820028305,
                0.17424785651564598,
                0.15529600940644742,
                0.141319085675478,
                0.13480696248710156,
                0.1225620945096016,
                0.11891811328232288,
                0.10679241406321525,
                0.10223284591138362,
                0.10133381258249283,
                0.09258108438253403],
 'val_loss': [1.5354920240402221,
              1.2055536524772643,
              0.9271549476623535,
              1.1945813513755799,
              0.8758128826618194,
              0.8830865616798401,
              0.9497580638885498,
              1.0753906863212586,
              0.9984349029541015,
              1.1130680254936218,
              1.0433131905555726,
              1.2585265372276306,
              1.2093763264656068,
              1.2403469968795777,
              1.2990959435462952,
              1.3804871688842772,
              1.4900801206588745,
              1.6392603872776033,
              1.7143154154777527,
              1.686406048297882,
              1.7288404397010804,
              1.734955733680725,
              1.7839628553390503,
              1.854574315547943,
              1.865599646615982]}
