2023-09-02 04:21:47,045 - root - INFO - --------------------- Iniciando Novo Treinamento 39 ---------------------
2023-09-02 04:21:47,046 - root - INFO - Parametros
2023-09-02 04:21:47,046 - root - INFO - {'batch_size': 64,
 'dataset': 'FASHIONMNIST',
 'epochs': 20,
 'learning_rate': 0.001,
 'network': 'ALEXNET',
 'num_workers': 1}
2023-09-02 04:21:47,046 - root - INFO - Construindo dataset para a rede ALEXNET
2023-09-02 04:21:47,761 - root - INFO - Construindo modelo para a rede ALEXNET
2023-09-02 04:21:48,103 - root - INFO - AlexNet(
  (layer1): Sequential(
    (0): Conv2d(1, 96, kernel_size=(11, 11), stride=(4, 4))
    (1): BatchNorm2d(96, eps=1e-05, momentum=0.1, affine=True, track_running_stats=True)
    (2): ReLU()
    (3): MaxPool2d(kernel_size=3, stride=2, padding=0, dilation=1, ceil_mode=False)
  )
  (layer2): Sequential(
    (0): Conv2d(96, 256, kernel_size=(5, 5), stride=(1, 1), padding=(2, 2))
    (1): BatchNorm2d(256, eps=1e-05, momentum=0.1, affine=True, track_running_stats=True)
    (2): ReLU()
    (3): MaxPool2d(kernel_size=3, stride=2, padding=0, dilation=1, ceil_mode=False)
  )
  (layer3): Sequential(
    (0): Conv2d(256, 384, kernel_size=(3, 3), stride=(1, 1), padding=(1, 1))
    (1): BatchNorm2d(384, eps=1e-05, momentum=0.1, affine=True, track_running_stats=True)
    (2): ReLU()
  )
  (layer4): Sequential(
    (0): Conv2d(384, 384, kernel_size=(3, 3), stride=(1, 1), padding=(1, 1))
    (1): BatchNorm2d(384, eps=1e-05, momentum=0.1, affine=True, track_running_stats=True)
    (2): ReLU()
  )
  (layer5): Sequential(
    (0): Conv2d(384, 256, kernel_size=(3, 3), stride=(1, 1), padding=(1, 1))
    (1): BatchNorm2d(256, eps=1e-05, momentum=0.1, affine=True, track_running_stats=True)
    (2): ReLU()
    (3): MaxPool2d(kernel_size=3, stride=2, padding=0, dilation=1, ceil_mode=False)
  )
  (fc): Sequential(
    (0): Dropout(p=0.5, inplace=False)
    (1): Linear(in_features=9216, out_features=4096, bias=True)
    (2): ReLU()
  )
  (fc1): Sequential(
    (0): Dropout(p=0.5, inplace=False)
    (1): Linear(in_features=4096, out_features=4096, bias=True)
    (2): ReLU()
  )
  (fc2): Sequential(
    (0): Linear(in_features=4096, out_features=10, bias=True)
  )
)
2023-09-02 04:21:48,103 - root - INFO - Iniciando treinamento
2023-09-02 04:21:48,104 - root - INFO - Epoch 1
-------------------------------
2023-09-02 04:24:51,846 - root - INFO - Validation loss decreased from : inf ----> 0.5348039640391127 ----> Saving Model.......
2023-09-02 04:24:51,846 - root - INFO - Validation acc:  80.22500000000001
2023-09-02 04:24:52,250 - root - INFO - Época: 1 - Test Acc: 79.62 - Val Acc: 80.22500000000001
2023-09-02 04:24:52,250 - root - INFO - Epoch 2
-------------------------------
2023-09-02 04:27:56,497 - root - INFO - Validation loss decreased from : 0.5348039640391127 ----> 0.5035241138427815 ----> Saving Model.......
2023-09-02 04:27:56,497 - root - INFO - Validation acc:  84.6
2023-09-02 04:27:57,133 - root - INFO - Época: 2 - Test Acc: 83.52000000000001 - Val Acc: 84.6
2023-09-02 04:27:57,133 - root - INFO - Epoch 3
-------------------------------
2023-09-02 04:31:01,284 - root - INFO - Validation loss decreased from : 0.5035241138427815 ----> 0.42309321764301744 ----> Saving Model.......
2023-09-02 04:31:01,285 - root - INFO - Validation acc:  85.7
2023-09-02 04:31:01,865 - root - INFO - Época: 3 - Test Acc: 85.02 - Val Acc: 85.7
2023-09-02 04:31:01,865 - root - INFO - Epoch 4
-------------------------------
2023-09-02 04:34:05,588 - root - INFO - Validation loss decreased from : 0.42309321764301744 ----> 0.38924232949601845 ----> Saving Model.......
2023-09-02 04:34:05,588 - root - INFO - Validation acc:  86.075
2023-09-02 04:34:06,181 - root - INFO - Época: 4 - Test Acc: 85.11999999999999 - Val Acc: 86.075
2023-09-02 04:34:06,181 - root - INFO - Epoch 5
-------------------------------
2023-09-02 04:37:09,784 - root - INFO - Validation loss decreased from : 0.38924232949601845 ----> 0.3657847335363956 ----> Saving Model.......
2023-09-02 04:37:09,785 - root - INFO - Validation acc:  88.40833333333333
2023-09-02 04:37:10,373 - root - INFO - Época: 5 - Test Acc: 88.21 - Val Acc: 88.40833333333333
2023-09-02 04:37:10,373 - root - INFO - Epoch 6
-------------------------------
2023-09-02 04:40:13,683 - root - INFO - Validation loss decreased from : 0.3657847335363956 ----> 0.351018017197543 ----> Saving Model.......
2023-09-02 04:40:13,683 - root - INFO - Validation acc:  89.0
2023-09-02 04:40:14,533 - root - INFO - Época: 6 - Test Acc: 88.83 - Val Acc: 89.0
2023-09-02 04:40:14,533 - root - INFO - Epoch 7
-------------------------------
2023-09-02 04:43:18,557 - root - INFO - Validation loss decreased from : 0.351018017197543 ----> 0.31339409234041865 ----> Saving Model.......
2023-09-02 04:43:18,557 - root - INFO - Validation acc:  89.55
2023-09-02 04:43:19,301 - root - INFO - Época: 7 - Test Acc: 89.28 - Val Acc: 89.55
2023-09-02 04:43:19,301 - root - INFO - Epoch 8
-------------------------------
2023-09-02 04:46:22,616 - root - INFO - Época: 8 - Test Acc: 90.27 - Val Acc: 90.59166666666667
2023-09-02 04:46:22,616 - root - INFO - Epoch 9
-------------------------------
2023-09-02 04:49:26,025 - root - INFO - Validation loss decreased from : 0.31339409234041865 ----> 0.29607509235118296 ----> Saving Model.......
2023-09-02 04:49:26,025 - root - INFO - Validation acc:  90.73333333333333
2023-09-02 04:49:26,584 - root - INFO - Época: 9 - Test Acc: 90.51 - Val Acc: 90.73333333333333
2023-09-02 04:49:26,584 - root - INFO - Epoch 10
-------------------------------
2023-09-02 04:52:30,084 - root - INFO - Época: 10 - Test Acc: 89.25999999999999 - Val Acc: 89.28333333333333
2023-09-02 04:52:30,084 - root - INFO - Epoch 11
-------------------------------
2023-09-02 04:55:33,530 - root - INFO - Validation loss decreased from : 0.29607509235118296 ----> 0.2889879173103799 ----> Saving Model.......
2023-09-02 04:55:33,530 - root - INFO - Validation acc:  90.075
2023-09-02 04:55:34,119 - root - INFO - Época: 11 - Test Acc: 89.4 - Val Acc: 90.075
2023-09-02 04:55:34,119 - root - INFO - Epoch 12
-------------------------------
2023-09-02 04:58:38,189 - root - INFO - Época: 12 - Test Acc: 88.99000000000001 - Val Acc: 89.03333333333333
2023-09-02 04:58:38,189 - root - INFO - Epoch 13
-------------------------------
2023-09-02 05:01:42,067 - root - INFO - Validation loss decreased from : 0.2889879173103799 ----> 0.2509100657114957 ----> Saving Model.......
2023-09-02 05:01:42,067 - root - INFO - Validation acc:  91.325
2023-09-02 05:01:42,649 - root - INFO - Época: 13 - Test Acc: 91.07 - Val Acc: 91.325
2023-09-02 05:01:42,649 - root - INFO - Epoch 14
-------------------------------
2023-09-02 05:04:47,130 - root - INFO - Validation loss decreased from : 0.2509100657114957 ----> 0.2343935232530249 ----> Saving Model.......
2023-09-02 05:04:47,130 - root - INFO - Validation acc:  92.20833333333334
2023-09-02 05:04:47,869 - root - INFO - Época: 14 - Test Acc: 91.89 - Val Acc: 92.20833333333334
2023-09-02 05:04:47,869 - root - INFO - Epoch 15
-------------------------------
2023-09-02 05:07:52,395 - root - INFO - Época: 15 - Test Acc: 90.58 - Val Acc: 90.76666666666667
2023-09-02 05:07:52,395 - root - INFO - Epoch 16
-------------------------------
2023-09-02 05:10:55,645 - root - INFO - Época: 16 - Test Acc: 91.51 - Val Acc: 91.69166666666668
2023-09-02 05:10:55,646 - root - INFO - Epoch 17
-------------------------------
2023-09-02 05:13:59,077 - root - INFO - Validation loss decreased from : 0.2343935232530249 ----> 0.21587838422744832 ----> Saving Model.......
2023-09-02 05:13:59,077 - root - INFO - Validation acc:  92.45
2023-09-02 05:13:59,656 - root - INFO - Época: 17 - Test Acc: 92.2 - Val Acc: 92.45
2023-09-02 05:13:59,656 - root - INFO - Epoch 18
-------------------------------
2023-09-02 05:17:03,519 - root - INFO - Validation loss decreased from : 0.21587838422744832 ----> 0.20826091985911765 ----> Saving Model.......
2023-09-02 05:17:03,519 - root - INFO - Validation acc:  92.51666666666667
2023-09-02 05:17:04,107 - root - INFO - Época: 18 - Test Acc: 92.21000000000001 - Val Acc: 92.51666666666667
2023-09-02 05:17:04,108 - root - INFO - Epoch 19
-------------------------------
2023-09-02 05:20:07,697 - root - INFO - Época: 19 - Test Acc: 90.46 - Val Acc: 91.10833333333333
2023-09-02 05:20:07,697 - root - INFO - Epoch 20
-------------------------------
2023-09-02 05:23:11,426 - root - INFO - Época: 20 - Test Acc: 90.83 - Val Acc: 91.19166666666668
2023-09-02 05:23:11,426 - root - INFO - Tempo treinamento:  3683.32 seconds
2023-09-02 05:23:11,426 - root - INFO - Métricas
2023-09-02 05:23:11,426 - root - INFO - ACC
2023-09-02 05:23:11,427 - root - INFO - {'epoch': [1,
           2,
           3,
           4,
           5,
           6,
           7,
           8,
           9,
           10,
           11,
           12,
           13,
           14,
           15,
           16,
           17,
           18,
           19,
           20],
 'test_acc': [79.62,
              83.52000000000001,
              85.02,
              85.11999999999999,
              88.21,
              88.83,
              89.28,
              90.27,
              90.51,
              89.25999999999999,
              89.4,
              88.99000000000001,
              91.07,
              91.89,
              90.58,
              91.51,
              92.2,
              92.21000000000001,
              90.46,
              90.83],
 'train_acc': [68.74583333333334,
               78.5,
               82.03333333333333,
               84.20833333333333,
               85.83125,
               87.20625,
               88.23333333333333,
               89.05208333333333,
               89.84583333333333,
               90.32083333333334,
               90.80833333333334,
               91.49166666666666,
               91.89791666666666,
               92.36666666666666,
               92.81041666666667,
               93.2,
               93.32291666666667,
               93.89166666666667,
               93.98333333333333,
               94.18541666666667],
 'val_acc': [80.22500000000001,
             84.6,
             85.7,
             86.075,
             88.40833333333333,
             89.0,
             89.55,
             90.59166666666667,
             90.73333333333333,
             89.28333333333333,
             90.075,
             89.03333333333333,
             91.325,
             92.20833333333334,
             90.76666666666667,
             91.69166666666668,
             92.45,
             92.51666666666667,
             91.10833333333333,
             91.19166666666668]}
2023-09-02 05:23:11,427 - root - INFO - LOSS
2023-09-02 05:23:11,427 - root - INFO - {'epoch': [1,
           2,
           3,
           4,
           5,
           6,
           7,
           8,
           9,
           10,
           11,
           12,
           13,
           14,
           15,
           16,
           17,
           18,
           19,
           20],
 'test_loss': [0.551929988868677,
               0.5193725911674986,
               0.4385344712597549,
               0.4073933723625863,
               0.37876307489765676,
               0.3603796274608867,
               0.3267026460094816,
               0.33058110591332623,
               0.30584796342500453,
               0.32301401598438334,
               0.3023741130426431,
               0.30944663979065645,
               0.2560189929167936,
               0.2452117041892307,
               0.2537303181590548,
               0.24243846099088145,
               0.22991293023346335,
               0.2193257497611699,
               0.26115874708837766,
               0.24734546889545053],
 'train_loss': [0.9323204768101374,
                0.5703974579572677,
                0.4891484152674675,
                0.43238968241214754,
                0.39074228194355964,
                0.3547494800488154,
                0.33083160072565077,
                0.30760454321901004,
                0.2864036365350087,
                0.2711477698336045,
                0.2579028371373812,
                0.2379200335840384,
                0.22714309403300284,
                0.21232635927200316,
                0.20297136613726616,
                0.1939040894396603,
                0.18613914065063,
                0.17235724922269582,
                0.1683695973480741,
                0.1616420355165998],
 'val_loss': [0.5348039640391127,
              0.5035241138427815,
              0.42309321764301744,
              0.38924232949601845,
              0.3657847335363956,
              0.351018017197543,
              0.31339409234041865,
              0.3203997112652089,
              0.29607509235118296,
              0.31179688664826943,
              0.2889879173103799,
              0.299653133971894,
              0.2509100657114957,
              0.2343935232530249,
              0.2411242138911435,
              0.23645409319470537,
              0.21587838422744832,
              0.20826091985911765,
              0.2491987749854935,
              0.23803399955021573]}
2023-09-02 05:23:15,383 - root - INFO - Rodando evaluation
2023-09-02 05:23:15,384 - root - INFO - Construindo dataset para a rede ALEXNET
2023-09-08 02:01:01,825 - root - INFO - --------------------- Iniciando Teste 39 ---------------------
2023-09-08 02:01:01,825 - root - INFO - Rodando evaluation
2023-09-08 02:01:01,826 - root - INFO - Construindo dataset para a rede ALEXNET
2023-09-08 03:43:45,281 - root - INFO - --------------------- Iniciando Teste 39 ---------------------
2023-09-08 03:43:45,281 - root - INFO - Rodando evaluation
2023-09-08 03:43:45,285 - root - INFO - Construindo dataset para a rede ALEXNET
