2023-09-02 01:45:26,099 - root - INFO - --------------------- Iniciando Novo Treinamento 11 ---------------------
2023-09-02 01:45:26,099 - root - INFO - Parametros
2023-09-02 01:45:26,099 - root - INFO - {'batch_size': 32,
 'dataset': 'CIFAR10',
 'epochs': 10,
 'learning_rate': 0.0001,
 'network': 'LENET5',
 'num_workers': 1}
2023-09-02 01:45:26,099 - root - INFO - Construindo dataset para a rede LENET5
2023-09-02 01:45:27,478 - root - INFO - Construindo modelo para a rede LENET5
2023-09-02 01:45:27,483 - root - INFO - LeNet5(
  (layer1): Sequential(
    (0): Conv2d(3, 18, kernel_size=(5, 5), stride=(1, 1))
    (1): BatchNorm2d(18, eps=1e-05, momentum=0.1, affine=True, track_running_stats=True)
    (2): ReLU()
    (3): MaxPool2d(kernel_size=2, stride=2, padding=0, dilation=1, ceil_mode=False)
  )
  (layer2): Sequential(
    (0): Conv2d(18, 48, kernel_size=(5, 5), stride=(1, 1))
    (1): BatchNorm2d(48, eps=1e-05, momentum=0.1, affine=True, track_running_stats=True)
    (2): ReLU()
    (3): MaxPool2d(kernel_size=2, stride=2, padding=0, dilation=1, ceil_mode=False)
  )
  (fc): Linear(in_features=1200, out_features=360, bias=True)
  (relu): ReLU()
  (fc1): Linear(in_features=360, out_features=252, bias=True)
  (relu1): ReLU()
  (fc2): Linear(in_features=252, out_features=10, bias=True)
)
2023-09-02 01:45:27,483 - root - INFO - Iniciando treinamento
2023-09-02 01:45:27,483 - root - INFO - Epoch 1
-------------------------------
2023-09-02 01:46:45,754 - root - INFO - Validation loss decreased from : inf ----> 1.2609915799987963 ----> Saving Model.......
2023-09-02 01:46:45,759 - root - INFO - Época: 1 - Test Acc: 54.620000000000005 - Val Acc: 54.24
2023-09-02 01:46:45,759 - root - INFO - Epoch 2
-------------------------------
2023-09-02 01:48:04,777 - root - INFO - Validation loss decreased from : 1.2609915799987963 ----> 1.2054047696887495 ----> Saving Model.......
2023-09-02 01:48:04,788 - root - INFO - Época: 2 - Test Acc: 57.36 - Val Acc: 56.65
2023-09-02 01:48:04,788 - root - INFO - Epoch 3
-------------------------------
2023-09-02 01:49:22,495 - root - INFO - Validation loss decreased from : 1.2054047696887495 ----> 1.038433574544736 ----> Saving Model.......
2023-09-02 01:49:22,499 - root - INFO - Época: 3 - Test Acc: 63.44 - Val Acc: 63.339999999999996
2023-09-02 01:49:22,499 - root - INFO - Epoch 4
-------------------------------
2023-09-02 01:50:41,524 - root - INFO - Validation loss decreased from : 1.038433574544736 ----> 0.9917069146046623 ----> Saving Model.......
2023-09-02 01:50:41,536 - root - INFO - Época: 4 - Test Acc: 65.42999999999999 - Val Acc: 64.92999999999999
2023-09-02 01:50:41,536 - root - INFO - Epoch 5
-------------------------------
2023-09-02 01:51:59,540 - root - INFO - Validation loss decreased from : 0.9917069146046623 ----> 0.9635904498945791 ----> Saving Model.......
2023-09-02 01:51:59,544 - root - INFO - Época: 5 - Test Acc: 66.21000000000001 - Val Acc: 66.06
2023-09-02 01:51:59,544 - root - INFO - Epoch 6
-------------------------------
2023-09-02 01:53:18,554 - root - INFO - Validation loss decreased from : 0.9635904498945791 ----> 0.9482608509901613 ----> Saving Model.......
2023-09-02 01:53:18,567 - root - INFO - Época: 6 - Test Acc: 66.77 - Val Acc: 66.7
2023-09-02 01:53:18,567 - root - INFO - Epoch 7
-------------------------------
2023-09-02 01:54:36,980 - root - INFO - Validation loss decreased from : 0.9482608509901613 ----> 0.9282405521161259 ----> Saving Model.......
2023-09-02 01:54:36,991 - root - INFO - Época: 7 - Test Acc: 67.84 - Val Acc: 67.73
2023-09-02 01:54:36,991 - root - INFO - Epoch 8
-------------------------------
2023-09-02 01:55:55,955 - root - INFO - Época: 8 - Test Acc: 67.02 - Val Acc: 67.0
2023-09-02 01:55:55,955 - root - INFO - Epoch 9
-------------------------------
2023-09-02 01:57:14,342 - root - INFO - Validation loss decreased from : 0.9282405521161259 ----> 0.8866021274187313 ----> Saving Model.......
2023-09-02 01:57:14,350 - root - INFO - Época: 9 - Test Acc: 69.08999999999999 - Val Acc: 69.63000000000001
2023-09-02 01:57:14,350 - root - INFO - Epoch 10
-------------------------------
2023-09-02 01:58:33,199 - root - INFO - Época: 10 - Test Acc: 67.72 - Val Acc: 68.34
2023-09-02 01:58:33,199 - root - INFO - Tempo treinamento:  785.72 seconds
2023-09-02 01:58:33,199 - root - INFO - Métricas
2023-09-02 01:58:33,199 - root - INFO - ACC
2023-09-02 01:58:33,199 - root - INFO - {'epoch': [1, 2, 3, 4, 5, 6, 7, 8, 9, 10],
 'test_acc': [54.620000000000005,
              57.36,
              63.44,
              65.42999999999999,
              66.21000000000001,
              66.77,
              67.84,
              67.02,
              69.08999999999999,
              67.72],
 'train_acc': [46.175,
               57.9575,
               62.655,
               66.3425,
               68.9175,
               71.3175,
               73.2575,
               75.54,
               77.2675,
               79.1925],
 'val_acc': [54.24,
             56.65,
             63.339999999999996,
             64.92999999999999,
             66.06,
             66.7,
             67.73,
             67.0,
             69.63000000000001,
             68.34]}
2023-09-02 01:58:33,199 - root - INFO - LOSS
2023-09-02 01:58:33,199 - root - INFO - {'epoch': [1, 2, 3, 4, 5, 6, 7, 8, 9, 10],
 'test_loss': [1.2510605109766268,
               1.2048506763415596,
               1.0282039231004807,
               0.9831824870155261,
               0.9547067059876438,
               0.9467928515265163,
               0.9257590737396155,
               0.9410052242370459,
               0.8939893895063918,
               0.957235251467068],
 'train_loss': [1.4836627912044524,
                1.173322731590271,
                1.0492207962274551,
                0.955618943476677,
                0.8849142050981521,
                0.8170940412759781,
                0.7559026542663574,
                0.7000081754088402,
                0.6487168335676193,
                0.5968830190062523],
 'val_loss': [1.2609915799987963,
              1.2054047696887495,
              1.038433574544736,
              0.9917069146046623,
              0.9635904498945791,
              0.9482608509901613,
              0.9282405521161259,
              0.9439537874616373,
              0.8866021274187313,
              0.9441681595656056]}
2023-09-02 01:58:34,158 - root - INFO - Rodando evaluation
2023-09-02 01:58:34,159 - root - INFO - Construindo dataset para a rede LENET5
