2023-09-02 08:31:35,005 - root - INFO - --------------------- Iniciando Novo Treinamento 36 ---------------------
2023-09-02 08:31:35,006 - root - INFO - Parametros
2023-09-02 08:31:35,006 - root - INFO - {'batch_size': 32,
 'dataset': 'CIFAR10',
 'epochs': 20,
 'learning_rate': 0.001,
 'network': 'ALEXNET',
 'num_workers': 1}
2023-09-02 08:31:35,006 - root - INFO - Construindo dataset para a rede ALEXNET
2023-09-02 08:31:38,780 - root - INFO - Construindo modelo para a rede ALEXNET
2023-09-02 08:31:41,619 - root - INFO - AlexNet(
  (layer1): Sequential(
    (0): Conv2d(3, 288, kernel_size=(11, 11), stride=(4, 4))
    (1): BatchNorm2d(288, eps=1e-05, momentum=0.1, affine=True, track_running_stats=True)
    (2): ReLU()
    (3): MaxPool2d(kernel_size=3, stride=2, padding=0, dilation=1, ceil_mode=False)
  )
  (layer2): Sequential(
    (0): Conv2d(288, 768, kernel_size=(5, 5), stride=(1, 1), padding=(2, 2))
    (1): BatchNorm2d(768, eps=1e-05, momentum=0.1, affine=True, track_running_stats=True)
    (2): ReLU()
    (3): MaxPool2d(kernel_size=3, stride=2, padding=0, dilation=1, ceil_mode=False)
  )
  (layer3): Sequential(
    (0): Conv2d(768, 1152, kernel_size=(3, 3), stride=(1, 1), padding=(1, 1))
    (1): BatchNorm2d(1152, eps=1e-05, momentum=0.1, affine=True, track_running_stats=True)
    (2): ReLU()
  )
  (layer4): Sequential(
    (0): Conv2d(1152, 1152, kernel_size=(3, 3), stride=(1, 1), padding=(1, 1))
    (1): BatchNorm2d(1152, eps=1e-05, momentum=0.1, affine=True, track_running_stats=True)
    (2): ReLU()
  )
  (layer5): Sequential(
    (0): Conv2d(1152, 768, kernel_size=(3, 3), stride=(1, 1), padding=(1, 1))
    (1): BatchNorm2d(768, eps=1e-05, momentum=0.1, affine=True, track_running_stats=True)
    (2): ReLU()
    (3): MaxPool2d(kernel_size=3, stride=2, padding=0, dilation=1, ceil_mode=False)
  )
  (fc): Sequential(
    (0): Dropout(p=0.5, inplace=False)
    (1): Linear(in_features=27648, out_features=12288, bias=True)
    (2): ReLU()
  )
  (fc1): Sequential(
    (0): Dropout(p=0.5, inplace=False)
    (1): Linear(in_features=12288, out_features=12288, bias=True)
    (2): ReLU()
  )
  (fc2): Sequential(
    (0): Linear(in_features=12288, out_features=10, bias=True)
  )
)
2023-09-02 08:31:41,620 - root - INFO - Iniciando treinamento
2023-09-02 08:31:41,620 - root - INFO - Epoch 1
-------------------------------
2023-09-02 08:40:49,796 - root - INFO - Validation loss decreased from : inf ----> 1.9838932657394166 ----> Saving Model.......
2023-09-02 08:40:49,796 - root - INFO - Validation acc:  19.41
2023-09-02 08:40:54,769 - root - INFO - Época: 1 - Test Acc: 20.630000000000003 - Val Acc: 19.41
2023-09-02 08:40:54,769 - root - INFO - Epoch 2
-------------------------------
2023-09-02 08:50:04,972 - root - INFO - Época: 2 - Test Acc: 20.7 - Val Acc: 20.89
2023-09-02 08:50:04,985 - root - INFO - Epoch 3
-------------------------------
2023-09-02 08:59:13,436 - root - INFO - Validation loss decreased from : 1.9838932657394166 ----> 1.9700733468936273 ----> Saving Model.......
2023-09-02 08:59:13,436 - root - INFO - Validation acc:  19.139999999999997
2023-09-02 08:59:30,774 - root - INFO - Época: 3 - Test Acc: 18.4 - Val Acc: 19.139999999999997
2023-09-02 08:59:30,841 - root - INFO - Epoch 4
-------------------------------
2023-09-02 09:08:41,663 - root - INFO - Validation loss decreased from : 1.9700733468936273 ----> 1.916134525411807 ----> Saving Model.......
2023-09-02 09:08:41,663 - root - INFO - Validation acc:  23.880000000000003
2023-09-02 09:08:59,124 - root - INFO - Época: 4 - Test Acc: 23.669999999999998 - Val Acc: 23.880000000000003
2023-09-02 09:08:59,490 - root - INFO - Epoch 5
-------------------------------
2023-09-02 09:18:08,744 - root - INFO - Época: 5 - Test Acc: 22.56 - Val Acc: 22.1
2023-09-02 09:18:08,744 - root - INFO - Epoch 6
-------------------------------
2023-09-02 09:27:18,547 - root - INFO - Época: 6 - Test Acc: 22.2 - Val Acc: 21.83
2023-09-02 09:27:18,547 - root - INFO - Epoch 7
-------------------------------
2023-09-02 09:36:28,397 - root - INFO - Validation loss decreased from : 1.916134525411807 ----> 1.8810859183533886 ----> Saving Model.......
2023-09-02 09:36:28,397 - root - INFO - Validation acc:  23.51
2023-09-02 09:36:45,944 - root - INFO - Época: 7 - Test Acc: 23.23 - Val Acc: 23.51
2023-09-02 09:36:45,973 - root - INFO - Epoch 8
-------------------------------
2023-09-02 09:45:55,959 - root - INFO - Época: 8 - Test Acc: 24.62 - Val Acc: 24.59
2023-09-02 09:45:55,959 - root - INFO - Epoch 9
-------------------------------
2023-09-02 09:55:04,885 - root - INFO - Validation loss decreased from : 1.8810859183533886 ----> 1.8757445595134943 ----> Saving Model.......
2023-09-02 09:55:04,885 - root - INFO - Validation acc:  26.919999999999998
2023-09-02 09:55:21,886 - root - INFO - Época: 9 - Test Acc: 26.669999999999998 - Val Acc: 26.919999999999998
2023-09-02 09:55:21,900 - root - INFO - Epoch 10
-------------------------------
2023-09-02 10:04:30,876 - root - INFO - Época: 10 - Test Acc: 23.53 - Val Acc: 23.69
2023-09-02 10:04:30,876 - root - INFO - Epoch 11
-------------------------------
2023-09-02 10:13:40,168 - root - INFO - Época: 11 - Test Acc: 25.5 - Val Acc: 24.82
2023-09-02 10:13:40,168 - root - INFO - Epoch 12
-------------------------------
2023-09-02 10:22:50,891 - root - INFO - Validation loss decreased from : 1.8757445595134943 ----> 1.8223519591858592 ----> Saving Model.......
2023-09-02 10:22:50,891 - root - INFO - Validation acc:  26.61
2023-09-02 10:23:08,656 - root - INFO - Época: 12 - Test Acc: 26.51 - Val Acc: 26.61
2023-09-02 10:23:08,715 - root - INFO - Epoch 13
-------------------------------
2023-09-02 10:32:17,208 - root - INFO - Época: 13 - Test Acc: 26.35 - Val Acc: 26.150000000000002
2023-09-02 10:32:17,208 - root - INFO - Epoch 14
-------------------------------
2023-09-02 10:41:26,838 - root - INFO - Validation loss decreased from : 1.8223519591858592 ----> 1.8059717561490238 ----> Saving Model.......
2023-09-02 10:41:26,838 - root - INFO - Validation acc:  28.050000000000004
2023-09-02 10:41:44,020 - root - INFO - Época: 14 - Test Acc: 27.839999999999996 - Val Acc: 28.050000000000004
2023-09-02 10:41:44,079 - root - INFO - Epoch 15
-------------------------------
2023-09-02 10:50:50,732 - root - INFO - Validation loss decreased from : 1.8059717561490238 ----> 1.803852182226821 ----> Saving Model.......
2023-09-02 10:50:50,732 - root - INFO - Validation acc:  26.66
2023-09-02 10:51:07,986 - root - INFO - Época: 15 - Test Acc: 26.939999999999998 - Val Acc: 26.66
2023-09-02 10:51:08,028 - root - INFO - Epoch 16
-------------------------------
2023-09-02 11:00:15,651 - root - INFO - Época: 16 - Test Acc: 24.65 - Val Acc: 25.380000000000003
2023-09-02 11:00:15,651 - root - INFO - Epoch 17
-------------------------------
2023-09-02 11:09:23,930 - root - INFO - Validation loss decreased from : 1.803852182226821 ----> 1.742420285654525 ----> Saving Model.......
2023-09-02 11:09:23,930 - root - INFO - Validation acc:  29.25
2023-09-02 11:09:41,027 - root - INFO - Época: 17 - Test Acc: 28.83 - Val Acc: 29.25
2023-09-02 11:09:41,052 - root - INFO - Epoch 18
-------------------------------
2023-09-02 11:18:49,751 - root - INFO - Validation loss decreased from : 1.742420285654525 ----> 1.7302732418139521 ----> Saving Model.......
2023-09-02 11:18:49,751 - root - INFO - Validation acc:  29.12
2023-09-02 11:19:07,152 - root - INFO - Época: 18 - Test Acc: 28.53 - Val Acc: 29.12
2023-09-02 11:19:07,222 - root - INFO - Epoch 19
-------------------------------
2023-09-02 11:28:15,185 - root - INFO - Época: 19 - Test Acc: 25.72 - Val Acc: 26.33
2023-09-02 11:28:15,185 - root - INFO - Epoch 20
-------------------------------
2023-09-02 11:37:24,218 - root - INFO - Época: 20 - Test Acc: 27.18 - Val Acc: 27.88
2023-09-02 11:37:24,218 - root - INFO - Tempo treinamento:  11142.60 seconds
2023-09-02 11:37:24,218 - root - INFO - Métricas
2023-09-02 11:37:24,218 - root - INFO - ACC
2023-09-02 11:37:24,218 - root - INFO - {'epoch': [1,
           2,
           3,
           4,
           5,
           6,
           7,
           8,
           9,
           10,
           11,
           12,
           13,
           14,
           15,
           16,
           17,
           18,
           19,
           20],
 'test_acc': [20.630000000000003,
              20.7,
              18.4,
              23.669999999999998,
              22.56,
              22.2,
              23.23,
              24.62,
              26.669999999999998,
              23.53,
              25.5,
              26.51,
              26.35,
              27.839999999999996,
              26.939999999999998,
              24.65,
              28.83,
              28.53,
              25.72,
              27.18],
 'train_acc': [17.08,
               17.495,
               17.515,
               19.9175,
               19.2725,
               20.175,
               21.24,
               21.8775,
               21.9425,
               22.8025,
               23.3625,
               23.5575,
               23.7625,
               24.0025,
               24.2025,
               25.5725,
               25.775,
               25.6575,
               26.445,
               26.385],
 'val_acc': [19.41,
             20.89,
             19.139999999999997,
             23.880000000000003,
             22.1,
             21.83,
             23.51,
             24.59,
             26.919999999999998,
             23.69,
             24.82,
             26.61,
             26.150000000000002,
             28.050000000000004,
             26.66,
             25.380000000000003,
             29.25,
             29.12,
             26.33,
             27.88]}
2023-09-02 11:37:24,218 - root - INFO - LOSS
2023-09-02 11:37:24,218 - root - INFO - {'epoch': [1,
           2,
           3,
           4,
           5,
           6,
           7,
           8,
           9,
           10,
           11,
           12,
           13,
           14,
           15,
           16,
           17,
           18,
           19,
           20],
 'test_loss': [1.9787632386905316,
               2.028887941814459,
               1.9728561114198484,
               1.9169246914287725,
               1.9391217403137646,
               2.0839933191244593,
               1.8835183762894652,
               1.915114932547743,
               1.8757393101152902,
               1.930463853354652,
               1.9308700020701741,
               1.8268271159059324,
               1.95916904732823,
               1.8111470408332995,
               1.8068804295299152,
               1.8137941893678122,
               1.7514956260260683,
               1.7337051767129867,
               1.785473011553097,
               1.8201573268293192],
 'train_loss': [2.926861766529083,
                2.066104550743103,
                2.0531745495796203,
                1.9896956364631653,
                2.029350077533722,
                2.0101223155975343,
                1.9736039407730102,
                1.9274755761146545,
                1.9644258040428162,
                1.9183556427955628,
                1.8971591084480286,
                1.882218248271942,
                1.881227363681793,
                1.861955511856079,
                1.8584263112068176,
                1.816403888607025,
                1.8131856943130493,
                1.7999032344818116,
                1.7879274237632752,
                1.7859656977653504],
 'val_loss': [1.9838932657394166,
              2.026176817500934,
              1.9700733468936273,
              1.916134525411807,
              1.9416790998781832,
              2.086930936517807,
              1.8810859183533886,
              1.9134670252236314,
              1.8757445595134943,
              1.929813659610078,
              1.9303306108846452,
              1.8223519591858592,
              1.9615919856598583,
              1.8059717561490238,
              1.803852182226821,
              1.8086323174424828,
              1.742420285654525,
              1.7302732418139521,
              1.7805015469511476,
              1.8163979163946815]}
2023-09-02 11:37:45,377 - root - INFO - Rodando evaluation
2023-09-02 11:37:45,377 - root - INFO - Construindo dataset para a rede ALEXNET
