2023-09-03 23:14:34,413 - root - INFO - --------------------- Iniciando Novo Treinamento 55 ---------------------
2023-09-03 23:14:34,413 - root - INFO - Parametros
2023-09-03 23:14:34,413 - root - INFO - {'batch_size': 32,
 'dataset': 'CIFAR10',
 'epochs': 15,
 'learning_rate': 0.001,
 'network': 'VGG16',
 'num_workers': 1}
2023-09-03 23:14:34,413 - root - INFO - Construindo dataset para a rede VGG16
2023-09-03 23:14:36,339 - root - INFO - VGG16(
  (layer1): Sequential(
    (0): Conv2d(1, 64, kernel_size=(3, 3), stride=(1, 1), padding=(1, 1))
    (1): BatchNorm2d(64, eps=1e-05, momentum=0.1, affine=True, track_running_stats=True)
    (2): ReLU()
  )
  (layer2): Sequential(
    (0): Conv2d(64, 64, kernel_size=(3, 3), stride=(1, 1), padding=(1, 1))
    (1): BatchNorm2d(64, eps=1e-05, momentum=0.1, affine=True, track_running_stats=True)
    (2): ReLU()
    (3): MaxPool2d(kernel_size=2, stride=2, padding=0, dilation=1, ceil_mode=False)
  )
  (layer3): Sequential(
    (0): Conv2d(64, 128, kernel_size=(3, 3), stride=(1, 1), padding=(1, 1))
    (1): BatchNorm2d(128, eps=1e-05, momentum=0.1, affine=True, track_running_stats=True)
    (2): ReLU()
  )
  (layer4): Sequential(
    (0): Conv2d(128, 128, kernel_size=(3, 3), stride=(1, 1), padding=(1, 1))
    (1): BatchNorm2d(128, eps=1e-05, momentum=0.1, affine=True, track_running_stats=True)
    (2): ReLU()
    (3): MaxPool2d(kernel_size=2, stride=2, padding=0, dilation=1, ceil_mode=False)
  )
  (layer5): Sequential(
    (0): Conv2d(128, 256, kernel_size=(3, 3), stride=(1, 1), padding=(1, 1))
    (1): BatchNorm2d(256, eps=1e-05, momentum=0.1, affine=True, track_running_stats=True)
    (2): ReLU()
  )
  (layer6): Sequential(
    (0): Conv2d(256, 256, kernel_size=(3, 3), stride=(1, 1), padding=(1, 1))
    (1): BatchNorm2d(256, eps=1e-05, momentum=0.1, affine=True, track_running_stats=True)
    (2): ReLU()
  )
  (layer7): Sequential(
    (0): Conv2d(256, 256, kernel_size=(3, 3), stride=(1, 1), padding=(1, 1))
    (1): BatchNorm2d(256, eps=1e-05, momentum=0.1, affine=True, track_running_stats=True)
    (2): ReLU()
    (3): MaxPool2d(kernel_size=2, stride=2, padding=0, dilation=1, ceil_mode=False)
  )
  (layer8): Sequential(
    (0): Conv2d(256, 512, kernel_size=(3, 3), stride=(1, 1), padding=(1, 1))
    (1): BatchNorm2d(512, eps=1e-05, momentum=0.1, affine=True, track_running_stats=True)
    (2): ReLU()
  )
  (layer9): Sequential(
    (0): Conv2d(512, 512, kernel_size=(3, 3), stride=(1, 1), padding=(1, 1))
    (1): BatchNorm2d(512, eps=1e-05, momentum=0.1, affine=True, track_running_stats=True)
    (2): ReLU()
  )
  (layer10): Sequential(
    (0): Conv2d(512, 512, kernel_size=(3, 3), stride=(1, 1), padding=(1, 1))
    (1): BatchNorm2d(512, eps=1e-05, momentum=0.1, affine=True, track_running_stats=True)
    (2): ReLU()
    (3): MaxPool2d(kernel_size=2, stride=2, padding=0, dilation=1, ceil_mode=False)
  )
  (layer11): Sequential(
    (0): Conv2d(512, 512, kernel_size=(3, 3), stride=(1, 1), padding=(1, 1))
    (1): BatchNorm2d(512, eps=1e-05, momentum=0.1, affine=True, track_running_stats=True)
    (2): ReLU()
  )
  (layer12): Sequential(
    (0): Conv2d(512, 512, kernel_size=(3, 3), stride=(1, 1), padding=(1, 1))
    (1): BatchNorm2d(512, eps=1e-05, momentum=0.1, affine=True, track_running_stats=True)
    (2): ReLU()
  )
  (layer13): Sequential(
    (0): Conv2d(512, 512, kernel_size=(3, 3), stride=(1, 1), padding=(1, 1))
    (1): BatchNorm2d(512, eps=1e-05, momentum=0.1, affine=True, track_running_stats=True)
    (2): ReLU()
    (3): MaxPool2d(kernel_size=2, stride=2, padding=0, dilation=1, ceil_mode=False)
  )
  (fc): Sequential(
    (0): Linear(in_features=25088, out_features=4096, bias=True)
    (1): ReLU()
    (2): Dropout(p=0.5, inplace=False)
  )
  (fc1): Sequential(
    (0): Linear(in_features=4096, out_features=4096, bias=True)
    (1): ReLU()
    (2): Dropout(p=0.5, inplace=False)
  )
  (fc2): Sequential(
    (0): Linear(in_features=4096, out_features=10, bias=True)
  )
)
2023-09-03 23:14:36,339 - root - INFO - Iniciando treinamento
2023-09-03 23:14:36,339 - root - INFO - Epoch 1
-------------------------------
2023-09-03 23:20:02,705 - root - INFO - Validation loss decreased from : inf ----> 2.3030177360534667 ----> Saving Model.......
2023-09-03 23:20:02,706 - root - INFO - Validation acc:  9.64
2023-09-03 23:20:02,706 - root - INFO - Best Test acc from 0 ----> 10.0
2023-09-03 23:20:02,706 - root - INFO - Época 1/15
2023-09-03 23:20:02,706 - root - INFO - loss: 2.727283036804199 - accuracy: 10.1425 - val_loss: 2.3030177360534667 - val_accuracy: 9.64
2023-09-03 23:20:02,706 - root - INFO - [Test] ---> accuracy: 10.0 - loss: 2.302768111419678
2023-09-03 23:20:02,706 - root - INFO - test acc from best model : 10.0
2023-09-03 23:20:02,706 - root - INFO - Epoch 2
-------------------------------
2023-09-03 23:25:35,228 - root - INFO - Validation loss decreased from : 2.3030177360534667 ----> 2.3029777313232422 ----> Saving Model.......
2023-09-03 23:25:35,228 - root - INFO - Validation acc:  10.09
2023-09-03 23:25:35,228 - root - INFO - Best Test acc from 10.0 ----> 10.0
2023-09-03 23:25:35,228 - root - INFO - Época 2/15
2023-09-03 23:25:35,228 - root - INFO - loss: 2.30802131690979 - accuracy: 10.035 - val_loss: 2.3029777313232422 - val_accuracy: 10.09
2023-09-03 23:25:35,228 - root - INFO - [Test] ---> accuracy: 10.0 - loss: 2.3031590255737306
2023-09-03 23:25:35,228 - root - INFO - test acc from best model : 10.0
2023-09-03 23:25:35,228 - root - INFO - Epoch 3
-------------------------------
2023-09-03 23:31:06,606 - root - INFO - Validation loss decreased from : 2.3029777313232422 ----> 2.3027677951812744 ----> Saving Model.......
2023-09-03 23:31:06,606 - root - INFO - Validation acc:  9.91
2023-09-03 23:31:06,606 - root - INFO - Best Test acc from 10.0 ----> 10.0
2023-09-03 23:31:06,606 - root - INFO - Época 3/15
2023-09-03 23:31:06,606 - root - INFO - loss: 2.3035573974609376 - accuracy: 10.32 - val_loss: 2.3027677951812744 - val_accuracy: 9.91
2023-09-03 23:31:06,606 - root - INFO - [Test] ---> accuracy: 10.0 - loss: 2.3028518299102783
2023-09-03 23:31:06,606 - root - INFO - test acc from best model : 10.0
2023-09-03 23:31:06,606 - root - INFO - Epoch 4
-------------------------------
2023-09-03 23:36:38,868 - root - INFO - Época 4/15
2023-09-03 23:36:38,868 - root - INFO - loss: 2.303077197265625 - accuracy: 10.0275 - val_loss: 2.303011032104492 - val_accuracy: 9.950000000000001
2023-09-03 23:36:38,868 - root - INFO - [Test] ---> accuracy: 10.0 - loss: 2.302809838104248
2023-09-03 23:36:38,868 - root - INFO - test acc from best model : 10.0
2023-09-03 23:36:38,868 - root - INFO - Epoch 5
-------------------------------
2023-09-03 23:42:10,404 - root - INFO - Época 5/15
2023-09-03 23:42:10,404 - root - INFO - loss: 2.30296220703125 - accuracy: 9.9525 - val_loss: 2.3028220417022705 - val_accuracy: 9.64
2023-09-03 23:42:10,405 - root - INFO - [Test] ---> accuracy: 10.0 - loss: 2.3026550819396974
2023-09-03 23:42:10,405 - root - INFO - test acc from best model : 10.0
2023-09-03 23:42:10,405 - root - INFO - Epoch 6
-------------------------------
2023-09-03 23:47:42,574 - root - INFO - Época 6/15
2023-09-03 23:47:42,574 - root - INFO - loss: 2.302812353515625 - accuracy: 9.965 - val_loss: 2.302917342376709 - val_accuracy: 9.64
2023-09-03 23:47:42,574 - root - INFO - [Test] ---> accuracy: 10.0 - loss: 2.3027081020355227
2023-09-03 23:47:42,574 - root - INFO - test acc from best model : 10.0
2023-09-03 23:47:42,574 - root - INFO - Epoch 7
-------------------------------
2023-09-03 23:53:14,533 - root - INFO - Época 7/15
2023-09-03 23:53:14,534 - root - INFO - loss: 2.302854443359375 - accuracy: 9.8525 - val_loss: 2.302993399810791 - val_accuracy: 9.64
2023-09-03 23:53:14,534 - root - INFO - [Test] ---> accuracy: 10.0 - loss: 2.3026872829437255
2023-09-03 23:53:14,534 - root - INFO - test acc from best model : 10.0
2023-09-03 23:53:14,534 - root - INFO - Epoch 8
-------------------------------
2023-09-03 23:58:46,355 - root - INFO - Época 8/15
2023-09-03 23:58:46,355 - root - INFO - loss: 2.302793994140625 - accuracy: 9.615 - val_loss: 2.3029723209381103 - val_accuracy: 9.64
2023-09-03 23:58:46,355 - root - INFO - [Test] ---> accuracy: 10.0 - loss: 2.302676303482056
2023-09-03 23:58:46,355 - root - INFO - test acc from best model : 10.0
2023-09-03 23:58:46,355 - root - INFO - Epoch 9
-------------------------------
2023-09-04 00:04:18,492 - root - INFO - Validation loss decreased from : 2.3027677951812744 ----> 2.3027498474121093 ----> Saving Model.......
2023-09-04 00:04:18,493 - root - INFO - Validation acc:  9.950000000000001
2023-09-04 00:04:18,493 - root - INFO - Best Test acc from 10.0 ----> 10.0
2023-09-04 00:04:18,493 - root - INFO - Época 9/15
2023-09-04 00:04:18,493 - root - INFO - loss: 2.302814697265625 - accuracy: 9.655 - val_loss: 2.3027498474121093 - val_accuracy: 9.950000000000001
2023-09-04 00:04:18,493 - root - INFO - [Test] ---> accuracy: 10.0 - loss: 2.3026158222198485
2023-09-04 00:04:18,493 - root - INFO - test acc from best model : 10.0
2023-09-04 00:04:18,493 - root - INFO - Epoch 10
-------------------------------
2023-09-04 00:09:50,648 - root - INFO - Validation loss decreased from : 2.3027498474121093 ----> 2.3027031391143797 ----> Saving Model.......
2023-09-04 00:09:50,648 - root - INFO - Validation acc:  9.83
2023-09-04 00:09:50,648 - root - INFO - Best Test acc from 10.0 ----> 10.0
2023-09-04 00:09:50,648 - root - INFO - Época 10/15
2023-09-04 00:09:50,648 - root - INFO - loss: 2.302785693359375 - accuracy: 9.7725 - val_loss: 2.3027031391143797 - val_accuracy: 9.83
2023-09-04 00:09:50,648 - root - INFO - [Test] ---> accuracy: 10.0 - loss: 2.3026076484680176
2023-09-04 00:09:50,648 - root - INFO - test acc from best model : 10.0
2023-09-04 00:09:50,648 - root - INFO - Epoch 11
-------------------------------
2023-09-04 00:15:22,409 - root - INFO - Época 11/15
2023-09-04 00:15:22,409 - root - INFO - loss: 2.3027779296875 - accuracy: 9.8575 - val_loss: 2.3028322875976563 - val_accuracy: 9.950000000000001
2023-09-04 00:15:22,409 - root - INFO - [Test] ---> accuracy: 10.0 - loss: 2.3026650123596193
2023-09-04 00:15:22,409 - root - INFO - test acc from best model : 10.0
2023-09-04 00:15:22,409 - root - INFO - Epoch 12
-------------------------------
2023-09-04 00:20:54,333 - root - INFO - Época 12/15
2023-09-04 00:20:54,333 - root - INFO - loss: 2.30278408203125 - accuracy: 9.91 - val_loss: 2.302788371658325 - val_accuracy: 9.64
2023-09-04 00:20:54,333 - root - INFO - [Test] ---> accuracy: 10.0 - loss: 2.3026259128570556
2023-09-04 00:20:54,333 - root - INFO - test acc from best model : 10.0
2023-09-04 00:20:54,333 - root - INFO - Epoch 13
-------------------------------
2023-09-04 00:26:26,492 - root - INFO - Época 13/15
2023-09-04 00:26:26,492 - root - INFO - loss: 2.302763330078125 - accuracy: 9.5475 - val_loss: 2.302993940734863 - val_accuracy: 9.64
2023-09-04 00:26:26,492 - root - INFO - [Test] ---> accuracy: 10.0 - loss: 2.302685580444336
2023-09-04 00:26:26,492 - root - INFO - test acc from best model : 10.0
2023-09-04 00:26:26,492 - root - INFO - Epoch 14
-------------------------------
2023-09-04 00:31:58,993 - root - INFO - Época 14/15
2023-09-04 00:31:58,993 - root - INFO - loss: 2.3027439453125 - accuracy: 9.945 - val_loss: 2.302728894805908 - val_accuracy: 9.91
2023-09-04 00:31:58,993 - root - INFO - [Test] ---> accuracy: 10.0 - loss: 2.3026264751434327
2023-09-04 00:31:58,993 - root - INFO - test acc from best model : 10.0
2023-09-04 00:31:58,993 - root - INFO - Epoch 15
-------------------------------
2023-09-04 00:37:31,036 - root - INFO - Validation loss decreased from : 2.3027031391143797 ----> 2.3026378406524657 ----> Saving Model.......
2023-09-04 00:37:31,036 - root - INFO - Validation acc:  9.91
2023-09-04 00:37:31,036 - root - INFO - Best Test acc from 10.0 ----> 10.0
2023-09-04 00:37:31,036 - root - INFO - Época 15/15
2023-09-04 00:37:31,036 - root - INFO - loss: 2.302771484375 - accuracy: 10.0775 - val_loss: 2.3026378406524657 - val_accuracy: 9.91
2023-09-04 00:37:31,036 - root - INFO - [Test] ---> accuracy: 10.0 - loss: 2.302630871963501
2023-09-04 00:37:31,036 - root - INFO - test acc from best model : 10.0
2023-09-04 00:37:31,036 - root - INFO - Tempo treinamento:  4974.70 seconds
2023-09-04 00:37:31,036 - root - INFO - Menor loss: 2.3026378406524657
2023-09-04 00:37:31,036 - root - INFO - Acurácia de teste do melhor modelo: 10.0
2023-09-04 00:37:31,036 - root - INFO - Métricas
2023-09-04 00:37:31,036 - root - INFO - ACC
2023-09-04 00:37:31,037 - root - INFO - {'epoch': [1, 2, 3, 4, 5, 6, 7, 8, 9, 10, 11, 12, 13, 14, 15],
 'test_acc': [10.0,
              10.0,
              10.0,
              10.0,
              10.0,
              10.0,
              10.0,
              10.0,
              10.0,
              10.0,
              10.0,
              10.0,
              10.0,
              10.0,
              10.0],
 'train_acc': [10.1425,
               10.035,
               10.32,
               10.0275,
               9.9525,
               9.965,
               9.8525,
               9.615,
               9.655,
               9.7725,
               9.8575,
               9.91,
               9.5475,
               9.945,
               10.0775],
 'val_acc': [9.64,
             10.09,
             9.91,
             9.950000000000001,
             9.64,
             9.64,
             9.64,
             9.64,
             9.950000000000001,
             9.83,
             9.950000000000001,
             9.64,
             9.64,
             9.91,
             9.91]}
2023-09-04 00:37:31,037 - root - INFO - LOSS
2023-09-04 00:37:31,037 - root - INFO - {'epoch': [1, 2, 3, 4, 5, 6, 7, 8, 9, 10, 11, 12, 13, 14, 15],
 'test_loss': [2.302768111419678,
               2.3031590255737306,
               2.3028518299102783,
               2.302809838104248,
               2.3026550819396974,
               2.3027081020355227,
               2.3026872829437255,
               2.302676303482056,
               2.3026158222198485,
               2.3026076484680176,
               2.3026650123596193,
               2.3026259128570556,
               2.302685580444336,
               2.3026264751434327,
               2.302630871963501],
 'train_loss': [2.727283036804199,
                2.30802131690979,
                2.3035573974609376,
                2.303077197265625,
                2.30296220703125,
                2.302812353515625,
                2.302854443359375,
                2.302793994140625,
                2.302814697265625,
                2.302785693359375,
                2.3027779296875,
                2.30278408203125,
                2.302763330078125,
                2.3027439453125,
                2.302771484375],
 'val_loss': [2.3030177360534667,
              2.3029777313232422,
              2.3027677951812744,
              2.303011032104492,
              2.3028220417022705,
              2.302917342376709,
              2.302993399810791,
              2.3029723209381103,
              2.3027498474121093,
              2.3027031391143797,
              2.3028322875976563,
              2.302788371658325,
              2.302993940734863,
              2.302728894805908,
              2.3026378406524657]}
2023-09-04 10:57:36,801 - root - INFO - --------------------- Iniciando Novo Treinamento 55 ---------------------
2023-09-04 10:57:36,801 - root - INFO - Parametros
2023-09-04 10:57:36,801 - root - INFO - {'batch_size': 32,
 'dataset': 'CIFAR10',
 'epochs': 15,
 'learning_rate': 0.0001,
 'network': 'VGG16',
 'num_workers': 1}
2023-09-04 10:57:36,801 - root - INFO - Construindo dataset para a rede VGG16
2023-09-04 10:57:43,133 - root - INFO - VGG16(
  (layer1): Sequential(
    (0): Conv2d(1, 64, kernel_size=(3, 3), stride=(1, 1), padding=(1, 1))
    (1): BatchNorm2d(64, eps=1e-05, momentum=0.1, affine=True, track_running_stats=True)
    (2): ReLU()
  )
  (layer2): Sequential(
    (0): Conv2d(64, 64, kernel_size=(3, 3), stride=(1, 1), padding=(1, 1))
    (1): BatchNorm2d(64, eps=1e-05, momentum=0.1, affine=True, track_running_stats=True)
    (2): ReLU()
    (3): MaxPool2d(kernel_size=2, stride=2, padding=0, dilation=1, ceil_mode=False)
  )
  (layer3): Sequential(
    (0): Conv2d(64, 128, kernel_size=(3, 3), stride=(1, 1), padding=(1, 1))
    (1): BatchNorm2d(128, eps=1e-05, momentum=0.1, affine=True, track_running_stats=True)
    (2): ReLU()
  )
  (layer4): Sequential(
    (0): Conv2d(128, 128, kernel_size=(3, 3), stride=(1, 1), padding=(1, 1))
    (1): BatchNorm2d(128, eps=1e-05, momentum=0.1, affine=True, track_running_stats=True)
    (2): ReLU()
    (3): MaxPool2d(kernel_size=2, stride=2, padding=0, dilation=1, ceil_mode=False)
  )
  (layer5): Sequential(
    (0): Conv2d(128, 256, kernel_size=(3, 3), stride=(1, 1), padding=(1, 1))
    (1): BatchNorm2d(256, eps=1e-05, momentum=0.1, affine=True, track_running_stats=True)
    (2): ReLU()
  )
  (layer6): Sequential(
    (0): Conv2d(256, 256, kernel_size=(3, 3), stride=(1, 1), padding=(1, 1))
    (1): BatchNorm2d(256, eps=1e-05, momentum=0.1, affine=True, track_running_stats=True)
    (2): ReLU()
  )
  (layer7): Sequential(
    (0): Conv2d(256, 256, kernel_size=(3, 3), stride=(1, 1), padding=(1, 1))
    (1): BatchNorm2d(256, eps=1e-05, momentum=0.1, affine=True, track_running_stats=True)
    (2): ReLU()
    (3): MaxPool2d(kernel_size=2, stride=2, padding=0, dilation=1, ceil_mode=False)
  )
  (layer8): Sequential(
    (0): Conv2d(256, 512, kernel_size=(3, 3), stride=(1, 1), padding=(1, 1))
    (1): BatchNorm2d(512, eps=1e-05, momentum=0.1, affine=True, track_running_stats=True)
    (2): ReLU()
  )
  (layer9): Sequential(
    (0): Conv2d(512, 512, kernel_size=(3, 3), stride=(1, 1), padding=(1, 1))
    (1): BatchNorm2d(512, eps=1e-05, momentum=0.1, affine=True, track_running_stats=True)
    (2): ReLU()
  )
  (layer10): Sequential(
    (0): Conv2d(512, 512, kernel_size=(3, 3), stride=(1, 1), padding=(1, 1))
    (1): BatchNorm2d(512, eps=1e-05, momentum=0.1, affine=True, track_running_stats=True)
    (2): ReLU()
    (3): MaxPool2d(kernel_size=2, stride=2, padding=0, dilation=1, ceil_mode=False)
  )
  (layer11): Sequential(
    (0): Conv2d(512, 512, kernel_size=(3, 3), stride=(1, 1), padding=(1, 1))
    (1): BatchNorm2d(512, eps=1e-05, momentum=0.1, affine=True, track_running_stats=True)
    (2): ReLU()
  )
  (layer12): Sequential(
    (0): Conv2d(512, 512, kernel_size=(3, 3), stride=(1, 1), padding=(1, 1))
    (1): BatchNorm2d(512, eps=1e-05, momentum=0.1, affine=True, track_running_stats=True)
    (2): ReLU()
  )
  (layer13): Sequential(
    (0): Conv2d(512, 512, kernel_size=(3, 3), stride=(1, 1), padding=(1, 1))
    (1): BatchNorm2d(512, eps=1e-05, momentum=0.1, affine=True, track_running_stats=True)
    (2): ReLU()
    (3): MaxPool2d(kernel_size=2, stride=2, padding=0, dilation=1, ceil_mode=False)
  )
  (fc): Sequential(
    (0): Linear(in_features=25088, out_features=4096, bias=True)
    (1): ReLU()
    (2): Dropout(p=0.5, inplace=False)
  )
  (fc1): Sequential(
    (0): Linear(in_features=4096, out_features=4096, bias=True)
    (1): ReLU()
    (2): Dropout(p=0.5, inplace=False)
  )
  (fc2): Sequential(
    (0): Linear(in_features=4096, out_features=10, bias=True)
  )
)
2023-09-04 10:57:43,134 - root - INFO - Iniciando treinamento
2023-09-04 10:57:43,134 - root - INFO - Epoch 1
-------------------------------
2023-09-04 11:06:44,438 - root - INFO - Validation loss decreased from : inf ----> 1.203269055747986 ----> Saving Model.......
2023-09-04 11:06:44,439 - root - INFO - Validation acc:  57.16
2023-09-04 11:06:44,439 - root - INFO - Best Test acc from 0 ----> 56.84
2023-09-04 11:06:44,439 - root - INFO - Época 1/15
2023-09-04 11:06:44,439 - root - INFO - loss: 1.6472557042598723 - accuracy: 39.7925 - val_loss: 1.203269055747986 - val_accuracy: 57.16
2023-09-04 11:06:44,439 - root - INFO - [Test] ---> accuracy: 56.84 - loss: 1.205436247253418
2023-09-04 11:06:44,439 - root - INFO - test acc from best model : 56.84
2023-09-04 11:06:44,439 - root - INFO - Epoch 2
-------------------------------
2023-09-04 11:15:44,556 - root - INFO - Validation loss decreased from : 1.203269055747986 ----> 1.0424858434677124 ----> Saving Model.......
2023-09-04 11:15:44,557 - root - INFO - Validation acc:  63.73
2023-09-04 11:15:44,557 - root - INFO - Best Test acc from 56.84 ----> 63.3
2023-09-04 11:15:44,557 - root - INFO - Época 2/15
2023-09-04 11:15:44,557 - root - INFO - loss: 1.0449927619695663 - accuracy: 63.275 - val_loss: 1.0424858434677124 - val_accuracy: 63.73
2023-09-04 11:15:44,557 - root - INFO - [Test] ---> accuracy: 63.3 - loss: 1.0470672907829284
2023-09-04 11:15:44,557 - root - INFO - test acc from best model : 63.3
2023-09-04 11:15:44,557 - root - INFO - Epoch 3
-------------------------------
2023-09-04 11:24:42,655 - root - INFO - Validation loss decreased from : 1.0424858434677124 ----> 0.7849188450813294 ----> Saving Model.......
2023-09-04 11:24:42,655 - root - INFO - Validation acc:  72.19
2023-09-04 11:24:42,655 - root - INFO - Best Test acc from 63.3 ----> 72.77
2023-09-04 11:24:42,656 - root - INFO - Época 3/15
2023-09-04 11:24:42,656 - root - INFO - loss: 0.8445199527740479 - accuracy: 70.6525 - val_loss: 0.7849188450813294 - val_accuracy: 72.19
2023-09-04 11:24:42,656 - root - INFO - [Test] ---> accuracy: 72.77 - loss: 0.7716489480972291
2023-09-04 11:24:42,656 - root - INFO - test acc from best model : 72.77
2023-09-04 11:24:42,656 - root - INFO - Epoch 4
-------------------------------
2023-09-04 11:33:41,809 - root - INFO - Validation loss decreased from : 0.7849188450813294 ----> 0.7253841770172119 ----> Saving Model.......
2023-09-04 11:33:41,809 - root - INFO - Validation acc:  74.65
2023-09-04 11:33:41,809 - root - INFO - Best Test acc from 72.77 ----> 74.8
2023-09-04 11:33:41,809 - root - INFO - Época 4/15
2023-09-04 11:33:41,809 - root - INFO - loss: 0.7292152369856835 - accuracy: 74.785 - val_loss: 0.7253841770172119 - val_accuracy: 74.65
2023-09-04 11:33:41,809 - root - INFO - [Test] ---> accuracy: 74.8 - loss: 0.7326834581375122
2023-09-04 11:33:41,809 - root - INFO - test acc from best model : 74.8
2023-09-04 11:33:41,809 - root - INFO - Epoch 5
-------------------------------
2023-09-04 11:42:41,370 - root - INFO - Validation loss decreased from : 0.7253841770172119 ----> 0.659725174331665 ----> Saving Model.......
2023-09-04 11:42:41,370 - root - INFO - Validation acc:  77.31
2023-09-04 11:42:41,370 - root - INFO - Best Test acc from 74.8 ----> 77.36
2023-09-04 11:42:41,370 - root - INFO - Época 5/15
2023-09-04 11:42:41,370 - root - INFO - loss: 0.6382209351301193 - accuracy: 78.015 - val_loss: 0.659725174331665 - val_accuracy: 77.31
2023-09-04 11:42:41,370 - root - INFO - [Test] ---> accuracy: 77.36 - loss: 0.6729374517917633
2023-09-04 11:42:41,370 - root - INFO - test acc from best model : 77.36
2023-09-04 11:42:41,370 - root - INFO - Epoch 6
-------------------------------
2023-09-04 11:51:39,686 - root - INFO - Validation loss decreased from : 0.659725174331665 ----> 0.5893959301471711 ----> Saving Model.......
2023-09-04 11:51:39,686 - root - INFO - Validation acc:  79.74
2023-09-04 11:51:39,686 - root - INFO - Best Test acc from 77.36 ----> 79.85
2023-09-04 11:51:39,686 - root - INFO - Época 6/15
2023-09-04 11:51:39,686 - root - INFO - loss: 0.567052472114563 - accuracy: 80.4725 - val_loss: 0.5893959301471711 - val_accuracy: 79.74
2023-09-04 11:51:39,686 - root - INFO - [Test] ---> accuracy: 79.85 - loss: 0.5935441482067109
2023-09-04 11:51:39,686 - root - INFO - test acc from best model : 79.85
2023-09-04 11:51:39,686 - root - INFO - Epoch 7
-------------------------------
2023-09-04 12:00:38,840 - root - INFO - Época 7/15
2023-09-04 12:00:38,841 - root - INFO - loss: 0.5075961481571197 - accuracy: 82.4175 - val_loss: 0.690220932340622 - val_accuracy: 77.34
2023-09-04 12:00:38,841 - root - INFO - [Test] ---> accuracy: 77.25 - loss: 0.6957600217342377
2023-09-04 12:00:38,841 - root - INFO - test acc from best model : 79.85
2023-09-04 12:00:38,841 - root - INFO - Epoch 8
-------------------------------
2023-09-04 12:09:38,831 - root - INFO - Época 8/15
2023-09-04 12:09:38,831 - root - INFO - loss: 0.45130513966679575 - accuracy: 84.44 - val_loss: 0.6028181359529495 - val_accuracy: 80.49
2023-09-04 12:09:38,831 - root - INFO - [Test] ---> accuracy: 79.65 - loss: 0.6237571205377579
2023-09-04 12:09:38,831 - root - INFO - test acc from best model : 79.85
2023-09-04 12:09:38,831 - root - INFO - Epoch 9
-------------------------------
2023-09-04 12:18:37,945 - root - INFO - Validation loss decreased from : 0.5893959301471711 ----> 0.5513315949916839 ----> Saving Model.......
2023-09-04 12:18:37,945 - root - INFO - Validation acc:  81.62
2023-09-04 12:18:37,945 - root - INFO - Best Test acc from 79.85 ----> 81.5
2023-09-04 12:18:37,945 - root - INFO - Época 9/15
2023-09-04 12:18:37,945 - root - INFO - loss: 0.4021662681996822 - accuracy: 86.17 - val_loss: 0.5513315949916839 - val_accuracy: 81.62
2023-09-04 12:18:37,945 - root - INFO - [Test] ---> accuracy: 81.5 - loss: 0.5490756643772126
2023-09-04 12:18:37,945 - root - INFO - test acc from best model : 81.5
2023-09-04 12:18:37,945 - root - INFO - Epoch 10
-------------------------------
2023-09-04 12:27:36,087 - root - INFO - Validation loss decreased from : 0.5513315949916839 ----> 0.531359473323822 ----> Saving Model.......
2023-09-04 12:27:36,087 - root - INFO - Validation acc:  82.43
2023-09-04 12:27:36,087 - root - INFO - Best Test acc from 81.5 ----> 81.86
2023-09-04 12:27:36,087 - root - INFO - Época 10/15
2023-09-04 12:27:36,087 - root - INFO - loss: 0.355751285007596 - accuracy: 87.51 - val_loss: 0.531359473323822 - val_accuracy: 82.43
2023-09-04 12:27:36,087 - root - INFO - [Test] ---> accuracy: 81.86 - loss: 0.5496727689027786
2023-09-04 12:27:36,087 - root - INFO - test acc from best model : 81.86
2023-09-04 12:27:36,087 - root - INFO - Epoch 11
-------------------------------
2023-09-04 12:36:34,152 - root - INFO - Validation loss decreased from : 0.531359473323822 ----> 0.5227738452434539 ----> Saving Model.......
2023-09-04 12:36:34,152 - root - INFO - Validation acc:  82.93
2023-09-04 12:36:34,153 - root - INFO - Best Test acc from 81.86 ----> 82.63000000000001
2023-09-04 12:36:34,153 - root - INFO - Época 11/15
2023-09-04 12:36:34,153 - root - INFO - loss: 0.31600753107368945 - accuracy: 88.8525 - val_loss: 0.5227738452434539 - val_accuracy: 82.93
2023-09-04 12:36:34,153 - root - INFO - [Test] ---> accuracy: 82.63000000000001 - loss: 0.5381984447956085
2023-09-04 12:36:34,153 - root - INFO - test acc from best model : 82.63000000000001
2023-09-04 12:36:34,153 - root - INFO - Epoch 12
-------------------------------
2023-09-04 12:45:33,463 - root - INFO - Validation loss decreased from : 0.5227738452434539 ----> 0.5007153013706207 ----> Saving Model.......
2023-09-04 12:45:33,463 - root - INFO - Validation acc:  84.21
2023-09-04 12:45:33,463 - root - INFO - Best Test acc from 82.63000000000001 ----> 83.78
2023-09-04 12:45:33,463 - root - INFO - Época 12/15
2023-09-04 12:45:33,463 - root - INFO - loss: 0.2855358211457729 - accuracy: 90.15 - val_loss: 0.5007153013706207 - val_accuracy: 84.21
2023-09-04 12:45:33,463 - root - INFO - [Test] ---> accuracy: 83.78 - loss: 0.5159552295446396
2023-09-04 12:45:33,463 - root - INFO - test acc from best model : 83.78
2023-09-04 12:45:33,464 - root - INFO - Epoch 13
-------------------------------
2023-09-04 12:54:33,246 - root - INFO - Época 13/15
2023-09-04 12:54:33,246 - root - INFO - loss: 0.2515452348560095 - accuracy: 91.2025 - val_loss: 0.5630774921655655 - val_accuracy: 82.92
2023-09-04 12:54:33,246 - root - INFO - [Test] ---> accuracy: 82.94 - loss: 0.5737166820526123
2023-09-04 12:54:33,246 - root - INFO - test acc from best model : 83.78
2023-09-04 12:54:33,246 - root - INFO - Epoch 14
-------------------------------
2023-09-04 13:03:31,103 - root - INFO - Época 14/15
2023-09-04 13:03:31,104 - root - INFO - loss: 0.225161570751667 - accuracy: 92.325 - val_loss: 0.5880902687311172 - val_accuracy: 82.69
2023-09-04 13:03:31,104 - root - INFO - [Test] ---> accuracy: 82.36 - loss: 0.5962218548297882
2023-09-04 13:03:31,104 - root - INFO - test acc from best model : 83.78
2023-09-04 13:03:31,104 - root - INFO - Epoch 15
-------------------------------
2023-09-04 13:12:29,459 - root - INFO - Época 15/15
2023-09-04 13:12:29,459 - root - INFO - loss: 0.20452358403801918 - accuracy: 92.7925 - val_loss: 0.6479685487747192 - val_accuracy: 81.78999999999999
2023-09-04 13:12:29,460 - root - INFO - [Test] ---> accuracy: 82.1 - loss: 0.6448037479877472
2023-09-04 13:12:29,460 - root - INFO - test acc from best model : 83.78
2023-09-04 13:12:29,460 - root - INFO - Tempo treinamento:  8086.33 seconds
2023-09-04 13:12:29,460 - root - INFO - Menor loss: 0.5007153013706207
2023-09-04 13:12:29,460 - root - INFO - Acurácia de teste do melhor modelo: 83.78
2023-09-04 13:12:29,460 - root - INFO - Métricas
2023-09-04 13:12:29,460 - root - INFO - ACC
2023-09-04 13:12:29,460 - root - INFO - {'epoch': [1, 2, 3, 4, 5, 6, 7, 8, 9, 10, 11, 12, 13, 14, 15],
 'test_acc': [56.84,
              63.3,
              72.77,
              74.8,
              77.36,
              79.85,
              77.25,
              79.65,
              81.5,
              81.86,
              82.63000000000001,
              83.78,
              82.94,
              82.36,
              82.1],
 'train_acc': [39.7925,
               63.275,
               70.6525,
               74.785,
               78.015,
               80.4725,
               82.4175,
               84.44,
               86.17,
               87.51,
               88.8525,
               90.15,
               91.2025,
               92.325,
               92.7925],
 'val_acc': [57.16,
             63.73,
             72.19,
             74.65,
             77.31,
             79.74,
             77.34,
             80.49,
             81.62,
             82.43,
             82.93,
             84.21,
             82.92,
             82.69,
             81.78999999999999]}
2023-09-04 13:12:29,460 - root - INFO - LOSS
2023-09-04 13:12:29,460 - root - INFO - {'epoch': [1, 2, 3, 4, 5, 6, 7, 8, 9, 10, 11, 12, 13, 14, 15],
 'test_loss': [1.205436247253418,
               1.0470672907829284,
               0.7716489480972291,
               0.7326834581375122,
               0.6729374517917633,
               0.5935441482067109,
               0.6957600217342377,
               0.6237571205377579,
               0.5490756643772126,
               0.5496727689027786,
               0.5381984447956085,
               0.5159552295446396,
               0.5737166820526123,
               0.5962218548297882,
               0.6448037479877472],
 'train_loss': [1.6472557042598723,
                1.0449927619695663,
                0.8445199527740479,
                0.7292152369856835,
                0.6382209351301193,
                0.567052472114563,
                0.5075961481571197,
                0.45130513966679575,
                0.4021662681996822,
                0.355751285007596,
                0.31600753107368945,
                0.2855358211457729,
                0.2515452348560095,
                0.225161570751667,
                0.20452358403801918],
 'val_loss': [1.203269055747986,
              1.0424858434677124,
              0.7849188450813294,
              0.7253841770172119,
              0.659725174331665,
              0.5893959301471711,
              0.690220932340622,
              0.6028181359529495,
              0.5513315949916839,
              0.531359473323822,
              0.5227738452434539,
              0.5007153013706207,
              0.5630774921655655,
              0.5880902687311172,
              0.6479685487747192]}
2023-09-08 01:37:48,810 - root - INFO - --------------------- Iniciando Novo Treinamento 55 ---------------------
2023-09-08 01:37:48,811 - root - INFO - Parametros
2023-09-08 01:37:48,811 - root - INFO - {'batch_size': 32,
 'dataset': 'CIFAR10',
 'epochs': 15,
 'learning_rate': 0.0001,
 'network': 'VGG16',
 'num_workers': 1}
2023-09-08 01:37:48,811 - root - INFO - Construindo dataset para a rede VGG16
2023-09-08 01:37:50,718 - root - INFO - VGG16(
  (layer1): Sequential(
    (0): Conv2d(1, 64, kernel_size=(3, 3), stride=(1, 1), padding=(1, 1))
    (1): BatchNorm2d(64, eps=1e-05, momentum=0.1, affine=True, track_running_stats=True)
    (2): ReLU()
  )
  (layer2): Sequential(
    (0): Conv2d(64, 64, kernel_size=(3, 3), stride=(1, 1), padding=(1, 1))
    (1): BatchNorm2d(64, eps=1e-05, momentum=0.1, affine=True, track_running_stats=True)
    (2): ReLU()
    (3): MaxPool2d(kernel_size=2, stride=2, padding=0, dilation=1, ceil_mode=False)
  )
  (layer3): Sequential(
    (0): Conv2d(64, 128, kernel_size=(3, 3), stride=(1, 1), padding=(1, 1))
    (1): BatchNorm2d(128, eps=1e-05, momentum=0.1, affine=True, track_running_stats=True)
    (2): ReLU()
  )
  (layer4): Sequential(
    (0): Conv2d(128, 128, kernel_size=(3, 3), stride=(1, 1), padding=(1, 1))
    (1): BatchNorm2d(128, eps=1e-05, momentum=0.1, affine=True, track_running_stats=True)
    (2): ReLU()
    (3): MaxPool2d(kernel_size=2, stride=2, padding=0, dilation=1, ceil_mode=False)
  )
  (layer5): Sequential(
    (0): Conv2d(128, 256, kernel_size=(3, 3), stride=(1, 1), padding=(1, 1))
    (1): BatchNorm2d(256, eps=1e-05, momentum=0.1, affine=True, track_running_stats=True)
    (2): ReLU()
  )
  (layer6): Sequential(
    (0): Conv2d(256, 256, kernel_size=(3, 3), stride=(1, 1), padding=(1, 1))
    (1): BatchNorm2d(256, eps=1e-05, momentum=0.1, affine=True, track_running_stats=True)
    (2): ReLU()
  )
  (layer7): Sequential(
    (0): Conv2d(256, 256, kernel_size=(3, 3), stride=(1, 1), padding=(1, 1))
    (1): BatchNorm2d(256, eps=1e-05, momentum=0.1, affine=True, track_running_stats=True)
    (2): ReLU()
    (3): MaxPool2d(kernel_size=2, stride=2, padding=0, dilation=1, ceil_mode=False)
  )
  (layer8): Sequential(
    (0): Conv2d(256, 512, kernel_size=(3, 3), stride=(1, 1), padding=(1, 1))
    (1): BatchNorm2d(512, eps=1e-05, momentum=0.1, affine=True, track_running_stats=True)
    (2): ReLU()
  )
  (layer9): Sequential(
    (0): Conv2d(512, 512, kernel_size=(3, 3), stride=(1, 1), padding=(1, 1))
    (1): BatchNorm2d(512, eps=1e-05, momentum=0.1, affine=True, track_running_stats=True)
    (2): ReLU()
  )
  (layer10): Sequential(
    (0): Conv2d(512, 512, kernel_size=(3, 3), stride=(1, 1), padding=(1, 1))
    (1): BatchNorm2d(512, eps=1e-05, momentum=0.1, affine=True, track_running_stats=True)
    (2): ReLU()
    (3): MaxPool2d(kernel_size=2, stride=2, padding=0, dilation=1, ceil_mode=False)
  )
  (layer11): Sequential(
    (0): Conv2d(512, 512, kernel_size=(3, 3), stride=(1, 1), padding=(1, 1))
    (1): BatchNorm2d(512, eps=1e-05, momentum=0.1, affine=True, track_running_stats=True)
    (2): ReLU()
  )
  (layer12): Sequential(
    (0): Conv2d(512, 512, kernel_size=(3, 3), stride=(1, 1), padding=(1, 1))
    (1): BatchNorm2d(512, eps=1e-05, momentum=0.1, affine=True, track_running_stats=True)
    (2): ReLU()
  )
  (layer13): Sequential(
    (0): Conv2d(512, 512, kernel_size=(3, 3), stride=(1, 1), padding=(1, 1))
    (1): BatchNorm2d(512, eps=1e-05, momentum=0.1, affine=True, track_running_stats=True)
    (2): ReLU()
    (3): MaxPool2d(kernel_size=2, stride=2, padding=0, dilation=1, ceil_mode=False)
  )
  (fc): Sequential(
    (0): Linear(in_features=25088, out_features=4096, bias=True)
    (1): ReLU()
    (2): Dropout(p=0.5, inplace=False)
  )
  (fc1): Sequential(
    (0): Linear(in_features=4096, out_features=4096, bias=True)
    (1): ReLU()
    (2): Dropout(p=0.5, inplace=False)
  )
  (fc2): Sequential(
    (0): Linear(in_features=4096, out_features=10, bias=True)
  )
)
2023-09-08 01:37:50,718 - root - INFO - Iniciando treinamento
2023-09-08 01:37:50,718 - root - INFO - Epoch 1
-------------------------------
2023-09-08 01:43:18,535 - root - INFO - Validation loss decreased from : inf ----> 1.16663203830719 ----> Saving Model.......
2023-09-08 01:43:18,535 - root - INFO - Validation acc:  58.76
2023-09-08 01:43:18,536 - root - INFO - Best Test acc from 0 ----> 59.489999999999995
2023-09-08 01:43:18,536 - root - INFO - Época 1/15
2023-09-08 01:43:18,536 - root - INFO - loss: 1.6817484701633454 - accuracy: 38.5275 - val_loss: 1.16663203830719 - val_accuracy: 58.76
2023-09-08 01:43:18,536 - root - INFO - [Test] ---> accuracy: 59.489999999999995 - loss: 1.151896011543274
2023-09-08 01:43:18,536 - root - INFO - test acc from best model : 59.489999999999995
2023-09-08 01:43:18,536 - root - INFO - Epoch 2
-------------------------------
2023-09-08 01:48:51,786 - root - INFO - Validation loss decreased from : 1.16663203830719 ----> 1.013731347846985 ----> Saving Model.......
2023-09-08 01:48:51,786 - root - INFO - Validation acc:  64.63
2023-09-08 01:48:51,786 - root - INFO - Best Test acc from 59.489999999999995 ----> 64.33
2023-09-08 01:48:51,786 - root - INFO - Época 2/15
2023-09-08 01:48:51,786 - root - INFO - loss: 1.05581795771122 - accuracy: 62.6325 - val_loss: 1.013731347846985 - val_accuracy: 64.63
2023-09-08 01:48:51,786 - root - INFO - [Test] ---> accuracy: 64.33 - loss: 1.0203213886260987
2023-09-08 01:48:51,786 - root - INFO - test acc from best model : 64.33
2023-09-08 01:48:51,786 - root - INFO - Epoch 3
-------------------------------
2023-09-08 01:54:24,813 - root - INFO - Validation loss decreased from : 1.013731347846985 ----> 0.7835048051834106 ----> Saving Model.......
2023-09-08 01:54:24,813 - root - INFO - Validation acc:  72.53
2023-09-08 01:54:24,813 - root - INFO - Best Test acc from 64.33 ----> 73.11999999999999
2023-09-08 01:54:24,813 - root - INFO - Época 3/15
2023-09-08 01:54:24,813 - root - INFO - loss: 0.8470222468852997 - accuracy: 70.555 - val_loss: 0.7835048051834106 - val_accuracy: 72.53
2023-09-08 01:54:24,813 - root - INFO - [Test] ---> accuracy: 73.11999999999999 - loss: 0.7818906330108643
2023-09-08 01:54:24,813 - root - INFO - test acc from best model : 73.11999999999999
2023-09-08 01:54:24,813 - root - INFO - Epoch 4
-------------------------------
2023-09-08 01:59:58,158 - root - INFO - Validation loss decreased from : 0.7835048051834106 ----> 0.707063945531845 ----> Saving Model.......
2023-09-08 01:59:58,158 - root - INFO - Validation acc:  75.4
2023-09-08 01:59:58,158 - root - INFO - Best Test acc from 73.11999999999999 ----> 75.56
2023-09-08 01:59:58,158 - root - INFO - Época 4/15
2023-09-08 01:59:58,158 - root - INFO - loss: 0.7272434032440186 - accuracy: 74.955 - val_loss: 0.707063945531845 - val_accuracy: 75.4
2023-09-08 01:59:58,158 - root - INFO - [Test] ---> accuracy: 75.56 - loss: 0.7063177185058593
2023-09-08 01:59:58,158 - root - INFO - test acc from best model : 75.56
2023-09-08 01:59:58,158 - root - INFO - Epoch 5
-------------------------------
2023-09-08 02:05:31,352 - root - INFO - Validation loss decreased from : 0.707063945531845 ----> 0.6840383905649186 ----> Saving Model.......
2023-09-08 02:05:31,352 - root - INFO - Validation acc:  77.29
2023-09-08 02:05:31,352 - root - INFO - Best Test acc from 75.56 ----> 76.35
2023-09-08 02:05:31,352 - root - INFO - Época 5/15
2023-09-08 02:05:31,352 - root - INFO - loss: 0.638379673975706 - accuracy: 78.13 - val_loss: 0.6840383905649186 - val_accuracy: 77.29
2023-09-08 02:05:31,352 - root - INFO - [Test] ---> accuracy: 76.35 - loss: 0.7071290563106537
2023-09-08 02:05:31,352 - root - INFO - test acc from best model : 76.35
2023-09-08 02:05:31,579 - root - INFO - Epoch 6
-------------------------------
2023-09-08 02:11:09,138 - root - INFO - Validation loss decreased from : 0.6840383905649186 ----> 0.6279249836921692 ----> Saving Model.......
2023-09-08 02:11:09,138 - root - INFO - Validation acc:  78.82000000000001
2023-09-08 02:11:09,138 - root - INFO - Best Test acc from 76.35 ----> 78.77
2023-09-08 02:11:09,138 - root - INFO - Época 6/15
2023-09-08 02:11:09,138 - root - INFO - loss: 0.569043422472477 - accuracy: 80.605 - val_loss: 0.6279249836921692 - val_accuracy: 78.82000000000001
2023-09-08 02:11:09,138 - root - INFO - [Test] ---> accuracy: 78.77 - loss: 0.6292343416690827
2023-09-08 02:11:09,138 - root - INFO - test acc from best model : 78.77
2023-09-08 02:11:09,138 - root - INFO - Epoch 7
-------------------------------
2023-09-08 02:16:47,173 - root - INFO - Época 7/15
2023-09-08 02:16:47,173 - root - INFO - loss: 0.5021208317875863 - accuracy: 82.6725 - val_loss: 0.7116455295085907 - val_accuracy: 76.14
2023-09-08 02:16:47,173 - root - INFO - [Test] ---> accuracy: 76.42999999999999 - loss: 0.7177595143318176
2023-09-08 02:16:47,173 - root - INFO - test acc from best model : 78.77
2023-09-08 02:16:47,173 - root - INFO - Epoch 8
-------------------------------
2023-09-08 02:22:24,960 - root - INFO - Época 8/15
2023-09-08 02:22:24,960 - root - INFO - loss: 0.4533506444990635 - accuracy: 84.55 - val_loss: 0.682178166770935 - val_accuracy: 78.53
2023-09-08 02:22:24,960 - root - INFO - [Test] ---> accuracy: 77.66 - loss: 0.6956657147407532
2023-09-08 02:22:24,961 - root - INFO - test acc from best model : 78.77
2023-09-08 02:22:24,961 - root - INFO - Epoch 9
-------------------------------
2023-09-08 02:28:02,761 - root - INFO - Validation loss decreased from : 0.6279249836921692 ----> 0.5297865845918656 ----> Saving Model.......
2023-09-08 02:28:02,761 - root - INFO - Validation acc:  82.22
2023-09-08 02:28:02,761 - root - INFO - Best Test acc from 78.77 ----> 82.04
2023-09-08 02:28:02,761 - root - INFO - Época 9/15
2023-09-08 02:28:02,761 - root - INFO - loss: 0.4039137869536877 - accuracy: 86.15 - val_loss: 0.5297865845918656 - val_accuracy: 82.22
2023-09-08 02:28:02,761 - root - INFO - [Test] ---> accuracy: 82.04 - loss: 0.5399221688270569
2023-09-08 02:28:02,761 - root - INFO - test acc from best model : 82.04
2023-09-08 02:28:02,761 - root - INFO - Epoch 10
-------------------------------
2023-09-08 02:33:40,216 - root - INFO - Época 10/15
2023-09-08 02:33:40,216 - root - INFO - loss: 0.357255651307106 - accuracy: 87.505 - val_loss: 0.653802091550827 - val_accuracy: 78.42
2023-09-08 02:33:40,216 - root - INFO - [Test] ---> accuracy: 78.33 - loss: 0.6623757587432861
2023-09-08 02:33:40,216 - root - INFO - test acc from best model : 82.04
2023-09-08 02:33:40,405 - root - INFO - Epoch 11
-------------------------------
2023-09-08 02:39:21,498 - root - INFO - Época 11/15
2023-09-08 02:39:21,498 - root - INFO - loss: 0.31556291465163233 - accuracy: 88.995 - val_loss: 0.632211741733551 - val_accuracy: 79.53
2023-09-08 02:39:21,498 - root - INFO - [Test] ---> accuracy: 79.25999999999999 - loss: 0.6407359071731568
2023-09-08 02:39:21,498 - root - INFO - test acc from best model : 82.04
2023-09-08 02:39:21,498 - root - INFO - Epoch 12
-------------------------------
2023-09-08 02:45:02,608 - root - INFO - Validation loss decreased from : 0.5297865845918656 ----> 0.5146470693588256 ----> Saving Model.......
2023-09-08 02:45:02,609 - root - INFO - Validation acc:  83.64
2023-09-08 02:45:02,609 - root - INFO - Best Test acc from 82.04 ----> 83.34
2023-09-08 02:45:02,609 - root - INFO - Época 12/15
2023-09-08 02:45:02,609 - root - INFO - loss: 0.28563003457188607 - accuracy: 90.0825 - val_loss: 0.5146470693588256 - val_accuracy: 83.64
2023-09-08 02:45:02,609 - root - INFO - [Test] ---> accuracy: 83.34 - loss: 0.523565718793869
2023-09-08 02:45:02,609 - root - INFO - test acc from best model : 83.34
2023-09-08 02:45:02,609 - root - INFO - Epoch 13
-------------------------------
2023-09-08 02:50:43,923 - root - INFO - Época 13/15
2023-09-08 02:50:43,923 - root - INFO - loss: 0.25019775072932243 - accuracy: 91.295 - val_loss: 0.528105500125885 - val_accuracy: 83.97
2023-09-08 02:50:43,923 - root - INFO - [Test] ---> accuracy: 83.57 - loss: 0.5366300821065902
2023-09-08 02:50:43,923 - root - INFO - test acc from best model : 83.34
2023-09-08 02:50:43,923 - root - INFO - Epoch 14
-------------------------------
2023-09-08 02:56:25,067 - root - INFO - Época 14/15
2023-09-08 02:56:25,067 - root - INFO - loss: 0.22240211746692656 - accuracy: 92.2075 - val_loss: 0.6173988283157349 - val_accuracy: 82.55
2023-09-08 02:56:25,067 - root - INFO - [Test] ---> accuracy: 82.11 - loss: 0.6398674379825592
2023-09-08 02:56:25,067 - root - INFO - test acc from best model : 83.34
2023-09-08 02:56:25,067 - root - INFO - Epoch 15
-------------------------------
2023-09-08 03:02:06,412 - root - INFO - Época 15/15
2023-09-08 03:02:06,412 - root - INFO - loss: 0.20088815137147903 - accuracy: 93.0525 - val_loss: 0.6539061552166939 - val_accuracy: 82.15
2023-09-08 03:02:06,412 - root - INFO - [Test] ---> accuracy: 81.89 - loss: 0.6650148636579514
2023-09-08 03:02:06,412 - root - INFO - test acc from best model : 83.34
2023-09-08 03:02:06,616 - root - INFO - Tempo treinamento:  5055.90 seconds
2023-09-08 03:02:06,616 - root - INFO - Menor loss: 0.5146470693588256
2023-09-08 03:02:06,616 - root - INFO - Acurácia de teste do melhor modelo: 83.34
2023-09-08 03:02:06,616 - root - INFO - Métricas
2023-09-08 03:02:06,616 - root - INFO - ACC
2023-09-08 03:02:06,617 - root - INFO - {'epoch': [1, 2, 3, 4, 5, 6, 7, 8, 9, 10, 11, 12, 13, 14, 15],
 'test_acc': [59.489999999999995,
              64.33,
              73.11999999999999,
              75.56,
              76.35,
              78.77,
              76.42999999999999,
              77.66,
              82.04,
              78.33,
              79.25999999999999,
              83.34,
              83.57,
              82.11,
              81.89],
 'train_acc': [38.5275,
               62.6325,
               70.555,
               74.955,
               78.13,
               80.605,
               82.6725,
               84.55,
               86.15,
               87.505,
               88.995,
               90.0825,
               91.295,
               92.2075,
               93.0525],
 'val_acc': [58.76,
             64.63,
             72.53,
             75.4,
             77.29,
             78.82000000000001,
             76.14,
             78.53,
             82.22,
             78.42,
             79.53,
             83.64,
             83.97,
             82.55,
             82.15]}
2023-09-08 03:02:06,617 - root - INFO - LOSS
2023-09-08 03:02:06,617 - root - INFO - {'epoch': [1, 2, 3, 4, 5, 6, 7, 8, 9, 10, 11, 12, 13, 14, 15],
 'test_loss': [1.151896011543274,
               1.0203213886260987,
               0.7818906330108643,
               0.7063177185058593,
               0.7071290563106537,
               0.6292343416690827,
               0.7177595143318176,
               0.6956657147407532,
               0.5399221688270569,
               0.6623757587432861,
               0.6407359071731568,
               0.523565718793869,
               0.5366300821065902,
               0.6398674379825592,
               0.6650148636579514],
 'train_loss': [1.6817484701633454,
                1.05581795771122,
                0.8470222468852997,
                0.7272434032440186,
                0.638379673975706,
                0.569043422472477,
                0.5021208317875863,
                0.4533506444990635,
                0.4039137869536877,
                0.357255651307106,
                0.31556291465163233,
                0.28563003457188607,
                0.25019775072932243,
                0.22240211746692656,
                0.20088815137147903],
 'val_loss': [1.16663203830719,
              1.013731347846985,
              0.7835048051834106,
              0.707063945531845,
              0.6840383905649186,
              0.6279249836921692,
              0.7116455295085907,
              0.682178166770935,
              0.5297865845918656,
              0.653802091550827,
              0.632211741733551,
              0.5146470693588256,
              0.528105500125885,
              0.6173988283157349,
              0.6539061552166939]}
