2023-09-08 02:04:57,605 - root - ERROR - Erro! Experimento 84 não existe
2023-09-08 03:47:41,311 - root - ERROR - Erro! Experimento 84 não existe
2023-09-08 07:17:54,742 - root - INFO - --------------------- Iniciando Novo Treinamento 84 ---------------------
2023-09-08 07:17:54,742 - root - INFO - Parametros
2023-09-08 07:17:54,742 - root - INFO - {'batch_size': 32,
 'dataset': 'CIFAR10',
 'epochs': 10,
 'learning_rate': 0.001,
 'network': 'LENET5',
 'num_workers': 1}
2023-09-08 07:17:54,742 - root - INFO - Construindo dataset para a rede LENET5
2023-09-08 07:17:56,120 - root - INFO - LeNet5(
  (layer1): Sequential(
    (0): Conv2d(1, 6, kernel_size=(5, 5), stride=(1, 1))
    (1): BatchNorm2d(6, eps=1e-05, momentum=0.1, affine=True, track_running_stats=True)
    (2): ReLU()
    (3): MaxPool2d(kernel_size=2, stride=2, padding=0, dilation=1, ceil_mode=False)
  )
  (layer2): Sequential(
    (0): Conv2d(6, 16, kernel_size=(5, 5), stride=(1, 1))
    (1): BatchNorm2d(16, eps=1e-05, momentum=0.1, affine=True, track_running_stats=True)
    (2): ReLU()
    (3): MaxPool2d(kernel_size=2, stride=2, padding=0, dilation=1, ceil_mode=False)
  )
  (fc): Linear(in_features=400, out_features=120, bias=True)
  (relu): ReLU()
  (fc1): Linear(in_features=120, out_features=84, bias=True)
  (relu1): ReLU()
  (fc2): Linear(in_features=84, out_features=10, bias=True)
)
2023-09-08 07:17:56,120 - root - INFO - Iniciando treinamento
2023-09-08 07:17:56,120 - root - INFO - Epoch 1
-------------------------------
2023-09-08 07:19:17,204 - root - INFO - Validation loss decreased from : inf ----> 1.5364089906692504 ----> Saving Model.......
2023-09-08 07:19:17,205 - root - INFO - Validation acc:  45.32
2023-09-08 07:19:17,205 - root - INFO - Best Test acc from 0 ----> 44.529999999999994
2023-09-08 07:19:18,712 - root - INFO - Época 1/10
2023-09-08 07:19:18,712 - root - INFO - loss: 1.6013564482212066 - accuracy: 42.1925 - val_loss: 1.5364089906692504 - val_accuracy: 45.32
2023-09-08 07:19:18,712 - root - INFO - [Test] ---> accuracy: 44.529999999999994 - loss: 1.5470249029159546
2023-09-08 07:19:18,712 - root - INFO - test acc from best model : 44.529999999999994
2023-09-08 07:19:18,712 - root - INFO - Epoch 2
-------------------------------
2023-09-08 07:20:38,860 - root - INFO - Época 2/10
2023-09-08 07:20:38,861 - root - INFO - loss: 1.3282356437683105 - accuracy: 52.96 - val_loss: 1.7066252769470214 - val_accuracy: 42.65
2023-09-08 07:20:38,861 - root - INFO - [Test] ---> accuracy: 43.03 - loss: 1.7226752372741698
2023-09-08 07:20:38,861 - root - INFO - test acc from best model : 44.529999999999994
2023-09-08 07:20:38,861 - root - INFO - Epoch 3
-------------------------------
2023-09-08 07:21:59,531 - root - INFO - Época 3/10
2023-09-08 07:21:59,532 - root - INFO - loss: 1.217574667263031 - accuracy: 56.9875 - val_loss: 1.5742410758972167 - val_accuracy: 45.87
2023-09-08 07:21:59,532 - root - INFO - [Test] ---> accuracy: 45.379999999999995 - loss: 1.5721593900680542
2023-09-08 07:21:59,532 - root - INFO - test acc from best model : 44.529999999999994
2023-09-08 07:21:59,532 - root - INFO - Epoch 4
-------------------------------
2023-09-08 07:23:20,269 - root - INFO - Validation loss decreased from : 1.5364089906692504 ----> 1.382063691329956 ----> Saving Model.......
2023-09-08 07:23:20,269 - root - INFO - Validation acc:  52.580000000000005
2023-09-08 07:23:20,270 - root - INFO - Best Test acc from 44.529999999999994 ----> 53.49
2023-09-08 07:23:21,786 - root - INFO - Época 4/10
2023-09-08 07:23:21,787 - root - INFO - loss: 1.13600543923378 - accuracy: 59.88 - val_loss: 1.382063691329956 - val_accuracy: 52.580000000000005
2023-09-08 07:23:21,787 - root - INFO - [Test] ---> accuracy: 53.49 - loss: 1.3743653650283814
2023-09-08 07:23:21,787 - root - INFO - test acc from best model : 53.49
2023-09-08 07:23:21,787 - root - INFO - Epoch 5
-------------------------------
2023-09-08 07:24:42,709 - root - INFO - Validation loss decreased from : 1.382063691329956 ----> 1.240184794998169 ----> Saving Model.......
2023-09-08 07:24:42,709 - root - INFO - Validation acc:  57.56
2023-09-08 07:24:42,709 - root - INFO - Best Test acc from 53.49 ----> 57.550000000000004
2023-09-08 07:24:44,193 - root - INFO - Época 5/10
2023-09-08 07:24:44,193 - root - INFO - loss: 1.0799332210063934 - accuracy: 61.84 - val_loss: 1.240184794998169 - val_accuracy: 57.56
2023-09-08 07:24:44,193 - root - INFO - [Test] ---> accuracy: 57.550000000000004 - loss: 1.2359356552124023
2023-09-08 07:24:44,193 - root - INFO - test acc from best model : 57.550000000000004
2023-09-08 07:24:44,599 - root - INFO - Epoch 6
-------------------------------
2023-09-08 07:26:10,043 - root - INFO - Época 6/10
2023-09-08 07:26:10,043 - root - INFO - loss: 1.029367632341385 - accuracy: 63.7925 - val_loss: 1.2440222141265869 - val_accuracy: 57.46
2023-09-08 07:26:10,043 - root - INFO - [Test] ---> accuracy: 58.050000000000004 - loss: 1.2449432401657103
2023-09-08 07:26:10,043 - root - INFO - test acc from best model : 57.550000000000004
2023-09-08 07:26:10,043 - root - INFO - Epoch 7
-------------------------------
2023-09-08 07:27:35,415 - root - INFO - Validation loss decreased from : 1.240184794998169 ----> 1.1353432005882262 ----> Saving Model.......
2023-09-08 07:27:35,416 - root - INFO - Validation acc:  60.68
2023-09-08 07:27:35,416 - root - INFO - Best Test acc from 57.550000000000004 ----> 60.51
2023-09-08 07:27:36,996 - root - INFO - Época 7/10
2023-09-08 07:27:36,996 - root - INFO - loss: 0.989100248837471 - accuracy: 65.14 - val_loss: 1.1353432005882262 - val_accuracy: 60.68
2023-09-08 07:27:36,996 - root - INFO - [Test] ---> accuracy: 60.51 - loss: 1.113523509979248
2023-09-08 07:27:36,996 - root - INFO - test acc from best model : 60.51
2023-09-08 07:27:36,996 - root - INFO - Epoch 8
-------------------------------
2023-09-08 07:29:02,331 - root - INFO - Época 8/10
2023-09-08 07:29:02,331 - root - INFO - loss: 0.9486658708572387 - accuracy: 66.3625 - val_loss: 1.3790232486724854 - val_accuracy: 53.94
2023-09-08 07:29:02,331 - root - INFO - [Test] ---> accuracy: 54.63 - loss: 1.3592812520980835
2023-09-08 07:29:02,331 - root - INFO - test acc from best model : 60.51
2023-09-08 07:29:02,331 - root - INFO - Epoch 9
-------------------------------
2023-09-08 07:30:26,918 - root - INFO - Época 9/10
2023-09-08 07:30:26,919 - root - INFO - loss: 0.9226513323545456 - accuracy: 67.3475 - val_loss: 1.4323634000778198 - val_accuracy: 54.43
2023-09-08 07:30:26,919 - root - INFO - [Test] ---> accuracy: 55.2 - loss: 1.428372864341736
2023-09-08 07:30:26,919 - root - INFO - test acc from best model : 60.51
2023-09-08 07:30:26,919 - root - INFO - Epoch 10
-------------------------------
2023-09-08 07:31:52,209 - root - INFO - Época 10/10
2023-09-08 07:31:52,209 - root - INFO - loss: 0.8884954238414764 - accuracy: 68.5625 - val_loss: 1.184573275089264 - val_accuracy: 59.88
2023-09-08 07:31:52,209 - root - INFO - [Test] ---> accuracy: 59.919999999999995 - loss: 1.1900446451187134
2023-09-08 07:31:52,209 - root - INFO - test acc from best model : 60.51
2023-09-08 07:31:52,559 - root - INFO - Tempo treinamento:  836.44 seconds
2023-09-08 07:31:52,559 - root - INFO - Menor loss: 1.1353432005882262
2023-09-08 07:31:52,559 - root - INFO - Acurácia de teste do melhor modelo: 60.51
2023-09-08 07:31:52,559 - root - INFO - Métricas
2023-09-08 07:31:52,559 - root - INFO - ACC
2023-09-08 07:31:52,559 - root - INFO - {'epoch': [1, 2, 3, 4, 5, 6, 7, 8, 9, 10],
 'test_acc': [44.529999999999994,
              43.03,
              45.379999999999995,
              53.49,
              57.550000000000004,
              58.050000000000004,
              60.51,
              54.63,
              55.2,
              59.919999999999995],
 'train_acc': [42.1925,
               52.96,
               56.9875,
               59.88,
               61.84,
               63.7925,
               65.14,
               66.3625,
               67.3475,
               68.5625],
 'val_acc': [45.32,
             42.65,
             45.87,
             52.580000000000005,
             57.56,
             57.46,
             60.68,
             53.94,
             54.43,
             59.88]}
2023-09-08 07:31:52,559 - root - INFO - LOSS
2023-09-08 07:31:52,559 - root - INFO - {'epoch': [1, 2, 3, 4, 5, 6, 7, 8, 9, 10],
 'test_loss': [1.5470249029159546,
               1.7226752372741698,
               1.5721593900680542,
               1.3743653650283814,
               1.2359356552124023,
               1.2449432401657103,
               1.113523509979248,
               1.3592812520980835,
               1.428372864341736,
               1.1900446451187134],
 'train_loss': [1.6013564482212066,
                1.3282356437683105,
                1.217574667263031,
                1.13600543923378,
                1.0799332210063934,
                1.029367632341385,
                0.989100248837471,
                0.9486658708572387,
                0.9226513323545456,
                0.8884954238414764],
 'val_loss': [1.5364089906692504,
              1.7066252769470214,
              1.5742410758972167,
              1.382063691329956,
              1.240184794998169,
              1.2440222141265869,
              1.1353432005882262,
              1.3790232486724854,
              1.4323634000778198,
              1.184573275089264]}
