2023-09-01 13:24:29,141 - root - INFO - --------------------- Iniciando Experimento 5 ---------------------
2023-09-01 13:24:29,141 - root - INFO - Parametros
2023-09-01 13:24:29,142 - root - INFO - {'batch_size': 8,
 'dataset': 'FASHIONMNIST',
 'epochs': 10,
 'learning_rate': 0.001,
 'network': 'LENET5',
 'num_workers': 1}
2023-09-01 13:24:29,142 - root - INFO - Construindo dataset para a rede LENET5
2023-09-01 13:24:29,377 - root - INFO - Construindo modelo para a rede LENET5
2023-09-01 13:24:29,378 - root - INFO - LeNet5(
  (layer1): Sequential(
    (0): Conv2d(1, 6, kernel_size=(5, 5), stride=(1, 1))
    (1): BatchNorm2d(6, eps=1e-05, momentum=0.1, affine=True, track_running_stats=True)
    (2): ReLU()
    (3): MaxPool2d(kernel_size=2, stride=2, padding=0, dilation=1, ceil_mode=False)
  )
  (layer2): Sequential(
    (0): Conv2d(6, 16, kernel_size=(5, 5), stride=(1, 1))
    (1): BatchNorm2d(16, eps=1e-05, momentum=0.1, affine=True, track_running_stats=True)
    (2): ReLU()
    (3): MaxPool2d(kernel_size=2, stride=2, padding=0, dilation=1, ceil_mode=False)
  )
  (fc): Linear(in_features=400, out_features=120, bias=True)
  (relu): ReLU()
  (fc1): Linear(in_features=120, out_features=84, bias=True)
  (relu1): ReLU()
  (fc2): Linear(in_features=84, out_features=10, bias=True)
)
2023-09-01 13:24:29,379 - root - INFO - Iniciando treinamento
2023-09-01 13:24:29,379 - root - INFO - Epoch 1
-------------------------------
2023-09-01 13:24:29,379 - root - INFO - Treinando época 0
2023-09-01 13:30:25,585 - root - INFO - Testando época 0
2023-09-01 13:30:27,436 - root - INFO - Validando época 0
2023-09-01 13:30:29,827 - root - INFO - Epoch 2
-------------------------------
2023-09-01 13:30:29,827 - root - INFO - Treinando época 1
2023-09-01 13:36:25,036 - root - INFO - Testando época 1
2023-09-01 13:36:27,064 - root - INFO - Validando época 1
2023-09-01 13:36:29,429 - root - INFO - Epoch 3
-------------------------------
2023-09-01 13:36:29,429 - root - INFO - Treinando época 2
2023-09-01 13:42:24,931 - root - INFO - Testando época 2
2023-09-01 13:42:26,921 - root - INFO - Validando época 2
2023-09-01 13:42:29,369 - root - INFO - Epoch 4
-------------------------------
2023-09-01 13:42:29,369 - root - INFO - Treinando época 3
2023-09-01 13:48:36,817 - root - INFO - Testando época 3
2023-09-01 13:48:38,697 - root - INFO - Validando época 3
2023-09-01 13:48:40,994 - root - INFO - Epoch 5
-------------------------------
2023-09-01 13:48:40,994 - root - INFO - Treinando época 4
2023-09-01 13:54:50,558 - root - INFO - Testando época 4
2023-09-01 13:54:52,534 - root - INFO - Validando época 4
2023-09-01 13:54:54,876 - root - INFO - Epoch 6
-------------------------------
2023-09-01 13:54:54,876 - root - INFO - Treinando época 5
