2023-09-04 02:33:12,666 - root - INFO - --------------------- Iniciando Novo Treinamento 43 ---------------------
2023-09-04 02:33:12,667 - root - INFO - Parametros
2023-09-04 02:33:12,667 - root - INFO - {'batch_size': 32,
 'dataset': 'CIFAR10',
 'epochs': 10,
 'learning_rate': 0.0001,
 'network': 'VGG16',
 'num_workers': 1}
2023-09-04 02:33:12,667 - root - INFO - Construindo dataset para a rede VGG16
2023-09-04 02:33:14,586 - root - INFO - VGG16(
  (layer1): Sequential(
    (0): Conv2d(1, 64, kernel_size=(3, 3), stride=(1, 1), padding=(1, 1))
    (1): BatchNorm2d(64, eps=1e-05, momentum=0.1, affine=True, track_running_stats=True)
    (2): ReLU()
  )
  (layer2): Sequential(
    (0): Conv2d(64, 64, kernel_size=(3, 3), stride=(1, 1), padding=(1, 1))
    (1): BatchNorm2d(64, eps=1e-05, momentum=0.1, affine=True, track_running_stats=True)
    (2): ReLU()
    (3): MaxPool2d(kernel_size=2, stride=2, padding=0, dilation=1, ceil_mode=False)
  )
  (layer3): Sequential(
    (0): Conv2d(64, 128, kernel_size=(3, 3), stride=(1, 1), padding=(1, 1))
    (1): BatchNorm2d(128, eps=1e-05, momentum=0.1, affine=True, track_running_stats=True)
    (2): ReLU()
  )
  (layer4): Sequential(
    (0): Conv2d(128, 128, kernel_size=(3, 3), stride=(1, 1), padding=(1, 1))
    (1): BatchNorm2d(128, eps=1e-05, momentum=0.1, affine=True, track_running_stats=True)
    (2): ReLU()
    (3): MaxPool2d(kernel_size=2, stride=2, padding=0, dilation=1, ceil_mode=False)
  )
  (layer5): Sequential(
    (0): Conv2d(128, 256, kernel_size=(3, 3), stride=(1, 1), padding=(1, 1))
    (1): BatchNorm2d(256, eps=1e-05, momentum=0.1, affine=True, track_running_stats=True)
    (2): ReLU()
  )
  (layer6): Sequential(
    (0): Conv2d(256, 256, kernel_size=(3, 3), stride=(1, 1), padding=(1, 1))
    (1): BatchNorm2d(256, eps=1e-05, momentum=0.1, affine=True, track_running_stats=True)
    (2): ReLU()
  )
  (layer7): Sequential(
    (0): Conv2d(256, 256, kernel_size=(3, 3), stride=(1, 1), padding=(1, 1))
    (1): BatchNorm2d(256, eps=1e-05, momentum=0.1, affine=True, track_running_stats=True)
    (2): ReLU()
    (3): MaxPool2d(kernel_size=2, stride=2, padding=0, dilation=1, ceil_mode=False)
  )
  (layer8): Sequential(
    (0): Conv2d(256, 512, kernel_size=(3, 3), stride=(1, 1), padding=(1, 1))
    (1): BatchNorm2d(512, eps=1e-05, momentum=0.1, affine=True, track_running_stats=True)
    (2): ReLU()
  )
  (layer9): Sequential(
    (0): Conv2d(512, 512, kernel_size=(3, 3), stride=(1, 1), padding=(1, 1))
    (1): BatchNorm2d(512, eps=1e-05, momentum=0.1, affine=True, track_running_stats=True)
    (2): ReLU()
  )
  (layer10): Sequential(
    (0): Conv2d(512, 512, kernel_size=(3, 3), stride=(1, 1), padding=(1, 1))
    (1): BatchNorm2d(512, eps=1e-05, momentum=0.1, affine=True, track_running_stats=True)
    (2): ReLU()
    (3): MaxPool2d(kernel_size=2, stride=2, padding=0, dilation=1, ceil_mode=False)
  )
  (layer11): Sequential(
    (0): Conv2d(512, 512, kernel_size=(3, 3), stride=(1, 1), padding=(1, 1))
    (1): BatchNorm2d(512, eps=1e-05, momentum=0.1, affine=True, track_running_stats=True)
    (2): ReLU()
  )
  (layer12): Sequential(
    (0): Conv2d(512, 512, kernel_size=(3, 3), stride=(1, 1), padding=(1, 1))
    (1): BatchNorm2d(512, eps=1e-05, momentum=0.1, affine=True, track_running_stats=True)
    (2): ReLU()
  )
  (layer13): Sequential(
    (0): Conv2d(512, 512, kernel_size=(3, 3), stride=(1, 1), padding=(1, 1))
    (1): BatchNorm2d(512, eps=1e-05, momentum=0.1, affine=True, track_running_stats=True)
    (2): ReLU()
    (3): MaxPool2d(kernel_size=2, stride=2, padding=0, dilation=1, ceil_mode=False)
  )
  (fc): Sequential(
    (0): Linear(in_features=25088, out_features=4096, bias=True)
    (1): ReLU()
    (2): Dropout(p=0.5, inplace=False)
  )
  (fc1): Sequential(
    (0): Linear(in_features=4096, out_features=4096, bias=True)
    (1): ReLU()
    (2): Dropout(p=0.5, inplace=False)
  )
  (fc2): Sequential(
    (0): Linear(in_features=4096, out_features=10, bias=True)
  )
)
2023-09-04 02:33:14,587 - root - INFO - Iniciando treinamento
2023-09-04 02:33:14,587 - root - INFO - Epoch 1
-------------------------------
2023-09-04 02:38:42,755 - root - INFO - Validation loss decreased from : inf ----> 1.16663203830719 ----> Saving Model.......
2023-09-04 02:38:42,756 - root - INFO - Validation acc:  58.76
2023-09-04 02:38:42,756 - root - INFO - Best Test acc from 0 ----> 59.489999999999995
2023-09-04 02:38:42,756 - root - INFO - Época 1/10
2023-09-04 02:38:42,756 - root - INFO - loss: 1.6817484701633454 - accuracy: 38.5275 - val_loss: 1.16663203830719 - val_accuracy: 58.76
2023-09-04 02:38:42,756 - root - INFO - [Test] ---> accuracy: 59.489999999999995 - loss: 1.151896011543274
2023-09-04 02:38:42,756 - root - INFO - test acc from best model : 59.489999999999995
2023-09-04 02:38:42,756 - root - INFO - Epoch 2
-------------------------------
2023-09-04 02:44:14,248 - root - INFO - Validation loss decreased from : 1.16663203830719 ----> 1.013731347846985 ----> Saving Model.......
2023-09-04 02:44:14,248 - root - INFO - Validation acc:  64.63
2023-09-04 02:44:14,248 - root - INFO - Best Test acc from 59.489999999999995 ----> 64.33
2023-09-04 02:44:14,248 - root - INFO - Época 2/10
2023-09-04 02:44:14,248 - root - INFO - loss: 1.05581795771122 - accuracy: 62.6325 - val_loss: 1.013731347846985 - val_accuracy: 64.63
2023-09-04 02:44:14,248 - root - INFO - [Test] ---> accuracy: 64.33 - loss: 1.0203213886260987
2023-09-04 02:44:14,248 - root - INFO - test acc from best model : 64.33
2023-09-04 02:44:14,248 - root - INFO - Epoch 3
-------------------------------
2023-09-04 02:49:45,217 - root - INFO - Validation loss decreased from : 1.013731347846985 ----> 0.7835048051834106 ----> Saving Model.......
2023-09-04 02:49:45,217 - root - INFO - Validation acc:  72.53
2023-09-04 02:49:45,217 - root - INFO - Best Test acc from 64.33 ----> 73.11999999999999
2023-09-04 02:49:45,217 - root - INFO - Época 3/10
2023-09-04 02:49:45,217 - root - INFO - loss: 0.8470222468852997 - accuracy: 70.555 - val_loss: 0.7835048051834106 - val_accuracy: 72.53
2023-09-04 02:49:45,217 - root - INFO - [Test] ---> accuracy: 73.11999999999999 - loss: 0.7818906330108643
2023-09-04 02:49:45,217 - root - INFO - test acc from best model : 73.11999999999999
2023-09-04 02:49:45,217 - root - INFO - Epoch 4
-------------------------------
2023-09-04 02:55:16,730 - root - INFO - Validation loss decreased from : 0.7835048051834106 ----> 0.707063945531845 ----> Saving Model.......
2023-09-04 02:55:16,731 - root - INFO - Validation acc:  75.4
2023-09-04 02:55:16,731 - root - INFO - Best Test acc from 73.11999999999999 ----> 75.56
2023-09-04 02:55:16,731 - root - INFO - Época 4/10
2023-09-04 02:55:16,731 - root - INFO - loss: 0.7272434032440186 - accuracy: 74.955 - val_loss: 0.707063945531845 - val_accuracy: 75.4
2023-09-04 02:55:16,731 - root - INFO - [Test] ---> accuracy: 75.56 - loss: 0.7063177185058593
2023-09-04 02:55:16,731 - root - INFO - test acc from best model : 75.56
2023-09-04 02:55:16,731 - root - INFO - Epoch 5
-------------------------------
2023-09-04 03:00:47,709 - root - INFO - Validation loss decreased from : 0.707063945531845 ----> 0.6840383905649186 ----> Saving Model.......
2023-09-04 03:00:47,709 - root - INFO - Validation acc:  77.29
2023-09-04 03:00:47,709 - root - INFO - Best Test acc from 75.56 ----> 76.35
2023-09-04 03:00:47,709 - root - INFO - Época 5/10
2023-09-04 03:00:47,709 - root - INFO - loss: 0.638379673975706 - accuracy: 78.13 - val_loss: 0.6840383905649186 - val_accuracy: 77.29
2023-09-04 03:00:47,709 - root - INFO - [Test] ---> accuracy: 76.35 - loss: 0.7071290563106537
2023-09-04 03:00:47,709 - root - INFO - test acc from best model : 76.35
2023-09-04 03:00:47,709 - root - INFO - Epoch 6
-------------------------------
2023-09-04 03:06:18,487 - root - INFO - Validation loss decreased from : 0.6840383905649186 ----> 0.6279249836921692 ----> Saving Model.......
2023-09-04 03:06:18,487 - root - INFO - Validation acc:  78.82000000000001
2023-09-04 03:06:18,487 - root - INFO - Best Test acc from 76.35 ----> 78.77
2023-09-04 03:06:18,487 - root - INFO - Época 6/10
2023-09-04 03:06:18,487 - root - INFO - loss: 0.569043422472477 - accuracy: 80.605 - val_loss: 0.6279249836921692 - val_accuracy: 78.82000000000001
2023-09-04 03:06:18,487 - root - INFO - [Test] ---> accuracy: 78.77 - loss: 0.6292343416690827
2023-09-04 03:06:18,487 - root - INFO - test acc from best model : 78.77
2023-09-04 03:06:18,487 - root - INFO - Epoch 7
-------------------------------
2023-09-04 03:11:49,641 - root - INFO - Época 7/10
2023-09-04 03:11:49,641 - root - INFO - loss: 0.5021208317875863 - accuracy: 82.6725 - val_loss: 0.7116455295085907 - val_accuracy: 76.14
2023-09-04 03:11:49,641 - root - INFO - [Test] ---> accuracy: 76.42999999999999 - loss: 0.7177595143318176
2023-09-04 03:11:49,641 - root - INFO - test acc from best model : 78.77
2023-09-04 03:11:49,641 - root - INFO - Epoch 8
-------------------------------
2023-09-04 03:17:20,670 - root - INFO - Época 8/10
2023-09-04 03:17:20,670 - root - INFO - loss: 0.4533506444990635 - accuracy: 84.55 - val_loss: 0.682178166770935 - val_accuracy: 78.53
2023-09-04 03:17:20,670 - root - INFO - [Test] ---> accuracy: 77.66 - loss: 0.6956657147407532
2023-09-04 03:17:20,670 - root - INFO - test acc from best model : 78.77
2023-09-04 03:17:20,670 - root - INFO - Epoch 9
-------------------------------
2023-09-04 03:22:51,890 - root - INFO - Validation loss decreased from : 0.6279249836921692 ----> 0.5297865845918656 ----> Saving Model.......
2023-09-04 03:22:51,890 - root - INFO - Validation acc:  82.22
2023-09-04 03:22:51,890 - root - INFO - Best Test acc from 78.77 ----> 82.04
2023-09-04 03:22:51,890 - root - INFO - Época 9/10
2023-09-04 03:22:51,890 - root - INFO - loss: 0.4039137869536877 - accuracy: 86.15 - val_loss: 0.5297865845918656 - val_accuracy: 82.22
2023-09-04 03:22:51,890 - root - INFO - [Test] ---> accuracy: 82.04 - loss: 0.5399221688270569
2023-09-04 03:22:51,890 - root - INFO - test acc from best model : 82.04
2023-09-04 03:22:51,890 - root - INFO - Epoch 10
-------------------------------
2023-09-04 03:28:23,117 - root - INFO - Época 10/10
2023-09-04 03:28:23,117 - root - INFO - loss: 0.357255651307106 - accuracy: 87.505 - val_loss: 0.653802091550827 - val_accuracy: 78.42
2023-09-04 03:28:23,117 - root - INFO - [Test] ---> accuracy: 78.33 - loss: 0.6623757587432861
2023-09-04 03:28:23,117 - root - INFO - test acc from best model : 82.04
2023-09-04 03:28:23,117 - root - INFO - Tempo treinamento:  3308.53 seconds
2023-09-04 03:28:23,117 - root - INFO - Menor loss: 0.5297865845918656
2023-09-04 03:28:23,117 - root - INFO - Acurácia de teste do melhor modelo: 82.04
2023-09-04 03:28:23,117 - root - INFO - Métricas
2023-09-04 03:28:23,117 - root - INFO - ACC
2023-09-04 03:28:23,117 - root - INFO - {'epoch': [1, 2, 3, 4, 5, 6, 7, 8, 9, 10],
 'test_acc': [59.489999999999995,
              64.33,
              73.11999999999999,
              75.56,
              76.35,
              78.77,
              76.42999999999999,
              77.66,
              82.04,
              78.33],
 'train_acc': [38.5275,
               62.6325,
               70.555,
               74.955,
               78.13,
               80.605,
               82.6725,
               84.55,
               86.15,
               87.505],
 'val_acc': [58.76,
             64.63,
             72.53,
             75.4,
             77.29,
             78.82000000000001,
             76.14,
             78.53,
             82.22,
             78.42]}
2023-09-04 03:28:23,117 - root - INFO - LOSS
2023-09-04 03:28:23,117 - root - INFO - {'epoch': [1, 2, 3, 4, 5, 6, 7, 8, 9, 10],
 'test_loss': [1.151896011543274,
               1.0203213886260987,
               0.7818906330108643,
               0.7063177185058593,
               0.7071290563106537,
               0.6292343416690827,
               0.7177595143318176,
               0.6956657147407532,
               0.5399221688270569,
               0.6623757587432861],
 'train_loss': [1.6817484701633454,
                1.05581795771122,
                0.8470222468852997,
                0.7272434032440186,
                0.638379673975706,
                0.569043422472477,
                0.5021208317875863,
                0.4533506444990635,
                0.4039137869536877,
                0.357255651307106],
 'val_loss': [1.16663203830719,
              1.013731347846985,
              0.7835048051834106,
              0.707063945531845,
              0.6840383905649186,
              0.6279249836921692,
              0.7116455295085907,
              0.682178166770935,
              0.5297865845918656,
              0.653802091550827]}
