2023-09-02 02:06:43,939 - root - INFO - --------------------- Iniciando Novo Treinamento 13 ---------------------
2023-09-02 02:06:43,939 - root - INFO - Parametros
2023-09-02 02:06:43,939 - root - INFO - {'batch_size': 64,
 'dataset': 'FASHIONMNIST',
 'epochs': 10,
 'learning_rate': 0.01,
 'network': 'LENET5',
 'num_workers': 1}
2023-09-02 02:06:43,939 - root - INFO - Construindo dataset para a rede LENET5
2023-09-02 02:06:44,164 - root - INFO - Construindo modelo para a rede LENET5
2023-09-02 02:06:44,166 - root - INFO - LeNet5(
  (layer1): Sequential(
    (0): Conv2d(1, 6, kernel_size=(5, 5), stride=(1, 1))
    (1): BatchNorm2d(6, eps=1e-05, momentum=0.1, affine=True, track_running_stats=True)
    (2): ReLU()
    (3): MaxPool2d(kernel_size=2, stride=2, padding=0, dilation=1, ceil_mode=False)
  )
  (layer2): Sequential(
    (0): Conv2d(6, 16, kernel_size=(5, 5), stride=(1, 1))
    (1): BatchNorm2d(16, eps=1e-05, momentum=0.1, affine=True, track_running_stats=True)
    (2): ReLU()
    (3): MaxPool2d(kernel_size=2, stride=2, padding=0, dilation=1, ceil_mode=False)
  )
  (fc): Linear(in_features=400, out_features=120, bias=True)
  (relu): ReLU()
  (fc1): Linear(in_features=120, out_features=84, bias=True)
  (relu1): ReLU()
  (fc2): Linear(in_features=84, out_features=10, bias=True)
)
2023-09-02 02:06:44,166 - root - INFO - Iniciando treinamento
2023-09-02 02:06:44,166 - root - INFO - Epoch 1
-------------------------------
2023-09-02 02:07:31,624 - root - INFO - Validation loss decreased from : inf ----> 0.40067334156087103 ----> Saving Model.......
2023-09-02 02:07:31,627 - root - INFO - Época: 1 - Test Acc: 84.44 - Val Acc: 84.89999999999999
2023-09-02 02:07:31,627 - root - INFO - Epoch 2
-------------------------------
2023-09-02 02:08:19,812 - root - INFO - Validation loss decreased from : 0.40067334156087103 ----> 0.33280207268259626 ----> Saving Model.......
2023-09-02 02:08:19,813 - root - INFO - Época: 2 - Test Acc: 88.01 - Val Acc: 87.9
2023-09-02 02:08:19,814 - root - INFO - Epoch 3
-------------------------------
2023-09-02 02:09:07,415 - root - INFO - Época: 3 - Test Acc: 86.56 - Val Acc: 87.11666666666666
2023-09-02 02:09:07,415 - root - INFO - Epoch 4
-------------------------------
2023-09-02 02:09:55,461 - root - INFO - Validation loss decreased from : 0.33280207268259626 ----> 0.32487130874490483 ----> Saving Model.......
2023-09-02 02:09:55,463 - root - INFO - Época: 4 - Test Acc: 88.0 - Val Acc: 88.2
2023-09-02 02:09:55,463 - root - INFO - Epoch 5
-------------------------------
2023-09-02 02:10:42,935 - root - INFO - Época: 5 - Test Acc: 86.91 - Val Acc: 87.84166666666667
2023-09-02 02:10:42,935 - root - INFO - Epoch 6
-------------------------------
2023-09-02 02:11:31,259 - root - INFO - Validation loss decreased from : 0.32487130874490483 ----> 0.3076667541915432 ----> Saving Model.......
2023-09-02 02:11:31,261 - root - INFO - Época: 6 - Test Acc: 88.32 - Val Acc: 89.18333333333334
2023-09-02 02:11:31,261 - root - INFO - Epoch 7
-------------------------------
2023-09-02 02:12:18,818 - root - INFO - Época: 7 - Test Acc: 87.24 - Val Acc: 88.05
2023-09-02 02:12:18,819 - root - INFO - Epoch 8
-------------------------------
2023-09-02 02:13:06,835 - root - INFO - Época: 8 - Test Acc: 88.24 - Val Acc: 88.71666666666667
2023-09-02 02:13:06,835 - root - INFO - Epoch 9
-------------------------------
2023-09-02 02:13:54,968 - root - INFO - Validation loss decreased from : 0.3076667541915432 ----> 0.30472797432795484 ----> Saving Model.......
2023-09-02 02:13:54,970 - root - INFO - Época: 9 - Test Acc: 89.12 - Val Acc: 89.36666666666667
2023-09-02 02:13:54,970 - root - INFO - Epoch 10
-------------------------------
2023-09-02 02:14:43,007 - root - INFO - Época: 10 - Test Acc: 88.34 - Val Acc: 88.97500000000001
2023-09-02 02:14:43,007 - root - INFO - Tempo treinamento:  478.84 seconds
2023-09-02 02:14:43,007 - root - INFO - Métricas
2023-09-02 02:14:43,007 - root - INFO - ACC
2023-09-02 02:14:43,007 - root - INFO - {'epoch': [1, 2, 3, 4, 5, 6, 7, 8, 9, 10],
 'test_acc': [84.44,
              88.01,
              86.56,
              88.0,
              86.91,
              88.32,
              87.24,
              88.24,
              89.12,
              88.34],
 'train_acc': [81.25208333333333,
               86.95416666666667,
               88.27083333333333,
               88.99166666666666,
               89.39166666666667,
               90.09166666666667,
               90.50833333333334,
               90.59166666666667,
               90.98958333333333,
               90.98333333333333],
 'val_acc': [84.89999999999999,
             87.9,
             87.11666666666666,
             88.2,
             87.84166666666667,
             89.18333333333334,
             88.05,
             88.71666666666667,
             89.36666666666667,
             88.97500000000001]}
2023-09-02 02:14:43,007 - root - INFO - LOSS
2023-09-02 02:14:43,007 - root - INFO - {'epoch': [1, 2, 3, 4, 5, 6, 7, 8, 9, 10],
 'test_loss': [0.4189335734221586,
               0.3401938666393802,
               0.3726558621711792,
               0.3446925439082893,
               0.3586324758495495,
               0.3234848777294918,
               0.3542819891575795,
               0.32748563929348234,
               0.31863111414157663,
               0.32615639630017007],
 'train_loss': [0.5002803340951602,
                0.3528558462957541,
                0.3181359645426273,
                0.3002223865191142,
                0.2906752958993117,
                0.2725390068391959,
                0.26140557777881623,
                0.25364156123499076,
                0.24512820503115654,
                0.24622250480453173],
 'val_loss': [0.40067334156087103,
              0.33280207268259626,
              0.3595215693274711,
              0.32487130874490483,
              0.33583592516469196,
              0.3076667541915432,
              0.3440734556618523,
              0.31146590031207877,
              0.30472797432795484,
              0.313947413195955]}
2023-09-02 02:14:43,856 - root - INFO - Rodando evaluation
2023-09-02 02:14:43,856 - root - INFO - Construindo dataset para a rede LENET5
2023-09-03 13:07:46,407 - root - INFO - --------------------- Iniciando Novo Treinamento 13 ---------------------
2023-09-03 13:07:46,408 - root - INFO - Parametros
2023-09-03 13:07:46,408 - root - INFO - {'batch_size': 64,
 'dataset': 'FASHIONMNIST',
 'epochs': 10,
 'learning_rate': 0.01,
 'network': 'LENET5',
 'num_workers': 1}
2023-09-03 13:07:46,408 - root - INFO - Construindo dataset para a rede LENET5
2023-09-03 13:07:46,644 - root - INFO - LeNet5(
  (layer1): Sequential(
    (0): Conv2d(1, 6, kernel_size=(5, 5), stride=(1, 1))
    (1): BatchNorm2d(6, eps=1e-05, momentum=0.1, affine=True, track_running_stats=True)
    (2): ReLU()
    (3): MaxPool2d(kernel_size=2, stride=2, padding=0, dilation=1, ceil_mode=False)
  )
  (layer2): Sequential(
    (0): Conv2d(6, 16, kernel_size=(5, 5), stride=(1, 1))
    (1): BatchNorm2d(16, eps=1e-05, momentum=0.1, affine=True, track_running_stats=True)
    (2): ReLU()
    (3): MaxPool2d(kernel_size=2, stride=2, padding=0, dilation=1, ceil_mode=False)
  )
  (fc): Linear(in_features=400, out_features=120, bias=True)
  (relu): ReLU()
  (fc1): Linear(in_features=120, out_features=84, bias=True)
  (relu1): ReLU()
  (fc2): Linear(in_features=84, out_features=10, bias=True)
)
2023-09-03 13:07:46,644 - root - INFO - Iniciando treinamento
2023-09-03 13:07:46,644 - root - INFO - Epoch 1
-------------------------------
2023-09-03 13:08:33,375 - root - INFO - Validation loss decreased from : inf ----> 0.0064815068940321605 ----> Saving Model.......
2023-09-03 13:08:33,375 - root - INFO - Validation acc:  84.39166666666667
2023-09-03 13:08:33,375 - root - INFO - Best Test acc from 0 ----> 83.88
2023-09-03 13:08:33,375 - root - INFO - Época 1/10
2023-09-03 13:08:33,375 - root - INFO - loss: 0.007741694695937136 - accuracy: 81.475 - val_loss: 0.0064815068940321605 - val_accuracy: 84.39166666666667
2023-09-03 13:08:33,375 - root - INFO - [Test] ---> accuracy: 83.88 - loss: 0.00674909255206585
2023-09-03 13:08:33,375 - root - INFO - test acc from best model : 83.88
2023-09-03 13:08:33,375 - root - INFO - Epoch 2
-------------------------------
2023-09-03 13:09:19,932 - root - INFO - Validation loss decreased from : 0.0064815068940321605 ----> 0.005185642293964823 ----> Saving Model.......
2023-09-03 13:09:19,932 - root - INFO - Validation acc:  87.85833333333333
2023-09-03 13:09:19,932 - root - INFO - Best Test acc from 83.88 ----> 87.14
2023-09-03 13:09:19,932 - root - INFO - Época 2/10
2023-09-03 13:09:19,932 - root - INFO - loss: 0.0055077968606104455 - accuracy: 87.01875 - val_loss: 0.005185642293964823 - val_accuracy: 87.85833333333333
2023-09-03 13:09:19,933 - root - INFO - [Test] ---> accuracy: 87.14 - loss: 0.005410168640315532
2023-09-03 13:09:19,933 - root - INFO - test acc from best model : 87.14
2023-09-03 13:09:19,933 - root - INFO - Epoch 3
-------------------------------
2023-09-03 13:10:06,388 - root - INFO - Época 3/10
2023-09-03 13:10:06,388 - root - INFO - loss: 0.004942992535109322 - accuracy: 88.35416666666667 - val_loss: 0.00555969000607729 - val_accuracy: 87.23333333333333
2023-09-03 13:10:06,388 - root - INFO - [Test] ---> accuracy: 86.52 - loss: 0.005954889640212059
2023-09-03 13:10:06,388 - root - INFO - test acc from best model : 87.14
2023-09-03 13:10:06,388 - root - INFO - Epoch 4
-------------------------------
2023-09-03 13:10:53,256 - root - INFO - Época 4/10
2023-09-03 13:10:53,256 - root - INFO - loss: 0.004709110975420723 - accuracy: 88.92916666666666 - val_loss: 0.005306406136602163 - val_accuracy: 87.98333333333333
2023-09-03 13:10:53,256 - root - INFO - [Test] ---> accuracy: 87.74 - loss: 0.005538813360035419
2023-09-03 13:10:53,256 - root - INFO - test acc from best model : 87.14
2023-09-03 13:10:53,256 - root - INFO - Epoch 5
-------------------------------
2023-09-03 13:11:39,999 - root - INFO - Validation loss decreased from : 0.005185642293964823 ----> 0.0050507942388455076 ----> Saving Model.......
2023-09-03 13:11:39,999 - root - INFO - Validation acc:  87.99166666666667
2023-09-03 13:11:39,999 - root - INFO - Best Test acc from 87.14 ----> 87.25
2023-09-03 13:11:39,999 - root - INFO - Época 5/10
2023-09-03 13:11:39,999 - root - INFO - loss: 0.004458109370277573 - accuracy: 89.53333333333333 - val_loss: 0.0050507942388455076 - val_accuracy: 87.99166666666667
2023-09-03 13:11:39,999 - root - INFO - [Test] ---> accuracy: 87.25 - loss: 0.005364308691769838
2023-09-03 13:11:39,999 - root - INFO - test acc from best model : 87.25
2023-09-03 13:11:39,999 - root - INFO - Epoch 6
-------------------------------
2023-09-03 13:12:27,105 - root - INFO - Validation loss decreased from : 0.0050507942388455076 ----> 0.004888281914095084 ----> Saving Model.......
2023-09-03 13:12:27,105 - root - INFO - Validation acc:  88.46666666666667
2023-09-03 13:12:27,105 - root - INFO - Best Test acc from 87.25 ----> 88.1
2023-09-03 13:12:27,105 - root - INFO - Época 6/10
2023-09-03 13:12:27,105 - root - INFO - loss: 0.004209864494546006 - accuracy: 89.98125 - val_loss: 0.004888281914095084 - val_accuracy: 88.46666666666667
2023-09-03 13:12:27,105 - root - INFO - [Test] ---> accuracy: 88.1 - loss: 0.0051188412301242355
2023-09-03 13:12:27,105 - root - INFO - test acc from best model : 88.1
2023-09-03 13:12:27,105 - root - INFO - Epoch 7
-------------------------------
2023-09-03 13:13:14,062 - root - INFO - Época 7/10
2023-09-03 13:13:14,063 - root - INFO - loss: 0.004146011354246487 - accuracy: 90.22083333333333 - val_loss: 0.005318586585422357 - val_accuracy: 88.24166666666666
2023-09-03 13:13:14,063 - root - INFO - [Test] ---> accuracy: 88.03999999999999 - loss: 0.00532971582710743
2023-09-03 13:13:14,063 - root - INFO - test acc from best model : 88.1
2023-09-03 13:13:14,063 - root - INFO - Epoch 8
-------------------------------
2023-09-03 13:14:01,100 - root - INFO - Época 8/10
2023-09-03 13:14:01,100 - root - INFO - loss: 0.003982081671555837 - accuracy: 90.59166666666667 - val_loss: 0.004938466552024086 - val_accuracy: 88.98333333333333
2023-09-03 13:14:01,100 - root - INFO - [Test] ---> accuracy: 88.14999999999999 - loss: 0.005070906801521778
2023-09-03 13:14:01,100 - root - INFO - test acc from best model : 88.1
2023-09-03 13:14:01,100 - root - INFO - Epoch 9
-------------------------------
2023-09-03 13:14:47,762 - root - INFO - Validation loss decreased from : 0.004888281914095084 ----> 0.004819287702441216 ----> Saving Model.......
2023-09-03 13:14:47,762 - root - INFO - Validation acc:  89.40833333333333
2023-09-03 13:14:47,762 - root - INFO - Best Test acc from 88.1 ----> 88.79
2023-09-03 13:14:47,762 - root - INFO - Época 9/10
2023-09-03 13:14:47,762 - root - INFO - loss: 0.0038568223528563975 - accuracy: 90.89583333333333 - val_loss: 0.004819287702441216 - val_accuracy: 89.40833333333333
2023-09-03 13:14:47,762 - root - INFO - [Test] ---> accuracy: 88.79 - loss: 0.0051762469410896305
2023-09-03 13:14:47,762 - root - INFO - test acc from best model : 88.79
2023-09-03 13:14:47,762 - root - INFO - Epoch 10
-------------------------------
2023-09-03 13:15:34,467 - root - INFO - Época 10/10
2023-09-03 13:15:34,467 - root - INFO - loss: 0.003775728017712633 - accuracy: 91.13541666666667 - val_loss: 0.005682821076363325 - val_accuracy: 87.40833333333333
2023-09-03 13:15:34,467 - root - INFO - [Test] ---> accuracy: 86.72 - loss: 0.005963134361058473
2023-09-03 13:15:34,467 - root - INFO - test acc from best model : 88.79
2023-09-03 13:15:34,467 - root - INFO - Tempo treinamento:  467.82 seconds
2023-09-03 13:15:34,467 - root - INFO - Menor loss: 0.004819287702441216
2023-09-03 13:15:34,467 - root - INFO - Acurácia de teste do melhor modelo: 88.79
2023-09-03 13:15:34,467 - root - INFO - Métricas
2023-09-03 13:15:34,467 - root - INFO - ACC
2023-09-03 13:15:34,467 - root - INFO - {'epoch': [1, 2, 3, 4, 5, 6, 7, 8, 9, 10],
 'test_acc': [83.88,
              87.14,
              86.52,
              87.74,
              87.25,
              88.1,
              88.03999999999999,
              88.14999999999999,
              88.79,
              86.72],
 'train_acc': [81.475,
               87.01875,
               88.35416666666667,
               88.92916666666666,
               89.53333333333333,
               89.98125,
               90.22083333333333,
               90.59166666666667,
               90.89583333333333,
               91.13541666666667],
 'val_acc': [84.39166666666667,
             87.85833333333333,
             87.23333333333333,
             87.98333333333333,
             87.99166666666667,
             88.46666666666667,
             88.24166666666666,
             88.98333333333333,
             89.40833333333333,
             87.40833333333333]}
2023-09-03 13:15:34,467 - root - INFO - LOSS
2023-09-03 13:15:34,467 - root - INFO - {'epoch': [1, 2, 3, 4, 5, 6, 7, 8, 9, 10],
 'test_loss': [0.00674909255206585,
               0.005410168640315532,
               0.005954889640212059,
               0.005538813360035419,
               0.005364308691769838,
               0.0051188412301242355,
               0.00532971582710743,
               0.005070906801521778,
               0.0051762469410896305,
               0.005963134361058473],
 'train_loss': [0.007741694695937136,
                0.0055077968606104455,
                0.004942992535109322,
                0.004709110975420723,
                0.004458109370277573,
                0.004209864494546006,
                0.004146011354246487,
                0.003982081671555837,
                0.0038568223528563975,
                0.003775728017712633],
 'val_loss': [0.0064815068940321605,
              0.005185642293964823,
              0.00555969000607729,
              0.005306406136602163,
              0.0050507942388455076,
              0.004888281914095084,
              0.005318586585422357,
              0.004938466552024086,
              0.004819287702441216,
              0.005682821076363325]}
2023-09-03 17:08:00,037 - root - INFO - --------------------- Iniciando Novo Treinamento 13 ---------------------
2023-09-03 17:08:00,037 - root - INFO - Parametros
2023-09-03 17:08:00,037 - root - INFO - {'batch_size': 64,
 'dataset': 'FASHIONMNIST',
 'epochs': 10,
 'learning_rate': 0.01,
 'network': 'LENET5',
 'num_workers': 1}
2023-09-03 17:08:00,037 - root - INFO - Construindo dataset para a rede LENET5
2023-09-03 17:08:00,277 - root - INFO - LeNet5(
  (layer1): Sequential(
    (0): Conv2d(1, 6, kernel_size=(5, 5), stride=(1, 1))
    (1): BatchNorm2d(6, eps=1e-05, momentum=0.1, affine=True, track_running_stats=True)
    (2): ReLU()
    (3): MaxPool2d(kernel_size=2, stride=2, padding=0, dilation=1, ceil_mode=False)
  )
  (layer2): Sequential(
    (0): Conv2d(6, 16, kernel_size=(5, 5), stride=(1, 1))
    (1): BatchNorm2d(16, eps=1e-05, momentum=0.1, affine=True, track_running_stats=True)
    (2): ReLU()
    (3): MaxPool2d(kernel_size=2, stride=2, padding=0, dilation=1, ceil_mode=False)
  )
  (fc): Linear(in_features=400, out_features=120, bias=True)
  (relu): ReLU()
  (fc1): Linear(in_features=120, out_features=84, bias=True)
  (relu1): ReLU()
  (fc2): Linear(in_features=84, out_features=10, bias=True)
)
2023-09-03 17:08:00,278 - root - INFO - Iniciando treinamento
2023-09-03 17:08:00,278 - root - INFO - Epoch 1
-------------------------------
2023-09-03 17:08:46,815 - root - INFO - Validation loss decreased from : inf ----> 0.4140922292073568 ----> Saving Model.......
2023-09-03 17:08:46,815 - root - INFO - Validation acc:  84.39166666666667
2023-09-03 17:08:46,815 - root - INFO - Best Test acc from 0 ----> 83.88
2023-09-03 17:08:46,815 - root - INFO - Época 1/10
2023-09-03 17:08:46,815 - root - INFO - loss: 0.49546846053997673 - accuracy: 81.475 - val_loss: 0.4140922292073568 - val_accuracy: 84.39166666666667
2023-09-03 17:08:46,815 - root - INFO - [Test] ---> accuracy: 83.88 - loss: 0.4300668354988098
2023-09-03 17:08:46,815 - root - INFO - test acc from best model : 83.88
2023-09-03 17:08:46,815 - root - INFO - Epoch 2
-------------------------------
2023-09-03 17:09:33,582 - root - INFO - Validation loss decreased from : 0.4140922292073568 ----> 0.3307306552330653 ----> Saving Model.......
2023-09-03 17:09:33,582 - root - INFO - Validation acc:  87.85833333333333
2023-09-03 17:09:33,583 - root - INFO - Best Test acc from 83.88 ----> 87.14
2023-09-03 17:09:33,583 - root - INFO - Época 2/10
2023-09-03 17:09:33,583 - root - INFO - loss: 0.3524989990790685 - accuracy: 87.01875 - val_loss: 0.3307306552330653 - val_accuracy: 87.85833333333333
2023-09-03 17:09:33,583 - root - INFO - [Test] ---> accuracy: 87.14 - loss: 0.34502477011680605
2023-09-03 17:09:33,583 - root - INFO - test acc from best model : 87.14
2023-09-03 17:09:33,583 - root - INFO - Epoch 3
-------------------------------
2023-09-03 17:10:19,786 - root - INFO - Época 3/10
2023-09-03 17:10:19,787 - root - INFO - loss: 0.3163515222469966 - accuracy: 88.35416666666667 - val_loss: 0.3551442209879557 - val_accuracy: 87.23333333333333
2023-09-03 17:10:19,787 - root - INFO - [Test] ---> accuracy: 86.52 - loss: 0.37940934243202207
2023-09-03 17:10:19,787 - root - INFO - test acc from best model : 87.14
2023-09-03 17:10:19,787 - root - INFO - Epoch 4
-------------------------------
2023-09-03 17:11:06,934 - root - INFO - Época 4/10
2023-09-03 17:11:06,934 - root - INFO - loss: 0.3013831024269263 - accuracy: 88.92916666666666 - val_loss: 0.33919581361611684 - val_accuracy: 87.98333333333333
2023-09-03 17:11:06,934 - root - INFO - [Test] ---> accuracy: 87.74 - loss: 0.3533215506076813
2023-09-03 17:11:06,934 - root - INFO - test acc from best model : 87.14
2023-09-03 17:11:06,934 - root - INFO - Epoch 5
-------------------------------
2023-09-03 17:11:53,030 - root - INFO - Validation loss decreased from : 0.3307306552330653 ----> 0.3222867685953776 ----> Saving Model.......
2023-09-03 17:11:53,031 - root - INFO - Validation acc:  87.99166666666667
2023-09-03 17:11:53,031 - root - INFO - Best Test acc from 87.14 ----> 87.25
2023-09-03 17:11:53,031 - root - INFO - Época 5/10
2023-09-03 17:11:53,031 - root - INFO - loss: 0.2853189996977647 - accuracy: 89.53333333333333 - val_loss: 0.3222867685953776 - val_accuracy: 87.99166666666667
2023-09-03 17:11:53,031 - root - INFO - [Test] ---> accuracy: 87.25 - loss: 0.34125251970291137
2023-09-03 17:11:53,031 - root - INFO - test acc from best model : 87.25
2023-09-03 17:11:53,031 - root - INFO - Epoch 6
-------------------------------
2023-09-03 17:12:39,973 - root - INFO - Validation loss decreased from : 0.3222867685953776 ----> 0.31190207568804423 ----> Saving Model.......
2023-09-03 17:12:39,973 - root - INFO - Validation acc:  88.46666666666667
2023-09-03 17:12:39,973 - root - INFO - Best Test acc from 87.25 ----> 88.1
2023-09-03 17:12:39,973 - root - INFO - Época 6/10
2023-09-03 17:12:39,973 - root - INFO - loss: 0.2694313276509444 - accuracy: 89.98125 - val_loss: 0.31190207568804423 - val_accuracy: 88.46666666666667
2023-09-03 17:12:39,973 - root - INFO - [Test] ---> accuracy: 88.1 - loss: 0.3252150028705597
2023-09-03 17:12:39,973 - root - INFO - test acc from best model : 88.1
2023-09-03 17:12:39,973 - root - INFO - Epoch 7
-------------------------------
2023-09-03 17:13:26,298 - root - INFO - Época 7/10
2023-09-03 17:13:26,298 - root - INFO - loss: 0.26534472667177517 - accuracy: 90.22083333333333 - val_loss: 0.338634513537089 - val_accuracy: 88.24166666666666
2023-09-03 17:13:26,298 - root - INFO - [Test] ---> accuracy: 88.03999999999999 - loss: 0.3400647446155548
2023-09-03 17:13:26,298 - root - INFO - test acc from best model : 88.1
2023-09-03 17:13:26,298 - root - INFO - Epoch 8
-------------------------------
2023-09-03 17:14:13,062 - root - INFO - Época 8/10
2023-09-03 17:14:13,062 - root - INFO - loss: 0.2548532269795736 - accuracy: 90.59166666666667 - val_loss: 0.3153399785757065 - val_accuracy: 88.98333333333333
2023-09-03 17:14:13,062 - root - INFO - [Test] ---> accuracy: 88.14999999999999 - loss: 0.32361843028068543
2023-09-03 17:14:13,062 - root - INFO - test acc from best model : 88.1
2023-09-03 17:14:13,062 - root - INFO - Epoch 9
-------------------------------
2023-09-03 17:14:59,313 - root - INFO - Validation loss decreased from : 0.31190207568804423 ----> 0.3075128357410431 ----> Saving Model.......
2023-09-03 17:14:59,313 - root - INFO - Validation acc:  89.40833333333333
2023-09-03 17:14:59,313 - root - INFO - Best Test acc from 88.1 ----> 88.79
2023-09-03 17:14:59,313 - root - INFO - Época 9/10
2023-09-03 17:14:59,313 - root - INFO - loss: 0.24683663058280944 - accuracy: 90.89583333333333 - val_loss: 0.3075128357410431 - val_accuracy: 89.40833333333333
2023-09-03 17:14:59,314 - root - INFO - [Test] ---> accuracy: 88.79 - loss: 0.330322435426712
2023-09-03 17:14:59,314 - root - INFO - test acc from best model : 88.79
2023-09-03 17:14:59,314 - root - INFO - Epoch 10
-------------------------------
2023-09-03 17:15:45,920 - root - INFO - Época 10/10
2023-09-03 17:15:45,920 - root - INFO - loss: 0.2416465931336085 - accuracy: 91.13541666666667 - val_loss: 0.3624718580245972 - val_accuracy: 87.40833333333333
2023-09-03 17:15:45,920 - root - INFO - [Test] ---> accuracy: 86.72 - loss: 0.3807004967212677
2023-09-03 17:15:45,920 - root - INFO - test acc from best model : 88.79
2023-09-03 17:15:45,920 - root - INFO - Tempo treinamento:  465.64 seconds
2023-09-03 17:15:45,920 - root - INFO - Menor loss: 0.3075128357410431
2023-09-03 17:15:45,920 - root - INFO - Acurácia de teste do melhor modelo: 88.79
2023-09-03 17:15:45,920 - root - INFO - Métricas
2023-09-03 17:15:45,920 - root - INFO - ACC
2023-09-03 17:15:45,920 - root - INFO - {'epoch': [1, 2, 3, 4, 5, 6, 7, 8, 9, 10],
 'test_acc': [83.88,
              87.14,
              86.52,
              87.74,
              87.25,
              88.1,
              88.03999999999999,
              88.14999999999999,
              88.79,
              86.72],
 'train_acc': [81.475,
               87.01875,
               88.35416666666667,
               88.92916666666666,
               89.53333333333333,
               89.98125,
               90.22083333333333,
               90.59166666666667,
               90.89583333333333,
               91.13541666666667],
 'val_acc': [84.39166666666667,
             87.85833333333333,
             87.23333333333333,
             87.98333333333333,
             87.99166666666667,
             88.46666666666667,
             88.24166666666666,
             88.98333333333333,
             89.40833333333333,
             87.40833333333333]}
2023-09-03 17:15:45,921 - root - INFO - LOSS
2023-09-03 17:15:45,921 - root - INFO - {'epoch': [1, 2, 3, 4, 5, 6, 7, 8, 9, 10],
 'test_loss': [0.4300668354988098,
               0.34502477011680605,
               0.37940934243202207,
               0.3533215506076813,
               0.34125251970291137,
               0.3252150028705597,
               0.3400647446155548,
               0.32361843028068543,
               0.330322435426712,
               0.3807004967212677],
 'train_loss': [0.49546846053997673,
                0.3524989990790685,
                0.3163515222469966,
                0.3013831024269263,
                0.2853189996977647,
                0.2694313276509444,
                0.26534472667177517,
                0.2548532269795736,
                0.24683663058280944,
                0.2416465931336085],
 'val_loss': [0.4140922292073568,
              0.3307306552330653,
              0.3551442209879557,
              0.33919581361611684,
              0.3222867685953776,
              0.31190207568804423,
              0.338634513537089,
              0.3153399785757065,
              0.3075128357410431,
              0.3624718580245972]}
2023-09-08 01:59:11,055 - root - INFO - --------------------- Iniciando Teste 13 ---------------------
2023-09-08 01:59:11,055 - root - INFO - Rodando evaluation
2023-09-08 01:59:11,056 - root - INFO - Construindo dataset para a rede LENET5
2023-09-08 03:42:08,105 - root - INFO - --------------------- Iniciando Teste 13 ---------------------
2023-09-08 03:42:08,105 - root - INFO - Rodando evaluation
2023-09-08 03:42:08,109 - root - INFO - Construindo dataset para a rede LENET5
2023-09-08 07:27:26,383 - root - INFO - --------------------- Iniciando Novo Treinamento 13 ---------------------
2023-09-08 07:27:26,387 - root - INFO - Parametros
2023-09-08 07:27:26,387 - root - INFO - {'batch_size': 64,
 'dataset': 'FASHIONMNIST',
 'epochs': 10,
 'learning_rate': 0.01,
 'network': 'LENET5',
 'num_workers': 1}
2023-09-08 07:27:26,387 - root - INFO - Construindo dataset para a rede LENET5
2023-09-08 07:27:26,628 - root - INFO - LeNet5(
  (layer1): Sequential(
    (0): Conv2d(1, 6, kernel_size=(5, 5), stride=(1, 1))
    (1): BatchNorm2d(6, eps=1e-05, momentum=0.1, affine=True, track_running_stats=True)
    (2): ReLU()
    (3): MaxPool2d(kernel_size=2, stride=2, padding=0, dilation=1, ceil_mode=False)
  )
  (layer2): Sequential(
    (0): Conv2d(6, 16, kernel_size=(5, 5), stride=(1, 1))
    (1): BatchNorm2d(16, eps=1e-05, momentum=0.1, affine=True, track_running_stats=True)
    (2): ReLU()
    (3): MaxPool2d(kernel_size=2, stride=2, padding=0, dilation=1, ceil_mode=False)
  )
  (fc): Linear(in_features=400, out_features=120, bias=True)
  (relu): ReLU()
  (fc1): Linear(in_features=120, out_features=84, bias=True)
  (relu1): ReLU()
  (fc2): Linear(in_features=84, out_features=10, bias=True)
)
2023-09-08 07:27:26,628 - root - INFO - Iniciando treinamento
2023-09-08 07:27:26,628 - root - INFO - Epoch 1
-------------------------------
2023-09-08 07:28:14,732 - root - INFO - Validation loss decreased from : inf ----> 0.4140922292073568 ----> Saving Model.......
2023-09-08 07:28:14,733 - root - INFO - Validation acc:  84.39166666666667
2023-09-08 07:28:14,733 - root - INFO - Best Test acc from 0 ----> 83.88
2023-09-08 07:28:15,281 - root - INFO - Época 1/10
2023-09-08 07:28:15,281 - root - INFO - loss: 0.49546846053997673 - accuracy: 81.475 - val_loss: 0.4140922292073568 - val_accuracy: 84.39166666666667
2023-09-08 07:28:15,281 - root - INFO - [Test] ---> accuracy: 83.88 - loss: 0.4300668354988098
2023-09-08 07:28:15,281 - root - INFO - test acc from best model : 83.88
2023-09-08 07:28:15,281 - root - INFO - Epoch 2
-------------------------------
2023-09-08 07:29:03,568 - root - INFO - Validation loss decreased from : 0.4140922292073568 ----> 0.36251850469907126 ----> Saving Model.......
2023-09-08 07:29:03,568 - root - INFO - Validation acc:  86.4
2023-09-08 07:29:03,569 - root - INFO - Best Test acc from 83.88 ----> 86.18
2023-09-08 07:29:04,124 - root - INFO - Época 2/10
2023-09-08 07:29:04,124 - root - INFO - loss: 0.3530020375053088 - accuracy: 87.13958333333333 - val_loss: 0.36251850469907126 - val_accuracy: 86.4
2023-09-08 07:29:04,124 - root - INFO - [Test] ---> accuracy: 86.18 - loss: 0.3717258981227875
2023-09-08 07:29:04,124 - root - INFO - test acc from best model : 86.18
2023-09-08 07:29:04,124 - root - INFO - Epoch 3
-------------------------------
2023-09-08 07:29:52,005 - root - INFO - Validation loss decreased from : 0.36251850469907126 ----> 0.3329393424987793 ----> Saving Model.......
2023-09-08 07:29:52,005 - root - INFO - Validation acc:  87.73333333333333
2023-09-08 07:29:52,005 - root - INFO - Best Test acc from 86.18 ----> 87.09
2023-09-08 07:29:52,553 - root - INFO - Época 3/10
2023-09-08 07:29:52,553 - root - INFO - loss: 0.320790082881848 - accuracy: 88.12916666666666 - val_loss: 0.3329393424987793 - val_accuracy: 87.73333333333333
2023-09-08 07:29:52,553 - root - INFO - [Test] ---> accuracy: 87.09 - loss: 0.3512840717792511
2023-09-08 07:29:52,553 - root - INFO - test acc from best model : 87.09
2023-09-08 07:29:52,553 - root - INFO - Epoch 4
-------------------------------
2023-09-08 07:30:40,687 - root - INFO - Validation loss decreased from : 0.3329393424987793 ----> 0.31831641705830893 ----> Saving Model.......
2023-09-08 07:30:40,687 - root - INFO - Validation acc:  88.225
2023-09-08 07:30:40,687 - root - INFO - Best Test acc from 87.09 ----> 87.64999999999999
2023-09-08 07:30:41,237 - root - INFO - Época 4/10
2023-09-08 07:30:41,237 - root - INFO - loss: 0.2939858082632224 - accuracy: 89.19166666666666 - val_loss: 0.31831641705830893 - val_accuracy: 88.225
2023-09-08 07:30:41,237 - root - INFO - [Test] ---> accuracy: 87.64999999999999 - loss: 0.3396430525302887
2023-09-08 07:30:41,237 - root - INFO - test acc from best model : 87.64999999999999
2023-09-08 07:30:41,237 - root - INFO - Epoch 5
-------------------------------
2023-09-08 07:31:29,310 - root - INFO - Época 5/10
2023-09-08 07:31:29,310 - root - INFO - loss: 0.2814754704137643 - accuracy: 89.54791666666667 - val_loss: 0.322582043170929 - val_accuracy: 88.35
2023-09-08 07:31:29,310 - root - INFO - [Test] ---> accuracy: 87.9 - loss: 0.34027694578170775
2023-09-08 07:31:29,310 - root - INFO - test acc from best model : 87.64999999999999
2023-09-08 07:31:29,539 - root - INFO - Epoch 6
-------------------------------
2023-09-08 07:32:20,418 - root - INFO - Validation loss decreased from : 0.31831641705830893 ----> 0.3163215791384379 ----> Saving Model.......
2023-09-08 07:32:20,418 - root - INFO - Validation acc:  88.86666666666667
2023-09-08 07:32:20,418 - root - INFO - Best Test acc from 87.64999999999999 ----> 88.08
2023-09-08 07:32:20,964 - root - INFO - Época 6/10
2023-09-08 07:32:20,964 - root - INFO - loss: 0.2706934975485007 - accuracy: 89.89375 - val_loss: 0.3163215791384379 - val_accuracy: 88.86666666666667
2023-09-08 07:32:20,964 - root - INFO - [Test] ---> accuracy: 88.08 - loss: 0.32623226132392885
2023-09-08 07:32:20,964 - root - INFO - test acc from best model : 88.08
2023-09-08 07:32:20,964 - root - INFO - Epoch 7
-------------------------------
2023-09-08 07:33:11,634 - root - INFO - Validation loss decreased from : 0.3163215791384379 ----> 0.30855864779154457 ----> Saving Model.......
2023-09-08 07:33:11,634 - root - INFO - Validation acc:  89.1
2023-09-08 07:33:11,634 - root - INFO - Best Test acc from 88.08 ----> 88.55
2023-09-08 07:33:12,187 - root - INFO - Época 7/10
2023-09-08 07:33:12,187 - root - INFO - loss: 0.2612144475777944 - accuracy: 90.31666666666666 - val_loss: 0.30855864779154457 - val_accuracy: 89.1
2023-09-08 07:33:12,187 - root - INFO - [Test] ---> accuracy: 88.55 - loss: 0.3246106767654419
2023-09-08 07:33:12,187 - root - INFO - test acc from best model : 88.55
2023-09-08 07:33:12,187 - root - INFO - Epoch 8
-------------------------------
2023-09-08 07:34:03,023 - root - INFO - Época 8/10
2023-09-08 07:34:03,023 - root - INFO - loss: 0.2538767464856307 - accuracy: 90.66875 - val_loss: 0.3181923680305481 - val_accuracy: 89.06666666666668
2023-09-08 07:34:03,023 - root - INFO - [Test] ---> accuracy: 88.52 - loss: 0.3517790983915329
2023-09-08 07:34:03,023 - root - INFO - test acc from best model : 88.55
2023-09-08 07:34:03,023 - root - INFO - Epoch 9
-------------------------------
2023-09-08 07:34:53,617 - root - INFO - Época 9/10
2023-09-08 07:34:53,617 - root - INFO - loss: 0.24842913528283436 - accuracy: 90.7375 - val_loss: 0.3262149131298065 - val_accuracy: 88.775
2023-09-08 07:34:53,617 - root - INFO - [Test] ---> accuracy: 88.42999999999999 - loss: 0.3397815515995026
2023-09-08 07:34:53,617 - root - INFO - test acc from best model : 88.55
2023-09-08 07:34:53,617 - root - INFO - Epoch 10
-------------------------------
2023-09-08 07:35:44,566 - root - INFO - Época 10/10
2023-09-08 07:35:44,566 - root - INFO - loss: 0.24307325128217538 - accuracy: 91.05416666666666 - val_loss: 0.3599396295547485 - val_accuracy: 88.06666666666668
2023-09-08 07:35:44,566 - root - INFO - [Test] ---> accuracy: 87.39 - loss: 0.3787931303977966
2023-09-08 07:35:44,566 - root - INFO - test acc from best model : 88.55
2023-09-08 07:35:44,760 - root - INFO - Tempo treinamento:  498.13 seconds
2023-09-08 07:35:44,760 - root - INFO - Menor loss: 0.30855864779154457
2023-09-08 07:35:44,760 - root - INFO - Acurácia de teste do melhor modelo: 88.55
2023-09-08 07:35:44,760 - root - INFO - Métricas
2023-09-08 07:35:44,760 - root - INFO - ACC
2023-09-08 07:35:44,760 - root - INFO - {'epoch': [1, 2, 3, 4, 5, 6, 7, 8, 9, 10],
 'test_acc': [83.88,
              86.18,
              87.09,
              87.64999999999999,
              87.9,
              88.08,
              88.55,
              88.52,
              88.42999999999999,
              87.39],
 'train_acc': [81.475,
               87.13958333333333,
               88.12916666666666,
               89.19166666666666,
               89.54791666666667,
               89.89375,
               90.31666666666666,
               90.66875,
               90.7375,
               91.05416666666666],
 'val_acc': [84.39166666666667,
             86.4,
             87.73333333333333,
             88.225,
             88.35,
             88.86666666666667,
             89.1,
             89.06666666666668,
             88.775,
             88.06666666666668]}
2023-09-08 07:35:44,760 - root - INFO - LOSS
2023-09-08 07:35:44,760 - root - INFO - {'epoch': [1, 2, 3, 4, 5, 6, 7, 8, 9, 10],
 'test_loss': [0.4300668354988098,
               0.3717258981227875,
               0.3512840717792511,
               0.3396430525302887,
               0.34027694578170775,
               0.32623226132392885,
               0.3246106767654419,
               0.3517790983915329,
               0.3397815515995026,
               0.3787931303977966],
 'train_loss': [0.49546846053997673,
                0.3530020375053088,
                0.320790082881848,
                0.2939858082632224,
                0.2814754704137643,
                0.2706934975485007,
                0.2612144475777944,
                0.2538767464856307,
                0.24842913528283436,
                0.24307325128217538],
 'val_loss': [0.4140922292073568,
              0.36251850469907126,
              0.3329393424987793,
              0.31831641705830893,
              0.322582043170929,
              0.3163215791384379,
              0.30855864779154457,
              0.3181923680305481,
              0.3262149131298065,
              0.3599396295547485]}
