2023-09-02 02:22:52,187 - root - INFO - --------------------- Iniciando Novo Treinamento 15 ---------------------
2023-09-02 02:22:52,188 - root - INFO - Parametros
2023-09-02 02:22:52,188 - root - INFO - {'batch_size': 32,
 'dataset': 'CIFAR10',
 'epochs': 15,
 'learning_rate': 0.001,
 'network': 'LENET5',
 'num_workers': 1}
2023-09-02 02:22:52,188 - root - INFO - Construindo dataset para a rede LENET5
2023-09-02 02:22:53,438 - root - INFO - Construindo modelo para a rede LENET5
2023-09-02 02:22:53,442 - root - INFO - LeNet5(
  (layer1): Sequential(
    (0): Conv2d(3, 18, kernel_size=(5, 5), stride=(1, 1))
    (1): BatchNorm2d(18, eps=1e-05, momentum=0.1, affine=True, track_running_stats=True)
    (2): ReLU()
    (3): MaxPool2d(kernel_size=2, stride=2, padding=0, dilation=1, ceil_mode=False)
  )
  (layer2): Sequential(
    (0): Conv2d(18, 48, kernel_size=(5, 5), stride=(1, 1))
    (1): BatchNorm2d(48, eps=1e-05, momentum=0.1, affine=True, track_running_stats=True)
    (2): ReLU()
    (3): MaxPool2d(kernel_size=2, stride=2, padding=0, dilation=1, ceil_mode=False)
  )
  (fc): Linear(in_features=1200, out_features=360, bias=True)
  (relu): ReLU()
  (fc1): Linear(in_features=360, out_features=252, bias=True)
  (relu1): ReLU()
  (fc2): Linear(in_features=252, out_features=10, bias=True)
)
2023-09-02 02:22:53,443 - root - INFO - Iniciando treinamento
2023-09-02 02:22:53,443 - root - INFO - Epoch 1
-------------------------------
2023-09-02 02:24:10,951 - root - INFO - Validation loss decreased from : inf ----> 1.326487561384329 ----> Saving Model.......
2023-09-02 02:24:10,956 - root - INFO - Época: 1 - Test Acc: 54.75 - Val Acc: 54.339999999999996
2023-09-02 02:24:10,956 - root - INFO - Epoch 2
-------------------------------
2023-09-02 02:25:30,490 - root - INFO - Validation loss decreased from : 1.326487561384329 ----> 1.2044346635334027 ----> Saving Model.......
2023-09-02 02:25:30,501 - root - INFO - Época: 2 - Test Acc: 58.989999999999995 - Val Acc: 58.589999999999996
2023-09-02 02:25:30,501 - root - INFO - Epoch 3
-------------------------------
2023-09-02 02:26:48,891 - root - INFO - Validation loss decreased from : 1.2044346635334027 ----> 0.9605724957233039 ----> Saving Model.......
2023-09-02 02:26:48,903 - root - INFO - Época: 3 - Test Acc: 67.02 - Val Acc: 66.56
2023-09-02 02:26:48,903 - root - INFO - Epoch 4
-------------------------------
2023-09-02 02:28:08,208 - root - INFO - Validation loss decreased from : 0.9605724957233039 ----> 0.9221141228851039 ----> Saving Model.......
2023-09-02 02:28:08,219 - root - INFO - Época: 4 - Test Acc: 67.96 - Val Acc: 67.64
2023-09-02 02:28:08,219 - root - INFO - Epoch 5
-------------------------------
2023-09-02 02:29:26,737 - root - INFO - Validation loss decreased from : 0.9221141228851039 ----> 0.9038732282269877 ----> Saving Model.......
2023-09-02 02:29:26,747 - root - INFO - Época: 5 - Test Acc: 70.11 - Val Acc: 69.12
2023-09-02 02:29:26,747 - root - INFO - Epoch 6
-------------------------------
2023-09-02 02:30:45,670 - root - INFO - Época: 6 - Test Acc: 60.58 - Val Acc: 59.57
2023-09-02 02:30:45,670 - root - INFO - Epoch 7
-------------------------------
2023-09-02 02:32:04,410 - root - INFO - Época: 7 - Test Acc: 64.42 - Val Acc: 64.91
2023-09-02 02:32:04,410 - root - INFO - Epoch 8
-------------------------------
2023-09-02 02:33:24,076 - root - INFO - Época: 8 - Test Acc: 68.78999999999999 - Val Acc: 68.21000000000001
2023-09-02 02:33:24,076 - root - INFO - Epoch 9
-------------------------------
2023-09-02 02:34:42,861 - root - INFO - Época: 9 - Test Acc: 70.39 - Val Acc: 70.48
2023-09-02 02:34:42,862 - root - INFO - Epoch 10
-------------------------------
2023-09-02 02:36:01,985 - root - INFO - Época: 10 - Test Acc: 70.96000000000001 - Val Acc: 70.48
2023-09-02 02:36:01,985 - root - INFO - Epoch 11
-------------------------------
2023-09-02 02:37:21,058 - root - INFO - Época: 11 - Test Acc: 71.27 - Val Acc: 71.17999999999999
2023-09-02 02:37:21,058 - root - INFO - Epoch 12
-------------------------------
2023-09-02 02:38:40,185 - root - INFO - Época: 12 - Test Acc: 70.84 - Val Acc: 70.44
2023-09-02 02:38:40,185 - root - INFO - Epoch 13
-------------------------------
2023-09-02 02:39:58,984 - root - INFO - Época: 13 - Test Acc: 70.00999999999999 - Val Acc: 69.65
2023-09-02 02:39:58,984 - root - INFO - Epoch 14
-------------------------------
2023-09-02 02:41:18,900 - root - INFO - Época: 14 - Test Acc: 71.02000000000001 - Val Acc: 70.88
2023-09-02 02:41:18,900 - root - INFO - Epoch 15
-------------------------------
2023-09-02 02:42:37,390 - root - INFO - Época: 15 - Test Acc: 70.8 - Val Acc: 70.82000000000001
2023-09-02 02:42:37,390 - root - INFO - Tempo treinamento:  1183.95 seconds
2023-09-02 02:42:37,390 - root - INFO - Métricas
2023-09-02 02:42:37,390 - root - INFO - ACC
2023-09-02 02:42:37,390 - root - INFO - {'epoch': [1, 2, 3, 4, 5, 6, 7, 8, 9, 10, 11, 12, 13, 14, 15],
 'test_acc': [54.75,
              58.989999999999995,
              67.02,
              67.96,
              70.11,
              60.58,
              64.42,
              68.78999999999999,
              70.39,
              70.96000000000001,
              71.27,
              70.84,
              70.00999999999999,
              71.02000000000001,
              70.8],
 'train_acc': [49.1725,
               62.365,
               68.0075,
               72.2375,
               75.1175,
               77.7375,
               80.4875,
               82.5975,
               84.6725,
               86.59,
               88.1,
               89.465,
               90.875,
               91.9125,
               92.96],
 'val_acc': [54.339999999999996,
             58.589999999999996,
             66.56,
             67.64,
             69.12,
             59.57,
             64.91,
             68.21000000000001,
             70.48,
             70.48,
             71.17999999999999,
             70.44,
             69.65,
             70.88,
             70.82000000000001]}
2023-09-02 02:42:37,390 - root - INFO - LOSS
2023-09-02 02:42:37,390 - root - INFO - {'epoch': [1, 2, 3, 4, 5, 6, 7, 8, 9, 10, 11, 12, 13, 14, 15],
 'test_loss': [1.320239774716167,
               1.1839885725000034,
               0.9442232561568482,
               0.9125517983786976,
               0.8737883531628325,
               1.3084997317661493,
               1.1435662314724238,
               1.0092121731168546,
               0.9545415986460238,
               1.0419834536104537,
               1.0389812875289124,
               1.0961543310183686,
               1.1933648567230175,
               1.200894106881687,
               1.3059352447811408],
 'train_loss': [1.388777189064026,
                1.050537533712387,
                0.9021098777532578,
                0.7882495376348495,
                0.7057268181800842,
                0.6271486713409424,
                0.5532129135012627,
                0.4898594303071499,
                0.4272710252225399,
                0.377577756562829,
                0.3312962923198938,
                0.2943126429408789,
                0.254371810862422,
                0.22569193988889455,
                0.19658093054555356],
 'val_loss': [1.326487561384329,
              1.2044346635334027,
              0.9605724957233039,
              0.9221141228851039,
              0.9038732282269877,
              1.3264803682653288,
              1.1362169284028367,
              1.0272818233448857,
              0.9589224866213509,
              1.0452169463657344,
              1.0578357822978839,
              1.1076208767228233,
              1.2155282334588207,
              1.2327115726642335,
              1.3250079477271333]}
2023-09-02 02:42:38,353 - root - INFO - Rodando evaluation
2023-09-02 02:42:38,354 - root - INFO - Construindo dataset para a rede LENET5
