2023-09-02 09:43:02,005 - root - INFO - --------------------- Iniciando Novo Treinamento 36 ---------------------
2023-09-02 09:43:02,005 - root - INFO - Parametros
2023-09-02 09:43:02,005 - root - INFO - {'batch_size': 32,
 'dataset': 'CIFAR10',
 'epochs': 20,
 'learning_rate': 0.001,
 'network': 'ALEXNET',
 'num_workers': 1}
2023-09-02 09:43:02,005 - root - INFO - Construindo dataset para a rede ALEXNET
2023-09-02 09:43:04,028 - root - INFO - Construindo modelo para a rede ALEXNET
2023-09-02 09:43:06,922 - root - INFO - AlexNet(
  (layer1): Sequential(
    (0): Conv2d(3, 288, kernel_size=(11, 11), stride=(4, 4))
    (1): BatchNorm2d(288, eps=1e-05, momentum=0.1, affine=True, track_running_stats=True)
    (2): ReLU()
    (3): MaxPool2d(kernel_size=3, stride=2, padding=0, dilation=1, ceil_mode=False)
  )
  (layer2): Sequential(
    (0): Conv2d(288, 768, kernel_size=(5, 5), stride=(1, 1), padding=(2, 2))
    (1): BatchNorm2d(768, eps=1e-05, momentum=0.1, affine=True, track_running_stats=True)
    (2): ReLU()
    (3): MaxPool2d(kernel_size=3, stride=2, padding=0, dilation=1, ceil_mode=False)
  )
  (layer3): Sequential(
    (0): Conv2d(768, 1152, kernel_size=(3, 3), stride=(1, 1), padding=(1, 1))
    (1): BatchNorm2d(1152, eps=1e-05, momentum=0.1, affine=True, track_running_stats=True)
    (2): ReLU()
  )
  (layer4): Sequential(
    (0): Conv2d(1152, 1152, kernel_size=(3, 3), stride=(1, 1), padding=(1, 1))
    (1): BatchNorm2d(1152, eps=1e-05, momentum=0.1, affine=True, track_running_stats=True)
    (2): ReLU()
  )
  (layer5): Sequential(
    (0): Conv2d(1152, 768, kernel_size=(3, 3), stride=(1, 1), padding=(1, 1))
    (1): BatchNorm2d(768, eps=1e-05, momentum=0.1, affine=True, track_running_stats=True)
    (2): ReLU()
    (3): MaxPool2d(kernel_size=3, stride=2, padding=0, dilation=1, ceil_mode=False)
  )
  (fc): Sequential(
    (0): Dropout(p=0.5, inplace=False)
    (1): Linear(in_features=27648, out_features=12288, bias=True)
    (2): ReLU()
  )
  (fc1): Sequential(
    (0): Dropout(p=0.5, inplace=False)
    (1): Linear(in_features=12288, out_features=12288, bias=True)
    (2): ReLU()
  )
  (fc2): Sequential(
    (0): Linear(in_features=12288, out_features=10, bias=True)
  )
)
2023-09-02 09:43:06,922 - root - INFO - Iniciando treinamento
2023-09-02 09:43:06,922 - root - INFO - Epoch 1
-------------------------------
2023-09-02 09:51:33,704 - root - INFO - Validation loss decreased from : inf ----> 2.0190632381378273 ----> Saving Model.......
2023-09-02 09:51:33,705 - root - INFO - Validation acc:  19.040000000000003
2023-09-02 09:51:37,308 - root - INFO - Época: 1 - Test Acc: 20.03 - Val Acc: 19.040000000000003
2023-09-02 09:51:37,308 - root - INFO - Epoch 2
-------------------------------
2023-09-02 10:00:04,525 - root - INFO - Validation loss decreased from : 2.0190632381378273 ----> 1.9825745306837672 ----> Saving Model.......
2023-09-02 10:00:04,525 - root - INFO - Validation acc:  18.64
2023-09-02 10:00:21,613 - root - INFO - Época: 2 - Test Acc: 19.27 - Val Acc: 18.64
2023-09-02 10:00:21,613 - root - INFO - Epoch 3
-------------------------------
2023-09-02 10:08:48,513 - root - INFO - Validation loss decreased from : 1.9825745306837672 ----> 1.9428367439550334 ----> Saving Model.......
2023-09-02 10:08:48,513 - root - INFO - Validation acc:  19.54
2023-09-02 10:08:59,722 - root - INFO - Época: 3 - Test Acc: 19.869999999999997 - Val Acc: 19.54
2023-09-02 10:08:59,722 - root - INFO - Epoch 4
-------------------------------
2023-09-02 10:17:26,086 - root - INFO - Validation loss decreased from : 1.9428367439550334 ----> 1.9150512466034568 ----> Saving Model.......
2023-09-02 10:17:26,086 - root - INFO - Validation acc:  21.81
2023-09-02 10:17:39,572 - root - INFO - Época: 4 - Test Acc: 21.68 - Val Acc: 21.81
2023-09-02 10:17:39,572 - root - INFO - Epoch 5
-------------------------------
2023-09-02 10:26:05,800 - root - INFO - Validation loss decreased from : 1.9150512466034568 ----> 1.8813788117692112 ----> Saving Model.......
2023-09-02 10:26:05,800 - root - INFO - Validation acc:  25.319999999999997
2023-09-02 10:26:21,233 - root - INFO - Época: 5 - Test Acc: 26.38 - Val Acc: 25.319999999999997
2023-09-02 10:26:21,233 - root - INFO - Epoch 6
-------------------------------
2023-09-02 10:34:48,176 - root - INFO - Época: 6 - Test Acc: 19.7 - Val Acc: 19.86
2023-09-02 10:34:48,176 - root - INFO - Epoch 7
-------------------------------
2023-09-02 10:43:15,083 - root - INFO - Época: 7 - Test Acc: 18.45 - Val Acc: 18.66
2023-09-02 10:43:15,083 - root - INFO - Epoch 8
-------------------------------
2023-09-02 10:51:41,502 - root - INFO - Validation loss decreased from : 1.8813788117692112 ----> 1.8491840640576884 ----> Saving Model.......
2023-09-02 10:51:41,502 - root - INFO - Validation acc:  25.64
2023-09-02 10:51:56,014 - root - INFO - Época: 8 - Test Acc: 26.229999999999997 - Val Acc: 25.64
2023-09-02 10:51:56,014 - root - INFO - Epoch 9
-------------------------------
2023-09-02 11:00:22,729 - root - INFO - Época: 9 - Test Acc: 21.27 - Val Acc: 21.61
2023-09-02 11:00:22,729 - root - INFO - Epoch 10
-------------------------------
2023-09-02 11:08:49,287 - root - INFO - Época: 10 - Test Acc: 19.48 - Val Acc: 19.439999999999998
2023-09-02 11:08:49,287 - root - INFO - Epoch 11
-------------------------------
2023-09-02 11:17:15,645 - root - INFO - Época: 11 - Test Acc: 20.880000000000003 - Val Acc: 21.43
2023-09-02 11:17:15,646 - root - INFO - Epoch 12
-------------------------------
2023-09-02 11:25:41,910 - root - INFO - Época: 12 - Test Acc: 21.89 - Val Acc: 21.82
2023-09-02 11:25:41,910 - root - INFO - Epoch 13
-------------------------------
2023-09-02 11:34:07,661 - root - INFO - Época: 13 - Test Acc: 22.49 - Val Acc: 23.71
2023-09-02 11:34:07,661 - root - INFO - Epoch 14
-------------------------------
2023-09-02 11:42:35,293 - root - INFO - Época: 14 - Test Acc: 20.65 - Val Acc: 21.41
2023-09-02 11:42:35,293 - root - INFO - Epoch 15
-------------------------------
2023-09-02 11:51:02,550 - root - INFO - Época: 15 - Test Acc: 17.68 - Val Acc: 17.87
2023-09-02 11:51:02,550 - root - INFO - Epoch 16
-------------------------------
2023-09-02 11:59:29,928 - root - INFO - Época: 16 - Test Acc: 19.400000000000002 - Val Acc: 19.77
2023-09-02 11:59:29,928 - root - INFO - Epoch 17
-------------------------------
2023-09-02 12:07:56,654 - root - INFO - Época: 17 - Test Acc: 20.48 - Val Acc: 20.84
2023-09-02 12:07:56,654 - root - INFO - Epoch 18
-------------------------------
2023-09-02 12:16:23,077 - root - INFO - Época: 18 - Test Acc: 20.72 - Val Acc: 20.5
2023-09-02 12:16:23,078 - root - INFO - Epoch 19
-------------------------------
2023-09-02 12:24:51,747 - root - INFO - Época: 19 - Test Acc: 22.31 - Val Acc: 23.189999999999998
2023-09-02 12:24:51,747 - root - INFO - Epoch 20
-------------------------------
2023-09-02 12:33:18,601 - root - INFO - Época: 20 - Test Acc: 19.78 - Val Acc: 20.54
2023-09-02 12:33:18,601 - root - INFO - Tempo treinamento:  10211.68 seconds
2023-09-02 12:33:18,601 - root - INFO - Métricas
2023-09-02 12:33:18,601 - root - INFO - ACC
2023-09-02 12:33:18,601 - root - INFO - {'epoch': [1,
           2,
           3,
           4,
           5,
           6,
           7,
           8,
           9,
           10,
           11,
           12,
           13,
           14,
           15,
           16,
           17,
           18,
           19,
           20],
 'test_acc': [20.03,
              19.27,
              19.869999999999997,
              21.68,
              26.38,
              19.7,
              18.45,
              26.229999999999997,
              21.27,
              19.48,
              20.880000000000003,
              21.89,
              22.49,
              20.65,
              17.68,
              19.400000000000002,
              20.48,
              20.72,
              22.31,
              19.78],
 'train_acc': [15.53,
               16.7,
               17.1925,
               17.3525,
               17.8775,
               18.5425,
               18.735,
               19.735,
               18.495,
               19.02,
               19.5925,
               19.5725,
               19.875,
               18.9625,
               20.2075,
               20.7075,
               20.5325,
               20.71,
               21.4775,
               20.525],
 'val_acc': [19.040000000000003,
             18.64,
             19.54,
             21.81,
             25.319999999999997,
             19.86,
             18.66,
             25.64,
             21.61,
             19.439999999999998,
             21.43,
             21.82,
             23.71,
             21.41,
             17.87,
             19.77,
             20.84,
             20.5,
             23.189999999999998,
             20.54]}
2023-09-02 12:33:18,601 - root - INFO - LOSS
2023-09-02 12:33:18,601 - root - INFO - {'epoch': [1,
           2,
           3,
           4,
           5,
           6,
           7,
           8,
           9,
           10,
           11,
           12,
           13,
           14,
           15,
           16,
           17,
           18,
           19,
           20],
 'test_loss': [2.024912965564301,
               1.9862065109581992,
               1.9419497560007504,
               1.9159279208594617,
               1.8853861093521118,
               1.9323147302999284,
               1.9547990526254184,
               1.8470305048238735,
               1.9595197561069038,
               2.011650746622786,
               1.92174974150551,
               2.0112859170657758,
               1.9396792848270161,
               1.9217185090525082,
               2.0448357030606497,
               1.9625385081806122,
               2.025478967462485,
               1.9865725112799257,
               1.886782489264735,
               1.9762730480383],
 'train_loss': [2.9983806723594664,
                2.0734248529434205,
                2.0468142595291137,
                2.0356250193595886,
                2.031318451595306,
                2.026524455165863,
                2.0404531858444215,
                2.0110153424263,
                2.0789720131874083,
                2.0739354022979737,
                2.0479285095214843,
                2.0423771845817567,
                2.0497229756355284,
                2.0586407120704653,
                2.0389325262069704,
                2.0260024307250974,
                2.028464509391785,
                2.016732995414734,
                1.9915792130470276,
                2.0112201464653015],
 'val_loss': [2.0190632381378273,
              1.9825745306837672,
              1.9428367439550334,
              1.9150512466034568,
              1.8813788117692112,
              1.9305650270023285,
              1.9557527905455032,
              1.8491840640576884,
              1.9576972494490992,
              2.0147965316193552,
              1.9175467159801398,
              2.01178928495596,
              1.9364482023464604,
              1.9139014444412135,
              2.040530039098697,
              1.955214300094702,
              2.017066119577938,
              1.9918632366405888,
              1.8780569104721752,
              1.9683738135682127]}
2023-09-02 12:33:29,797 - root - INFO - Rodando evaluation
2023-09-02 12:33:29,797 - root - INFO - Construindo dataset para a rede ALEXNET
