2023-09-01 13:15:32,486 - root - INFO - --------------------- Iniciando Experimento 4 ---------------------
2023-09-01 13:15:32,486 - root - INFO - Parametros
2023-09-01 13:15:32,486 - root - INFO - {'batch_size': 64,
 'dataset': 'CIFAR10',
 'epochs': 10,
 'learning_rate': 0.001,
 'network': 'LENET5',
 'num_workers': 1}
2023-09-01 13:15:32,486 - root - INFO - Construindo dataset para a rede LENET5
2023-09-01 13:15:34,179 - root - INFO - Construindo modelo para a rede LENET5
2023-09-01 13:15:34,183 - root - INFO - LeNet5(
  (layer1): Sequential(
    (0): Conv2d(3, 18, kernel_size=(5, 5), stride=(1, 1))
    (1): BatchNorm2d(18, eps=1e-05, momentum=0.1, affine=True, track_running_stats=True)
    (2): ReLU()
    (3): MaxPool2d(kernel_size=2, stride=2, padding=0, dilation=1, ceil_mode=False)
  )
  (layer2): Sequential(
    (0): Conv2d(18, 48, kernel_size=(5, 5), stride=(1, 1))
    (1): BatchNorm2d(48, eps=1e-05, momentum=0.1, affine=True, track_running_stats=True)
    (2): ReLU()
    (3): MaxPool2d(kernel_size=2, stride=2, padding=0, dilation=1, ceil_mode=False)
  )
  (fc): Linear(in_features=1200, out_features=360, bias=True)
  (relu): ReLU()
  (fc1): Linear(in_features=360, out_features=252, bias=True)
  (relu1): ReLU()
  (fc2): Linear(in_features=252, out_features=10, bias=True)
)
2023-09-01 13:15:34,183 - root - INFO - Iniciando treinamento
2023-09-01 13:15:34,183 - root - INFO - Epoch 1
-------------------------------
2023-09-01 13:15:34,183 - root - INFO - Treinando época 0
2023-09-01 13:16:18,812 - root - INFO - Testando época 0
2023-09-01 13:16:20,310 - root - INFO - Validando época 0
2023-09-01 13:16:21,729 - root - INFO - Epoch 2
-------------------------------
2023-09-01 13:16:21,729 - root - INFO - Treinando época 1
2023-09-01 13:17:07,330 - root - INFO - Testando época 1
2023-09-01 13:17:08,819 - root - INFO - Validando época 1
2023-09-01 13:17:10,251 - root - INFO - Epoch 3
-------------------------------
2023-09-01 13:17:10,251 - root - INFO - Treinando época 2
2023-09-01 13:17:56,031 - root - INFO - Testando época 2
2023-09-01 13:17:57,437 - root - INFO - Validando época 2
2023-09-01 13:17:58,840 - root - INFO - Epoch 4
-------------------------------
2023-09-01 13:17:58,840 - root - INFO - Treinando época 3
2023-09-01 13:18:43,856 - root - INFO - Testando época 3
2023-09-01 13:18:45,356 - root - INFO - Validando época 3
2023-09-01 13:18:46,735 - root - INFO - Epoch 5
-------------------------------
2023-09-01 13:18:46,735 - root - INFO - Treinando época 4
2023-09-01 13:19:31,664 - root - INFO - Testando época 4
2023-09-01 13:19:33,095 - root - INFO - Validando época 4
2023-09-01 13:19:34,428 - root - INFO - Epoch 6
-------------------------------
2023-09-01 13:19:34,428 - root - INFO - Treinando época 5
2023-09-01 13:20:19,932 - root - INFO - Testando época 5
2023-09-01 13:20:21,320 - root - INFO - Validando época 5
2023-09-01 13:20:22,761 - root - INFO - Epoch 7
-------------------------------
2023-09-01 13:20:22,762 - root - INFO - Treinando época 6
2023-09-01 13:21:07,488 - root - INFO - Testando época 6
2023-09-01 13:21:08,886 - root - INFO - Validando época 6
2023-09-01 13:21:10,326 - root - INFO - Epoch 8
-------------------------------
2023-09-01 13:21:10,326 - root - INFO - Treinando época 7
2023-09-01 13:21:54,938 - root - INFO - Testando época 7
2023-09-01 13:21:56,296 - root - INFO - Validando época 7
2023-09-01 13:21:57,874 - root - INFO - Epoch 9
-------------------------------
2023-09-01 13:21:57,874 - root - INFO - Treinando época 8
2023-09-01 13:22:44,706 - root - INFO - Testando época 8
2023-09-01 13:22:46,054 - root - INFO - Validando época 8
2023-09-01 13:22:47,414 - root - INFO - Epoch 10
-------------------------------
2023-09-01 13:22:47,414 - root - INFO - Treinando época 9
2023-09-01 13:23:32,032 - root - INFO - Testando época 9
2023-09-01 13:23:33,541 - root - INFO - Validando época 9
2023-09-01 13:23:34,926 - root - INFO - Métricas
2023-09-01 13:23:34,926 - root - INFO - ACC
2023-09-01 13:23:34,926 - root - INFO - {'test_acc': [45.550000000000004,
              44.04,
              66.44,
              68.52000000000001,
              58.29,
              68.7,
              68.88,
              68.83,
              71.16,
              70.6],
 'train_acc': [49.0025,
               62.4575,
               68.0025,
               72.385,
               75.405,
               78.1725,
               80.6325,
               83.185,
               85.765,
               87.5625],
 'val_acc': [44.2,
             44.06,
             65.86999999999999,
             67.88,
             57.93000000000001,
             68.06,
             68.85,
             68.88,
             70.54,
             69.83]}
2023-09-01 13:23:34,926 - root - INFO - LOSS
2023-09-01 13:23:34,926 - root - INFO - {'test_loss': [260.2251057624817,
               283.5250951051712,
               151.42290431261063,
               141.89807415008545,
               205.37400633096695,
               150.9344610273838,
               151.09624966979027,
               156.47419047355652,
               154.04640662670135,
               163.2812418937683],
 'train_loss': [867.9558051228523,
                654.2734265327454,
                562.1540771126747,
                487.96588084101677,
                433.23411706089973,
                383.1238414943218,
                337.72150644659996,
                293.5240086764097,
                250.41795474290848,
                216.32594154030085],
 'val_loss': [259.47108030319214,
              281.05626571178436,
              152.71930873394012,
              143.5734151005745,
              208.0309757590294,
              154.9553928375244,
              152.5866371691227,
              160.95444494485855,
              156.82923489809036,
              166.46918839216232]}
2023-09-01 13:53:35,913 - root - INFO - --------------------- Iniciando Experimento 4 ---------------------
2023-09-01 13:53:35,913 - root - INFO - Rodando evaluation
2023-09-01 13:53:35,914 - root - INFO - Construindo dataset para a rede LENET5
2023-09-01 13:53:40,057 - root - INFO - Testando época 0
2023-09-01 13:53:41,953 - root - INFO - Validando época 0
2023-09-01 15:32:20,921 - root - INFO - --------------------- Iniciando Teste 4 ---------------------
2023-09-01 15:32:20,922 - root - INFO - Rodando evaluation
2023-09-01 15:32:20,922 - root - INFO - Construindo dataset para a rede LENET5
2023-09-01 15:32:24,413 - root - INFO - Testando época 0
2023-09-01 15:32:26,096 - root - INFO - Validando época 0
2023-09-01 17:34:58,672 - root - INFO - --------------------- Iniciando Experimento 4 ---------------------
2023-09-01 17:34:58,673 - root - INFO - Parametros
2023-09-01 17:34:58,673 - root - INFO - {'batch_size': 64,
 'dataset': 'CIFAR10',
 'epochs': 10,
 'learning_rate': 0.001,
 'network': 'LENET5',
 'num_workers': 1}
2023-09-01 17:34:58,673 - root - INFO - Construindo dataset para a rede LENET5
2023-09-01 17:35:00,102 - root - INFO - Construindo modelo para a rede LENET5
2023-09-01 17:35:00,106 - root - INFO - LeNet5(
  (layer1): Sequential(
    (0): Conv2d(3, 18, kernel_size=(5, 5), stride=(1, 1))
    (1): BatchNorm2d(18, eps=1e-05, momentum=0.1, affine=True, track_running_stats=True)
    (2): ReLU()
    (3): MaxPool2d(kernel_size=2, stride=2, padding=0, dilation=1, ceil_mode=False)
  )
  (layer2): Sequential(
    (0): Conv2d(18, 48, kernel_size=(5, 5), stride=(1, 1))
    (1): BatchNorm2d(48, eps=1e-05, momentum=0.1, affine=True, track_running_stats=True)
    (2): ReLU()
    (3): MaxPool2d(kernel_size=2, stride=2, padding=0, dilation=1, ceil_mode=False)
  )
  (fc): Linear(in_features=1200, out_features=360, bias=True)
  (relu): ReLU()
  (fc1): Linear(in_features=360, out_features=252, bias=True)
  (relu1): ReLU()
  (fc2): Linear(in_features=252, out_features=10, bias=True)
)
2023-09-01 17:35:00,107 - root - INFO - Iniciando treinamento
2023-09-01 17:35:00,107 - root - INFO - Epoch 1
-------------------------------
2023-09-01 17:35:00,107 - root - INFO - Treinando época 0
2023-09-01 17:35:42,810 - root - INFO - Testando época 0
2023-09-01 17:35:44,219 - root - INFO - Validando época 0
2023-09-01 17:35:45,566 - root - INFO - Validation loss decreased from : inf ----> 291.1578491926193 ----> Saving Model.......
2023-09-01 17:35:45,568 - root - INFO - Epoch 2
-------------------------------
2023-09-01 17:35:45,569 - root - INFO - Treinando época 1
2023-09-01 17:36:28,174 - root - INFO - Testando época 1
2023-09-01 17:36:29,759 - root - INFO - Validando época 1
2023-09-01 17:36:31,193 - root - INFO - Validation loss decreased from : 291.1578491926193 ----> 246.64058601856232 ----> Saving Model.......
2023-09-01 17:36:31,196 - root - INFO - Epoch 3
-------------------------------
2023-09-01 17:36:31,196 - root - INFO - Treinando época 2
2023-09-01 17:37:13,693 - root - INFO - Testando época 2
2023-09-01 17:37:15,139 - root - INFO - Validando época 2
2023-09-01 17:37:16,726 - root - INFO - Validation loss decreased from : 246.64058601856232 ----> 180.03417629003525 ----> Saving Model.......
2023-09-01 17:37:16,729 - root - INFO - Epoch 4
-------------------------------
2023-09-01 17:37:16,729 - root - INFO - Treinando época 3
2023-09-01 17:37:59,185 - root - INFO - Testando época 3
2023-09-01 17:38:00,651 - root - INFO - Validando época 3
2023-09-01 17:38:02,023 - root - INFO - Validation loss decreased from : 180.03417629003525 ----> 156.44395026564598 ----> Saving Model.......
2023-09-01 17:38:02,026 - root - INFO - Epoch 5
-------------------------------
2023-09-01 17:38:02,026 - root - INFO - Treinando época 4
2023-09-01 17:38:44,543 - root - INFO - Testando época 4
2023-09-01 17:38:46,112 - root - INFO - Validando época 4
2023-09-01 17:38:47,478 - root - INFO - Epoch 6
-------------------------------
2023-09-01 17:38:47,478 - root - INFO - Treinando época 5
2023-09-01 17:39:30,292 - root - INFO - Testando época 5
2023-09-01 17:39:31,674 - root - INFO - Validando época 5
2023-09-01 17:39:33,122 - root - INFO - Validation loss decreased from : 156.44395026564598 ----> 146.11931836605072 ----> Saving Model.......
2023-09-01 17:39:33,125 - root - INFO - Epoch 7
-------------------------------
2023-09-01 17:39:33,125 - root - INFO - Treinando época 6
2023-09-01 17:40:15,616 - root - INFO - Testando época 6
2023-09-01 17:40:16,995 - root - INFO - Validando época 6
2023-09-01 17:40:18,363 - root - INFO - Epoch 8
-------------------------------
2023-09-01 17:40:18,363 - root - INFO - Treinando época 7
2023-09-01 17:41:01,698 - root - INFO - Testando época 7
2023-09-01 17:41:03,063 - root - INFO - Validando época 7
2023-09-01 17:41:04,444 - root - INFO - Epoch 9
-------------------------------
2023-09-01 17:41:04,445 - root - INFO - Treinando época 8
2023-09-01 17:41:47,337 - root - INFO - Testando época 8
2023-09-01 17:41:48,797 - root - INFO - Validando época 8
2023-09-01 17:41:50,156 - root - INFO - Epoch 10
-------------------------------
2023-09-01 17:41:50,156 - root - INFO - Treinando época 9
2023-09-01 17:42:32,486 - root - INFO - Testando época 9
2023-09-01 17:42:33,820 - root - INFO - Validando época 9
2023-09-01 17:42:35,268 - root - INFO - Tempo treinamento:  455.16 seconds
2023-09-01 17:42:35,268 - root - INFO - Métricas
2023-09-01 17:42:35,268 - root - INFO - ACC
2023-09-01 17:42:35,268 - root - INFO - {'test_acc': [42.02,
              49.13,
              61.150000000000006,
              65.8,
              56.49999999999999,
              69.96,
              68.74,
              67.97999999999999,
              71.12,
              69.67999999999999],
 'train_acc': [48.9025,
               62.5,
               68.07,
               72.475,
               75.3825,
               78.0675,
               80.8025,
               83.2975,
               85.4525,
               87.485],
 'val_acc': [41.49,
             49.309999999999995,
             60.99,
             65.18,
             56.85,
             69.73,
             68.69,
             68.02,
             71.25,
             69.78]}
2023-09-01 17:42:35,268 - root - INFO - LOSS
2023-09-01 17:42:35,268 - root - INFO - {'test_loss': [292.63614153862,
               250.5138214826584,
               179.9783754348755,
               155.51978415250778,
               215.9283308982849,
               146.76957780122757,
               148.11584347486496,
               166.83196598291397,
               149.6463325023651,
               169.35947060585022],
 'train_loss': [867.3117988705635,
                654.0402330160141,
                561.3181421160698,
                486.8220186531544,
                432.82381919026375,
                385.71210274100304,
                338.1081607043743,
                295.94854395091534,
                256.1051116883755,
                220.47368875145912],
 'val_loss': [291.1578491926193,
              246.64058601856232,
              180.03417629003525,
              156.44395026564598,
              217.1845018863678,
              146.11931836605072,
              147.31174337863922,
              165.7202900648117,
              150.76804420351982,
              168.84462198615074]}
2023-09-01 17:42:37,096 - root - INFO - Rodando evaluation
2023-09-01 17:42:37,097 - root - INFO - Construindo dataset para a rede LENET5
2023-09-01 17:42:40,002 - root - INFO - Testando época 0
2023-09-01 17:42:41,367 - root - INFO - Validando época 0
2023-09-02 19:16:37,911 - root - INFO - --------------------- Iniciando Novo Treinamento 4 ---------------------
2023-09-02 19:16:37,911 - root - INFO - Parametros
2023-09-02 19:16:37,911 - root - INFO - {'batch_size': 64,
 'dataset': 'CIFAR10',
 'epochs': 10,
 'learning_rate': 0.001,
 'network': 'LENET5',
 'num_workers': 1}
2023-09-02 19:16:37,911 - root - INFO - Construindo dataset para a rede LENET5
2023-09-02 19:16:55,253 - root - INFO - Construindo modelo para a rede LENET5
2023-09-02 19:16:55,270 - root - INFO - LeNet5(
  (layer1): Sequential(
    (0): Conv2d(3, 18, kernel_size=(5, 5), stride=(1, 1))
    (1): BatchNorm2d(18, eps=1e-05, momentum=0.1, affine=True, track_running_stats=True)
    (2): ReLU()
    (3): MaxPool2d(kernel_size=2, stride=2, padding=0, dilation=1, ceil_mode=False)
  )
  (layer2): Sequential(
    (0): Conv2d(18, 48, kernel_size=(5, 5), stride=(1, 1))
    (1): BatchNorm2d(48, eps=1e-05, momentum=0.1, affine=True, track_running_stats=True)
    (2): ReLU()
    (3): MaxPool2d(kernel_size=2, stride=2, padding=0, dilation=1, ceil_mode=False)
  )
  (fc): Linear(in_features=1200, out_features=360, bias=True)
  (relu): ReLU()
  (fc1): Linear(in_features=360, out_features=252, bias=True)
  (relu1): ReLU()
  (fc2): Linear(in_features=252, out_features=10, bias=True)
)
2023-09-02 19:16:55,271 - root - INFO - Iniciando treinamento
2023-09-02 19:16:55,271 - root - INFO - Epoch 1
-------------------------------
2023-09-02 19:17:54,617 - root - INFO - Validation loss decreased from : inf ----> 1.6245087089052626 ----> Saving Model.......
2023-09-02 19:17:54,617 - root - INFO - Validation acc:  45.839999999999996
2023-09-02 19:17:54,617 - root - INFO - Época: 1 - Test Acc: 46.5 - Val Acc: 45.839999999999996
2023-09-02 19:17:54,617 - root - INFO - Epoch 2
-------------------------------
2023-09-02 19:18:52,613 - root - INFO - Época: 2 - Test Acc: 44.54 - Val Acc: 44.55
2023-09-02 19:18:52,614 - root - INFO - Epoch 3
-------------------------------
2023-09-02 19:19:49,815 - root - INFO - Validation loss decreased from : 1.6245087089052626 ----> 0.9250546541942912 ----> Saving Model.......
2023-09-02 19:19:49,815 - root - INFO - Validation acc:  67.46
2023-09-02 19:19:49,815 - root - INFO - Época: 3 - Test Acc: 67.83 - Val Acc: 67.46
2023-09-02 19:19:49,815 - root - INFO - Epoch 4
-------------------------------
2023-09-02 19:20:47,208 - root - INFO - Época: 4 - Test Acc: 66.39 - Val Acc: 66.78
2023-09-02 19:20:47,208 - root - INFO - Epoch 5
-------------------------------
2023-09-02 19:21:45,136 - root - INFO - Época: 5 - Test Acc: 63.849999999999994 - Val Acc: 63.78
2023-09-02 19:21:45,136 - root - INFO - Epoch 6
-------------------------------
2023-09-02 19:22:42,395 - root - INFO - Época: 6 - Test Acc: 66.51 - Val Acc: 67.60000000000001
2023-09-02 19:22:42,395 - root - INFO - Epoch 7
-------------------------------
2023-09-02 19:23:39,861 - root - INFO - Época: 7 - Test Acc: 60.650000000000006 - Val Acc: 61.44
2023-09-02 19:23:39,861 - root - INFO - Epoch 8
-------------------------------
2023-09-02 19:24:37,428 - root - INFO - Época: 8 - Test Acc: 63.91 - Val Acc: 63.53
2023-09-02 19:24:37,429 - root - INFO - Epoch 9
-------------------------------
2023-09-02 19:25:34,770 - root - INFO - Época: 9 - Test Acc: 68.99 - Val Acc: 69.62
2023-09-02 19:25:34,770 - root - INFO - Epoch 10
-------------------------------
2023-09-02 19:26:30,933 - root - INFO - Época: 10 - Test Acc: 65.3 - Val Acc: 65.95
2023-09-02 19:26:30,933 - root - INFO - Tempo treinamento:  575.66 seconds
2023-09-02 19:26:30,933 - root - INFO - Métricas
2023-09-02 19:26:30,933 - root - INFO - ACC
2023-09-02 19:26:30,933 - root - INFO - {'epoch': [1, 2, 3, 4, 5, 6, 7, 8, 9, 10],
 'test_acc': [46.5,
              44.54,
              67.83,
              66.39,
              63.849999999999994,
              66.51,
              60.650000000000006,
              63.91,
              68.99,
              65.3],
 'train_acc': [49.15,
               62.7475,
               67.7825,
               72.265,
               75.3425,
               78.11,
               80.4775,
               83.075,
               85.205,
               87.005],
 'val_acc': [45.839999999999996,
             44.55,
             67.46,
             66.78,
             63.78,
             67.60000000000001,
             61.44,
             63.53,
             69.62,
             65.95]}
2023-09-02 19:26:30,933 - root - INFO - LOSS
2023-09-02 19:26:30,933 - root - INFO - {'epoch': [1, 2, 3, 4, 5, 6, 7, 8, 9, 10],
 'test_loss': [1.6357551494221778,
               1.8339325569237872,
               0.9138289124343046,
               0.9574426955478207,
               1.0320493180281038,
               1.0257447559362765,
               1.318210810612721,
               1.1790803025482566,
               1.014812504789632,
               1.3644117473796675],
 'train_loss': [1.3862608956336975,
                1.0442737922668457,
                0.8981074528694153,
                0.7839307917118072,
                0.6980745775222779,
                0.6172525925636292,
                0.5448803842067719,
                0.4782936519861221,
                0.41516924843788144,
                0.3602932897210121],
 'val_loss': [1.6245087089052626,
              1.8030654844964387,
              0.9250546541942912,
              0.9627053160576304,
              1.0449505133234012,
              1.0072321253977004,
              1.314255580400965,
              1.1943393721701994,
              1.0060369569784517,
              1.3504493107461626]}
2023-09-02 19:26:33,353 - root - INFO - Rodando evaluation
2023-09-02 19:26:33,353 - root - INFO - Construindo dataset para a rede LENET5
